[[1;34mINFO[m] Scanning for projects...
[[1;34mINFO[m] 
[[1;34mINFO[m] [1m--------< [0;36morg.apache.hadoop:hadoop-yarn-server-resourcemanager[0;1m >--------[m
[[1;34mINFO[m] [1mBuilding Apache Hadoop YARN ResourceManager 3.2.1[m
[[1;34mINFO[m] [1m--------------------------------[ jar ]---------------------------------[m
[[1;34mINFO[m] 
[[1;34mINFO[m] [1m--- [0;32mmaven-antrun-plugin:1.7:run[m [1m(create-testdirs)[m @ [36mhadoop-yarn-server-resourcemanager[0;1m ---[m
[[1;34mINFO[m] Executing tasks

main:
[[1;34mINFO[m] Executed tasks
[[1;34mINFO[m] 
[[1;34mINFO[m] [1m--- [0;32mhadoop-maven-plugins:3.2.1:protoc[m [1m(compile-protoc)[m @ [36mhadoop-yarn-server-resourcemanager[0;1m ---[m
[[1;34mINFO[m] Wrote protoc checksums to file /root/hadoop-3.2.1-src/hadoop-yarn-project/hadoop-yarn/hadoop-yarn-server/hadoop-yarn-server-resourcemanager/target/hadoop-maven-plugins-protoc-checksums.json
[[1;34mINFO[m] 
[[1;34mINFO[m] [1m--- [0;32mmaven-resources-plugin:2.6:resources[m [1m(default-resources)[m @ [36mhadoop-yarn-server-resourcemanager[0;1m ---[m
[[1;34mINFO[m] Using 'UTF-8' encoding to copy filtered resources.
[[1;34mINFO[m] skip non existing resourceDirectory /root/hadoop-3.2.1-src/hadoop-yarn-project/hadoop-yarn/hadoop-yarn-server/hadoop-yarn-server-resourcemanager/src/main/resources
[[1;34mINFO[m] 
[[1;34mINFO[m] [1m--- [0;32mmaven-compiler-plugin:3.1:compile[m [1m(default-compile)[m @ [36mhadoop-yarn-server-resourcemanager[0;1m ---[m
[[1;34mINFO[m] Compiling 3 source files to /root/hadoop-3.2.1-src/hadoop-yarn-project/hadoop-yarn/hadoop-yarn-server/hadoop-yarn-server-resourcemanager/target/classes
[[1;34mINFO[m] 
[[1;34mINFO[m] [1m--- [0;32mhadoop-maven-plugins:3.2.1:test-protoc[m [1m(compile-test-protoc)[m @ [36mhadoop-yarn-server-resourcemanager[0;1m ---[m
[[1;34mINFO[m] Wrote protoc checksums to file /root/hadoop-3.2.1-src/hadoop-yarn-project/hadoop-yarn/hadoop-yarn-server/hadoop-yarn-server-resourcemanager/target/hadoop-maven-plugins-protoc-checksums.json
[[1;34mINFO[m] 
[[1;34mINFO[m] [1m--- [0;32mmaven-resources-plugin:2.6:testResources[m [1m(default-testResources)[m @ [36mhadoop-yarn-server-resourcemanager[0;1m ---[m
[[1;34mINFO[m] Using 'UTF-8' encoding to copy filtered resources.
[[1;34mINFO[m] Copying 17 resources
[[1;34mINFO[m] Copying 1 resource
[[1;34mINFO[m] 
[[1;34mINFO[m] [1m--- [0;32mmaven-compiler-plugin:3.1:testCompile[m [1m(default-testCompile)[m @ [36mhadoop-yarn-server-resourcemanager[0;1m ---[m
[[1;34mINFO[m] Compiling 1 source file to /root/hadoop-3.2.1-src/hadoop-yarn-project/hadoop-yarn/hadoop-yarn-server/hadoop-yarn-server-resourcemanager/target/test-classes
[[1;34mINFO[m] 
[[1;34mINFO[m] [1m--- [0;32mmaven-jar-plugin:2.5:test-jar[m [1m(default)[m @ [36mhadoop-yarn-server-resourcemanager[0;1m ---[m
[[1;34mINFO[m] Building jar: /root/hadoop-3.2.1-src/hadoop-yarn-project/hadoop-yarn/hadoop-yarn-server/hadoop-yarn-server-resourcemanager/target/hadoop-yarn-server-resourcemanager-3.2.1-tests.jar
[[1;34mINFO[m] 
[[1;34mINFO[m] [1m--- [0;32mmaven-surefire-plugin:3.0.0-M1:test[m [1m(default-test)[m @ [36mhadoop-yarn-server-resourcemanager[0;1m ---[m
[[1;34mINFO[m] 
[[1;34mINFO[m] -------------------------------------------------------
[[1;34mINFO[m]  T E S T S
[[1;34mINFO[m] -------------------------------------------------------
[[1;34mINFO[m] Running org.apache.hadoop.yarn.server.resourcemanager.[1mTestClusterMetrics[m
[[1;34mINFO[m] [1;32mTests run: [0;1;32m1[m, Failures: 0, Errors: 0, Skipped: 0, Time elapsed: 0.32 s - in org.apache.hadoop.yarn.server.resourcemanager.[1mTestClusterMetrics[m
[[1;34mINFO[m] Running org.apache.hadoop.yarn.server.resourcemanager.[1mTestApplicationACLs[m
[[1;34mINFO[m] [1;32mTests run: [0;1;32m2[m, Failures: 0, Errors: 0, Skipped: 0, Time elapsed: 5.442 s - in org.apache.hadoop.yarn.server.resourcemanager.[1mTestApplicationACLs[m
[[1;34mINFO[m] Running org.apache.hadoop.yarn.server.resourcemanager.[1mTestAppManager[m
[[1;34mINFO[m] [1;32mTests run: [0;1;32m24[m, Failures: 0, Errors: 0, Skipped: 0, Time elapsed: 10.704 s - in org.apache.hadoop.yarn.server.resourcemanager.[1mTestAppManager[m
[[1;34mINFO[m] Running org.apache.hadoop.yarn.server.resourcemanager.resourcetracker.[1mTestRMNMRPCResponseId[m
[[1;34mINFO[m] [1;32mTests run: [0;1;32m1[m, Failures: 0, Errors: 0, Skipped: 0, Time elapsed: 0.711 s - in org.apache.hadoop.yarn.server.resourcemanager.resourcetracker.[1mTestRMNMRPCResponseId[m
[[1;34mINFO[m] Running org.apache.hadoop.yarn.server.resourcemanager.resourcetracker.[1mTestNMExpiry[m
[[1;34mINFO[m] [1;32mTests run: [0;1;32m1[m, Failures: 0, Errors: 0, Skipped: 0, Time elapsed: 2.014 s - in org.apache.hadoop.yarn.server.resourcemanager.resourcetracker.[1mTestNMExpiry[m
[[1;34mINFO[m] Running org.apache.hadoop.yarn.server.resourcemanager.resourcetracker.[1mTestNMReconnect[m
[[1;34mINFO[m] [1;32mTests run: [0;1;32m8[m, Failures: 0, Errors: 0, Skipped: 0, Time elapsed: 2.911 s - in org.apache.hadoop.yarn.server.resourcemanager.resourcetracker.[1mTestNMReconnect[m
[[1;34mINFO[m] Running org.apache.hadoop.yarn.server.resourcemanager.[1mTestRMProxyUsersConf[m
[[1;34mINFO[m] [1;32mTests run: [0;1;32m3[m, Failures: 0, Errors: 0, Skipped: 0, Time elapsed: 31.551 s - in org.apache.hadoop.yarn.server.resourcemanager.[1mTestRMProxyUsersConf[m
[[1;34mINFO[m] Running org.apache.hadoop.yarn.server.resourcemanager.[1mTestLeaderElectorService[m
[[1;34mINFO[m] [1;32mTests run: [0;1;32m6[m, Failures: 0, Errors: 0, Skipped: 0, Time elapsed: 35.114 s - in org.apache.hadoop.yarn.server.resourcemanager.[1mTestLeaderElectorService[m
[[1;34mINFO[m] Running org.apache.hadoop.yarn.server.resourcemanager.ahs.[1mTestRMApplicationHistoryWriter[m
[[1;34mINFO[m] [1;32mTests run: [0;1;32m7[m, Failures: 0, Errors: 0, Skipped: 0, Time elapsed: 121.619 s - in org.apache.hadoop.yarn.server.resourcemanager.ahs.[1mTestRMApplicationHistoryWriter[m
[[1;34mINFO[m] Running org.apache.hadoop.yarn.server.resourcemanager.[1mTestRMHAMetrics[m
[[1;34mINFO[m] [1;32mTests run: [0;1;32m1[m, Failures: 0, Errors: 0, Skipped: 0, Time elapsed: 1.245 s - in org.apache.hadoop.yarn.server.resourcemanager.[1mTestRMHAMetrics[m
[[1;34mINFO[m] Running org.apache.hadoop.yarn.server.resourcemanager.preprocessor.[1mTestQueueProcessor[m
[[1;34mINFO[m] [1;32mTests run: [0;1;32m1[m, Failures: 0, Errors: 0, Skipped: 0, Time elapsed: 0.32 s - in org.apache.hadoop.yarn.server.resourcemanager.preprocessor.[1mTestQueueProcessor[m
[[1;34mINFO[m] Running org.apache.hadoop.yarn.server.resourcemanager.preprocessor.[1mTestContextProcessor[m
[[1;34mINFO[m] [1;32mTests run: [0;1;32m1[m, Failures: 0, Errors: 0, Skipped: 0, Time elapsed: 0.326 s - in org.apache.hadoop.yarn.server.resourcemanager.preprocessor.[1mTestContextProcessor[m
[[1;34mINFO[m] Running org.apache.hadoop.yarn.server.resourcemanager.preprocessor.[1mTestTagAddProcessor[m
[[1;34mINFO[m] [1;32mTests run: [0;1;32m1[m, Failures: 0, Errors: 0, Skipped: 0, Time elapsed: 0.322 s - in org.apache.hadoop.yarn.server.resourcemanager.preprocessor.[1mTestTagAddProcessor[m
[[1;34mINFO[m] Running org.apache.hadoop.yarn.server.resourcemanager.preprocessor.[1mTestNodeLabelProcessor[m
[[1;34mINFO[m] [1;32mTests run: [0;1;32m1[m, Failures: 0, Errors: 0, Skipped: 0, Time elapsed: 0.354 s - in org.apache.hadoop.yarn.server.resourcemanager.preprocessor.[1mTestNodeLabelProcessor[m
[[1;34mINFO[m] Running org.apache.hadoop.yarn.server.resourcemanager.[1mTestClientRMService[m
[[1;34mINFO[m] [1;32mTests run: [0;1;32m38[m, Failures: 0, Errors: 0, Skipped: 0, Time elapsed: 18.432 s - in org.apache.hadoop.yarn.server.resourcemanager.[1mTestClientRMService[m
[[1;34mINFO[m] Running org.apache.hadoop.yarn.server.resourcemanager.[1mTestSubmitApplicationWithRMHA[m
[[1;34mINFO[m] [1;32mTests run: [0;1;32m6[m, Failures: 0, Errors: 0, Skipped: 0, Time elapsed: 5.89 s - in org.apache.hadoop.yarn.server.resourcemanager.[1mTestSubmitApplicationWithRMHA[m
[[1;34mINFO[m] Running org.apache.hadoop.yarn.server.resourcemanager.[1mTestKillApplicationWithRMHA[m
[[1;34mINFO[m] [1;32mTests run: [0;1;32m4[m, Failures: 0, Errors: 0, Skipped: 0, Time elapsed: 4.498 s - in org.apache.hadoop.yarn.server.resourcemanager.[1mTestKillApplicationWithRMHA[m
[[1;34mINFO[m] Running org.apache.hadoop.yarn.server.resourcemanager.[1mTestRMAuditLogger[m
[[1;34mINFO[m] [1;32mTests run: [0;1;32m3[m, Failures: 0, Errors: 0, Skipped: 0, Time elapsed: 0.845 s - in org.apache.hadoop.yarn.server.resourcemanager.[1mTestRMAuditLogger[m
[[1;34mINFO[m] Running org.apache.hadoop.yarn.server.resourcemanager.rmapp.[1mTestRMAppTransitions[m
[[1;34mINFO[m] [1;32mTests run: [0;1;32m50[m, Failures: 0, Errors: 0, Skipped: 0, Time elapsed: 3.694 s - in org.apache.hadoop.yarn.server.resourcemanager.rmapp.[1mTestRMAppTransitions[m
[[1;34mINFO[m] Running org.apache.hadoop.yarn.server.resourcemanager.rmapp.[1mTestNodesListManager[m
[[1;34mINFO[m] [1;32mTests run: [0;1;32m4[m, Failures: 0, Errors: 0, Skipped: 0, Time elapsed: 2.306 s - in org.apache.hadoop.yarn.server.resourcemanager.rmapp.[1mTestNodesListManager[m
[[1;34mINFO[m] Running org.apache.hadoop.yarn.server.resourcemanager.rmapp.attempt.[1mTestRMAppAttemptTransitions[m
[[1;33mWARNING[m] [1;33mTests [0;1mrun: [0;1m96[m, Failures: 0, Errors: 0, [1;33mSkipped: [0;1;33m1[m, Time elapsed: 5.116 s - in org.apache.hadoop.yarn.server.resourcemanager.rmapp.attempt.[1mTestRMAppAttemptTransitions[m
[[1;34mINFO[m] Running org.apache.hadoop.yarn.server.resourcemanager.rmapp.attempt.[1mTestRMAppAttemptImplDiagnostics[m
[[1;34mINFO[m] [1;32mTests run: [0;1;32m4[m, Failures: 0, Errors: 0, Skipped: 0, Time elapsed: 0.58 s - in org.apache.hadoop.yarn.server.resourcemanager.rmapp.attempt.[1mTestRMAppAttemptImplDiagnostics[m
[[1;34mINFO[m] Running org.apache.hadoop.yarn.server.resourcemanager.rmapp.attempt.[1mTestAMLivelinessMonitor[m
[[1;34mINFO[m] [1;32mTests run: [0;1;32m1[m, Failures: 0, Errors: 0, Skipped: 0, Time elapsed: 1.225 s - in org.apache.hadoop.yarn.server.resourcemanager.rmapp.attempt.[1mTestAMLivelinessMonitor[m
[[1;34mINFO[m] Running org.apache.hadoop.yarn.server.resourcemanager.rmapp.[1mTestApplicationLifetimeMonitor[m
[[1;34mINFO[m] [1;32mTests run: [0;1;32m6[m, Failures: 0, Errors: 0, Skipped: 0, Time elapsed: 214.968 s - in org.apache.hadoop.yarn.server.resourcemanager.rmapp.[1mTestApplicationLifetimeMonitor[m
[[1;34mINFO[m] Running org.apache.hadoop.yarn.server.resourcemanager.[1mTestRMHATimelineCollectors[m
[[1;34mINFO[m] Running org.apache.hadoop.yarn.server.resourcemanager.[1mTestClientRMTokens[m
[[1;34mINFO[m] [1;32mTests run: [0;1;32m7[m, Failures: 0, Errors: 0, Skipped: 0, Time elapsed: 17.074 s - in org.apache.hadoop.yarn.server.resourcemanager.[1mTestClientRMTokens[m
[[1;34mINFO[m] Running org.apache.hadoop.yarn.server.resourcemanager.[1mTestWorkPreservingRMRestart[m
[[1;34mINFO[m] [1;32mTests run: [0;1;32m46[m, Failures: 0, Errors: 0, Skipped: 0, Time elapsed: 66.845 s - in org.apache.hadoop.yarn.server.resourcemanager.[1mTestWorkPreservingRMRestart[m
[[1;34mINFO[m] Running org.apache.hadoop.yarn.server.resourcemanager.[1mTestApplicationMasterLauncher[m
[[1;34mINFO[m] [1;32mTests run: [0;1;32m5[m, Failures: 0, Errors: 0, Skipped: 0, Time elapsed: 3.14 s - in org.apache.hadoop.yarn.server.resourcemanager.[1mTestApplicationMasterLauncher[m
[[1;34mINFO[m] Running org.apache.hadoop.yarn.server.resourcemanager.[1mTestRMServerUtils[m
[[1;34mINFO[m] [1;32mTests run: [0;1;32m5[m, Failures: 0, Errors: 0, Skipped: 0, Time elapsed: 0.675 s - in org.apache.hadoop.yarn.server.resourcemanager.[1mTestRMServerUtils[m
[[1;34mINFO[m] Running org.apache.hadoop.yarn.server.resourcemanager.[1mTestReservationSystemWithRMHA[m
[[1;34mINFO[m] [1;32mTests run: [0;1;32m8[m, Failures: 0, Errors: 0, Skipped: 0, Time elapsed: 8.287 s - in org.apache.hadoop.yarn.server.resourcemanager.[1mTestReservationSystemWithRMHA[m
[[1;34mINFO[m] Running org.apache.hadoop.yarn.server.resourcemanager.security.[1mTestDelegationTokenRenewerLifecycle[m
[[1;34mINFO[m] [1;32mTests run: [0;1;32m1[m, Failures: 0, Errors: 0, Skipped: 0, Time elapsed: 0.42 s - in org.apache.hadoop.yarn.server.resourcemanager.security.[1mTestDelegationTokenRenewerLifecycle[m
[[1;34mINFO[m] Running org.apache.hadoop.yarn.server.resourcemanager.security.[1mTestRMDelegationTokens[m
[[1;34mINFO[m] [1;32mTests run: [0;1;32m3[m, Failures: 0, Errors: 0, Skipped: 0, Time elapsed: 5.533 s - in org.apache.hadoop.yarn.server.resourcemanager.security.[1mTestRMDelegationTokens[m
[[1;34mINFO[m] Running org.apache.hadoop.yarn.server.resourcemanager.security.[1mTestDelegationTokenRenewer[m
[[1;34mINFO[m] [1;32mTests run: [0;1;32m19[m, Failures: 0, Errors: 0, Skipped: 0, Time elapsed: 42.075 s - in org.apache.hadoop.yarn.server.resourcemanager.security.[1mTestDelegationTokenRenewer[m
[[1;34mINFO[m] Running org.apache.hadoop.yarn.server.resourcemanager.security.[1mTestRMAuthenticationFilter[m
[[1;34mINFO[m] [1;32mTests run: [0;1;32m1[m, Failures: 0, Errors: 0, Skipped: 0, Time elapsed: 0.335 s - in org.apache.hadoop.yarn.server.resourcemanager.security.[1mTestRMAuthenticationFilter[m
[[1;34mINFO[m] Running org.apache.hadoop.yarn.server.resourcemanager.security.[1mTestAMRMTokens[m
[[1;34mINFO[m] [1;32mTests run: [0;1;32m6[m, Failures: 0, Errors: 0, Skipped: 0, Time elapsed: 43.601 s - in org.apache.hadoop.yarn.server.resourcemanager.security.[1mTestAMRMTokens[m
[[1;34mINFO[m] Running org.apache.hadoop.yarn.server.resourcemanager.security.[1mTestClientToAMTokens[m
[[1;34mINFO[m] [1;32mTests run: [0;1;32m4[m, Failures: 0, Errors: 0, Skipped: 0, Time elapsed: 4.229 s - in org.apache.hadoop.yarn.server.resourcemanager.security.[1mTestClientToAMTokens[m
[[1;34mINFO[m] Running org.apache.hadoop.yarn.server.resourcemanager.monitor.invariants.[1mTestMetricsInvariantChecker[m
[[1;34mINFO[m] [1;32mTests run: [0;1;32m2[m, Failures: 0, Errors: 0, Skipped: 0, Time elapsed: 1.362 s - in org.apache.hadoop.yarn.server.resourcemanager.monitor.invariants.[1mTestMetricsInvariantChecker[m
[[1;34mINFO[m] Running org.apache.hadoop.yarn.server.resourcemanager.monitor.[1mTestSchedulingMonitor[m
[[1;34mINFO[m] [1;32mTests run: [0;1;32m2[m, Failures: 0, Errors: 0, Skipped: 0, Time elapsed: 1.468 s - in org.apache.hadoop.yarn.server.resourcemanager.monitor.[1mTestSchedulingMonitor[m
[[1;34mINFO[m] Running org.apache.hadoop.yarn.server.resourcemanager.monitor.capacity.[1mTestProportionalCapacityPreemptionPolicyMockFramework[m
[[1;34mINFO[m] [1;32mTests run: [0;1;32m3[m, Failures: 0, Errors: 0, Skipped: 0, Time elapsed: 3.002 s - in org.apache.hadoop.yarn.server.resourcemanager.monitor.capacity.[1mTestProportionalCapacityPreemptionPolicyMockFramework[m
[[1;34mINFO[m] Running org.apache.hadoop.yarn.server.resourcemanager.monitor.capacity.[1mTestProportionalCapacityPreemptionPolicyPreemptToBalance[m
[[1;34mINFO[m] [1;32mTests run: [0;1;32m5[m, Failures: 0, Errors: 0, Skipped: 0, Time elapsed: 1.946 s - in org.apache.hadoop.yarn.server.resourcemanager.monitor.capacity.[1mTestProportionalCapacityPreemptionPolicyPreemptToBalance[m
[[1;34mINFO[m] Running org.apache.hadoop.yarn.server.resourcemanager.monitor.capacity.[1mTestProportionalCapacityPreemptionPolicyIntraQueue[m
[[1;34mINFO[m] [1;32mTests run: [0;1;32m16[m, Failures: 0, Errors: 0, Skipped: 0, Time elapsed: 4.197 s - in org.apache.hadoop.yarn.server.resourcemanager.monitor.capacity.[1mTestProportionalCapacityPreemptionPolicyIntraQueue[m
[[1;34mINFO[m] Running org.apache.hadoop.yarn.server.resourcemanager.monitor.capacity.[1mTestProportionalCapacityPreemptionPolicyIntraQueueFairOrdering[m
[[1;34mINFO[m] [1;32mTests run: [0;1;32m4[m, Failures: 0, Errors: 0, Skipped: 0, Time elapsed: 1.956 s - in org.apache.hadoop.yarn.server.resourcemanager.monitor.capacity.[1mTestProportionalCapacityPreemptionPolicyIntraQueueFairOrdering[m
[[1;34mINFO[m] Running org.apache.hadoop.yarn.server.resourcemanager.monitor.capacity.[1mTestProportionalCapacityPreemptionPolicyIntraQueueUserLimit[m
[[1;34mINFO[m] [1;32mTests run: [0;1;32m15[m, Failures: 0, Errors: 0, Skipped: 0, Time elapsed: 3.62 s - in org.apache.hadoop.yarn.server.resourcemanager.monitor.capacity.[1mTestProportionalCapacityPreemptionPolicyIntraQueueUserLimit[m
[[1;34mINFO[m] Running org.apache.hadoop.yarn.server.resourcemanager.monitor.capacity.[1mTestProportionalCapacityPreemptionPolicy[m
[[1;34mINFO[m] [1;32mTests run: [0;1;32m31[m, Failures: 0, Errors: 0, Skipped: 0, Time elapsed: 13.409 s - in org.apache.hadoop.yarn.server.resourcemanager.monitor.capacity.[1mTestProportionalCapacityPreemptionPolicy[m
[[1;34mINFO[m] Running org.apache.hadoop.yarn.server.resourcemanager.monitor.capacity.[1mTestProportionalCapacityPreemptionPolicyForReservedContainers[m
[[1;34mINFO[m] [1;32mTests run: [0;1;32m7[m, Failures: 0, Errors: 0, Skipped: 0, Time elapsed: 1.892 s - in org.apache.hadoop.yarn.server.resourcemanager.monitor.capacity.[1mTestProportionalCapacityPreemptionPolicyForReservedContainers[m
[[1;34mINFO[m] Running org.apache.hadoop.yarn.server.resourcemanager.monitor.capacity.[1mTestProportionalCapacityPreemptionPolicyInterQueueWithDRF[m
[[1;34mINFO[m] [1;32mTests run: [0;1;32m3[m, Failures: 0, Errors: 0, Skipped: 0, Time elapsed: 1.006 s - in org.apache.hadoop.yarn.server.resourcemanager.monitor.capacity.[1mTestProportionalCapacityPreemptionPolicyInterQueueWithDRF[m
[[1;34mINFO[m] Running org.apache.hadoop.yarn.server.resourcemanager.monitor.capacity.[1mTestProportionalCapacityPreemptionPolicyForNodePartitions[m
[[1;34mINFO[m] [1;32mTests run: [0;1;32m11[m, Failures: 0, Errors: 0, Skipped: 0, Time elapsed: 4.135 s - in org.apache.hadoop.yarn.server.resourcemanager.monitor.capacity.[1mTestProportionalCapacityPreemptionPolicyForNodePartitions[m
[[1;34mINFO[m] Running org.apache.hadoop.yarn.server.resourcemanager.monitor.capacity.[1mTestProportionalCapacityPreemptionPolicyIntraQueueWithDRF[m
[[1;34mINFO[m] [1;32mTests run: [0;1;32m2[m, Failures: 0, Errors: 0, Skipped: 0, Time elapsed: 1.121 s - in org.apache.hadoop.yarn.server.resourcemanager.monitor.capacity.[1mTestProportionalCapacityPreemptionPolicyIntraQueueWithDRF[m
[[1;34mINFO[m] Running org.apache.hadoop.yarn.server.resourcemanager.monitor.capacity.[1mTestPreemptionForQueueWithPriorities[m
[[1;34mINFO[m] [1;32mTests run: [0;1;32m10[m, Failures: 0, Errors: 0, Skipped: 0, Time elapsed: 2.589 s - in org.apache.hadoop.yarn.server.resourcemanager.monitor.capacity.[1mTestPreemptionForQueueWithPriorities[m
[[1;34mINFO[m] Running org.apache.hadoop.yarn.server.resourcemanager.[1mTestDecommissioningNodesWatcher[m
[[1;34mINFO[m] [1;32mTests run: [0;1;32m1[m, Failures: 0, Errors: 0, Skipped: 0, Time elapsed: 1.876 s - in org.apache.hadoop.yarn.server.resourcemanager.[1mTestDecommissioningNodesWatcher[m
[[1;34mINFO[m] Running org.apache.hadoop.yarn.server.resourcemanager.[1mTestRMHAForNodeLabels[m
[[1;34mINFO[m] [1;32mTests run: [0;1;32m1[m, Failures: 0, Errors: 0, Skipped: 0, Time elapsed: 2.262 s - in org.apache.hadoop.yarn.server.resourcemanager.[1mTestRMHAForNodeLabels[m
[[1;34mINFO[m] Running org.apache.hadoop.yarn.server.resourcemanager.[1mTestTokenClientRMService[m
[[1;34mINFO[m] [1;32mTests run: [0;1;32m6[m, Failures: 0, Errors: 0, Skipped: 0, Time elapsed: 0.819 s - in org.apache.hadoop.yarn.server.resourcemanager.[1mTestTokenClientRMService[m
[[1;34mINFO[m] Running org.apache.hadoop.yarn.server.resourcemanager.[1mTestRMDispatcher[m
[[1;34mINFO[m] [1;32mTests run: [0;1;32m1[m, Failures: 0, Errors: 0, Skipped: 0, Time elapsed: 1.529 s - in org.apache.hadoop.yarn.server.resourcemanager.[1mTestRMDispatcher[m
[[1;34mINFO[m] Running org.apache.hadoop.yarn.server.resourcemanager.[1mTestAMAuthorization[m
[[1;34mINFO[m] [1;32mTests run: [0;1;32m4[m, Failures: 0, Errors: 0, Skipped: 0, Time elapsed: 6.903 s - in org.apache.hadoop.yarn.server.resourcemanager.[1mTestAMAuthorization[m
[[1;34mINFO[m] Running org.apache.hadoop.yarn.server.resourcemanager.[1mTestRM[m
[[1;34mINFO[m] [1;32mTests run: [0;1;32m22[m, Failures: 0, Errors: 0, Skipped: 0, Time elapsed: 11.293 s - in org.apache.hadoop.yarn.server.resourcemanager.[1mTestRM[m
[[1;34mINFO[m] Running org.apache.hadoop.yarn.server.resourcemanager.logaggregationstatus.[1mTestRMAppLogAggregationStatus[m
[[1;34mINFO[m] [1;32mTests run: [0;1;32m2[m, Failures: 0, Errors: 0, Skipped: 0, Time elapsed: 2.3 s - in org.apache.hadoop.yarn.server.resourcemanager.logaggregationstatus.[1mTestRMAppLogAggregationStatus[m
[[1;34mINFO[m] Running org.apache.hadoop.yarn.server.resourcemanager.scheduler.constraint.algorithm.[1mTestLocalAllocationTagsManager[m
[[1;34mINFO[m] [1;32mTests run: [0;1;32m1[m, Failures: 0, Errors: 0, Skipped: 0, Time elapsed: 1.01 s - in org.apache.hadoop.yarn.server.resourcemanager.scheduler.constraint.algorithm.[1mTestLocalAllocationTagsManager[m
[[1;34mINFO[m] Running org.apache.hadoop.yarn.server.resourcemanager.scheduler.constraint.algorithm.[1mTestCircularIterator[m
[[1;34mINFO[m] [1;32mTests run: [0;1;32m1[m, Failures: 0, Errors: 0, Skipped: 0, Time elapsed: 0.041 s - in org.apache.hadoop.yarn.server.resourcemanager.scheduler.constraint.algorithm.[1mTestCircularIterator[m
[[1;34mINFO[m] Running org.apache.hadoop.yarn.server.resourcemanager.scheduler.constraint.[1mTestAllocationTagsManager[m
[[1;34mINFO[m] [1;32mTests run: [0;1;32m6[m, Failures: 0, Errors: 0, Skipped: 0, Time elapsed: 1.979 s - in org.apache.hadoop.yarn.server.resourcemanager.scheduler.constraint.[1mTestAllocationTagsManager[m
[[1;34mINFO[m] Running org.apache.hadoop.yarn.server.resourcemanager.scheduler.constraint.[1mTestPlacementConstraintManagerService[m
[[1;34mINFO[m] [1;32mTests run: [0;1;32m5[m, Failures: 0, Errors: 0, Skipped: 0, Time elapsed: 0.287 s - in org.apache.hadoop.yarn.server.resourcemanager.scheduler.constraint.[1mTestPlacementConstraintManagerService[m
[[1;34mINFO[m] Running org.apache.hadoop.yarn.server.resourcemanager.scheduler.constraint.[1mTestPlacementProcessor[m
[[1;34mINFO[m] [1;32mTests run: [0;1;32m10[m, Failures: 0, Errors: 0, Skipped: 0, Time elapsed: 40.373 s - in org.apache.hadoop.yarn.server.resourcemanager.scheduler.constraint.[1mTestPlacementProcessor[m
[[1;34mINFO[m] Running org.apache.hadoop.yarn.server.resourcemanager.scheduler.constraint.[1mTestBatchedRequestsIterators[m
[[1;34mINFO[m] [1;32mTests run: [0;1;32m2[m, Failures: 0, Errors: 0, Skipped: 0, Time elapsed: 0.35 s - in org.apache.hadoop.yarn.server.resourcemanager.scheduler.constraint.[1mTestBatchedRequestsIterators[m
[[1;34mINFO[m] Running org.apache.hadoop.yarn.server.resourcemanager.scheduler.constraint.[1mTestAllocationTagsNamespace[m
[[1;34mINFO[m] [1;32mTests run: [0;1;32m2[m, Failures: 0, Errors: 0, Skipped: 0, Time elapsed: 0.244 s - in org.apache.hadoop.yarn.server.resourcemanager.scheduler.constraint.[1mTestAllocationTagsNamespace[m
[[1;34mINFO[m] Running org.apache.hadoop.yarn.server.resourcemanager.scheduler.constraint.[1mTestPlacementConstraintsUtil[m
[[1;34mINFO[m] [1;32mTests run: [0;1;32m12[m, Failures: 0, Errors: 0, Skipped: 0, Time elapsed: 2.727 s - in org.apache.hadoop.yarn.server.resourcemanager.scheduler.constraint.[1mTestPlacementConstraintsUtil[m
[[1;34mINFO[m] Running org.apache.hadoop.yarn.server.resourcemanager.scheduler.[1mTestAbstractYarnScheduler[m
[[1;34mINFO[m] [1;32mTests run: [0;1;32m24[m, Failures: 0, Errors: 0, Skipped: 0, Time elapsed: 56.192 s - in org.apache.hadoop.yarn.server.resourcemanager.scheduler.[1mTestAbstractYarnScheduler[m
[[1;34mINFO[m] Running org.apache.hadoop.yarn.server.resourcemanager.scheduler.[1mTestResourceUsage[m
[[1;34mINFO[m] [1;32mTests run: [0;1;32m7[m, Failures: 0, Errors: 0, Skipped: 0, Time elapsed: 0.307 s - in org.apache.hadoop.yarn.server.resourcemanager.scheduler.[1mTestResourceUsage[m
[[1;34mINFO[m] Running org.apache.hadoop.yarn.server.resourcemanager.scheduler.fair.[1mTestFSAppAttempt[m
[[1;34mINFO[m] [1;32mTests run: [0;1;32m5[m, Failures: 0, Errors: 0, Skipped: 0, Time elapsed: 2.045 s - in org.apache.hadoop.yarn.server.resourcemanager.scheduler.fair.[1mTestFSAppAttempt[m
[[1;34mINFO[m] Running org.apache.hadoop.yarn.server.resourcemanager.scheduler.fair.[1mTestFSParentQueue[m
[[1;34mINFO[m] [1;32mTests run: [0;1;32m1[m, Failures: 0, Errors: 0, Skipped: 0, Time elapsed: 0.646 s - in org.apache.hadoop.yarn.server.resourcemanager.scheduler.fair.[1mTestFSParentQueue[m
[[1;34mINFO[m] Running org.apache.hadoop.yarn.server.resourcemanager.scheduler.fair.[1mTestFSQueueMetrics[m
[[1;34mINFO[m] [1;32mTests run: [0;1;32m1[m, Failures: 0, Errors: 0, Skipped: 0, Time elapsed: 0.275 s - in org.apache.hadoop.yarn.server.resourcemanager.scheduler.fair.[1mTestFSQueueMetrics[m
[[1;34mINFO[m] Running org.apache.hadoop.yarn.server.resourcemanager.scheduler.fair.[1mTestFairSchedulerWithMultiResourceTypes[m
[[1;34mINFO[m] [1;32mTests run: [0;1;32m1[m, Failures: 0, Errors: 0, Skipped: 0, Time elapsed: 0.559 s - in org.apache.hadoop.yarn.server.resourcemanager.scheduler.fair.[1mTestFairSchedulerWithMultiResourceTypes[m
[[1;34mINFO[m] Running org.apache.hadoop.yarn.server.resourcemanager.scheduler.fair.[1mTestApplicationMasterServiceWithFS[m
[[1;34mINFO[m] [1;32mTests run: [0;1;32m3[m, Failures: 0, Errors: 0, Skipped: 0, Time elapsed: 2.089 s - in org.apache.hadoop.yarn.server.resourcemanager.scheduler.fair.[1mTestApplicationMasterServiceWithFS[m
[[1;34mINFO[m] Running org.apache.hadoop.yarn.server.resourcemanager.scheduler.fair.[1mTestMaxRunningAppsEnforcer[m
[[1;34mINFO[m] [1;32mTests run: [0;1;32m6[m, Failures: 0, Errors: 0, Skipped: 0, Time elapsed: 0.967 s - in org.apache.hadoop.yarn.server.resourcemanager.scheduler.fair.[1mTestMaxRunningAppsEnforcer[m
[[1;34mINFO[m] Running org.apache.hadoop.yarn.server.resourcemanager.scheduler.fair.[1mTestSchedulingUpdate[m
[[1;34mINFO[m] [1;32mTests run: [0;1;32m1[m, Failures: 0, Errors: 0, Skipped: 0, Time elapsed: 1.188 s - in org.apache.hadoop.yarn.server.resourcemanager.scheduler.fair.[1mTestSchedulingUpdate[m
[[1;34mINFO[m] Running org.apache.hadoop.yarn.server.resourcemanager.scheduler.fair.[1mTestFairSchedulerUtilities[m
[[1;34mINFO[m] [1;32mTests run: [0;1;32m2[m, Failures: 0, Errors: 0, Skipped: 0, Time elapsed: 0.045 s - in org.apache.hadoop.yarn.server.resourcemanager.scheduler.fair.[1mTestFairSchedulerUtilities[m
[[1;34mINFO[m] Running org.apache.hadoop.yarn.server.resourcemanager.scheduler.fair.[1mTestContinuousScheduling[m
[[1;34mINFO[m] [1;32mTests run: [0;1;32m7[m, Failures: 0, Errors: 0, Skipped: 0, Time elapsed: 4.955 s - in org.apache.hadoop.yarn.server.resourcemanager.scheduler.fair.[1mTestContinuousScheduling[m
[[1;34mINFO[m] Running org.apache.hadoop.yarn.server.resourcemanager.scheduler.fair.[1mTestFairSchedulerQueueACLs[m
[[1;34mINFO[m] [1;32mTests run: [0;1;32m1[m, Failures: 0, Errors: 0, Skipped: 0, Time elapsed: 3.775 s - in org.apache.hadoop.yarn.server.resourcemanager.scheduler.fair.[1mTestFairSchedulerQueueACLs[m
[[1;34mINFO[m] Running org.apache.hadoop.yarn.server.resourcemanager.scheduler.fair.[1mTestAllocationFileLoaderService[m
[[1;34mINFO[m] [1;32mTests run: [0;1;32m17[m, Failures: 0, Errors: 0, Skipped: 0, Time elapsed: 5.062 s - in org.apache.hadoop.yarn.server.resourcemanager.scheduler.fair.[1mTestAllocationFileLoaderService[m
[[1;34mINFO[m] Running org.apache.hadoop.yarn.server.resourcemanager.scheduler.fair.[1mTestFSLeafQueue[m
[[1;34mINFO[m] [1;32mTests run: [0;1;32m3[m, Failures: 0, Errors: 0, Skipped: 0, Time elapsed: 1.829 s - in org.apache.hadoop.yarn.server.resourcemanager.scheduler.fair.[1mTestFSLeafQueue[m
[[1;34mINFO[m] Running org.apache.hadoop.yarn.server.resourcemanager.scheduler.fair.[1mTestFSSchedulerNode[m
[[1;34mINFO[m] [1;32mTests run: [0;1;32m8[m, Failures: 0, Errors: 0, Skipped: 0, Time elapsed: 0.706 s - in org.apache.hadoop.yarn.server.resourcemanager.scheduler.fair.[1mTestFSSchedulerNode[m
[[1;34mINFO[m] Running org.apache.hadoop.yarn.server.resourcemanager.scheduler.fair.policies.[1mTestDominantResourceFairnessPolicy[m
[[1;34mINFO[m] [1;32mTests run: [0;1;32m20[m, Failures: 0, Errors: 0, Skipped: 0, Time elapsed: 6.172 s - in org.apache.hadoop.yarn.server.resourcemanager.scheduler.fair.policies.[1mTestDominantResourceFairnessPolicy[m
[[1;34mINFO[m] Running org.apache.hadoop.yarn.server.resourcemanager.scheduler.fair.policies.[1mTestEmptyQueues[m
[[1;34mINFO[m] [1;32mTests run: [0;1;32m3[m, Failures: 0, Errors: 0, Skipped: 0, Time elapsed: 0.294 s - in org.apache.hadoop.yarn.server.resourcemanager.scheduler.fair.policies.[1mTestEmptyQueues[m
[[1;34mINFO[m] Running org.apache.hadoop.yarn.server.resourcemanager.scheduler.fair.[1mTestFairSchedulerPreemption[m
[[1;34mINFO[m] [1;32mTests run: [0;1;32m32[m, Failures: 0, Errors: 0, Skipped: 0, Time elapsed: 13.826 s - in org.apache.hadoop.yarn.server.resourcemanager.scheduler.fair.[1mTestFairSchedulerPreemption[m
[[1;34mINFO[m] Running org.apache.hadoop.yarn.server.resourcemanager.scheduler.fair.[1mTestFairScheduler[m
[[1;34mINFO[m] [1;32mTests run: [0;1;32m108[m, Failures: 0, Errors: 0, Skipped: 0, Time elapsed: 13.349 s - in org.apache.hadoop.yarn.server.resourcemanager.scheduler.fair.[1mTestFairScheduler[m
[[1;34mINFO[m] Running org.apache.hadoop.yarn.server.resourcemanager.scheduler.fair.[1mTestQueueManager[m
[[1;34mINFO[m] [1;32mTests run: [0;1;32m17[m, Failures: 0, Errors: 0, Skipped: 0, Time elapsed: 1.047 s - in org.apache.hadoop.yarn.server.resourcemanager.scheduler.fair.[1mTestQueueManager[m
[[1;34mINFO[m] Running org.apache.hadoop.yarn.server.resourcemanager.scheduler.fair.[1mTestFairSchedulerConfiguration[m
[[1;34mINFO[m] [1;32mTests run: [0;1;32m17[m, Failures: 0, Errors: 0, Skipped: 0, Time elapsed: 0.488 s - in org.apache.hadoop.yarn.server.resourcemanager.scheduler.fair.[1mTestFairSchedulerConfiguration[m
[[1;34mINFO[m] Running org.apache.hadoop.yarn.server.resourcemanager.scheduler.fair.[1mTestFairSchedulerFairShare[m
[[1;34mINFO[m] [1;32mTests run: [0;1;32m6[m, Failures: 0, Errors: 0, Skipped: 0, Time elapsed: 2.396 s - in org.apache.hadoop.yarn.server.resourcemanager.scheduler.fair.[1mTestFairSchedulerFairShare[m
[[1;34mINFO[m] Running org.apache.hadoop.yarn.server.resourcemanager.scheduler.fair.[1mTestAppRunnability[m
[[1;34mINFO[m] [1;32mTests run: [0;1;32m8[m, Failures: 0, Errors: 0, Skipped: 0, Time elapsed: 2.475 s - in org.apache.hadoop.yarn.server.resourcemanager.scheduler.fair.[1mTestAppRunnability[m
[[1;34mINFO[m] Running org.apache.hadoop.yarn.server.resourcemanager.scheduler.fair.[1mTestSchedulingPolicy[m
[[1;34mINFO[m] [1;32mTests run: [0;1;32m5[m, Failures: 0, Errors: 0, Skipped: 0, Time elapsed: 2.074 s - in org.apache.hadoop.yarn.server.resourcemanager.scheduler.fair.[1mTestSchedulingPolicy[m
[[1;34mINFO[m] Running org.apache.hadoop.yarn.server.resourcemanager.scheduler.fair.[1mTestQueuePlacementPolicy[m
[[1;34mINFO[m] [1;32mTests run: [0;1;32m17[m, Failures: 0, Errors: 0, Skipped: 0, Time elapsed: 0.38 s - in org.apache.hadoop.yarn.server.resourcemanager.scheduler.fair.[1mTestQueuePlacementPolicy[m
[[1;34mINFO[m] Running org.apache.hadoop.yarn.server.resourcemanager.scheduler.fair.[1mTestConfigurableResource[m
[[1;34mINFO[m] [1;32mTests run: [0;1;32m2[m, Failures: 0, Errors: 0, Skipped: 0, Time elapsed: 0.259 s - in org.apache.hadoop.yarn.server.resourcemanager.scheduler.fair.[1mTestConfigurableResource[m
[[1;34mINFO[m] Running org.apache.hadoop.yarn.server.resourcemanager.scheduler.fair.[1mTestVisitedResourceRequestTracker[m
[[1;34mINFO[m] [1;32mTests run: [0;1;32m3[m, Failures: 0, Errors: 0, Skipped: 0, Time elapsed: 0.344 s - in org.apache.hadoop.yarn.server.resourcemanager.scheduler.fair.[1mTestVisitedResourceRequestTracker[m
[[1;34mINFO[m] Running org.apache.hadoop.yarn.server.resourcemanager.scheduler.fair.[1mTestFSAppStarvation[m
[[1;34mINFO[m] [1;32mTests run: [0;1;32m3[m, Failures: 0, Errors: 0, Skipped: 0, Time elapsed: 2.081 s - in org.apache.hadoop.yarn.server.resourcemanager.scheduler.fair.[1mTestFSAppStarvation[m
[[1;34mINFO[m] Running org.apache.hadoop.yarn.server.resourcemanager.scheduler.fair.[1mTestComputeFairShares[m
[[1;34mINFO[m] [1;32mTests run: [0;1;32m12[m, Failures: 0, Errors: 0, Skipped: 0, Time elapsed: 0.338 s - in org.apache.hadoop.yarn.server.resourcemanager.scheduler.fair.[1mTestComputeFairShares[m
[[1;34mINFO[m] Running org.apache.hadoop.yarn.server.resourcemanager.scheduler.fair.[1mTestQueueManagerRealScheduler[m
[[1;34mINFO[m] [1;32mTests run: [0;1;32m1[m, Failures: 0, Errors: 0, Skipped: 0, Time elapsed: 1.253 s - in org.apache.hadoop.yarn.server.resourcemanager.scheduler.fair.[1mTestQueueManagerRealScheduler[m
[[1;34mINFO[m] Running org.apache.hadoop.yarn.server.resourcemanager.scheduler.[1mTestConfigurationMutationACLPolicies[m
[[1;34mINFO[m] [1;32mTests run: [0;1;32m6[m, Failures: 0, Errors: 0, Skipped: 0, Time elapsed: 0.59 s - in org.apache.hadoop.yarn.server.resourcemanager.scheduler.[1mTestConfigurationMutationACLPolicies[m
[[1;34mINFO[m] Running org.apache.hadoop.yarn.server.resourcemanager.scheduler.[1mTestQueueMetrics[m
[[1;34mINFO[m] [1;32mTests run: [0;1;32m8[m, Failures: 0, Errors: 0, Skipped: 0, Time elapsed: 1.587 s - in org.apache.hadoop.yarn.server.resourcemanager.scheduler.[1mTestQueueMetrics[m
[[1;34mINFO[m] Running org.apache.hadoop.yarn.server.resourcemanager.scheduler.[1mTestSchedulerUtils[m
[[1;34mINFO[m] [1;32mTests run: [0;1;32m15[m, Failures: 0, Errors: 0, Skipped: 0, Time elapsed: 3.867 s - in org.apache.hadoop.yarn.server.resourcemanager.scheduler.[1mTestSchedulerUtils[m
[[1;34mINFO[m] Running org.apache.hadoop.yarn.server.resourcemanager.scheduler.[1mTestClusterNodeTracker[m
[[1;34mINFO[m] [1;32mTests run: [0;1;32m3[m, Failures: 0, Errors: 0, Skipped: 0, Time elapsed: 0.407 s - in org.apache.hadoop.yarn.server.resourcemanager.scheduler.[1mTestClusterNodeTracker[m
[[1;34mINFO[m] Running org.apache.hadoop.yarn.server.resourcemanager.scheduler.[1mTestSchedulerHealth[m
[[1;34mINFO[m] [1;32mTests run: [0;1;32m5[m, Failures: 0, Errors: 0, Skipped: 0, Time elapsed: 1.58 s - in org.apache.hadoop.yarn.server.resourcemanager.scheduler.[1mTestSchedulerHealth[m
[[1;34mINFO[m] Running org.apache.hadoop.yarn.server.resourcemanager.scheduler.distributed.[1mTestNodeQueueLoadMonitor[m
[[1;34mINFO[m] [1;32mTests run: [0;1;32m3[m, Failures: 0, Errors: 0, Skipped: 0, Time elapsed: 0.388 s - in org.apache.hadoop.yarn.server.resourcemanager.scheduler.distributed.[1mTestNodeQueueLoadMonitor[m
[[1;34mINFO[m] Running org.apache.hadoop.yarn.server.resourcemanager.scheduler.capacity.[1mTestCapacitySchedulerAsyncScheduling[m
[[1;34mINFO[m] [1;32mTests run: [0;1;32m11[m, Failures: 0, Errors: 0, Skipped: 0, Time elapsed: 16.273 s - in org.apache.hadoop.yarn.server.resourcemanager.scheduler.capacity.[1mTestCapacitySchedulerAsyncScheduling[m
[[1;34mINFO[m] Running org.apache.hadoop.yarn.server.resourcemanager.scheduler.capacity.[1mTestContainerResizing[m
[[1;34mINFO[m] [1;32mTests run: [0;1;32m10[m, Failures: 0, Errors: 0, Skipped: 0, Time elapsed: 6.4 s - in org.apache.hadoop.yarn.server.resourcemanager.scheduler.capacity.[1mTestContainerResizing[m
[[1;34mINFO[m] Running org.apache.hadoop.yarn.server.resourcemanager.scheduler.capacity.[1mTestReservationQueue[m
[[1;34mINFO[m] [1;32mTests run: [0;1;32m1[m, Failures: 0, Errors: 0, Skipped: 0, Time elapsed: 0.828 s - in org.apache.hadoop.yarn.server.resourcemanager.scheduler.capacity.[1mTestReservationQueue[m
[[1;34mINFO[m] Running org.apache.hadoop.yarn.server.resourcemanager.scheduler.capacity.[1mTestCapacitySchedulerLazyPreemption[m
[[1;33mWARNING[m] [1;33mTests [0;1mrun: [0;1m6[m, Failures: 0, Errors: 0, [1;33mSkipped: [0;1;33m1[m, Time elapsed: 3.494 s - in org.apache.hadoop.yarn.server.resourcemanager.scheduler.capacity.[1mTestCapacitySchedulerLazyPreemption[m
[[1;34mINFO[m] Running org.apache.hadoop.yarn.server.resourcemanager.scheduler.capacity.[1mTestApplicationLimits[m
[[1;34mINFO[m] [1;32mTests run: [0;1;32m6[m, Failures: 0, Errors: 0, Skipped: 0, Time elapsed: 3.637 s - in org.apache.hadoop.yarn.server.resourcemanager.scheduler.capacity.[1mTestApplicationLimits[m
[[1;34mINFO[m] Running org.apache.hadoop.yarn.server.resourcemanager.scheduler.capacity.conf.[1mTestZKConfigurationStore[m
[[1;34mINFO[m] [1;32mTests run: [0;1;32m8[m, Failures: 0, Errors: 0, Skipped: 0, Time elapsed: 51.822 s - in org.apache.hadoop.yarn.server.resourcemanager.scheduler.capacity.conf.[1mTestZKConfigurationStore[m
[[1;34mINFO[m] Running org.apache.hadoop.yarn.server.resourcemanager.scheduler.capacity.conf.[1mTestFSSchedulerConfigurationStore[m
[[1;34mINFO[m] [1;32mTests run: [0;1;32m4[m, Failures: 0, Errors: 0, Skipped: 0, Time elapsed: 0.947 s - in org.apache.hadoop.yarn.server.resourcemanager.scheduler.capacity.conf.[1mTestFSSchedulerConfigurationStore[m
[[1;34mINFO[m] Running org.apache.hadoop.yarn.server.resourcemanager.scheduler.capacity.conf.[1mTestMutableCSConfigurationProvider[m
[[1;34mINFO[m] [1;32mTests run: [0;1;32m2[m, Failures: 0, Errors: 0, Skipped: 0, Time elapsed: 1.039 s - in org.apache.hadoop.yarn.server.resourcemanager.scheduler.capacity.conf.[1mTestMutableCSConfigurationProvider[m
[[1;34mINFO[m] Running org.apache.hadoop.yarn.server.resourcemanager.scheduler.capacity.conf.[1mTestInMemoryConfigurationStore[m
[[1;34mINFO[m] [1;32mTests run: [0;1;32m2[m, Failures: 0, Errors: 0, Skipped: 0, Time elapsed: 0.229 s - in org.apache.hadoop.yarn.server.resourcemanager.scheduler.capacity.conf.[1mTestInMemoryConfigurationStore[m
[[1;34mINFO[m] Running org.apache.hadoop.yarn.server.resourcemanager.scheduler.capacity.conf.[1mTestLeveldbConfigurationStore[m
[[1;34mINFO[m] [1;32mTests run: [0;1;32m7[m, Failures: 0, Errors: 0, Skipped: 0, Time elapsed: 1.554 s - in org.apache.hadoop.yarn.server.resourcemanager.scheduler.capacity.conf.[1mTestLeveldbConfigurationStore[m
[[1;34mINFO[m] Running org.apache.hadoop.yarn.server.resourcemanager.scheduler.capacity.[1mTestCapacitySchedulerSurgicalPreemption[m
[[1;34mINFO[m] [1;32mTests run: [0;1;32m9[m, Failures: 0, Errors: 0, Skipped: 0, Time elapsed: 33.501 s - in org.apache.hadoop.yarn.server.resourcemanager.scheduler.capacity.[1mTestCapacitySchedulerSurgicalPreemption[m
[[1;34mINFO[m] Running org.apache.hadoop.yarn.server.resourcemanager.scheduler.capacity.[1mTestCapacitySchedulerNodeLabelUpdate[m
[[1;34mINFO[m] [1;32mTests run: [0;1;32m8[m, Failures: 0, Errors: 0, Skipped: 0, Time elapsed: 4.306 s - in org.apache.hadoop.yarn.server.resourcemanager.scheduler.capacity.[1mTestCapacitySchedulerNodeLabelUpdate[m
[[1;34mINFO[m] Running org.apache.hadoop.yarn.server.resourcemanager.scheduler.capacity.[1mTestQueueStateManager[m
[[1;34mINFO[m] [1;32mTests run: [0;1;32m1[m, Failures: 0, Errors: 0, Skipped: 0, Time elapsed: 1.006 s - in org.apache.hadoop.yarn.server.resourcemanager.scheduler.capacity.[1mTestQueueStateManager[m
[[1;34mINFO[m] Running org.apache.hadoop.yarn.server.resourcemanager.scheduler.capacity.[1mTestApplicationPriorityACLs[m
[[1;34mINFO[m] [1;32mTests run: [0;1;32m1[m, Failures: 0, Errors: 0, Skipped: 0, Time elapsed: 3.186 s - in org.apache.hadoop.yarn.server.resourcemanager.scheduler.capacity.[1mTestApplicationPriorityACLs[m
[[1;34mINFO[m] Running org.apache.hadoop.yarn.server.resourcemanager.scheduler.capacity.[1mTestSchedulingRequestContainerAllocationAsync[m
[[1;34mINFO[m] [1;32mTests run: [0;1;32m10[m, Failures: 0, Errors: 0, Skipped: 0, Time elapsed: 20.477 s - in org.apache.hadoop.yarn.server.resourcemanager.scheduler.capacity.[1mTestSchedulingRequestContainerAllocationAsync[m
[[1;34mINFO[m] Running org.apache.hadoop.yarn.server.resourcemanager.scheduler.capacity.[1mTestCapacitySchedulerQueueMappingFactory[m
[[1;34mINFO[m] [1;32mTests run: [0;1;32m1[m, Failures: 0, Errors: 0, Skipped: 0, Time elapsed: 1.207 s - in org.apache.hadoop.yarn.server.resourcemanager.scheduler.capacity.[1mTestCapacitySchedulerQueueMappingFactory[m
[[1;34mINFO[m] Running org.apache.hadoop.yarn.server.resourcemanager.scheduler.capacity.[1mTestChildQueueOrder[m
[[1;34mINFO[m] [1;32mTests run: [0;1;32m1[m, Failures: 0, Errors: 0, Skipped: 0, Time elapsed: 1.437 s - in org.apache.hadoop.yarn.server.resourcemanager.scheduler.capacity.[1mTestChildQueueOrder[m
[[1;34mINFO[m] Running org.apache.hadoop.yarn.server.resourcemanager.scheduler.capacity.[1mTestCSAllocateCustomResource[m
[[1;34mINFO[m] [1;32mTests run: [0;1;32m2[m, Failures: 0, Errors: 0, Skipped: 0, Time elapsed: 2.243 s - in org.apache.hadoop.yarn.server.resourcemanager.scheduler.capacity.[1mTestCSAllocateCustomResource[m
[[1;34mINFO[m] Running org.apache.hadoop.yarn.server.resourcemanager.scheduler.capacity.[1mTestCapacityScheduler[m
[[1;34mINFO[m] [1;32mTests run: [0;1;32m68[m, Failures: 0, Errors: 0, Skipped: 0, Time elapsed: 78.748 s - in org.apache.hadoop.yarn.server.resourcemanager.scheduler.capacity.[1mTestCapacityScheduler[m
[[1;34mINFO[m] Running org.apache.hadoop.yarn.server.resourcemanager.scheduler.capacity.[1mTestContainerAllocation[m
[[1;34mINFO[m] [1;32mTests run: [0;1;32m17[m, Failures: 0, Errors: 0, Skipped: 0, Time elapsed: 30.362 s - in org.apache.hadoop.yarn.server.resourcemanager.scheduler.capacity.[1mTestContainerAllocation[m
[[1;34mINFO[m] Running org.apache.hadoop.yarn.server.resourcemanager.scheduler.capacity.[1mTestSchedulingRequestContainerAllocation[m
[[1;34mINFO[m] [1;32mTests run: [0;1;32m16[m, Failures: 0, Errors: 0, Skipped: 0, Time elapsed: 60.616 s - in org.apache.hadoop.yarn.server.resourcemanager.scheduler.capacity.[1mTestSchedulingRequestContainerAllocation[m
[[1;34mINFO[m] Running org.apache.hadoop.yarn.server.resourcemanager.scheduler.capacity.[1mTestQueueMappings[m
[[1;34mINFO[m] [1;32mTests run: [0;1;32m3[m, Failures: 0, Errors: 0, Skipped: 0, Time elapsed: 1.452 s - in org.apache.hadoop.yarn.server.resourcemanager.scheduler.capacity.[1mTestQueueMappings[m
[[1;34mINFO[m] Running org.apache.hadoop.yarn.server.resourcemanager.scheduler.capacity.[1mTestParentQueue[m
[[1;34mINFO[m] [1;32mTests run: [0;1;32m10[m, Failures: 0, Errors: 0, Skipped: 0, Time elapsed: 2.49 s - in org.apache.hadoop.yarn.server.resourcemanager.scheduler.capacity.[1mTestParentQueue[m
[[1;34mINFO[m] Running org.apache.hadoop.yarn.server.resourcemanager.scheduler.capacity.[1mTestAbsoluteResourceConfiguration[m
[[1;34mINFO[m] [1;32mTests run: [0;1;32m6[m, Failures: 0, Errors: 0, Skipped: 0, Time elapsed: 2.822 s - in org.apache.hadoop.yarn.server.resourcemanager.scheduler.capacity.[1mTestAbsoluteResourceConfiguration[m
[[1;34mINFO[m] Running org.apache.hadoop.yarn.server.resourcemanager.scheduler.capacity.[1mTestCapacitySchedulerSchedulingRequestUpdate[m
[[1;34mINFO[m] [1;32mTests run: [0;1;32m2[m, Failures: 0, Errors: 0, Skipped: 0, Time elapsed: 2.047 s - in org.apache.hadoop.yarn.server.resourcemanager.scheduler.capacity.[1mTestCapacitySchedulerSchedulingRequestUpdate[m
[[1;34mINFO[m] Running org.apache.hadoop.yarn.server.resourcemanager.scheduler.capacity.[1mTestIncreaseAllocationExpirer[m
[[1;34mINFO[m] [1;32mTests run: [0;1;32m4[m, Failures: 0, Errors: 0, Skipped: 0, Time elapsed: 51.843 s - in org.apache.hadoop.yarn.server.resourcemanager.scheduler.capacity.[1mTestIncreaseAllocationExpirer[m
[[1;34mINFO[m] Running org.apache.hadoop.yarn.server.resourcemanager.scheduler.capacity.[1mTestQueueManagementDynamicEditPolicy[m
[[1;34mINFO[m] [1;32mTests run: [0;1;32m1[m, Failures: 0, Errors: 0, Skipped: 0, Time elapsed: 2.093 s - in org.apache.hadoop.yarn.server.resourcemanager.scheduler.capacity.[1mTestQueueManagementDynamicEditPolicy[m
[[1;34mINFO[m] Running org.apache.hadoop.yarn.server.resourcemanager.scheduler.capacity.[1mTestCapacitySchedulerAutoQueueCreation[m
[[1;34mINFO[m] [1;32mTests run: [0;1;32m13[m, Failures: 0, Errors: 0, Skipped: 0, Time elapsed: 7.483 s - in org.apache.hadoop.yarn.server.resourcemanager.scheduler.capacity.[1mTestCapacitySchedulerAutoQueueCreation[m
[[1;34mINFO[m] Running org.apache.hadoop.yarn.server.resourcemanager.scheduler.capacity.[1mTestNodeLabelContainerAllocation[m
[[1;34mINFO[m] [1;32mTests run: [0;1;32m22[m, Failures: 0, Errors: 0, Skipped: 0, Time elapsed: 230.816 s - in org.apache.hadoop.yarn.server.resourcemanager.scheduler.capacity.[1mTestNodeLabelContainerAllocation[m
[[1;34mINFO[m] Running org.apache.hadoop.yarn.server.resourcemanager.scheduler.capacity.[1mTestLeafQueue[m
[[1;34mINFO[m] [1;32mTests run: [0;1;32m36[m, Failures: 0, Errors: 0, Skipped: 0, Time elapsed: 27.226 s - in org.apache.hadoop.yarn.server.resourcemanager.scheduler.capacity.[1mTestLeafQueue[m
[[1;34mINFO[m] Running org.apache.hadoop.yarn.server.resourcemanager.scheduler.capacity.[1mTestCapacitySchedulerPerf[m
[[1;33mWARNING[m] [1;33mTests [0;1mrun: [0;1m4[m, Failures: 0, Errors: 0, [1;33mSkipped: [0;1;33m4[m, Time elapsed: 0.173 s - in org.apache.hadoop.yarn.server.resourcemanager.scheduler.capacity.[1mTestCapacitySchedulerPerf[m
[[1;34mINFO[m] Running org.apache.hadoop.yarn.server.resourcemanager.scheduler.capacity.[1mTestApplicationLimitsByPartition[m
[[1;34mINFO[m] [1;32mTests run: [0;1;32m7[m, Failures: 0, Errors: 0, Skipped: 0, Time elapsed: 5.499 s - in org.apache.hadoop.yarn.server.resourcemanager.scheduler.capacity.[1mTestApplicationLimitsByPartition[m
[[1;34mINFO[m] Running org.apache.hadoop.yarn.server.resourcemanager.scheduler.capacity.policy.[1mTestPriorityUtilizationQueueOrderingPolicy[m
[[1;34mINFO[m] [1;32mTests run: [0;1;32m2[m, Failures: 0, Errors: 0, Skipped: 0, Time elapsed: 0.543 s - in org.apache.hadoop.yarn.server.resourcemanager.scheduler.capacity.policy.[1mTestPriorityUtilizationQueueOrderingPolicy[m
[[1;34mINFO[m] Running org.apache.hadoop.yarn.server.resourcemanager.scheduler.capacity.[1mTestGuaranteedOrZeroCapacityOverTimePolicy[m
[[1;34mINFO[m] [1;32mTests run: [0;1;32m1[m, Failures: 0, Errors: 0, Skipped: 0, Time elapsed: 0.116 s - in org.apache.hadoop.yarn.server.resourcemanager.scheduler.capacity.[1mTestGuaranteedOrZeroCapacityOverTimePolicy[m
[[1;34mINFO[m] Running org.apache.hadoop.yarn.server.resourcemanager.scheduler.capacity.[1mTestCapacitySchedulerWithMultiResourceTypes[m
[[1;34mINFO[m] [1;32mTests run: [0;1;32m2[m, Failures: 0, Errors: 0, Skipped: 0, Time elapsed: 1.379 s - in org.apache.hadoop.yarn.server.resourcemanager.scheduler.capacity.[1mTestCapacitySchedulerWithMultiResourceTypes[m
[[1;34mINFO[m] Running org.apache.hadoop.yarn.server.resourcemanager.scheduler.capacity.[1mTestApplicationPriorityACLConfiguration[m
[[1;34mINFO[m] [1;32mTests run: [0;1;32m2[m, Failures: 0, Errors: 0, Skipped: 0, Time elapsed: 0.361 s - in org.apache.hadoop.yarn.server.resourcemanager.scheduler.capacity.[1mTestApplicationPriorityACLConfiguration[m
[[1;34mINFO[m] Running org.apache.hadoop.yarn.server.resourcemanager.scheduler.capacity.[1mTestQueueParsing[m
[[1;34mINFO[m] [1;32mTests run: [0;1;32m19[m, Failures: 0, Errors: 0, Skipped: 0, Time elapsed: 3.138 s - in org.apache.hadoop.yarn.server.resourcemanager.scheduler.capacity.[1mTestQueueParsing[m
[[1;34mINFO[m] Running org.apache.hadoop.yarn.server.resourcemanager.scheduler.capacity.[1mTestReservations[m
[[1;34mINFO[m] [1;32mTests run: [0;1;32m10[m, Failures: 0, Errors: 0, Skipped: 0, Time elapsed: 4.304 s - in org.apache.hadoop.yarn.server.resourcemanager.scheduler.capacity.[1mTestReservations[m
[[1;34mINFO[m] Running org.apache.hadoop.yarn.server.resourcemanager.scheduler.capacity.[1mTestCapacitySchedulerDynamicBehavior[m
[[1;34mINFO[m] [1;32mTests run: [0;1;32m4[m, Failures: 0, Errors: 0, Skipped: 0, Time elapsed: 2.498 s - in org.apache.hadoop.yarn.server.resourcemanager.scheduler.capacity.[1mTestCapacitySchedulerDynamicBehavior[m
[[1;34mINFO[m] Running org.apache.hadoop.yarn.server.resourcemanager.scheduler.capacity.[1mTestQueueCapacities[m
[[1;34mINFO[m] [1;32mTests run: [0;1;32m9[m, Failures: 0, Errors: 0, Skipped: 0, Time elapsed: 0.145 s - in org.apache.hadoop.yarn.server.resourcemanager.scheduler.capacity.[1mTestQueueCapacities[m
[[1;34mINFO[m] Running org.apache.hadoop.yarn.server.resourcemanager.scheduler.capacity.[1mTestWorkPreservingRMRestartForNodeLabel[m
[[1;34mINFO[m] [1;32mTests run: [0;1;32m1[m, Failures: 0, Errors: 0, Skipped: 0, Time elapsed: 3.047 s - in org.apache.hadoop.yarn.server.resourcemanager.scheduler.capacity.[1mTestWorkPreservingRMRestartForNodeLabel[m
[[1;34mINFO[m] Running org.apache.hadoop.yarn.server.resourcemanager.scheduler.capacity.[1mTestCapacitySchedulerMultiNodes[m
[[1;34mINFO[m] [1;32mTests run: [0;1;32m3[m, Failures: 0, Errors: 0, Skipped: 0, Time elapsed: 2.513 s - in org.apache.hadoop.yarn.server.resourcemanager.scheduler.capacity.[1mTestCapacitySchedulerMultiNodes[m
[[1;34mINFO[m] Running org.apache.hadoop.yarn.server.resourcemanager.scheduler.capacity.[1mTestQueueState[m
[[1;34mINFO[m] [1;32mTests run: [0;1;32m3[m, Failures: 0, Errors: 0, Skipped: 0, Time elapsed: 2.752 s - in org.apache.hadoop.yarn.server.resourcemanager.scheduler.capacity.[1mTestQueueState[m
[[1;34mINFO[m] Running org.apache.hadoop.yarn.server.resourcemanager.scheduler.capacity.[1mTestApplicationPriority[m
[[1;34mINFO[m] [1;32mTests run: [0;1;32m10[m, Failures: 0, Errors: 0, Skipped: 0, Time elapsed: 11.534 s - in org.apache.hadoop.yarn.server.resourcemanager.scheduler.capacity.[1mTestApplicationPriority[m
[[1;34mINFO[m] Running org.apache.hadoop.yarn.server.resourcemanager.scheduler.capacity.[1mTestCapacitySchedulerQueueACLs[m
[[1;34mINFO[m] [1;32mTests run: [0;1;32m1[m, Failures: 0, Errors: 0, Skipped: 0, Time elapsed: 3.627 s - in org.apache.hadoop.yarn.server.resourcemanager.scheduler.capacity.[1mTestCapacitySchedulerQueueACLs[m
[[1;34mINFO[m] Running org.apache.hadoop.yarn.server.resourcemanager.scheduler.capacity.[1mTestCapacitySchedulerAutoCreatedQueuePreemption[m
[[1;34mINFO[m] [1;32mTests run: [0;1;32m11[m, Failures: 0, Errors: 0, Skipped: 0, Time elapsed: 36.07 s - in org.apache.hadoop.yarn.server.resourcemanager.scheduler.capacity.[1mTestCapacitySchedulerAutoCreatedQueuePreemption[m
[[1;34mINFO[m] Running org.apache.hadoop.yarn.server.resourcemanager.scheduler.[1mTestSchedulingWithAllocationRequestId[m
[[1;34mINFO[m] [1;32mTests run: [0;1;32m6[m, Failures: 0, Errors: 0, Skipped: 0, Time elapsed: 4.99 s - in org.apache.hadoop.yarn.server.resourcemanager.scheduler.[1mTestSchedulingWithAllocationRequestId[m
[[1;34mINFO[m] Running org.apache.hadoop.yarn.server.resourcemanager.scheduler.policy.[1mTestFifoOrderingPolicy[m
[[1;34mINFO[m] [1;32mTests run: [0;1;32m3[m, Failures: 0, Errors: 0, Skipped: 0, Time elapsed: 0.31 s - in org.apache.hadoop.yarn.server.resourcemanager.scheduler.policy.[1mTestFifoOrderingPolicy[m
[[1;34mINFO[m] Running org.apache.hadoop.yarn.server.resourcemanager.scheduler.policy.[1mTestFairOrderingPolicy[m
[[1;34mINFO[m] [1;32mTests run: [0;1;32m4[m, Failures: 0, Errors: 0, Skipped: 0, Time elapsed: 1.826 s - in org.apache.hadoop.yarn.server.resourcemanager.scheduler.policy.[1mTestFairOrderingPolicy[m
[[1;34mINFO[m] Running org.apache.hadoop.yarn.server.resourcemanager.scheduler.policy.[1mTestFifoOrderingPolicyForPendingApps[m
[[1;34mINFO[m] [1;32mTests run: [0;1;32m2[m, Failures: 0, Errors: 0, Skipped: 0, Time elapsed: 0.32 s - in org.apache.hadoop.yarn.server.resourcemanager.scheduler.policy.[1mTestFifoOrderingPolicyForPendingApps[m
[[1;34mINFO[m] Running org.apache.hadoop.yarn.server.resourcemanager.scheduler.[1mTestAppSchedulingInfo[m
[[1;34mINFO[m] [1;32mTests run: [0;1;32m3[m, Failures: 0, Errors: 0, Skipped: 0, Time elapsed: 0.592 s - in org.apache.hadoop.yarn.server.resourcemanager.scheduler.[1mTestAppSchedulingInfo[m
[[1;34mINFO[m] Running org.apache.hadoop.yarn.server.resourcemanager.scheduler.placement.[1mTestSingleConstraintAppPlacementAllocator[m
[[1;34mINFO[m] [1;32mTests run: [0;1;32m5[m, Failures: 0, Errors: 0, Skipped: 0, Time elapsed: 1.012 s - in org.apache.hadoop.yarn.server.resourcemanager.scheduler.placement.[1mTestSingleConstraintAppPlacementAllocator[m
[[1;34mINFO[m] Running org.apache.hadoop.yarn.server.resourcemanager.scheduler.fifo.[1mTestFifoScheduler[m
[[1;34mINFO[m] [1;32mTests run: [0;1;32m18[m, Failures: 0, Errors: 0, Skipped: 0, Time elapsed: 9.608 s - in org.apache.hadoop.yarn.server.resourcemanager.scheduler.fifo.[1mTestFifoScheduler[m
[[1;34mINFO[m] Running org.apache.hadoop.yarn.server.resourcemanager.scheduler.[1mTestSchedulerApplicationAttempt[m
[[1;34mINFO[m] [1;32mTests run: [0;1;32m6[m, Failures: 0, Errors: 0, Skipped: 0, Time elapsed: 0.889 s - in org.apache.hadoop.yarn.server.resourcemanager.scheduler.[1mTestSchedulerApplicationAttempt[m
[[1;34mINFO[m] Running org.apache.hadoop.yarn.server.resourcemanager.[1mTestContainerResourceUsage[m
[[1;34mINFO[m] [1;32mTests run: [0;1;32m4[m, Failures: 0, Errors: 0, Skipped: 0, Time elapsed: 74.675 s - in org.apache.hadoop.yarn.server.resourcemanager.[1mTestContainerResourceUsage[m
[[1;34mINFO[m] Running org.apache.hadoop.yarn.server.resourcemanager.[1mTestRMHAForAsyncScheduler[m
[[1;34mINFO[m] [1;32mTests run: [0;1;32m1[m, Failures: 0, Errors: 0, Skipped: 0, Time elapsed: 22.811 s - in org.apache.hadoop.yarn.server.resourcemanager.[1mTestRMHAForAsyncScheduler[m
[[1;34mINFO[m] Running org.apache.hadoop.yarn.server.resourcemanager.[1mTestRMHA[m
[[1;34mINFO[m] [1;32mTests run: [0;1;32m11[m, Failures: 0, Errors: 0, Skipped: 0, Time elapsed: 23.35 s - in org.apache.hadoop.yarn.server.resourcemanager.[1mTestRMHA[m
[[1;34mINFO[m] Running org.apache.hadoop.yarn.server.resourcemanager.[1mTestRMRestart[m
[[1;34mINFO[m] [1;32mTests run: [0;1;32m68[m, Failures: 0, Errors: 0, Skipped: 0, Time elapsed: 126.184 s - in org.apache.hadoop.yarn.server.resourcemanager.[1mTestRMRestart[m
[[1;34mINFO[m] Running org.apache.hadoop.yarn.server.resourcemanager.[1mTestSignalContainer[m
[[1;34mINFO[m] [1;32mTests run: [0;1;32m1[m, Failures: 0, Errors: 0, Skipped: 0, Time elapsed: 2.168 s - in org.apache.hadoop.yarn.server.resourcemanager.[1mTestSignalContainer[m
[[1;34mINFO[m] Running org.apache.hadoop.yarn.server.resourcemanager.[1mTestMoveApplication[m
[[1;34mINFO[m] [1;32mTests run: [0;1;32m4[m, Failures: 0, Errors: 0, Skipped: 0, Time elapsed: 1.949 s - in org.apache.hadoop.yarn.server.resourcemanager.[1mTestMoveApplication[m
[[1;34mINFO[m] Running org.apache.hadoop.yarn.server.resourcemanager.[1mTestAppManagerWithFairScheduler[m
[[1;34mINFO[m] [1;32mTests run: [0;1;32m1[m, Failures: 0, Errors: 0, Skipped: 0, Time elapsed: 1.439 s - in org.apache.hadoop.yarn.server.resourcemanager.[1mTestAppManagerWithFairScheduler[m
[[1;34mINFO[m] Running org.apache.hadoop.yarn.server.resourcemanager.[1mTestResourceManagerMXBean[m
[[1;34mINFO[m] [1;32mTests run: [0;1;32m1[m, Failures: 0, Errors: 0, Skipped: 0, Time elapsed: 0.901 s - in org.apache.hadoop.yarn.server.resourcemanager.[1mTestResourceManagerMXBean[m
[[1;34mINFO[m] Running org.apache.hadoop.yarn.server.resourcemanager.resource.[1mTestResourceProfiles[m
[[1;34mINFO[m] [1;32mTests run: [0;1;32m6[m, Failures: 0, Errors: 0, Skipped: 0, Time elapsed: 2.266 s - in org.apache.hadoop.yarn.server.resourcemanager.resource.[1mTestResourceProfiles[m
[[1;34mINFO[m] Running org.apache.hadoop.yarn.server.resourcemanager.[1mTestOpportunisticContainerAllocatorAMService[m
[[1;34mINFO[m] [1;32mTests run: [0;1;32m8[m, Failures: 0, Errors: 0, Skipped: 0, Time elapsed: 8.67 s - in org.apache.hadoop.yarn.server.resourcemanager.[1mTestOpportunisticContainerAllocatorAMService[m
[[1;34mINFO[m] Running org.apache.hadoop.yarn.server.resourcemanager.blacklist.[1mTestBlacklistManager[m
[[1;34mINFO[m] [1;32mTests run: [0;1;32m3[m, Failures: 0, Errors: 0, Skipped: 0, Time elapsed: 0.234 s - in org.apache.hadoop.yarn.server.resourcemanager.blacklist.[1mTestBlacklistManager[m
[[1;34mINFO[m] Running org.apache.hadoop.yarn.server.resourcemanager.[1mTestRMNodeTransitions[m
[[1;34mINFO[m] [1;32mTests run: [0;1;32m36[m, Failures: 0, Errors: 0, Skipped: 0, Time elapsed: 1.183 s - in org.apache.hadoop.yarn.server.resourcemanager.[1mTestRMNodeTransitions[m
[[1;34mINFO[m] Running org.apache.hadoop.yarn.server.resourcemanager.[1mTestRMTimelineService[m
[[1;34mINFO[m] [1;32mTests run: [0;1;32m4[m, Failures: 0, Errors: 0, Skipped: 0, Time elapsed: 2.144 s - in org.apache.hadoop.yarn.server.resourcemanager.[1mTestRMTimelineService[m
[[1;34mINFO[m] Running org.apache.hadoop.yarn.server.resourcemanager.[1mTestApplicationCleanup[m
[[1;34mINFO[m] [1;32mTests run: [0;1;32m7[m, Failures: 0, Errors: 0, Skipped: 0, Time elapsed: 8.006 s - in org.apache.hadoop.yarn.server.resourcemanager.[1mTestApplicationCleanup[m
[[1;34mINFO[m] Running org.apache.hadoop.yarn.server.resourcemanager.reservation.planning.[1mTestSimpleCapacityReplanner[m
[[1;34mINFO[m] [1;32mTests run: [0;1;32m1[m, Failures: 0, Errors: 0, Skipped: 0, Time elapsed: 0.651 s - in org.apache.hadoop.yarn.server.resourcemanager.reservation.planning.[1mTestSimpleCapacityReplanner[m
[[1;34mINFO[m] Running org.apache.hadoop.yarn.server.resourcemanager.reservation.planning.[1mTestAlignedPlanner[m
[[1;34mINFO[m] [1;32mTests run: [0;1;32m51[m, Failures: 0, Errors: 0, Skipped: 0, Time elapsed: 3.54 s - in org.apache.hadoop.yarn.server.resourcemanager.reservation.planning.[1mTestAlignedPlanner[m
[[1;34mINFO[m] Running org.apache.hadoop.yarn.server.resourcemanager.reservation.planning.[1mTestGreedyReservationAgent[m
[[1;34mINFO[m] [1;32mTests run: [0;1;32m60[m, Failures: 0, Errors: 0, Skipped: 0, Time elapsed: 2.915 s - in org.apache.hadoop.yarn.server.resourcemanager.reservation.planning.[1mTestGreedyReservationAgent[m
[[1;34mINFO[m] Running org.apache.hadoop.yarn.server.resourcemanager.reservation.planning.[1mTestReservationAgents[m
[[1;34mINFO[m] [1;32mTests run: [0;1;32m12[m, Failures: 0, Errors: 0, Skipped: 0, Time elapsed: 61.237 s - in org.apache.hadoop.yarn.server.resourcemanager.reservation.planning.[1mTestReservationAgents[m
[[1;34mINFO[m] Running org.apache.hadoop.yarn.server.resourcemanager.reservation.[1mTestNoOverCommitPolicy[m
[[1;34mINFO[m] [1;32mTests run: [0;1;32m10[m, Failures: 0, Errors: 0, Skipped: 0, Time elapsed: 0.803 s - in org.apache.hadoop.yarn.server.resourcemanager.reservation.[1mTestNoOverCommitPolicy[m
[[1;34mINFO[m] Running org.apache.hadoop.yarn.server.resourcemanager.reservation.[1mTestFairSchedulerPlanFollower[m
[[1;34mINFO[m] [1;32mTests run: [0;1;32m2[m, Failures: 0, Errors: 0, Skipped: 0, Time elapsed: 1.445 s - in org.apache.hadoop.yarn.server.resourcemanager.reservation.[1mTestFairSchedulerPlanFollower[m
[[1;34mINFO[m] Running org.apache.hadoop.yarn.server.resourcemanager.reservation.[1mTestCapacitySchedulerPlanFollower[m
[[1;34mINFO[m] [1;32mTests run: [0;1;32m2[m, Failures: 0, Errors: 0, Skipped: 0, Time elapsed: 1.515 s - in org.apache.hadoop.yarn.server.resourcemanager.reservation.[1mTestCapacitySchedulerPlanFollower[m
[[1;34mINFO[m] Running org.apache.hadoop.yarn.server.resourcemanager.reservation.[1mTestReservationSystemUtil[m
[[1;34mINFO[m] [1;32mTests run: [0;1;32m4[m, Failures: 0, Errors: 0, Skipped: 0, Time elapsed: 0.451 s - in org.apache.hadoop.yarn.server.resourcemanager.reservation.[1mTestReservationSystemUtil[m
[[1;34mINFO[m] Running org.apache.hadoop.yarn.server.resourcemanager.reservation.[1mTestPeriodicRLESparseResourceAllocation[m
[[1;34mINFO[m] [1;32mTests run: [0;1;32m4[m, Failures: 0, Errors: 0, Skipped: 0, Time elapsed: 0.308 s - in org.apache.hadoop.yarn.server.resourcemanager.reservation.[1mTestPeriodicRLESparseResourceAllocation[m
[[1;34mINFO[m] Running org.apache.hadoop.yarn.server.resourcemanager.reservation.[1mTestInMemoryReservationAllocation[m
[[1;34mINFO[m] [1;32mTests run: [0;1;32m5[m, Failures: 0, Errors: 0, Skipped: 0, Time elapsed: 0.394 s - in org.apache.hadoop.yarn.server.resourcemanager.reservation.[1mTestInMemoryReservationAllocation[m
[[1;34mINFO[m] Running org.apache.hadoop.yarn.server.resourcemanager.reservation.[1mTestRLESparseResourceAllocation[m
[[1;33mWARNING[m] [1;33mTests [0;1mrun: [0;1m15[m, Failures: 0, Errors: 0, [1;33mSkipped: [0;1;33m1[m, Time elapsed: 0.347 s - in org.apache.hadoop.yarn.server.resourcemanager.reservation.[1mTestRLESparseResourceAllocation[m
[[1;34mINFO[m] Running org.apache.hadoop.yarn.server.resourcemanager.reservation.[1mTestReservationInputValidator[m
[[1;34mINFO[m] [1;32mTests run: [0;1;32m35[m, Failures: 0, Errors: 0, Skipped: 0, Time elapsed: 0.594 s - in org.apache.hadoop.yarn.server.resourcemanager.reservation.[1mTestReservationInputValidator[m
[[1;34mINFO[m] Running org.apache.hadoop.yarn.server.resourcemanager.reservation.[1mTestReservationSystem[m
[[1;34mINFO[m] [1;32mTests run: [0;1;32m4[m, Failures: 0, Errors: 0, Skipped: 0, Time elapsed: 1.644 s - in org.apache.hadoop.yarn.server.resourcemanager.reservation.[1mTestReservationSystem[m
[[1;34mINFO[m] Running org.apache.hadoop.yarn.server.resourcemanager.reservation.[1mTestCapacityOverTimePolicy[m
[[1;34mINFO[m] [1;32mTests run: [0;1;32m30[m, Failures: 0, Errors: 0, Skipped: 0, Time elapsed: 1.431 s - in org.apache.hadoop.yarn.server.resourcemanager.reservation.[1mTestCapacityOverTimePolicy[m
[[1;34mINFO[m] Running org.apache.hadoop.yarn.server.resourcemanager.reservation.[1mTestInMemoryPlan[m
[[1;34mINFO[m] [1;32mTests run: [0;1;32m28[m, Failures: 0, Errors: 0, Skipped: 0, Time elapsed: 0.751 s - in org.apache.hadoop.yarn.server.resourcemanager.reservation.[1mTestInMemoryPlan[m
[[1;34mINFO[m] Running org.apache.hadoop.yarn.server.resourcemanager.[1mTestResourceTrackerService[m
[[1;34mINFO[m] Running org.apache.hadoop.yarn.server.resourcemanager.metrics.[1mTestCombinedSystemMetricsPublisher[m
[[1;31mERROR[m] [1;31mTests [0;1mrun: [0;1m5[m, [1;31mFailures: [0;1;31m1[m, [1;31mErrors: [0;1;31m1[m, Skipped: 0, Time elapsed: 6.536 s[1;31m <<< FAILURE![m - in org.apache.hadoop.yarn.server.resourcemanager.metrics.[1mTestCombinedSystemMetricsPublisher[m
[[1;31mERROR[m] testTimelineServiceEventPublishingV2Enabled(org.apache.hadoop.yarn.server.resourcemanager.metrics.TestCombinedSystemMetricsPublisher)  Time elapsed: 1.472 s  <<< FAILURE!
java.lang.AssertionError: Expected 2 events to be published expected:<2> but was:<1>
	at org.junit.Assert.fail(Assert.java:88)
	at org.junit.Assert.failNotEquals(Assert.java:743)
	at org.junit.Assert.assertEquals(Assert.java:118)
	at org.junit.Assert.assertEquals(Assert.java:555)
	at org.apache.hadoop.yarn.server.resourcemanager.metrics.TestCombinedSystemMetricsPublisher.verifyEntity(TestCombinedSystemMetricsPublisher.java:417)
	at org.apache.hadoop.yarn.server.resourcemanager.metrics.TestCombinedSystemMetricsPublisher.validateV2(TestCombinedSystemMetricsPublisher.java:382)
	at org.apache.hadoop.yarn.server.resourcemanager.metrics.TestCombinedSystemMetricsPublisher.runTest(TestCombinedSystemMetricsPublisher.java:245)
	at org.apache.hadoop.yarn.server.resourcemanager.metrics.TestCombinedSystemMetricsPublisher.testTimelineServiceEventPublishingV2Enabled(TestCombinedSystemMetricsPublisher.java:262)
	at sun.reflect.NativeMethodAccessorImpl.invoke0(Native Method)
	at sun.reflect.NativeMethodAccessorImpl.invoke(NativeMethodAccessorImpl.java:62)
	at sun.reflect.DelegatingMethodAccessorImpl.invoke(DelegatingMethodAccessorImpl.java:43)
	at java.lang.reflect.Method.invoke(Method.java:498)
	at org.junit.runners.model.FrameworkMethod$1.runReflectiveCall(FrameworkMethod.java:47)
	at org.junit.internal.runners.model.ReflectiveCallable.run(ReflectiveCallable.java:12)
	at org.junit.runners.model.FrameworkMethod.invokeExplosively(FrameworkMethod.java:44)
	at org.junit.internal.runners.statements.InvokeMethod.evaluate(InvokeMethod.java:17)
	at org.junit.internal.runners.statements.FailOnTimeout$StatementThread.run(FailOnTimeout.java:74)

[[1;31mERROR[m] testTimelineServiceEventPublishingV1V2Enabled(org.apache.hadoop.yarn.server.resourcemanager.metrics.TestCombinedSystemMetricsPublisher)  Time elapsed: 0.087 s  <<< ERROR!
org.apache.hadoop.yarn.exceptions.YarnRuntimeException: java.net.BindException: Problem binding to [0.0.0.0:10200] java.net.BindException: Address already in use; For more details see:  http://wiki.apache.org/hadoop/BindException
	at org.apache.hadoop.yarn.factories.impl.pb.RpcServerFactoryPBImpl.getServer(RpcServerFactoryPBImpl.java:138)
	at org.apache.hadoop.yarn.ipc.HadoopYarnProtoRPC.getServer(HadoopYarnProtoRPC.java:65)
	at org.apache.hadoop.yarn.ipc.YarnRPC.getServer(YarnRPC.java:54)
	at org.apache.hadoop.yarn.server.applicationhistoryservice.ApplicationHistoryClientService.serviceStart(ApplicationHistoryClientService.java:94)
	at org.apache.hadoop.service.AbstractService.start(AbstractService.java:194)
	at org.apache.hadoop.service.CompositeService.serviceStart(CompositeService.java:121)
	at org.apache.hadoop.yarn.server.applicationhistoryservice.ApplicationHistoryServer.serviceStart(ApplicationHistoryServer.java:120)
	at org.apache.hadoop.service.AbstractService.start(AbstractService.java:194)
	at org.apache.hadoop.yarn.server.resourcemanager.metrics.TestCombinedSystemMetricsPublisher.testSetup(TestCombinedSystemMetricsPublisher.java:123)
	at org.apache.hadoop.yarn.server.resourcemanager.metrics.TestCombinedSystemMetricsPublisher.runTest(TestCombinedSystemMetricsPublisher.java:242)
	at org.apache.hadoop.yarn.server.resourcemanager.metrics.TestCombinedSystemMetricsPublisher.testTimelineServiceEventPublishingV1V2Enabled(TestCombinedSystemMetricsPublisher.java:252)
	at sun.reflect.NativeMethodAccessorImpl.invoke0(Native Method)
	at sun.reflect.NativeMethodAccessorImpl.invoke(NativeMethodAccessorImpl.java:62)
	at sun.reflect.DelegatingMethodAccessorImpl.invoke(DelegatingMethodAccessorImpl.java:43)
	at java.lang.reflect.Method.invoke(Method.java:498)
	at org.junit.runners.model.FrameworkMethod$1.runReflectiveCall(FrameworkMethod.java:47)
	at org.junit.internal.runners.model.ReflectiveCallable.run(ReflectiveCallable.java:12)
	at org.junit.runners.model.FrameworkMethod.invokeExplosively(FrameworkMethod.java:44)
	at org.junit.internal.runners.statements.InvokeMethod.evaluate(InvokeMethod.java:17)
	at org.junit.internal.runners.statements.FailOnTimeout$StatementThread.run(FailOnTimeout.java:74)
Caused by: java.net.BindException: Problem binding to [0.0.0.0:10200] java.net.BindException: Address already in use; For more details see:  http://wiki.apache.org/hadoop/BindException
	at sun.reflect.NativeConstructorAccessorImpl.newInstance0(Native Method)
	at sun.reflect.NativeConstructorAccessorImpl.newInstance(NativeConstructorAccessorImpl.java:62)
	at sun.reflect.DelegatingConstructorAccessorImpl.newInstance(DelegatingConstructorAccessorImpl.java:45)
	at java.lang.reflect.Constructor.newInstance(Constructor.java:423)
	at org.apache.hadoop.net.NetUtils.wrapWithMessage(NetUtils.java:833)
	at org.apache.hadoop.net.NetUtils.wrapException(NetUtils.java:738)
	at org.apache.hadoop.ipc.Server.bind(Server.java:620)
	at org.apache.hadoop.ipc.Server$Listener.<init>(Server.java:1184)
	at org.apache.hadoop.ipc.Server.<init>(Server.java:3066)
	at org.apache.hadoop.ipc.RPC$Server.<init>(RPC.java:1039)
	at org.apache.hadoop.ipc.ProtobufRpcEngine$Server.<init>(ProtobufRpcEngine.java:426)
	at org.apache.hadoop.ipc.ProtobufRpcEngine.getServer(ProtobufRpcEngine.java:347)
	at org.apache.hadoop.ipc.RPC$Builder.build(RPC.java:848)
	at org.apache.hadoop.yarn.factories.impl.pb.RpcServerFactoryPBImpl.createServer(RpcServerFactoryPBImpl.java:172)
	at org.apache.hadoop.yarn.factories.impl.pb.RpcServerFactoryPBImpl.getServer(RpcServerFactoryPBImpl.java:131)
	... 19 more
Caused by: java.net.BindException: Address already in use
	at sun.nio.ch.Net.bind0(Native Method)
	at sun.nio.ch.Net.bind(Net.java:433)
	at sun.nio.ch.Net.bind(Net.java:425)
	at sun.nio.ch.ServerSocketChannelImpl.bind(ServerSocketChannelImpl.java:220)
	at sun.nio.ch.ServerSocketAdaptor.bind(ServerSocketAdaptor.java:85)
	at org.apache.hadoop.ipc.Server.bind(Server.java:603)
	... 27 more

[[1;34mINFO[m] Running org.apache.hadoop.yarn.server.resourcemanager.metrics.[1mTestSystemMetricsPublisherForV2[m
[[1;31mERROR[m] [1;31mTests [0;1mrun: [0;1m5[m, [1;31mFailures: [0;1;31m3[m, Errors: 0, Skipped: 0, Time elapsed: 1.492 s[1;31m <<< FAILURE![m - in org.apache.hadoop.yarn.server.resourcemanager.metrics.[1mTestSystemMetricsPublisherForV2[m
[[1;31mERROR[m] testPublishApplicationMetrics(org.apache.hadoop.yarn.server.resourcemanager.metrics.TestSystemMetricsPublisherForV2)  Time elapsed: 0.589 s  <<< FAILURE!
java.lang.AssertionError: Expected 3 events to be published expected:<3> but was:<1>
	at org.junit.Assert.fail(Assert.java:88)
	at org.junit.Assert.failNotEquals(Assert.java:743)
	at org.junit.Assert.assertEquals(Assert.java:118)
	at org.junit.Assert.assertEquals(Assert.java:555)
	at org.apache.hadoop.yarn.server.resourcemanager.metrics.TestSystemMetricsPublisherForV2.verifyEntity(TestSystemMetricsPublisherForV2.java:379)
	at org.apache.hadoop.yarn.server.resourcemanager.metrics.TestSystemMetricsPublisherForV2.testPublishApplicationMetrics(TestSystemMetricsPublisherForV2.java:228)
	at sun.reflect.NativeMethodAccessorImpl.invoke0(Native Method)
	at sun.reflect.NativeMethodAccessorImpl.invoke(NativeMethodAccessorImpl.java:62)
	at sun.reflect.DelegatingMethodAccessorImpl.invoke(DelegatingMethodAccessorImpl.java:43)
	at java.lang.reflect.Method.invoke(Method.java:498)
	at org.junit.runners.model.FrameworkMethod$1.runReflectiveCall(FrameworkMethod.java:47)
	at org.junit.internal.runners.model.ReflectiveCallable.run(ReflectiveCallable.java:12)
	at org.junit.runners.model.FrameworkMethod.invokeExplosively(FrameworkMethod.java:44)
	at org.junit.internal.runners.statements.InvokeMethod.evaluate(InvokeMethod.java:17)
	at org.junit.internal.runners.statements.FailOnTimeout$StatementThread.run(FailOnTimeout.java:74)

[[1;31mERROR[m] testPublishAppAttemptMetrics(org.apache.hadoop.yarn.server.resourcemanager.metrics.TestSystemMetricsPublisherForV2)  Time elapsed: 0.043 s  <<< FAILURE!
java.lang.AssertionError: Expected 2 events to be published expected:<2> but was:<1>
	at org.junit.Assert.fail(Assert.java:88)
	at org.junit.Assert.failNotEquals(Assert.java:743)
	at org.junit.Assert.assertEquals(Assert.java:118)
	at org.junit.Assert.assertEquals(Assert.java:555)
	at org.apache.hadoop.yarn.server.resourcemanager.metrics.TestSystemMetricsPublisherForV2.verifyEntity(TestSystemMetricsPublisherForV2.java:379)
	at org.apache.hadoop.yarn.server.resourcemanager.metrics.TestSystemMetricsPublisherForV2.testPublishAppAttemptMetrics(TestSystemMetricsPublisherForV2.java:263)
	at sun.reflect.NativeMethodAccessorImpl.invoke0(Native Method)
	at sun.reflect.NativeMethodAccessorImpl.invoke(NativeMethodAccessorImpl.java:62)
	at sun.reflect.DelegatingMethodAccessorImpl.invoke(DelegatingMethodAccessorImpl.java:43)
	at java.lang.reflect.Method.invoke(Method.java:498)
	at org.junit.runners.model.FrameworkMethod$1.runReflectiveCall(FrameworkMethod.java:47)
	at org.junit.internal.runners.model.ReflectiveCallable.run(ReflectiveCallable.java:12)
	at org.junit.runners.model.FrameworkMethod.invokeExplosively(FrameworkMethod.java:44)
	at org.junit.internal.runners.statements.InvokeMethod.evaluate(InvokeMethod.java:17)
	at org.junit.internal.runners.statements.FailOnTimeout$StatementThread.run(FailOnTimeout.java:74)

[[1;31mERROR[m] testPublishContainerMetrics(org.apache.hadoop.yarn.server.resourcemanager.metrics.TestSystemMetricsPublisherForV2)  Time elapsed: 0.042 s  <<< FAILURE!
java.lang.AssertionError: Expected 2 events to be published expected:<2> but was:<1>
	at org.junit.Assert.fail(Assert.java:88)
	at org.junit.Assert.failNotEquals(Assert.java:743)
	at org.junit.Assert.assertEquals(Assert.java:118)
	at org.junit.Assert.assertEquals(Assert.java:555)
	at org.apache.hadoop.yarn.server.resourcemanager.metrics.TestSystemMetricsPublisherForV2.verifyEntity(TestSystemMetricsPublisherForV2.java:379)
	at org.apache.hadoop.yarn.server.resourcemanager.metrics.TestSystemMetricsPublisherForV2.testPublishContainerMetrics(TestSystemMetricsPublisherForV2.java:295)
	at sun.reflect.NativeMethodAccessorImpl.invoke0(Native Method)
	at sun.reflect.NativeMethodAccessorImpl.invoke(NativeMethodAccessorImpl.java:62)
	at sun.reflect.DelegatingMethodAccessorImpl.invoke(DelegatingMethodAccessorImpl.java:43)
	at java.lang.reflect.Method.invoke(Method.java:498)
	at org.junit.runners.model.FrameworkMethod$1.runReflectiveCall(FrameworkMethod.java:47)
	at org.junit.internal.runners.model.ReflectiveCallable.run(ReflectiveCallable.java:12)
	at org.junit.runners.model.FrameworkMethod.invokeExplosively(FrameworkMethod.java:44)
	at org.junit.internal.runners.statements.InvokeMethod.evaluate(InvokeMethod.java:17)
	at org.junit.internal.runners.statements.FailOnTimeout$StatementThread.run(FailOnTimeout.java:74)

[[1;34mINFO[m] Running org.apache.hadoop.yarn.server.resourcemanager.metrics.[1mTestSystemMetricsPublisher[m
[[1;34mINFO[m] [1;32mTests run: [0;1;32m5[m, Failures: 0, Errors: 0, Skipped: 0, Time elapsed: 4.037 s - in org.apache.hadoop.yarn.server.resourcemanager.metrics.[1mTestSystemMetricsPublisher[m
[[1;34mINFO[m] Running org.apache.hadoop.yarn.server.resourcemanager.rmcontainer.[1mTestRMContainerImpl[m
[[1;34mINFO[m] [1;32mTests run: [0;1;32m7[m, Failures: 0, Errors: 0, Skipped: 0, Time elapsed: 45.877 s - in org.apache.hadoop.yarn.server.resourcemanager.rmcontainer.[1mTestRMContainerImpl[m
[[1;34mINFO[m] Running org.apache.hadoop.yarn.server.resourcemanager.[1mTestApplicationMasterService[m
[[1;34mINFO[m] [1;32mTests run: [0;1;32m16[m, Failures: 0, Errors: 0, Skipped: 0, Time elapsed: 11.947 s - in org.apache.hadoop.yarn.server.resourcemanager.[1mTestApplicationMasterService[m
[[1;34mINFO[m] Running org.apache.hadoop.yarn.server.resourcemanager.[1mTestNodeBlacklistingOnAMFailures[m
[[1;34mINFO[m] [1;32mTests run: [0;1;32m4[m, Failures: 0, Errors: 0, Skipped: 0, Time elapsed: 2.996 s - in org.apache.hadoop.yarn.server.resourcemanager.[1mTestNodeBlacklistingOnAMFailures[m
[[1;34mINFO[m] Running org.apache.hadoop.yarn.server.resourcemanager.[1mTestRMStoreCommands[m
[[1;34mINFO[m] [1;32mTests run: [0;1;32m2[m, Failures: 0, Errors: 0, Skipped: 0, Time elapsed: 4.318 s - in org.apache.hadoop.yarn.server.resourcemanager.[1mTestRMStoreCommands[m
[[1;34mINFO[m] Running org.apache.hadoop.yarn.server.resourcemanager.[1mTestWorkPreservingUnmanagedAM[m
[[1;34mINFO[m] [1;32mTests run: [0;1;32m4[m, Failures: 0, Errors: 0, Skipped: 0, Time elapsed: 3.698 s - in org.apache.hadoop.yarn.server.resourcemanager.[1mTestWorkPreservingUnmanagedAM[m
[[1;34mINFO[m] Running org.apache.hadoop.yarn.server.resourcemanager.[1mTestResourceManager[m
[[1;34mINFO[m] [1;32mTests run: [0;1;32m6[m, Failures: 0, Errors: 0, Skipped: 0, Time elapsed: 2.857 s - in org.apache.hadoop.yarn.server.resourcemanager.[1mTestResourceManager[m
[[1;34mINFO[m] Running org.apache.hadoop.yarn.server.resourcemanager.[1mTestRMEmbeddedElector[m
[[1;34mINFO[m] [1;32mTests run: [0;1;32m3[m, Failures: 0, Errors: 0, Skipped: 0, Time elapsed: 28.037 s - in org.apache.hadoop.yarn.server.resourcemanager.[1mTestRMEmbeddedElector[m
[[1;34mINFO[m] Running org.apache.hadoop.yarn.server.resourcemanager.recovery.[1mTestProtos[m
[[1;34mINFO[m] [1;32mTests run: [0;1;32m2[m, Failures: 0, Errors: 0, Skipped: 0, Time elapsed: 0.169 s - in org.apache.hadoop.yarn.server.resourcemanager.recovery.[1mTestProtos[m
[[1;34mINFO[m] Running org.apache.hadoop.yarn.server.resourcemanager.recovery.[1mTestRMStateStoreUtils[m
[[1;34mINFO[m] [1;32mTests run: [0;1;32m2[m, Failures: 0, Errors: 0, Skipped: 0, Time elapsed: 0.243 s - in org.apache.hadoop.yarn.server.resourcemanager.recovery.[1mTestRMStateStoreUtils[m
[[1;34mINFO[m] Running org.apache.hadoop.yarn.server.resourcemanager.recovery.[1mTestFSRMStateStore[m
[[1;34mINFO[m] [1;32mTests run: [0;1;32m4[m, Failures: 0, Errors: 0, Skipped: 0, Time elapsed: 46.429 s - in org.apache.hadoop.yarn.server.resourcemanager.recovery.[1mTestFSRMStateStore[m
[[1;34mINFO[m] Running org.apache.hadoop.yarn.server.resourcemanager.recovery.[1mTestLeveldbRMStateStore[m
[[1;34mINFO[m] [1;32mTests run: [0;1;32m12[m, Failures: 0, Errors: 0, Skipped: 0, Time elapsed: 6.368 s - in org.apache.hadoop.yarn.server.resourcemanager.recovery.[1mTestLeveldbRMStateStore[m
[[1;34mINFO[m] Running org.apache.hadoop.yarn.server.resourcemanager.recovery.[1mTestZKRMStateStorePerf[m
[[1;34mINFO[m] [1;32mTests run: [0;1;32m1[m, Failures: 0, Errors: 0, Skipped: 0, Time elapsed: 39.01 s - in org.apache.hadoop.yarn.server.resourcemanager.recovery.[1mTestZKRMStateStorePerf[m
[[1;34mINFO[m] Running org.apache.hadoop.yarn.server.resourcemanager.recovery.[1mTestZKRMStateStore[m
[[1;34mINFO[m] [1;32mTests run: [0;1;32m18[m, Failures: 0, Errors: 0, Skipped: 0, Time elapsed: 29.792 s - in org.apache.hadoop.yarn.server.resourcemanager.recovery.[1mTestZKRMStateStore[m
[[1;34mINFO[m] Running org.apache.hadoop.yarn.server.resourcemanager.recovery.[1mTestZKRMStateStoreZKClientConnections[m
[[1;34mINFO[m] [1;32mTests run: [0;1;32m4[m, Failures: 0, Errors: 0, Skipped: 0, Time elapsed: 7.075 s - in org.apache.hadoop.yarn.server.resourcemanager.recovery.[1mTestZKRMStateStoreZKClientConnections[m
[[1;34mINFO[m] Running org.apache.hadoop.yarn.server.resourcemanager.recovery.[1mTestMemoryRMStateStore[m
[[1;34mINFO[m] [1;32mTests run: [0;1;32m1[m, Failures: 0, Errors: 0, Skipped: 0, Time elapsed: 0.414 s - in org.apache.hadoop.yarn.server.resourcemanager.recovery.[1mTestMemoryRMStateStore[m
[[1;34mINFO[m] Running org.apache.hadoop.yarn.server.resourcemanager.webapp.[1mTestRMWebServicesReservation[m
[[1;34mINFO[m] [1;32mTests run: [0;1;32m160[m, Failures: 0, Errors: 0, Skipped: 0, Time elapsed: 780.607 s - in org.apache.hadoop.yarn.server.resourcemanager.webapp.[1mTestRMWebServicesReservation[m
[[1;34mINFO[m] Running org.apache.hadoop.yarn.server.resourcemanager.webapp.[1mTestRMWebServicesForCSWithPartitions[m
[[1;34mINFO[m] [1;32mTests run: [0;1;32m4[m, Failures: 0, Errors: 0, Skipped: 0, Time elapsed: 4.902 s - in org.apache.hadoop.yarn.server.resourcemanager.webapp.[1mTestRMWebServicesForCSWithPartitions[m
[[1;34mINFO[m] Running org.apache.hadoop.yarn.server.resourcemanager.webapp.[1mTestAppPage[m
[[1;34mINFO[m] [1;32mTests run: [0;1;32m1[m, Failures: 0, Errors: 0, Skipped: 0, Time elapsed: 1.422 s - in org.apache.hadoop.yarn.server.resourcemanager.webapp.[1mTestAppPage[m
[[1;34mINFO[m] Running org.apache.hadoop.yarn.server.resourcemanager.webapp.[1mTestRMWebAppFairScheduler[m
[[1;34mINFO[m] [1;32mTests run: [0;1;32m2[m, Failures: 0, Errors: 0, Skipped: 0, Time elapsed: 4.29 s - in org.apache.hadoop.yarn.server.resourcemanager.webapp.[1mTestRMWebAppFairScheduler[m
[[1;34mINFO[m] Running org.apache.hadoop.yarn.server.resourcemanager.webapp.[1mTestRMWebServiceAppsNodelabel[m
[[1;34mINFO[m] [1;32mTests run: [0;1;32m2[m, Failures: 0, Errors: 0, Skipped: 0, Time elapsed: 4.828 s - in org.apache.hadoop.yarn.server.resourcemanager.webapp.[1mTestRMWebServiceAppsNodelabel[m
[[1;34mINFO[m] Running org.apache.hadoop.yarn.server.resourcemanager.webapp.[1mTestRMWebappAuthentication[m
[[1;34mINFO[m] [1;32mTests run: [0;1;32m2[m, Failures: 0, Errors: 0, Skipped: 0, Time elapsed: 6.265 s - in org.apache.hadoop.yarn.server.resourcemanager.webapp.[1mTestRMWebappAuthentication[m
[[1;34mINFO[m] Running org.apache.hadoop.yarn.server.resourcemanager.webapp.[1mTestRMWebServices[m
[[1;34mINFO[m] [1;32mTests run: [0;1;32m22[m, Failures: 0, Errors: 0, Skipped: 0, Time elapsed: 11.897 s - in org.apache.hadoop.yarn.server.resourcemanager.webapp.[1mTestRMWebServices[m
[[1;34mINFO[m] Running org.apache.hadoop.yarn.server.resourcemanager.webapp.[1mTestRMWebServicesConfigurationMutation[m
[[1;34mINFO[m] [1;32mTests run: [0;1;32m10[m, Failures: 0, Errors: 0, Skipped: 0, Time elapsed: 7.639 s - in org.apache.hadoop.yarn.server.resourcemanager.webapp.[1mTestRMWebServicesConfigurationMutation[m
[[1;34mINFO[m] Running org.apache.hadoop.yarn.server.resourcemanager.webapp.[1mTestRMWebServicesAppsCustomResourceTypes[m
[[1;34mINFO[m] [1;32mTests run: [0;1;32m2[m, Failures: 0, Errors: 0, Skipped: 0, Time elapsed: 4.364 s - in org.apache.hadoop.yarn.server.resourcemanager.webapp.[1mTestRMWebServicesAppsCustomResourceTypes[m
[[1;34mINFO[m] Running org.apache.hadoop.yarn.server.resourcemanager.webapp.[1mTestRMWebApp[m
[[1;34mINFO[m] [1;32mTests run: [0;1;32m3[m, Failures: 0, Errors: 0, Skipped: 0, Time elapsed: 5.465 s - in org.apache.hadoop.yarn.server.resourcemanager.webapp.[1mTestRMWebApp[m
[[1;34mINFO[m] Running org.apache.hadoop.yarn.server.resourcemanager.webapp.[1mTestRedirectionErrorPage[m
[[1;34mINFO[m] [1;32mTests run: [0;1;32m1[m, Failures: 0, Errors: 0, Skipped: 0, Time elapsed: 1.397 s - in org.apache.hadoop.yarn.server.resourcemanager.webapp.[1mTestRedirectionErrorPage[m
[[1;34mINFO[m] Running org.apache.hadoop.yarn.server.resourcemanager.webapp.[1mTestRMWebServicesDelegationTokens[m
[[1;34mINFO[m] [1;32mTests run: [0;1;32m6[m, Failures: 0, Errors: 0, Skipped: 0, Time elapsed: 13.758 s - in org.apache.hadoop.yarn.server.resourcemanager.webapp.[1mTestRMWebServicesDelegationTokens[m
[[1;34mINFO[m] Running org.apache.hadoop.yarn.server.resourcemanager.webapp.fairscheduler.[1mTestRMWebServicesFairSchedulerCustomResourceTypes[m
[[1;34mINFO[m] [1;32mTests run: [0;1;32m4[m, Failures: 0, Errors: 0, Skipped: 0, Time elapsed: 4.788 s - in org.apache.hadoop.yarn.server.resourcemanager.webapp.fairscheduler.[1mTestRMWebServicesFairSchedulerCustomResourceTypes[m
[[1;34mINFO[m] Running org.apache.hadoop.yarn.server.resourcemanager.webapp.fairscheduler.[1mTestRMWebServicesFairScheduler[m
[[1;34mINFO[m] [1;32mTests run: [0;1;32m3[m, Failures: 0, Errors: 0, Skipped: 0, Time elapsed: 3.893 s - in org.apache.hadoop.yarn.server.resourcemanager.webapp.fairscheduler.[1mTestRMWebServicesFairScheduler[m
[[1;34mINFO[m] Running org.apache.hadoop.yarn.server.resourcemanager.webapp.[1mTestRMWebServicesAppsModification[m
[[1;34mINFO[m] [1;32mTests run: [0;1;32m48[m, Failures: 0, Errors: 0, Skipped: 0, Time elapsed: 31.865 s - in org.apache.hadoop.yarn.server.resourcemanager.webapp.[1mTestRMWebServicesAppsModification[m
[[1;34mINFO[m] Running org.apache.hadoop.yarn.server.resourcemanager.webapp.[1mTestRMWebServicesNodes[m
[[1;34mINFO[m] [1;32mTests run: [0;1;32m25[m, Failures: 0, Errors: 0, Skipped: 0, Time elapsed: 12.471 s - in org.apache.hadoop.yarn.server.resourcemanager.webapp.[1mTestRMWebServicesNodes[m
[[1;34mINFO[m] Running org.apache.hadoop.yarn.server.resourcemanager.webapp.[1mTestApplicationsRequestBuilder[m
[[1;34mINFO[m] [1;32mTests run: [0;1;32m51[m, Failures: 0, Errors: 0, Skipped: 0, Time elapsed: 0.623 s - in org.apache.hadoop.yarn.server.resourcemanager.webapp.[1mTestApplicationsRequestBuilder[m
[[1;34mINFO[m] Running org.apache.hadoop.yarn.server.resourcemanager.webapp.[1mTestRMWebServicesCapacitySched[m
[[1;34mINFO[m] [1;32mTests run: [0;1;32m7[m, Failures: 0, Errors: 0, Skipped: 0, Time elapsed: 7.163 s - in org.apache.hadoop.yarn.server.resourcemanager.webapp.[1mTestRMWebServicesCapacitySched[m
[[1;34mINFO[m] Running org.apache.hadoop.yarn.server.resourcemanager.webapp.[1mTestRMWebServicesHttpStaticUserPermissions[m
[[1;34mINFO[m] [1;32mTests run: [0;1;32m1[m, Failures: 0, Errors: 0, Skipped: 0, Time elapsed: 4.651 s - in org.apache.hadoop.yarn.server.resourcemanager.webapp.[1mTestRMWebServicesHttpStaticUserPermissions[m
[[1;34mINFO[m] Running org.apache.hadoop.yarn.server.resourcemanager.webapp.[1mTestRMWebServicesAppAttempts[m
[[1;34mINFO[m] [1;32mTests run: [0;1;32m8[m, Failures: 0, Errors: 0, Skipped: 0, Time elapsed: 7.385 s - in org.apache.hadoop.yarn.server.resourcemanager.webapp.[1mTestRMWebServicesAppAttempts[m
[[1;34mINFO[m] Running org.apache.hadoop.yarn.server.resourcemanager.webapp.[1mTestNodesPage[m
[[1;34mINFO[m] [1;32mTests run: [0;1;32m6[m, Failures: 0, Errors: 0, Skipped: 0, Time elapsed: 3.859 s - in org.apache.hadoop.yarn.server.resourcemanager.webapp.[1mTestNodesPage[m
[[1;34mINFO[m] Running org.apache.hadoop.yarn.server.resourcemanager.webapp.[1mTestRMWebServicesDelegationTokenAuthentication[m
[[1;34mINFO[m] [1;32mTests run: [0;1;32m8[m, Failures: 0, Errors: 0, Skipped: 0, Time elapsed: 6.801 s - in org.apache.hadoop.yarn.server.resourcemanager.webapp.[1mTestRMWebServicesDelegationTokenAuthentication[m
[[1;34mINFO[m] Running org.apache.hadoop.yarn.server.resourcemanager.webapp.[1mTestRMWebServicesSchedulerActivities[m
[[1;34mINFO[m] [1;32mTests run: [0;1;32m18[m, Failures: 0, Errors: 0, Skipped: 0, Time elapsed: 40.332 s - in org.apache.hadoop.yarn.server.resourcemanager.webapp.[1mTestRMWebServicesSchedulerActivities[m
[[1;34mINFO[m] Running org.apache.hadoop.yarn.server.resourcemanager.webapp.[1mTestRMWebServicesAppCustomResourceTypes[m
[[1;34mINFO[m] [1;32mTests run: [0;1;32m2[m, Failures: 0, Errors: 0, Skipped: 0, Time elapsed: 4.487 s - in org.apache.hadoop.yarn.server.resourcemanager.webapp.[1mTestRMWebServicesAppCustomResourceTypes[m
[[1;34mINFO[m] Running org.apache.hadoop.yarn.server.resourcemanager.webapp.dao.[1mTestFairSchedulerQueueInfo[m
[[1;34mINFO[m] [1;32mTests run: [0;1;32m1[m, Failures: 0, Errors: 0, Skipped: 0, Time elapsed: 0.598 s - in org.apache.hadoop.yarn.server.resourcemanager.webapp.dao.[1mTestFairSchedulerQueueInfo[m
[[1;34mINFO[m] Running org.apache.hadoop.yarn.server.resourcemanager.webapp.[1mTestRMWebServicesNodeLabels[m
[[1;34mINFO[m] [1;32mTests run: [0;1;32m5[m, Failures: 0, Errors: 0, Skipped: 0, Time elapsed: 5.007 s - in org.apache.hadoop.yarn.server.resourcemanager.webapp.[1mTestRMWebServicesNodeLabels[m
[[1;34mINFO[m] Running org.apache.hadoop.yarn.server.resourcemanager.webapp.[1mTestRMWebServicesApps[m
[[1;34mINFO[m] [1;32mTests run: [0;1;32m37[m, Failures: 0, Errors: 0, Skipped: 0, Time elapsed: 19.362 s - in org.apache.hadoop.yarn.server.resourcemanager.webapp.[1mTestRMWebServicesApps[m
[[1;34mINFO[m] Running org.apache.hadoop.yarn.server.resourcemanager.placement.[1mTestUserGroupMappingPlacementRule[m
[[1;34mINFO[m] [1;32mTests run: [0;1;32m1[m, Failures: 0, Errors: 0, Skipped: 0, Time elapsed: 0.427 s - in org.apache.hadoop.yarn.server.resourcemanager.placement.[1mTestUserGroupMappingPlacementRule[m
[[1;34mINFO[m] Running org.apache.hadoop.yarn.server.resourcemanager.placement.[1mTestAppNameMappingPlacementRule[m
[[1;34mINFO[m] [1;32mTests run: [0;1;32m1[m, Failures: 0, Errors: 0, Skipped: 0, Time elapsed: 0.33 s - in org.apache.hadoop.yarn.server.resourcemanager.placement.[1mTestAppNameMappingPlacementRule[m
[[1;34mINFO[m] Running org.apache.hadoop.yarn.server.resourcemanager.placement.[1mTestPlacementManager[m
[[1;34mINFO[m] [1;32mTests run: [0;1;32m1[m, Failures: 0, Errors: 0, Skipped: 0, Time elapsed: 1.209 s - in org.apache.hadoop.yarn.server.resourcemanager.placement.[1mTestPlacementManager[m
[[1;34mINFO[m] Running org.apache.hadoop.yarn.server.resourcemanager.[1mTestRMAdminService[m
[[1;34mINFO[m] [1;32mTests run: [0;1;32m33[m, Failures: 0, Errors: 0, Skipped: 0, Time elapsed: 16.966 s - in org.apache.hadoop.yarn.server.resourcemanager.[1mTestRMAdminService[m
[[1;34mINFO[m] Running org.apache.hadoop.yarn.server.resourcemanager.[1mTestCapacitySchedulerMetrics[m
[[1;34mINFO[m] [1;32mTests run: [0;1;32m1[m, Failures: 0, Errors: 0, Skipped: 0, Time elapsed: 2.039 s - in org.apache.hadoop.yarn.server.resourcemanager.[1mTestCapacitySchedulerMetrics[m
[[1;34mINFO[m] Running org.apache.hadoop.yarn.server.resourcemanager.federation.[1mTestFederationRMStateStoreService[m
[[1;34mINFO[m] [1;32mTests run: [0;1;32m1[m, Failures: 0, Errors: 0, Skipped: 0, Time elapsed: 2.139 s - in org.apache.hadoop.yarn.server.resourcemanager.federation.[1mTestFederationRMStateStoreService[m
[[1;34mINFO[m] Running org.apache.hadoop.yarn.server.resourcemanager.applicationsmanager.[1mTestAMRestart[m
[[1;34mINFO[m] [1;32mTests run: [0;1;32m22[m, Failures: 0, Errors: 0, Skipped: 0, Time elapsed: 312.8 s - in org.apache.hadoop.yarn.server.resourcemanager.applicationsmanager.[1mTestAMRestart[m
[[1;34mINFO[m] Running org.apache.hadoop.yarn.server.resourcemanager.applicationsmanager.[1mTestAMRMRPCResponseId[m
[[1;34mINFO[m] [1;32mTests run: [0;1;32m1[m, Failures: 0, Errors: 0, Skipped: 0, Time elapsed: 1.813 s - in org.apache.hadoop.yarn.server.resourcemanager.applicationsmanager.[1mTestAMRMRPCResponseId[m
[[1;34mINFO[m] Running org.apache.hadoop.yarn.server.resourcemanager.applicationsmanager.[1mTestAMRMRPCNodeUpdates[m
[[1;34mINFO[m] [1;32mTests run: [0;1;32m2[m, Failures: 0, Errors: 0, Skipped: 0, Time elapsed: 2.174 s - in org.apache.hadoop.yarn.server.resourcemanager.applicationsmanager.[1mTestAMRMRPCNodeUpdates[m
[[1;34mINFO[m] Running org.apache.hadoop.yarn.server.resourcemanager.nodelabels.[1mTestNodeAttributesManager[m
[[1;34mINFO[m] [1;32mTests run: [0;1;32m3[m, Failures: 0, Errors: 0, Skipped: 0, Time elapsed: 0.775 s - in org.apache.hadoop.yarn.server.resourcemanager.nodelabels.[1mTestNodeAttributesManager[m
[[1;34mINFO[m] Running org.apache.hadoop.yarn.server.resourcemanager.nodelabels.[1mTestRMNodeLabelsManager[m
[[1;34mINFO[m] [1;32mTests run: [0;1;32m12[m, Failures: 0, Errors: 0, Skipped: 0, Time elapsed: 2.047 s - in org.apache.hadoop.yarn.server.resourcemanager.nodelabels.[1mTestRMNodeLabelsManager[m
[[1;34mINFO[m] Running org.apache.hadoop.yarn.server.resourcemanager.nodelabels.[1mTestRMDelegatedNodeLabelsUpdater[m
[[1;34mINFO[m] [1;32mTests run: [0;1;32m3[m, Failures: 0, Errors: 0, Skipped: 0, Time elapsed: 13.581 s - in org.apache.hadoop.yarn.server.resourcemanager.nodelabels.[1mTestRMDelegatedNodeLabelsUpdater[m
[[1;34mINFO[m] Running org.apache.hadoop.yarn.server.resourcemanager.nodelabels.[1mTestFileSystemNodeAttributeStore[m
[[1;34mINFO[m] [1;32mTests run: [0;1;32m3[m, Failures: 0, Errors: 0, Skipped: 0, Time elapsed: 1.013 s - in org.apache.hadoop.yarn.server.resourcemanager.nodelabels.[1mTestFileSystemNodeAttributeStore[m
[[1;34mINFO[m] Running org.apache.hadoop.yarn.webapp.[1mTestRMWithXFSFilter[m
[[1;34mINFO[m] [1;32mTests run: [0;1;32m3[m, Failures: 0, Errors: 0, Skipped: 0, Time elapsed: 3.747 s - in org.apache.hadoop.yarn.webapp.[1mTestRMWithXFSFilter[m
[[1;34mINFO[m] Running org.apache.hadoop.yarn.webapp.[1mTestRMWithCSRFFilter[m
[[1;34mINFO[m] [1;32mTests run: [0;1;32m4[m, Failures: 0, Errors: 0, Skipped: 0, Time elapsed: 4.119 s - in org.apache.hadoop.yarn.webapp.[1mTestRMWithCSRFFilter[m
[[1;34mINFO[m] 
[[1;34mINFO[m] Results:
[[1;34mINFO[m] 
[[1;31mERROR[m] [1;31mFailures: [m
[[1;31mERROR[m] [1;31m  TestCombinedSystemMetricsPublisher.testTimelineServiceEventPublishingV2Enabled:262->runTest:245->validateV2:382->verifyEntity:417 Expected 2 events to be published expected:<2> but was:<1>[m
[[1;31mERROR[m] [1;31m  TestSystemMetricsPublisherForV2.testPublishAppAttemptMetrics:263->verifyEntity:379 Expected 2 events to be published expected:<2> but was:<1>[m
[[1;31mERROR[m] [1;31m  TestSystemMetricsPublisherForV2.testPublishApplicationMetrics:228->verifyEntity:379 Expected 3 events to be published expected:<3> but was:<1>[m
[[1;31mERROR[m] [1;31m  TestSystemMetricsPublisherForV2.testPublishContainerMetrics:295->verifyEntity:379 Expected 2 events to be published expected:<2> but was:<1>[m
[[1;31mERROR[m] [1;31mErrors: [m
[[1;31mERROR[m] [1;31m  TestCombinedSystemMetricsPublisher.testTimelineServiceEventPublishingV1V2Enabled:252->runTest:242->testSetup:123 ? YarnRuntime[m
[[1;34mINFO[m] 
[[1;31mERROR[m] [1;31mTests run: 2416, Failures: 4, Errors: 1, Skipped: 7[m
[[1;34mINFO[m] 
[[1;34mINFO[m] [1m------------------------------------------------------------------------[m
[[1;34mINFO[m] [1;31mBUILD FAILURE[m
[[1;34mINFO[m] [1m------------------------------------------------------------------------[m
[[1;34mINFO[m] Total time:  01:04 h
[[1;34mINFO[m] Finished at: 2020-04-08T09:37:25Z
[[1;34mINFO[m] [1m------------------------------------------------------------------------[m
[[1;31mERROR[m] Failed to execute goal [32morg.apache.maven.plugins:maven-surefire-plugin:3.0.0-M1:test[m [1m(default-test)[m on project [36mhadoop-yarn-server-resourcemanager[m: [1;31mThere are test failures.[m
[[1;31mERROR[m] [1;31m[m
[[1;31mERROR[m] [1;31mPlease refer to /root/hadoop-3.2.1-src/hadoop-yarn-project/hadoop-yarn/hadoop-yarn-server/hadoop-yarn-server-resourcemanager/target/surefire-reports for the individual test results.[m
[[1;31mERROR[m] [1;31mPlease refer to dump files (if any exist) [date].dump, [date]-jvmRun[N].dump and [date].dumpstream.[m
[[1;31mERROR[m] [1;31mExecutionException The forked VM terminated without properly saying goodbye. VM crash or System.exit called?[m
[[1;31mERROR[m] [1;31mCommand was /bin/sh -c cd /root/hadoop-3.2.1-src/hadoop-yarn-project/hadoop-yarn/hadoop-yarn-server/hadoop-yarn-server-resourcemanager && /usr/lib/jvm/java-8-openjdk-amd64/jre/bin/java -Xmx2048m -XX:+HeapDumpOnOutOfMemoryError -jar /root/hadoop-3.2.1-src/hadoop-yarn-project/hadoop-yarn/hadoop-yarn-server/hadoop-yarn-server-resourcemanager/target/surefire/surefirebooter4781737588870564313.jar /root/hadoop-3.2.1-src/hadoop-yarn-project/hadoop-yarn/hadoop-yarn-server/hadoop-yarn-server-resourcemanager/target/surefire 2020-04-08T08-33-27_393-jvmRun1 surefire8046334415267630169tmp surefire_248061361490217565755tmp[m
[[1;31mERROR[m] [1;31mError occurred in starting fork, check output in log[m
[[1;31mERROR[m] [1;31mProcess Exit Code: 255[m
[[1;31mERROR[m] [1;31mCrashed tests:[m
[[1;31mERROR[m] [1;31morg.apache.hadoop.yarn.server.resourcemanager.TestRMHATimelineCollectors[m
[[1;31mERROR[m] [1;31mExecutionException The forked VM terminated without properly saying goodbye. VM crash or System.exit called?[m
[[1;31mERROR[m] [1;31mCommand was /bin/sh -c cd /root/hadoop-3.2.1-src/hadoop-yarn-project/hadoop-yarn/hadoop-yarn-server/hadoop-yarn-server-resourcemanager && /usr/lib/jvm/java-8-openjdk-amd64/jre/bin/java -Xmx2048m -XX:+HeapDumpOnOutOfMemoryError -jar /root/hadoop-3.2.1-src/hadoop-yarn-project/hadoop-yarn/hadoop-yarn-server/hadoop-yarn-server-resourcemanager/target/surefire/surefirebooter4811987131983346867.jar /root/hadoop-3.2.1-src/hadoop-yarn-project/hadoop-yarn/hadoop-yarn-server/hadoop-yarn-server-resourcemanager/target/surefire 2020-04-08T08-33-27_393-jvmRun1 surefire8367982160323584125tmp surefire_1833006044424261927043tmp[m
[[1;31mERROR[m] [1;31mError occurred in starting fork, check output in log[m
[[1;31mERROR[m] [1;31mProcess Exit Code: 255[m
[[1;31mERROR[m] [1;31mCrashed tests:[m
[[1;31mERROR[m] [1;31morg.apache.hadoop.yarn.server.resourcemanager.TestResourceTrackerService[m
[[1;31mERROR[m] [1;31morg.apache.maven.surefire.booter.SurefireBooterForkException: ExecutionException The forked VM terminated without properly saying goodbye. VM crash or System.exit called?[m
[[1;31mERROR[m] [1;31mCommand was /bin/sh -c cd /root/hadoop-3.2.1-src/hadoop-yarn-project/hadoop-yarn/hadoop-yarn-server/hadoop-yarn-server-resourcemanager && /usr/lib/jvm/java-8-openjdk-amd64/jre/bin/java -Xmx2048m -XX:+HeapDumpOnOutOfMemoryError -jar /root/hadoop-3.2.1-src/hadoop-yarn-project/hadoop-yarn/hadoop-yarn-server/hadoop-yarn-server-resourcemanager/target/surefire/surefirebooter4781737588870564313.jar /root/hadoop-3.2.1-src/hadoop-yarn-project/hadoop-yarn/hadoop-yarn-server/hadoop-yarn-server-resourcemanager/target/surefire 2020-04-08T08-33-27_393-jvmRun1 surefire8046334415267630169tmp surefire_248061361490217565755tmp[m
[[1;31mERROR[m] [1;31mError occurred in starting fork, check output in log[m
[[1;31mERROR[m] [1;31mProcess Exit Code: 255[m
[[1;31mERROR[m] [1;31mCrashed tests:[m
[[1;31mERROR[m] [1;31morg.apache.hadoop.yarn.server.resourcemanager.TestRMHATimelineCollectors[m
[[1;31mERROR[m] [1;31mExecutionException The forked VM terminated without properly saying goodbye. VM crash or System.exit called?[m
[[1;31mERROR[m] [1;31mCommand was /bin/sh -c cd /root/hadoop-3.2.1-src/hadoop-yarn-project/hadoop-yarn/hadoop-yarn-server/hadoop-yarn-server-resourcemanager && /usr/lib/jvm/java-8-openjdk-amd64/jre/bin/java -Xmx2048m -XX:+HeapDumpOnOutOfMemoryError -jar /root/hadoop-3.2.1-src/hadoop-yarn-project/hadoop-yarn/hadoop-yarn-server/hadoop-yarn-server-resourcemanager/target/surefire/surefirebooter4811987131983346867.jar /root/hadoop-3.2.1-src/hadoop-yarn-project/hadoop-yarn/hadoop-yarn-server/hadoop-yarn-server-resourcemanager/target/surefire 2020-04-08T08-33-27_393-jvmRun1 surefire8367982160323584125tmp surefire_1833006044424261927043tmp[m
[[1;31mERROR[m] [1;31mError occurred in starting fork, check output in log[m
[[1;31mERROR[m] [1;31mProcess Exit Code: 255[m
[[1;31mERROR[m] [1;31mCrashed tests:[m
[[1;31mERROR[m] [1;31morg.apache.hadoop.yarn.server.resourcemanager.TestResourceTrackerService[m
[[1;31mERROR[m] [1;31m	at org.apache.maven.plugin.surefire.booterclient.ForkStarter.awaitResultsDone(ForkStarter.java:511)[m
[[1;31mERROR[m] [1;31m	at org.apache.maven.plugin.surefire.booterclient.ForkStarter.runSuitesForkPerTestSet(ForkStarter.java:458)[m
[[1;31mERROR[m] [1;31m	at org.apache.maven.plugin.surefire.booterclient.ForkStarter.run(ForkStarter.java:299)[m
[[1;31mERROR[m] [1;31m	at org.apache.maven.plugin.surefire.booterclient.ForkStarter.run(ForkStarter.java:247)[m
[[1;31mERROR[m] [1;31m	at org.apache.maven.plugin.surefire.AbstractSurefireMojo.executeProvider(AbstractSurefireMojo.java:1149)[m
[[1;31mERROR[m] [1;31m	at org.apache.maven.plugin.surefire.AbstractSurefireMojo.executeAfterPreconditionsChecked(AbstractSurefireMojo.java:991)[m
[[1;31mERROR[m] [1;31m	at org.apache.maven.plugin.surefire.AbstractSurefireMojo.execute(AbstractSurefireMojo.java:837)[m
[[1;31mERROR[m] [1;31m	at org.apache.maven.plugin.DefaultBuildPluginManager.executeMojo(DefaultBuildPluginManager.java:137)[m
[[1;31mERROR[m] [1;31m	at org.apache.maven.lifecycle.internal.MojoExecutor.execute(MojoExecutor.java:210)[m
[[1;31mERROR[m] [1;31m	at org.apache.maven.lifecycle.internal.MojoExecutor.execute(MojoExecutor.java:156)[m
[[1;31mERROR[m] [1;31m	at org.apache.maven.lifecycle.internal.MojoExecutor.execute(MojoExecutor.java:148)[m
[[1;31mERROR[m] [1;31m	at org.apache.maven.lifecycle.internal.LifecycleModuleBuilder.buildProject(LifecycleModuleBuilder.java:117)[m
[[1;31mERROR[m] [1;31m	at org.apache.maven.lifecycle.internal.LifecycleModuleBuilder.buildProject(LifecycleModuleBuilder.java:81)[m
[[1;31mERROR[m] [1;31m	at org.apache.maven.lifecycle.internal.builder.singlethreaded.SingleThreadedBuilder.build(SingleThreadedBuilder.java:56)[m
[[1;31mERROR[m] [1;31m	at org.apache.maven.lifecycle.internal.LifecycleStarter.execute(LifecycleStarter.java:128)[m
[[1;31mERROR[m] [1;31m	at org.apache.maven.DefaultMaven.doExecute(DefaultMaven.java:305)[m
[[1;31mERROR[m] [1;31m	at org.apache.maven.DefaultMaven.doExecute(DefaultMaven.java:192)[m
[[1;31mERROR[m] [1;31m	at org.apache.maven.DefaultMaven.execute(DefaultMaven.java:105)[m
[[1;31mERROR[m] [1;31m	at org.apache.maven.cli.MavenCli.execute(MavenCli.java:956)[m
[[1;31mERROR[m] [1;31m	at org.apache.maven.cli.MavenCli.doMain(MavenCli.java:288)[m
[[1;31mERROR[m] [1;31m	at org.apache.maven.cli.MavenCli.main(MavenCli.java:192)[m
[[1;31mERROR[m] [1;31m	at sun.reflect.NativeMethodAccessorImpl.invoke0(Native Method)[m
[[1;31mERROR[m] [1;31m	at sun.reflect.NativeMethodAccessorImpl.invoke(NativeMethodAccessorImpl.java:62)[m
[[1;31mERROR[m] [1;31m	at sun.reflect.DelegatingMethodAccessorImpl.invoke(DelegatingMethodAccessorImpl.java:43)[m
[[1;31mERROR[m] [1;31m	at java.lang.reflect.Method.invoke(Method.java:498)[m
[[1;31mERROR[m] [1;31m	at org.codehaus.plexus.classworlds.launcher.Launcher.launchEnhanced(Launcher.java:289)[m
[[1;31mERROR[m] [1;31m	at org.codehaus.plexus.classworlds.launcher.Launcher.launch(Launcher.java:229)[m
[[1;31mERROR[m] [1;31m	at org.codehaus.plexus.classworlds.launcher.Launcher.mainWithExitCode(Launcher.java:415)[m
[[1;31mERROR[m] [1;31m	at org.codehaus.plexus.classworlds.launcher.Launcher.main(Launcher.java:356)[m
[[1;31mERROR[m] [1;31mCaused by: org.apache.maven.surefire.booter.SurefireBooterForkException: The forked VM terminated without properly saying goodbye. VM crash or System.exit called?[m
[[1;31mERROR[m] [1;31mCommand was /bin/sh -c cd /root/hadoop-3.2.1-src/hadoop-yarn-project/hadoop-yarn/hadoop-yarn-server/hadoop-yarn-server-resourcemanager && /usr/lib/jvm/java-8-openjdk-amd64/jre/bin/java -Xmx2048m -XX:+HeapDumpOnOutOfMemoryError -jar /root/hadoop-3.2.1-src/hadoop-yarn-project/hadoop-yarn/hadoop-yarn-server/hadoop-yarn-server-resourcemanager/target/surefire/surefirebooter4811987131983346867.jar /root/hadoop-3.2.1-src/hadoop-yarn-project/hadoop-yarn/hadoop-yarn-server/hadoop-yarn-server-resourcemanager/target/surefire 2020-04-08T08-33-27_393-jvmRun1 surefire8367982160323584125tmp surefire_1833006044424261927043tmp[m
[[1;31mERROR[m] [1;31mError occurred in starting fork, check output in log[m
[[1;31mERROR[m] [1;31mProcess Exit Code: 255[m
[[1;31mERROR[m] [1;31mCrashed tests:[m
[[1;31mERROR[m] [1;31morg.apache.hadoop.yarn.server.resourcemanager.TestResourceTrackerService[m
[[1;31mERROR[m] [1;31m	at org.apache.maven.plugin.surefire.booterclient.ForkStarter.fork(ForkStarter.java:670)[m
[[1;31mERROR[m] [1;31m	at org.apache.maven.plugin.surefire.booterclient.ForkStarter.access$600(ForkStarter.java:116)[m
[[1;31mERROR[m] [1;31m	at org.apache.maven.plugin.surefire.booterclient.ForkStarter$2.call(ForkStarter.java:445)[m
[[1;31mERROR[m] [1;31m	at org.apache.maven.plugin.surefire.booterclient.ForkStarter$2.call(ForkStarter.java:421)[m
[[1;31mERROR[m] [1;31m	at java.util.concurrent.FutureTask.run(FutureTask.java:266)[m
[[1;31mERROR[m] [1;31m	at java.util.concurrent.ThreadPoolExecutor.runWorker(ThreadPoolExecutor.java:1149)[m
[[1;31mERROR[m] [1;31m	at java.util.concurrent.ThreadPoolExecutor$Worker.run(ThreadPoolExecutor.java:624)[m
[[1;31mERROR[m] [1;31m	at java.lang.Thread.run(Thread.java:748)[m
[[1;31mERROR[m] [1;31m[m
[[1;31mERROR[m] -> [1m[Help 1][m
[[1;31mERROR[m] 
[[1;31mERROR[m] To see the full stack trace of the errors, re-run Maven with the [1m-e[m switch.
[[1;31mERROR[m] Re-run Maven using the [1m-X[m switch to enable full debug logging.
[[1;31mERROR[m] 
[[1;31mERROR[m] For more information about the errors and possible solutions, please read the following articles:
[[1;31mERROR[m] [1m[Help 1][m http://cwiki.apache.org/confluence/display/MAVEN/MojoExecutionException
