[[1;34mINFO[m] Scanning for projects...
[[1;34mINFO[m] 
[[1;34mINFO[m] [1m----------------< [0;36morg.apache.hadoop:hadoop-yarn-client[0;1m >----------------[m
[[1;34mINFO[m] [1mBuilding Apache Hadoop YARN Client 3.2.1[m
[[1;34mINFO[m] [1m--------------------------------[ jar ]---------------------------------[m
[[1;34mINFO[m] 
[[1;34mINFO[m] [1m--- [0;32mmaven-antrun-plugin:1.7:run[m [1m(create-testdirs)[m @ [36mhadoop-yarn-client[0;1m ---[m
[[1;34mINFO[m] Executing tasks

main:
[[1;34mINFO[m] Executed tasks
[[1;34mINFO[m] 
[[1;34mINFO[m] [1m--- [0;32mhadoop-maven-plugins:3.2.1:protoc[m [1m(compile-protoc)[m @ [36mhadoop-yarn-client[0;1m ---[m
[[1;34mINFO[m] No changes detected in protoc files, skipping generation.
[[1;34mINFO[m] 
[[1;34mINFO[m] [1m--- [0;32mmaven-resources-plugin:2.6:resources[m [1m(default-resources)[m @ [36mhadoop-yarn-client[0;1m ---[m
[[1;34mINFO[m] Using 'UTF-8' encoding to copy filtered resources.
[[1;34mINFO[m] skip non existing resourceDirectory /root/hadoop-3.2.1-src/hadoop-yarn-project/hadoop-yarn/hadoop-yarn-client/src/main/resources
[[1;34mINFO[m] 
[[1;34mINFO[m] [1m--- [0;32mmaven-compiler-plugin:3.1:compile[m [1m(default-compile)[m @ [36mhadoop-yarn-client[0;1m ---[m
[[1;34mINFO[m] Nothing to compile - all classes are up to date
[[1;34mINFO[m] 
[[1;34mINFO[m] [1m--- [0;32mmaven-resources-plugin:2.6:testResources[m [1m(default-testResources)[m @ [36mhadoop-yarn-client[0;1m ---[m
[[1;34mINFO[m] Using 'UTF-8' encoding to copy filtered resources.
[[1;34mINFO[m] Copying 6 resources
[[1;34mINFO[m] 
[[1;34mINFO[m] [1m--- [0;32mmaven-compiler-plugin:3.1:testCompile[m [1m(default-testCompile)[m @ [36mhadoop-yarn-client[0;1m ---[m
[[1;34mINFO[m] Nothing to compile - all classes are up to date
[[1;34mINFO[m] 
[[1;34mINFO[m] [1m--- [0;32mmaven-surefire-plugin:3.0.0-M1:test[m [1m(default-test)[m @ [36mhadoop-yarn-client[0;1m ---[m
[[1;34mINFO[m] 
[[1;34mINFO[m] -------------------------------------------------------
[[1;34mINFO[m]  T E S T S
[[1;34mINFO[m] -------------------------------------------------------
[[1;34mINFO[m] Running org.apache.hadoop.yarn.client.[1mTestGetGroups[m
[[1;34mINFO[m] [1;32mTests run: [0;1;32m6[m, Failures: 0, Errors: 0, Skipped: 0, Time elapsed: 3.522 s - in org.apache.hadoop.yarn.client.[1mTestGetGroups[m
[[1;34mINFO[m] Running org.apache.hadoop.yarn.client.[1mTestResourceManagerAdministrationProtocolPBClientImpl[m
[[1;34mINFO[m] [1;32mTests run: [0;1;32m7[m, Failures: 0, Errors: 0, Skipped: 0, Time elapsed: 3.93 s - in org.apache.hadoop.yarn.client.[1mTestResourceManagerAdministrationProtocolPBClientImpl[m
[[1;34mINFO[m] Running org.apache.hadoop.yarn.client.[1mTestApplicationClientProtocolOnHA[m
[[1;34mINFO[m] [1;32mTests run: [0;1;32m17[m, Failures: 0, Errors: 0, Skipped: 0, Time elapsed: 487.02 s - in org.apache.hadoop.yarn.client.[1mTestApplicationClientProtocolOnHA[m
[[1;34mINFO[m] Running org.apache.hadoop.yarn.client.[1mTestResourceTrackerOnHA[m
[[1;34mINFO[m] [1;32mTests run: [0;1;32m1[m, Failures: 0, Errors: 0, Skipped: 0, Time elapsed: 6.933 s - in org.apache.hadoop.yarn.client.[1mTestResourceTrackerOnHA[m
[[1;34mINFO[m] Running org.apache.hadoop.yarn.client.[1mTestFederationRMFailoverProxyProvider[m
[[1;34mINFO[m] [1;32mTests run: [0;1;32m3[m, Failures: 0, Errors: 0, Skipped: 0, Time elapsed: 9.718 s - in org.apache.hadoop.yarn.client.[1mTestFederationRMFailoverProxyProvider[m
[[1;34mINFO[m] Running org.apache.hadoop.yarn.client.[1mTestApplicationMasterServiceProtocolOnHA[m
[[1;34mINFO[m] [1;32mTests run: [0;1;32m3[m, Failures: 0, Errors: 0, Skipped: 0, Time elapsed: 11.354 s - in org.apache.hadoop.yarn.client.[1mTestApplicationMasterServiceProtocolOnHA[m
[[1;34mINFO[m] Running org.apache.hadoop.yarn.client.api.impl.[1mTestAMRMClientPlacementConstraints[m
[[1;34mINFO[m] [1;32mTests run: [0;1;32m3[m, Failures: 0, Errors: 0, Skipped: 0, Time elapsed: 29.507 s - in org.apache.hadoop.yarn.client.api.impl.[1mTestAMRMClientPlacementConstraints[m
[[1;34mINFO[m] Running org.apache.hadoop.yarn.client.api.impl.[1mTestAMRMClient[m
[[1;33mWARNING[m] [1;33mTests [0;1mrun: [0;1m63[m, Failures: 0, Errors: 0, [1;33mSkipped: [0;1;33m1[m, Time elapsed: 441.663 s - in org.apache.hadoop.yarn.client.api.impl.[1mTestAMRMClient[m
[[1;34mINFO[m] Running org.apache.hadoop.yarn.client.api.impl.[1mTestAHSv2ClientImpl[m
[[1;34mINFO[m] [1;32mTests run: [0;1;32m3[m, Failures: 0, Errors: 0, Skipped: 0, Time elapsed: 0.559 s - in org.apache.hadoop.yarn.client.api.impl.[1mTestAHSv2ClientImpl[m
[[1;34mINFO[m] Running org.apache.hadoop.yarn.client.api.impl.[1mTestYarnClientWithReservation[m
[[1;34mINFO[m] [1;32mTests run: [0;1;32m14[m, Failures: 0, Errors: 0, Skipped: 0, Time elapsed: 23.525 s - in org.apache.hadoop.yarn.client.api.impl.[1mTestYarnClientWithReservation[m
[[1;34mINFO[m] Running org.apache.hadoop.yarn.client.api.impl.[1mTestAHSClient[m
[[1;34mINFO[m] [1;32mTests run: [0;1;32m7[m, Failures: 0, Errors: 0, Skipped: 0, Time elapsed: 0.739 s - in org.apache.hadoop.yarn.client.api.impl.[1mTestAHSClient[m
[[1;34mINFO[m] Running org.apache.hadoop.yarn.client.api.impl.[1mTestYarnClient[m
[[1;34mINFO[m] [1;32mTests run: [0;1;32m38[m, Failures: 0, Errors: 0, Skipped: 0, Time elapsed: 17.466 s - in org.apache.hadoop.yarn.client.api.impl.[1mTestYarnClient[m
[[1;34mINFO[m] Running org.apache.hadoop.yarn.client.api.impl.[1mTestAMRMProxy[m
[[1;31mERROR[m] [1;31mTests [0;1mrun: [0;1m3[m, Failures: 0, [1;31mErrors: [0;1;31m1[m, Skipped: 0, Time elapsed: 87.247 s[1;31m <<< FAILURE![m - in org.apache.hadoop.yarn.client.api.impl.[1mTestAMRMProxy[m
[[1;31mERROR[m] testAMRMProxyTokenRenewal(org.apache.hadoop.yarn.client.api.impl.TestAMRMProxy)  Time elapsed: 42.115 s  <<< ERROR!
org.apache.hadoop.yarn.exceptions.ApplicationAttemptNotFoundException: 
Application attempt appattempt_1586330618875_0001_000001 doesn't exist in ApplicationMasterService cache.
	at org.apache.hadoop.yarn.server.resourcemanager.ApplicationMasterService.allocate(ApplicationMasterService.java:406)
	at org.apache.hadoop.yarn.server.nodemanager.amrmproxy.DefaultRequestInterceptor$3.allocate(DefaultRequestInterceptor.java:224)
	at org.apache.hadoop.yarn.server.nodemanager.amrmproxy.DefaultRequestInterceptor.allocate(DefaultRequestInterceptor.java:135)
	at org.apache.hadoop.yarn.server.nodemanager.amrmproxy.AMRMProxyService.allocate(AMRMProxyService.java:329)
	at org.apache.hadoop.yarn.api.impl.pb.service.ApplicationMasterProtocolPBServiceImpl.allocate(ApplicationMasterProtocolPBServiceImpl.java:60)
	at org.apache.hadoop.yarn.proto.ApplicationMasterProtocol$ApplicationMasterProtocolService$2.callBlockingMethod(ApplicationMasterProtocol.java:99)
	at org.apache.hadoop.ipc.ProtobufRpcEngine$Server$ProtoBufRpcInvoker.call(ProtobufRpcEngine.java:528)
	at org.apache.hadoop.ipc.RPC$Server.call(RPC.java:1070)
	at org.apache.hadoop.ipc.Server$RpcCall.run(Server.java:999)
	at org.apache.hadoop.ipc.Server$RpcCall.run(Server.java:927)
	at java.security.AccessController.doPrivileged(Native Method)
	at javax.security.auth.Subject.doAs(Subject.java:422)
	at org.apache.hadoop.security.UserGroupInformation.doAs(UserGroupInformation.java:1730)
	at org.apache.hadoop.ipc.Server$Handler.run(Server.java:2915)

	at sun.reflect.NativeConstructorAccessorImpl.newInstance0(Native Method)
	at sun.reflect.NativeConstructorAccessorImpl.newInstance(NativeConstructorAccessorImpl.java:62)
	at sun.reflect.DelegatingConstructorAccessorImpl.newInstance(DelegatingConstructorAccessorImpl.java:45)
	at java.lang.reflect.Constructor.newInstance(Constructor.java:423)
	at org.apache.hadoop.yarn.ipc.RPCUtil.instantiateException(RPCUtil.java:53)
	at org.apache.hadoop.yarn.ipc.RPCUtil.instantiateYarnException(RPCUtil.java:75)
	at org.apache.hadoop.yarn.ipc.RPCUtil.unwrapAndThrowException(RPCUtil.java:116)
	at org.apache.hadoop.yarn.api.impl.pb.client.ApplicationMasterProtocolPBClientImpl.allocate(ApplicationMasterProtocolPBClientImpl.java:79)
	at sun.reflect.NativeMethodAccessorImpl.invoke0(Native Method)
	at sun.reflect.NativeMethodAccessorImpl.invoke(NativeMethodAccessorImpl.java:62)
	at sun.reflect.DelegatingMethodAccessorImpl.invoke(DelegatingMethodAccessorImpl.java:43)
	at java.lang.reflect.Method.invoke(Method.java:498)
	at org.apache.hadoop.io.retry.RetryInvocationHandler.invokeMethod(RetryInvocationHandler.java:422)
	at org.apache.hadoop.io.retry.RetryInvocationHandler$Call.invokeMethod(RetryInvocationHandler.java:165)
	at org.apache.hadoop.io.retry.RetryInvocationHandler$Call.invoke(RetryInvocationHandler.java:157)
	at org.apache.hadoop.io.retry.RetryInvocationHandler$Call.invokeOnce(RetryInvocationHandler.java:95)
	at org.apache.hadoop.io.retry.RetryInvocationHandler.invoke(RetryInvocationHandler.java:359)
	at com.sun.proxy.$Proxy89.allocate(Unknown Source)
	at org.apache.hadoop.yarn.client.api.impl.TestAMRMProxy.testAMRMProxyTokenRenewal(TestAMRMProxy.java:195)
	at sun.reflect.NativeMethodAccessorImpl.invoke0(Native Method)
	at sun.reflect.NativeMethodAccessorImpl.invoke(NativeMethodAccessorImpl.java:62)
	at sun.reflect.DelegatingMethodAccessorImpl.invoke(DelegatingMethodAccessorImpl.java:43)
	at java.lang.reflect.Method.invoke(Method.java:498)
	at org.junit.runners.model.FrameworkMethod$1.runReflectiveCall(FrameworkMethod.java:47)
	at org.junit.internal.runners.model.ReflectiveCallable.run(ReflectiveCallable.java:12)
	at org.junit.runners.model.FrameworkMethod.invokeExplosively(FrameworkMethod.java:44)
	at org.junit.internal.runners.statements.InvokeMethod.evaluate(InvokeMethod.java:17)
	at org.junit.internal.runners.statements.FailOnTimeout$StatementThread.run(FailOnTimeout.java:74)
Caused by: org.apache.hadoop.ipc.RemoteException(org.apache.hadoop.yarn.exceptions.ApplicationAttemptNotFoundException): Application attempt appattempt_1586330618875_0001_000001 doesn't exist in ApplicationMasterService cache.
	at org.apache.hadoop.yarn.server.resourcemanager.ApplicationMasterService.allocate(ApplicationMasterService.java:406)
	at org.apache.hadoop.yarn.server.nodemanager.amrmproxy.DefaultRequestInterceptor$3.allocate(DefaultRequestInterceptor.java:224)
	at org.apache.hadoop.yarn.server.nodemanager.amrmproxy.DefaultRequestInterceptor.allocate(DefaultRequestInterceptor.java:135)
	at org.apache.hadoop.yarn.server.nodemanager.amrmproxy.AMRMProxyService.allocate(AMRMProxyService.java:329)
	at org.apache.hadoop.yarn.api.impl.pb.service.ApplicationMasterProtocolPBServiceImpl.allocate(ApplicationMasterProtocolPBServiceImpl.java:60)
	at org.apache.hadoop.yarn.proto.ApplicationMasterProtocol$ApplicationMasterProtocolService$2.callBlockingMethod(ApplicationMasterProtocol.java:99)
	at org.apache.hadoop.ipc.ProtobufRpcEngine$Server$ProtoBufRpcInvoker.call(ProtobufRpcEngine.java:528)
	at org.apache.hadoop.ipc.RPC$Server.call(RPC.java:1070)
	at org.apache.hadoop.ipc.Server$RpcCall.run(Server.java:999)
	at org.apache.hadoop.ipc.Server$RpcCall.run(Server.java:927)
	at java.security.AccessController.doPrivileged(Native Method)
	at javax.security.auth.Subject.doAs(Subject.java:422)
	at org.apache.hadoop.security.UserGroupInformation.doAs(UserGroupInformation.java:1730)
	at org.apache.hadoop.ipc.Server$Handler.run(Server.java:2915)

	at org.apache.hadoop.ipc.Client.getRpcResponse(Client.java:1545)
	at org.apache.hadoop.ipc.Client.call(Client.java:1491)
	at org.apache.hadoop.ipc.Client.call(Client.java:1388)
	at org.apache.hadoop.ipc.ProtobufRpcEngine$Invoker.invoke(ProtobufRpcEngine.java:233)
	at org.apache.hadoop.ipc.ProtobufRpcEngine$Invoker.invoke(ProtobufRpcEngine.java:118)
	at com.sun.proxy.$Proxy88.allocate(Unknown Source)
	at org.apache.hadoop.yarn.api.impl.pb.client.ApplicationMasterProtocolPBClientImpl.allocate(ApplicationMasterProtocolPBClientImpl.java:77)
	... 20 more

[[1;34mINFO[m] Running org.apache.hadoop.yarn.client.api.impl.[1mTestAMRMClientContainerRequest[m
[[1;34mINFO[m] [1;32mTests run: [0;1;32m6[m, Failures: 0, Errors: 0, Skipped: 0, Time elapsed: 0.472 s - in org.apache.hadoop.yarn.client.api.impl.[1mTestAMRMClientContainerRequest[m
[[1;34mINFO[m] Running org.apache.hadoop.yarn.client.api.impl.[1mTestAMRMClientOnRMRestart[m
[[1;34mINFO[m] [1;32mTests run: [0;1;32m3[m, Failures: 0, Errors: 0, Skipped: 0, Time elapsed: 22.139 s - in org.apache.hadoop.yarn.client.api.impl.[1mTestAMRMClientOnRMRestart[m
[[1;34mINFO[m] Running org.apache.hadoop.yarn.client.api.impl.[1mTestOpportunisticContainerAllocationE2E[m
[[1;34mINFO[m] [1;32mTests run: [0;1;32m4[m, Failures: 0, Errors: 0, Skipped: 0, Time elapsed: 24.794 s - in org.apache.hadoop.yarn.client.api.impl.[1mTestOpportunisticContainerAllocationE2E[m
[[1;34mINFO[m] Running org.apache.hadoop.yarn.client.api.impl.[1mTestYarnClientImpl[m
[[1;34mINFO[m] [1;32mTests run: [0;1;32m10[m, Failures: 0, Errors: 0, Skipped: 0, Time elapsed: 1.326 s - in org.apache.hadoop.yarn.client.api.impl.[1mTestYarnClientImpl[m
[[1;34mINFO[m] Running org.apache.hadoop.yarn.client.api.impl.[1mTestSharedCacheClientImpl[m
[[1;34mINFO[m] [1;32mTests run: [0;1;32m7[m, Failures: 0, Errors: 0, Skipped: 0, Time elapsed: 0.655 s - in org.apache.hadoop.yarn.client.api.impl.[1mTestSharedCacheClientImpl[m
[[1;34mINFO[m] Running org.apache.hadoop.yarn.client.api.impl.[1mTestNMClient[m
[[1;34mINFO[m] [1;32mTests run: [0;1;32m2[m, Failures: 0, Errors: 0, Skipped: 0, Time elapsed: 96.077 s - in org.apache.hadoop.yarn.client.api.impl.[1mTestNMClient[m
[[1;34mINFO[m] Running org.apache.hadoop.yarn.client.api.async.impl.[1mTestNMClientAsync[m
[[1;34mINFO[m] [1;32mTests run: [0;1;32m2[m, Failures: 0, Errors: 0, Skipped: 0, Time elapsed: 0.756 s - in org.apache.hadoop.yarn.client.api.async.impl.[1mTestNMClientAsync[m
[[1;34mINFO[m] Running org.apache.hadoop.yarn.client.api.async.impl.[1mTestAMRMClientAsync[m
[[1;34mINFO[m] [1;32mTests run: [0;1;32m9[m, Failures: 0, Errors: 0, Skipped: 0, Time elapsed: 2.821 s - in org.apache.hadoop.yarn.client.api.async.impl.[1mTestAMRMClientAsync[m
[[1;34mINFO[m] Running org.apache.hadoop.yarn.client.[1mTestHedgingRequestRMFailoverProxyProvider[m
[[1;34mINFO[m] [1;32mTests run: [0;1;32m1[m, Failures: 0, Errors: 0, Skipped: 0, Time elapsed: 5.988 s - in org.apache.hadoop.yarn.client.[1mTestHedgingRequestRMFailoverProxyProvider[m
[[1;34mINFO[m] Running org.apache.hadoop.yarn.client.[1mTestYarnApiClasses[m
[[1;34mINFO[m] [1;32mTests run: [0;1;32m3[m, Failures: 0, Errors: 0, Skipped: 0, Time elapsed: 0.336 s - in org.apache.hadoop.yarn.client.[1mTestYarnApiClasses[m
[[1;34mINFO[m] Running org.apache.hadoop.yarn.client.[1mTestRMFailover[m
[[1;34mINFO[m] [1;32mTests run: [0;1;32m7[m, Failures: 0, Errors: 0, Skipped: 0, Time elapsed: 24.484 s - in org.apache.hadoop.yarn.client.[1mTestRMFailover[m
[[1;34mINFO[m] Running org.apache.hadoop.yarn.client.[1mTestApplicationMasterServiceProtocolForTimelineV2[m
[[1;34mINFO[m] [1;32mTests run: [0;1;32m1[m, Failures: 0, Errors: 0, Skipped: 0, Time elapsed: 7.826 s - in org.apache.hadoop.yarn.client.[1mTestApplicationMasterServiceProtocolForTimelineV2[m
[[1;34mINFO[m] Running org.apache.hadoop.yarn.client.cli.[1mTestTopCLI[m
[[1;34mINFO[m] [1;32mTests run: [0;1;32m1[m, Failures: 0, Errors: 0, Skipped: 0, Time elapsed: 0.327 s - in org.apache.hadoop.yarn.client.cli.[1mTestTopCLI[m
[[1;34mINFO[m] Running org.apache.hadoop.yarn.client.cli.[1mTestNodeAttributesCLI[m
[[1;34mINFO[m] [1;32mTests run: [0;1;32m7[m, Failures: 0, Errors: 0, Skipped: 0, Time elapsed: 0.794 s - in org.apache.hadoop.yarn.client.cli.[1mTestNodeAttributesCLI[m
[[1;34mINFO[m] Running org.apache.hadoop.yarn.client.cli.[1mTestYarnCLI[m
[[1;34mINFO[m] [1;32mTests run: [0;1;32m36[m, Failures: 0, Errors: 0, Skipped: 0, Time elapsed: 7.528 s - in org.apache.hadoop.yarn.client.cli.[1mTestYarnCLI[m
[[1;34mINFO[m] Running org.apache.hadoop.yarn.client.cli.[1mTestRMAdminCLI[m
[[1;34mINFO[m] [1;32mTests run: [0;1;32m40[m, Failures: 0, Errors: 0, Skipped: 0, Time elapsed: 19.42 s - in org.apache.hadoop.yarn.client.cli.[1mTestRMAdminCLI[m
[[1;34mINFO[m] Running org.apache.hadoop.yarn.client.cli.[1mTestClusterCLI[m
[[1;34mINFO[m] [1;32mTests run: [0;1;32m5[m, Failures: 0, Errors: 0, Skipped: 0, Time elapsed: 0.472 s - in org.apache.hadoop.yarn.client.cli.[1mTestClusterCLI[m
[[1;34mINFO[m] Running org.apache.hadoop.yarn.client.cli.[1mTestLogsCLI[m
[[1;34mINFO[m] [1;32mTests run: [0;1;32m16[m, Failures: 0, Errors: 0, Skipped: 0, Time elapsed: 9.252 s - in org.apache.hadoop.yarn.client.cli.[1mTestLogsCLI[m
[[1;34mINFO[m] Running org.apache.hadoop.yarn.client.cli.[1mTestSchedConfCLI[m
[[1;34mINFO[m] [1;32mTests run: [0;1;32m5[m, Failures: 0, Errors: 0, Skipped: 0, Time elapsed: 0.191 s - in org.apache.hadoop.yarn.client.cli.[1mTestSchedConfCLI[m
[[1;34mINFO[m] Running org.apache.hadoop.yarn.client.util.[1mTestYarnClientUtils[m
[[1;34mINFO[m] [1;32mTests run: [0;1;32m5[m, Failures: 0, Errors: 0, Skipped: 0, Time elapsed: 0.508 s - in org.apache.hadoop.yarn.client.util.[1mTestYarnClientUtils[m
[[1;34mINFO[m] 
[[1;34mINFO[m] Results:
[[1;34mINFO[m] 
[[1;31mERROR[m] [1;31mErrors: [m
[[1;31mERROR[m] [1;31m  TestAMRMProxy.testAMRMProxyTokenRenewal:195 ? ApplicationAttemptNotFound Appli...[m
[[1;34mINFO[m] 
[[1;31mERROR[m] [1;31mTests run: 338, Failures: 0, Errors: 1, Skipped: 1[m
[[1;34mINFO[m] 
[[1;34mINFO[m] [1m------------------------------------------------------------------------[m
[[1;34mINFO[m] [1;31mBUILD FAILURE[m
[[1;34mINFO[m] [1m------------------------------------------------------------------------[m
[[1;34mINFO[m] Total time:  22:57 min
[[1;34mINFO[m] Finished at: 2020-04-08T07:28:41Z
[[1;34mINFO[m] [1m------------------------------------------------------------------------[m
[[1;31mERROR[m] Failed to execute goal [32morg.apache.maven.plugins:maven-surefire-plugin:3.0.0-M1:test[m [1m(default-test)[m on project [36mhadoop-yarn-client[m: [1;31mThere are test failures.[m
[[1;31mERROR[m] [1;31m[m
[[1;31mERROR[m] [1;31mPlease refer to /root/hadoop-3.2.1-src/hadoop-yarn-project/hadoop-yarn/hadoop-yarn-client/target/surefire-reports for the individual test results.[m
[[1;31mERROR[m] [1;31mPlease refer to dump files (if any exist) [date].dump, [date]-jvmRun[N].dump and [date].dumpstream.[m
[[1;31mERROR[m] -> [1m[Help 1][m
[[1;31mERROR[m] 
[[1;31mERROR[m] To see the full stack trace of the errors, re-run Maven with the [1m-e[m switch.
[[1;31mERROR[m] Re-run Maven using the [1m-X[m switch to enable full debug logging.
[[1;31mERROR[m] 
[[1;31mERROR[m] For more information about the errors and possible solutions, please read the following articles:
[[1;31mERROR[m] [1m[Help 1][m http://cwiki.apache.org/confluence/display/MAVEN/MojoFailureException
