[[1;34mINFO[m] Scanning for projects...
[[1;34mINFO[m] 
[[1;34mINFO[m] [1m-------------< [0;36morg.apache.hadoop:hadoop-yarn-services-api[0;1m >-------------[m
[[1;34mINFO[m] [1mBuilding Apache Hadoop YARN Services API 3.2.1[m
[[1;34mINFO[m] [1m--------------------------------[ jar ]---------------------------------[m
Downloading from apache.snapshots.https: https://repository.apache.org/content/repositories/snapshots/org/apache/hadoop/hadoop-yarn-services-core/3.2.1/hadoop-yarn-services-core-3.2.1.pom
Downloading from repository.jboss.org: https://repository.jboss.org/nexus/content/groups/public/org/apache/hadoop/hadoop-yarn-services-core/3.2.1/hadoop-yarn-services-core-3.2.1.pom
Downloading from central: https://repo.maven.apache.org/maven2/org/apache/hadoop/hadoop-yarn-services-core/3.2.1/hadoop-yarn-services-core-3.2.1.pom
Progress (1): 2.2/7.3 kBProgress (1): 5.0/7.3 kBProgress (1): 7.3 kB                        Downloaded from central: https://repo.maven.apache.org/maven2/org/apache/hadoop/hadoop-yarn-services-core/3.2.1/hadoop-yarn-services-core-3.2.1.pom (7.3 kB at 39 kB/s)
Downloading from apache.snapshots.https: https://repository.apache.org/content/repositories/snapshots/org/apache/hadoop/hadoop-yarn-services/3.2.1/hadoop-yarn-services-3.2.1.pom
Downloading from repository.jboss.org: https://repository.jboss.org/nexus/content/groups/public/org/apache/hadoop/hadoop-yarn-services/3.2.1/hadoop-yarn-services-3.2.1.pom
Downloading from central: https://repo.maven.apache.org/maven2/org/apache/hadoop/hadoop-yarn-services/3.2.1/hadoop-yarn-services-3.2.1.pom
Progress (1): 1.6 kB                    Downloaded from central: https://repo.maven.apache.org/maven2/org/apache/hadoop/hadoop-yarn-services/3.2.1/hadoop-yarn-services-3.2.1.pom (1.6 kB at 28 kB/s)
Downloading from apache.snapshots.https: https://repository.apache.org/content/repositories/snapshots/org/apache/hadoop/hadoop-yarn-applications/3.2.1/hadoop-yarn-applications-3.2.1.pom
Downloading from repository.jboss.org: https://repository.jboss.org/nexus/content/groups/public/org/apache/hadoop/hadoop-yarn-applications/3.2.1/hadoop-yarn-applications-3.2.1.pom
Downloading from central: https://repo.maven.apache.org/maven2/org/apache/hadoop/hadoop-yarn-applications/3.2.1/hadoop-yarn-applications-3.2.1.pom
Progress (1): 2.0 kB                    Downloaded from central: https://repo.maven.apache.org/maven2/org/apache/hadoop/hadoop-yarn-applications/3.2.1/hadoop-yarn-applications-3.2.1.pom (2.0 kB at 1.7 kB/s)
Downloading from apache.snapshots.https: https://repository.apache.org/content/repositories/snapshots/org/apache/hadoop/hadoop-minicluster/3.2.1/hadoop-minicluster-3.2.1.pom
Downloading from repository.jboss.org: https://repository.jboss.org/nexus/content/groups/public/org/apache/hadoop/hadoop-minicluster/3.2.1/hadoop-minicluster-3.2.1.pom
Downloading from central: https://repo.maven.apache.org/maven2/org/apache/hadoop/hadoop-minicluster/3.2.1/hadoop-minicluster-3.2.1.pom
Progress (1): 2.8/3.4 kBProgress (1): 3.4 kB                        Downloaded from central: https://repo.maven.apache.org/maven2/org/apache/hadoop/hadoop-minicluster/3.2.1/hadoop-minicluster-3.2.1.pom (3.4 kB at 68 kB/s)
Downloading from apache.snapshots.https: https://repository.apache.org/content/repositories/snapshots/org/apache/hadoop/hadoop-mapreduce-client-jobclient/3.2.1/hadoop-mapreduce-client-jobclient-3.2.1.pom
Downloading from repository.jboss.org: https://repository.jboss.org/nexus/content/groups/public/org/apache/hadoop/hadoop-mapreduce-client-jobclient/3.2.1/hadoop-mapreduce-client-jobclient-3.2.1.pom
Downloading from central: https://repo.maven.apache.org/maven2/org/apache/hadoop/hadoop-mapreduce-client-jobclient/3.2.1/hadoop-mapreduce-client-jobclient-3.2.1.pom
Progress (1): 2.2/6.1 kBProgress (1): 5.0/6.1 kBProgress (1): 6.1 kB                        Downloaded from central: https://repo.maven.apache.org/maven2/org/apache/hadoop/hadoop-mapreduce-client-jobclient/3.2.1/hadoop-mapreduce-client-jobclient-3.2.1.pom (6.1 kB at 125 kB/s)
Downloading from apache.snapshots.https: https://repository.apache.org/content/repositories/snapshots/org/apache/hadoop/hadoop-mapreduce-client/3.2.1/hadoop-mapreduce-client-3.2.1.pom
Downloading from repository.jboss.org: https://repository.jboss.org/nexus/content/groups/public/org/apache/hadoop/hadoop-mapreduce-client/3.2.1/hadoop-mapreduce-client-3.2.1.pom
Downloading from central: https://repo.maven.apache.org/maven2/org/apache/hadoop/hadoop-mapreduce-client/3.2.1/hadoop-mapreduce-client-3.2.1.pom
Progress (1): 2.2/12 kBProgress (1): 5.0/12 kBProgress (1): 7.8/12 kBProgress (1): 11/12 kB Progress (1): 12 kB                      Downloaded from central: https://repo.maven.apache.org/maven2/org/apache/hadoop/hadoop-mapreduce-client/3.2.1/hadoop-mapreduce-client-3.2.1.pom (12 kB at 243 kB/s)
Downloading from apache.snapshots.https: https://repository.apache.org/content/repositories/snapshots/org/apache/hadoop/hadoop-mapreduce-client-common/3.2.1/hadoop-mapreduce-client-common-3.2.1.pom
Downloading from repository.jboss.org: https://repository.jboss.org/nexus/content/groups/public/org/apache/hadoop/hadoop-mapreduce-client-common/3.2.1/hadoop-mapreduce-client-common-3.2.1.pom
Downloading from central: https://repo.maven.apache.org/maven2/org/apache/hadoop/hadoop-mapreduce-client-common/3.2.1/hadoop-mapreduce-client-common-3.2.1.pom
Progress (1): 2.2/3.2 kBProgress (1): 3.2 kB                        Downloaded from central: https://repo.maven.apache.org/maven2/org/apache/hadoop/hadoop-mapreduce-client-common/3.2.1/hadoop-mapreduce-client-common-3.2.1.pom (3.2 kB at 65 kB/s)
Downloading from apache.snapshots.https: https://repository.apache.org/content/repositories/snapshots/org/apache/hadoop/hadoop-mapreduce-client-core/3.2.1/hadoop-mapreduce-client-core-3.2.1.pom
Downloading from repository.jboss.org: https://repository.jboss.org/nexus/content/groups/public/org/apache/hadoop/hadoop-mapreduce-client-core/3.2.1/hadoop-mapreduce-client-core-3.2.1.pom
Downloading from central: https://repo.maven.apache.org/maven2/org/apache/hadoop/hadoop-mapreduce-client-core/3.2.1/hadoop-mapreduce-client-core-3.2.1.pom
Progress (1): 2.2/5.3 kBProgress (1): 5.0/5.3 kBProgress (1): 5.3 kB                        Downloaded from central: https://repo.maven.apache.org/maven2/org/apache/hadoop/hadoop-mapreduce-client-core/3.2.1/hadoop-mapreduce-client-core-3.2.1.pom (5.3 kB at 104 kB/s)
Downloading from apache.snapshots.https: https://repository.apache.org/content/repositories/snapshots/org/apache/hadoop/hadoop-mapreduce-client-app/3.2.1/hadoop-mapreduce-client-app-3.2.1.pom
Downloading from repository.jboss.org: https://repository.jboss.org/nexus/content/groups/public/org/apache/hadoop/hadoop-mapreduce-client-app/3.2.1/hadoop-mapreduce-client-app-3.2.1.pom
Downloading from central: https://repo.maven.apache.org/maven2/org/apache/hadoop/hadoop-mapreduce-client-app/3.2.1/hadoop-mapreduce-client-app-3.2.1.pom
Progress (1): 2.2/5.4 kBProgress (1): 5.0/5.4 kBProgress (1): 5.4 kB                        Downloaded from central: https://repo.maven.apache.org/maven2/org/apache/hadoop/hadoop-mapreduce-client-app/3.2.1/hadoop-mapreduce-client-app-3.2.1.pom (5.4 kB at 110 kB/s)
Downloading from apache.snapshots.https: https://repository.apache.org/content/repositories/snapshots/org/apache/hadoop/hadoop-mapreduce-client-shuffle/3.2.1/hadoop-mapreduce-client-shuffle-3.2.1.pom
Downloading from repository.jboss.org: https://repository.jboss.org/nexus/content/groups/public/org/apache/hadoop/hadoop-mapreduce-client-shuffle/3.2.1/hadoop-mapreduce-client-shuffle-3.2.1.pom
Downloading from central: https://repo.maven.apache.org/maven2/org/apache/hadoop/hadoop-mapreduce-client-shuffle/3.2.1/hadoop-mapreduce-client-shuffle-3.2.1.pom
Progress (1): 2.2/3.1 kBProgress (1): 3.1 kB                        Downloaded from central: https://repo.maven.apache.org/maven2/org/apache/hadoop/hadoop-mapreduce-client-shuffle/3.2.1/hadoop-mapreduce-client-shuffle-3.2.1.pom (3.1 kB at 68 kB/s)
Downloading from apache.snapshots.https: https://repository.apache.org/content/repositories/snapshots/org/apache/hadoop/hadoop-mapreduce-client-hs/3.2.1/hadoop-mapreduce-client-hs-3.2.1.pom
Downloading from repository.jboss.org: https://repository.jboss.org/nexus/content/groups/public/org/apache/hadoop/hadoop-mapreduce-client-hs/3.2.1/hadoop-mapreduce-client-hs-3.2.1.pom
Downloading from central: https://repo.maven.apache.org/maven2/org/apache/hadoop/hadoop-mapreduce-client-hs/3.2.1/hadoop-mapreduce-client-hs-3.2.1.pom
Progress (1): 2.2/3.0 kBProgress (1): 3.0 kB                        Downloaded from central: https://repo.maven.apache.org/maven2/org/apache/hadoop/hadoop-mapreduce-client-hs/3.2.1/hadoop-mapreduce-client-hs-3.2.1.pom (3.0 kB at 62 kB/s)
Downloading from apache.snapshots.https: https://repository.apache.org/content/repositories/snapshots/org/apache/hadoop/hadoop-minikdc/3.2.1/hadoop-minikdc-3.2.1.pom
Downloading from repository.jboss.org: https://repository.jboss.org/nexus/content/groups/public/org/apache/hadoop/hadoop-minikdc/3.2.1/hadoop-minikdc-3.2.1.pom
Downloading from central: https://repo.maven.apache.org/maven2/org/apache/hadoop/hadoop-minikdc/3.2.1/hadoop-minikdc-3.2.1.pom
Progress (1): 2.2 kB                    Downloaded from central: https://repo.maven.apache.org/maven2/org/apache/hadoop/hadoop-minikdc/3.2.1/hadoop-minikdc-3.2.1.pom (2.2 kB at 46 kB/s)
Downloading from apache.snapshots.https: https://repository.apache.org/content/repositories/snapshots/org/apache/hadoop/hadoop-yarn-services-core/3.2.1/hadoop-yarn-services-core-3.2.1.jar
Downloading from apache.snapshots.https: https://repository.apache.org/content/repositories/snapshots/org/apache/hadoop/hadoop-yarn-services-core/3.2.1/hadoop-yarn-services-core-3.2.1-tests.jar
Downloading from apache.snapshots.https: https://repository.apache.org/content/repositories/snapshots/org/apache/hadoop/hadoop-minicluster/3.2.1/hadoop-minicluster-3.2.1.jar
Downloading from apache.snapshots.https: https://repository.apache.org/content/repositories/snapshots/org/apache/hadoop/hadoop-mapreduce-client-jobclient/3.2.1/hadoop-mapreduce-client-jobclient-3.2.1-tests.jar
Downloading from apache.snapshots.https: https://repository.apache.org/content/repositories/snapshots/org/apache/hadoop/hadoop-mapreduce-client-common/3.2.1/hadoop-mapreduce-client-common-3.2.1.jar
Downloading from apache.snapshots.https: https://repository.apache.org/content/repositories/snapshots/org/apache/hadoop/hadoop-mapreduce-client-app/3.2.1/hadoop-mapreduce-client-app-3.2.1.jar
Downloading from apache.snapshots.https: https://repository.apache.org/content/repositories/snapshots/org/apache/hadoop/hadoop-mapreduce-client-shuffle/3.2.1/hadoop-mapreduce-client-shuffle-3.2.1.jar
Downloading from apache.snapshots.https: https://repository.apache.org/content/repositories/snapshots/org/apache/hadoop/hadoop-mapreduce-client-core/3.2.1/hadoop-mapreduce-client-core-3.2.1.jar
Downloading from apache.snapshots.https: https://repository.apache.org/content/repositories/snapshots/org/apache/hadoop/hadoop-mapreduce-client-jobclient/3.2.1/hadoop-mapreduce-client-jobclient-3.2.1.jar
Downloading from apache.snapshots.https: https://repository.apache.org/content/repositories/snapshots/org/apache/hadoop/hadoop-mapreduce-client-hs/3.2.1/hadoop-mapreduce-client-hs-3.2.1.jar
Downloading from apache.snapshots.https: https://repository.apache.org/content/repositories/snapshots/org/apache/hadoop/hadoop-minikdc/3.2.1/hadoop-minikdc-3.2.1.jar
Downloading from repository.jboss.org: https://repository.jboss.org/nexus/content/groups/public/org/apache/hadoop/hadoop-yarn-services-core/3.2.1/hadoop-yarn-services-core-3.2.1.jar
Downloading from repository.jboss.org: https://repository.jboss.org/nexus/content/groups/public/org/apache/hadoop/hadoop-yarn-services-core/3.2.1/hadoop-yarn-services-core-3.2.1-tests.jar
Downloading from repository.jboss.org: https://repository.jboss.org/nexus/content/groups/public/org/apache/hadoop/hadoop-minicluster/3.2.1/hadoop-minicluster-3.2.1.jar
Downloading from repository.jboss.org: https://repository.jboss.org/nexus/content/groups/public/org/apache/hadoop/hadoop-mapreduce-client-jobclient/3.2.1/hadoop-mapreduce-client-jobclient-3.2.1-tests.jar
Downloading from repository.jboss.org: https://repository.jboss.org/nexus/content/groups/public/org/apache/hadoop/hadoop-mapreduce-client-common/3.2.1/hadoop-mapreduce-client-common-3.2.1.jar
Downloading from repository.jboss.org: https://repository.jboss.org/nexus/content/groups/public/org/apache/hadoop/hadoop-mapreduce-client-app/3.2.1/hadoop-mapreduce-client-app-3.2.1.jar
Downloading from repository.jboss.org: https://repository.jboss.org/nexus/content/groups/public/org/apache/hadoop/hadoop-mapreduce-client-shuffle/3.2.1/hadoop-mapreduce-client-shuffle-3.2.1.jar
Downloading from repository.jboss.org: https://repository.jboss.org/nexus/content/groups/public/org/apache/hadoop/hadoop-mapreduce-client-core/3.2.1/hadoop-mapreduce-client-core-3.2.1.jar
Downloading from repository.jboss.org: https://repository.jboss.org/nexus/content/groups/public/org/apache/hadoop/hadoop-mapreduce-client-jobclient/3.2.1/hadoop-mapreduce-client-jobclient-3.2.1.jar
Downloading from repository.jboss.org: https://repository.jboss.org/nexus/content/groups/public/org/apache/hadoop/hadoop-mapreduce-client-hs/3.2.1/hadoop-mapreduce-client-hs-3.2.1.jar
Downloading from repository.jboss.org: https://repository.jboss.org/nexus/content/groups/public/org/apache/hadoop/hadoop-minikdc/3.2.1/hadoop-minikdc-3.2.1.jar
Downloading from central: https://repo.maven.apache.org/maven2/org/apache/hadoop/hadoop-yarn-services-core/3.2.1/hadoop-yarn-services-core-3.2.1.jar
Downloading from central: https://repo.maven.apache.org/maven2/org/apache/hadoop/hadoop-yarn-services-core/3.2.1/hadoop-yarn-services-core-3.2.1-tests.jar
Downloading from central: https://repo.maven.apache.org/maven2/org/apache/hadoop/hadoop-minicluster/3.2.1/hadoop-minicluster-3.2.1.jar
Downloading from central: https://repo.maven.apache.org/maven2/org/apache/hadoop/hadoop-mapreduce-client-jobclient/3.2.1/hadoop-mapreduce-client-jobclient-3.2.1-tests.jar
Downloading from central: https://repo.maven.apache.org/maven2/org/apache/hadoop/hadoop-mapreduce-client-common/3.2.1/hadoop-mapreduce-client-common-3.2.1.jar
Progress (1): 2.2/634 kBProgress (1): 5.0/634 kBProgress (1): 7.7/634 kBProgress (1): 10/634 kB Progress (1): 13/634 kBProgress (1): 16/634 kBProgress (1): 19/634 kBProgress (1): 21/634 kBProgress (1): 24/634 kBProgress (1): 27/634 kBProgress (1): 30/634 kBProgress (1): 32/634 kBProgress (1): 36/634 kBProgress (1): 40/634 kBProgress (1): 45/634 kBProgress (1): 49/634 kBProgress (1): 53/634 kBProgress (1): 57/634 kBProgress (1): 61/634 kBProgress (1): 65/634 kBProgress (1): 69/634 kBProgress (1): 73/634 kBProgress (1): 77/634 kBProgress (1): 81/634 kBProgress (1): 85/634 kBProgress (1): 90/634 kBProgress (1): 94/634 kBProgress (1): 98/634 kBProgress (1): 102/634 kBProgress (1): 106/634 kBProgress (1): 110/634 kBProgress (1): 114/634 kBProgress (1): 118/634 kBProgress (1): 122/634 kBProgress (1): 126/634 kBProgress (1): 131/634 kBProgress (1): 135/634 kBProgress (2): 135/634 kB | 2.2/44 kBProgress (2): 139/634 kB | 2.2/44 kBProgress (2): 143/634 kB | 2.2/44 kBProgress (2): 143/634 kB | 5.0/44 kBProgress (3): 143/634 kB | 5.0/44 kB | 2.2/196 kBProgress (3): 147/634 kB | 5.0/44 kB | 2.2/196 kBProgress (3): 147/634 kB | 7.7/44 kB | 2.2/196 kBProgress (4): 147/634 kB | 7.7/44 kB | 2.2/196 kB | 2.2/806 kBProgress (4): 147/634 kB | 7.7/44 kB | 5.0/196 kB | 2.2/806 kBProgress (4): 147/634 kB | 7.7/44 kB | 5.0/196 kB | 5.0/806 kBProgress (5): 147/634 kB | 7.7/44 kB | 5.0/196 kB | 5.0/806 kB | 0/1.7 MBProgress (5): 147/634 kB | 10/44 kB | 5.0/196 kB | 5.0/806 kB | 0/1.7 MB Progress (5): 151/634 kB | 10/44 kB | 5.0/196 kB | 5.0/806 kB | 0/1.7 MBProgress (5): 151/634 kB | 10/44 kB | 5.0/196 kB | 5.0/806 kB | 0/1.7 MBProgress (5): 151/634 kB | 10/44 kB | 5.0/196 kB | 7.7/806 kB | 0/1.7 MBProgress (5): 151/634 kB | 10/44 kB | 7.7/196 kB | 7.7/806 kB | 0/1.7 MBProgress (5): 151/634 kB | 10/44 kB | 7.7/196 kB | 7.7/806 kB | 0/1.7 MBProgress (5): 155/634 kB | 10/44 kB | 7.7/196 kB | 7.7/806 kB | 0/1.7 MBProgress (5): 159/634 kB | 10/44 kB | 7.7/196 kB | 7.7/806 kB | 0/1.7 MBProgress (5): 163/634 kB | 10/44 kB | 7.7/196 kB | 7.7/806 kB | 0/1.7 MBProgress (5): 167/634 kB | 10/44 kB | 7.7/196 kB | 7.7/806 kB | 0/1.7 MBProgress (5): 171/634 kB | 10/44 kB | 7.7/196 kB | 7.7/806 kB | 0/1.7 MBProgress (5): 171/634 kB | 13/44 kB | 7.7/196 kB | 7.7/806 kB | 0/1.7 MBProgress (5): 176/634 kB | 13/44 kB | 7.7/196 kB | 7.7/806 kB | 0/1.7 MBProgress (5): 176/634 kB | 13/44 kB | 10/196 kB | 7.7/806 kB | 0/1.7 MB Progress (5): 176/634 kB | 13/44 kB | 10/196 kB | 10/806 kB | 0/1.7 MB Progress (5): 176/634 kB | 16/44 kB | 10/196 kB | 10/806 kB | 0/1.7 MBProgress (5): 180/634 kB | 16/44 kB | 10/196 kB | 10/806 kB | 0/1.7 MBProgress (5): 180/634 kB | 19/44 kB | 10/196 kB | 10/806 kB | 0/1.7 MBProgress (5): 180/634 kB | 19/44 kB | 10/196 kB | 13/806 kB | 0/1.7 MBProgress (5): 180/634 kB | 19/44 kB | 10/196 kB | 13/806 kB | 0/1.7 MBProgress (5): 180/634 kB | 19/44 kB | 13/196 kB | 13/806 kB | 0/1.7 MBProgress (5): 180/634 kB | 19/44 kB | 13/196 kB | 16/806 kB | 0/1.7 MBProgress (5): 184/634 kB | 19/44 kB | 13/196 kB | 16/806 kB | 0/1.7 MBProgress (5): 184/634 kB | 21/44 kB | 13/196 kB | 16/806 kB | 0/1.7 MBProgress (5): 188/634 kB | 21/44 kB | 13/196 kB | 16/806 kB | 0/1.7 MBProgress (5): 188/634 kB | 21/44 kB | 13/196 kB | 19/806 kB | 0/1.7 MBProgress (5): 188/634 kB | 21/44 kB | 16/196 kB | 19/806 kB | 0/1.7 MBProgress (5): 188/634 kB | 21/44 kB | 16/196 kB | 19/806 kB | 0/1.7 MBProgress (5): 188/634 kB | 21/44 kB | 16/196 kB | 21/806 kB | 0/1.7 MBProgress (5): 188/634 kB | 24/44 kB | 16/196 kB | 21/806 kB | 0/1.7 MBProgress (5): 192/634 kB | 24/44 kB | 16/196 kB | 21/806 kB | 0/1.7 MBProgress (5): 192/634 kB | 27/44 kB | 16/196 kB | 21/806 kB | 0/1.7 MBProgress (5): 192/634 kB | 27/44 kB | 16/196 kB | 24/806 kB | 0/1.7 MBProgress (5): 192/634 kB | 27/44 kB | 16/196 kB | 24/806 kB | 0/1.7 MBProgress (5): 192/634 kB | 27/44 kB | 19/196 kB | 24/806 kB | 0/1.7 MBProgress (5): 192/634 kB | 27/44 kB | 19/196 kB | 27/806 kB | 0/1.7 MBProgress (5): 192/634 kB | 30/44 kB | 19/196 kB | 27/806 kB | 0/1.7 MBProgress (5): 196/634 kB | 30/44 kB | 19/196 kB | 27/806 kB | 0/1.7 MBProgress (5): 196/634 kB | 30/44 kB | 19/196 kB | 30/806 kB | 0/1.7 MBProgress (5): 196/634 kB | 30/44 kB | 21/196 kB | 30/806 kB | 0/1.7 MBProgress (5): 196/634 kB | 30/44 kB | 21/196 kB | 30/806 kB | 0/1.7 MBProgress (5): 196/634 kB | 30/44 kB | 21/196 kB | 32/806 kB | 0/1.7 MBProgress (5): 196/634 kB | 32/44 kB | 21/196 kB | 32/806 kB | 0/1.7 MBProgress (5): 196/634 kB | 32/44 kB | 24/196 kB | 32/806 kB | 0/1.7 MBProgress (5): 196/634 kB | 32/44 kB | 24/196 kB | 32/806 kB | 0/1.7 MBProgress (5): 200/634 kB | 32/44 kB | 24/196 kB | 32/806 kB | 0/1.7 MBProgress (5): 200/634 kB | 32/44 kB | 27/196 kB | 32/806 kB | 0/1.7 MBProgress (5): 204/634 kB | 32/44 kB | 27/196 kB | 32/806 kB | 0/1.7 MBProgress (5): 204/634 kB | 32/44 kB | 27/196 kB | 32/806 kB | 0/1.7 MBProgress (5): 204/634 kB | 32/44 kB | 30/196 kB | 32/806 kB | 0/1.7 MBProgress (5): 208/634 kB | 32/44 kB | 30/196 kB | 32/806 kB | 0/1.7 MBProgress (5): 208/634 kB | 32/44 kB | 30/196 kB | 32/806 kB | 0/1.7 MBProgress (5): 212/634 kB | 32/44 kB | 30/196 kB | 32/806 kB | 0/1.7 MBProgress (5): 212/634 kB | 32/44 kB | 32/196 kB | 32/806 kB | 0/1.7 MBProgress (5): 212/634 kB | 32/44 kB | 32/196 kB | 32/806 kB | 0/1.7 MBProgress (5): 212/634 kB | 32/44 kB | 32/196 kB | 32/806 kB | 0/1.7 MBProgress (5): 217/634 kB | 32/44 kB | 32/196 kB | 32/806 kB | 0/1.7 MBProgress (5): 221/634 kB | 32/44 kB | 32/196 kB | 32/806 kB | 0/1.7 MBProgress (5): 225/634 kB | 32/44 kB | 32/196 kB | 32/806 kB | 0/1.7 MBProgress (5): 229/634 kB | 32/44 kB | 32/196 kB | 32/806 kB | 0/1.7 MBProgress (5): 233/634 kB | 32/44 kB | 32/196 kB | 32/806 kB | 0/1.7 MBProgress (5): 233/634 kB | 32/44 kB | 36/196 kB | 32/806 kB | 0/1.7 MBProgress (5): 237/634 kB | 32/44 kB | 36/196 kB | 32/806 kB | 0/1.7 MBProgress (5): 237/634 kB | 32/44 kB | 40/196 kB | 32/806 kB | 0/1.7 MBProgress (5): 241/634 kB | 32/44 kB | 40/196 kB | 32/806 kB | 0/1.7 MBProgress (5): 241/634 kB | 32/44 kB | 40/196 kB | 36/806 kB | 0/1.7 MBProgress (5): 245/634 kB | 32/44 kB | 40/196 kB | 36/806 kB | 0/1.7 MBProgress (5): 245/634 kB | 32/44 kB | 40/196 kB | 36/806 kB | 0/1.7 MBProgress (5): 245/634 kB | 32/44 kB | 45/196 kB | 36/806 kB | 0/1.7 MBProgress (5): 245/634 kB | 32/44 kB | 45/196 kB | 36/806 kB | 0/1.7 MBProgress (5): 245/634 kB | 32/44 kB | 45/196 kB | 40/806 kB | 0/1.7 MBProgress (5): 245/634 kB | 32/44 kB | 45/196 kB | 40/806 kB | 0/1.7 MBProgress (5): 245/634 kB | 32/44 kB | 49/196 kB | 40/806 kB | 0/1.7 MBProgress (5): 245/634 kB | 32/44 kB | 49/196 kB | 40/806 kB | 0/1.7 MBProgress (5): 245/634 kB | 32/44 kB | 49/196 kB | 45/806 kB | 0/1.7 MBProgress (5): 249/634 kB | 32/44 kB | 49/196 kB | 45/806 kB | 0/1.7 MBProgress (5): 249/634 kB | 32/44 kB | 49/196 kB | 49/806 kB | 0/1.7 MBProgress (5): 253/634 kB | 32/44 kB | 49/196 kB | 49/806 kB | 0/1.7 MBProgress (5): 258/634 kB | 32/44 kB | 49/196 kB | 49/806 kB | 0/1.7 MBProgress (5): 258/634 kB | 32/44 kB | 53/196 kB | 49/806 kB | 0/1.7 MBProgress (5): 258/634 kB | 32/44 kB | 53/196 kB | 49/806 kB | 0.1/1.7 MBProgress (5): 262/634 kB | 32/44 kB | 53/196 kB | 49/806 kB | 0.1/1.7 MBProgress (5): 262/634 kB | 32/44 kB | 53/196 kB | 49/806 kB | 0.1/1.7 MBProgress (5): 262/634 kB | 32/44 kB | 57/196 kB | 49/806 kB | 0.1/1.7 MBProgress (5): 262/634 kB | 32/44 kB | 57/196 kB | 49/806 kB | 0.1/1.7 MBProgress (5): 262/634 kB | 36/44 kB | 57/196 kB | 49/806 kB | 0.1/1.7 MBProgress (5): 262/634 kB | 36/44 kB | 57/196 kB | 53/806 kB | 0.1/1.7 MBProgress (5): 262/634 kB | 40/44 kB | 57/196 kB | 53/806 kB | 0.1/1.7 MBProgress (5): 266/634 kB | 40/44 kB | 57/196 kB | 53/806 kB | 0.1/1.7 MBProgress (5): 266/634 kB | 40/44 kB | 57/196 kB | 53/806 kB | 0.1/1.7 MBProgress (5): 266/634 kB | 40/44 kB | 61/196 kB | 53/806 kB | 0.1/1.7 MBProgress (5): 270/634 kB | 40/44 kB | 61/196 kB | 53/806 kB | 0.1/1.7 MBProgress (5): 270/634 kB | 44 kB | 61/196 kB | 53/806 kB | 0.1/1.7 MB   Progress (5): 270/634 kB | 44 kB | 61/196 kB | 57/806 kB | 0.1/1.7 MBProgress (5): 274/634 kB | 44 kB | 61/196 kB | 57/806 kB | 0.1/1.7 MBProgress (5): 274/634 kB | 44 kB | 61/196 kB | 57/806 kB | 0.1/1.7 MBProgress (5): 274/634 kB | 44 kB | 65/196 kB | 57/806 kB | 0.1/1.7 MBProgress (5): 274/634 kB | 44 kB | 65/196 kB | 57/806 kB | 0.1/1.7 MBProgress (5): 278/634 kB | 44 kB | 65/196 kB | 57/806 kB | 0.1/1.7 MBProgress (5): 278/634 kB | 44 kB | 65/196 kB | 61/806 kB | 0.1/1.7 MBProgress (5): 278/634 kB | 44 kB | 65/196 kB | 61/806 kB | 0.1/1.7 MBProgress (5): 278/634 kB | 44 kB | 65/196 kB | 65/806 kB | 0.1/1.7 MBProgress (5): 278/634 kB | 44 kB | 65/196 kB | 65/806 kB | 0.1/1.7 MBProgress (5): 278/634 kB | 44 kB | 69/196 kB | 65/806 kB | 0.1/1.7 MBProgress (5): 282/634 kB | 44 kB | 69/196 kB | 65/806 kB | 0.1/1.7 MBProgress (5): 282/634 kB | 44 kB | 73/196 kB | 65/806 kB | 0.1/1.7 MBProgress (5): 286/634 kB | 44 kB | 73/196 kB | 65/806 kB | 0.1/1.7 MBProgress (5): 286/634 kB | 44 kB | 73/196 kB | 69/806 kB | 0.1/1.7 MBProgress (5): 290/634 kB | 44 kB | 73/196 kB | 69/806 kB | 0.1/1.7 MBProgress (5): 290/634 kB | 44 kB | 77/196 kB | 69/806 kB | 0.1/1.7 MBProgress (5): 294/634 kB | 44 kB | 77/196 kB | 69/806 kB | 0.1/1.7 MBProgress (5): 294/634 kB | 44 kB | 77/196 kB | 73/806 kB | 0.1/1.7 MBProgress (5): 294/634 kB | 44 kB | 81/196 kB | 73/806 kB | 0.1/1.7 MBProgress (5): 294/634 kB | 44 kB | 81/196 kB | 77/806 kB | 0.1/1.7 MBProgress (5): 294/634 kB | 44 kB | 81/196 kB | 81/806 kB | 0.1/1.7 MBProgress (5): 298/634 kB | 44 kB | 81/196 kB | 81/806 kB | 0.1/1.7 MBProgress (5): 303/634 kB | 44 kB | 81/196 kB | 81/806 kB | 0.1/1.7 MBProgress (5): 307/634 kB | 44 kB | 81/196 kB | 81/806 kB | 0.1/1.7 MBProgress (5): 311/634 kB | 44 kB | 81/196 kB | 81/806 kB | 0.1/1.7 MBProgress (5): 315/634 kB | 44 kB | 81/196 kB | 81/806 kB | 0.1/1.7 MBProgress (5): 319/634 kB | 44 kB | 81/196 kB | 81/806 kB | 0.1/1.7 MBProgress (5): 323/634 kB | 44 kB | 81/196 kB | 81/806 kB | 0.1/1.7 MBProgress (5): 327/634 kB | 44 kB | 81/196 kB | 81/806 kB | 0.1/1.7 MBProgress (5): 331/634 kB | 44 kB | 81/196 kB | 81/806 kB | 0.1/1.7 MBProgress (5): 335/634 kB | 44 kB | 81/196 kB | 81/806 kB | 0.1/1.7 MBProgress (5): 339/634 kB | 44 kB | 81/196 kB | 81/806 kB | 0.1/1.7 MBProgress (5): 344/634 kB | 44 kB | 81/196 kB | 81/806 kB | 0.1/1.7 MBProgress (5): 348/634 kB | 44 kB | 81/196 kB | 81/806 kB | 0.1/1.7 MBProgress (5): 348/634 kB | 44 kB | 85/196 kB | 81/806 kB | 0.1/1.7 MBProgress (5): 352/634 kB | 44 kB | 85/196 kB | 81/806 kB | 0.1/1.7 MBProgress (5): 352/634 kB | 44 kB | 90/196 kB | 81/806 kB | 0.1/1.7 MBProgress (5): 356/634 kB | 44 kB | 90/196 kB | 81/806 kB | 0.1/1.7 MBProgress (5): 356/634 kB | 44 kB | 94/196 kB | 81/806 kB | 0.1/1.7 MBProgress (5): 360/634 kB | 44 kB | 94/196 kB | 81/806 kB | 0.1/1.7 MBProgress (5): 360/634 kB | 44 kB | 98/196 kB | 81/806 kB | 0.1/1.7 MBProgress (5): 360/634 kB | 44 kB | 102/196 kB | 81/806 kB | 0.1/1.7 MBProgress (5): 360/634 kB | 44 kB | 106/196 kB | 81/806 kB | 0.1/1.7 MBProgress (5): 360/634 kB | 44 kB | 106/196 kB | 85/806 kB | 0.1/1.7 MBProgress (5): 364/634 kB | 44 kB | 106/196 kB | 85/806 kB | 0.1/1.7 MBProgress (5): 364/634 kB | 44 kB | 110/196 kB | 85/806 kB | 0.1/1.7 MBProgress (5): 364/634 kB | 44 kB | 110/196 kB | 90/806 kB | 0.1/1.7 MBProgress (5): 364/634 kB | 44 kB | 110/196 kB | 90/806 kB | 0.1/1.7 MBProgress (5): 364/634 kB | 44 kB | 114/196 kB | 90/806 kB | 0.1/1.7 MBProgress (5): 368/634 kB | 44 kB | 114/196 kB | 90/806 kB | 0.1/1.7 MBProgress (5): 368/634 kB | 44 kB | 114/196 kB | 90/806 kB | 0.1/1.7 MBProgress (5): 368/634 kB | 44 kB | 114/196 kB | 94/806 kB | 0.1/1.7 MBProgress (5): 368/634 kB | 44 kB | 114/196 kB | 94/806 kB | 0.1/1.7 MBProgress (5): 372/634 kB | 44 kB | 114/196 kB | 94/806 kB | 0.1/1.7 MBProgress (5): 372/634 kB | 44 kB | 114/196 kB | 94/806 kB | 0.1/1.7 MBProgress (5): 372/634 kB | 44 kB | 118/196 kB | 94/806 kB | 0.1/1.7 MBProgress (5): 372/634 kB | 44 kB | 118/196 kB | 98/806 kB | 0.1/1.7 MBProgress (5): 372/634 kB | 44 kB | 122/196 kB | 98/806 kB | 0.1/1.7 MBProgress (5): 376/634 kB | 44 kB | 122/196 kB | 98/806 kB | 0.1/1.7 MBProgress (5): 376/634 kB | 44 kB | 126/196 kB | 98/806 kB | 0.1/1.7 MBProgress (5): 376/634 kB | 44 kB | 131/196 kB | 98/806 kB | 0.1/1.7 MBProgress (5): 376/634 kB | 44 kB | 131/196 kB | 98/806 kB | 0.1/1.7 MBProgress (5): 376/634 kB | 44 kB | 131/196 kB | 98/806 kB | 0.1/1.7 MBProgress (5): 376/634 kB | 44 kB | 131/196 kB | 98/806 kB | 0.1/1.7 MBProgress (5): 376/634 kB | 44 kB | 135/196 kB | 98/806 kB | 0.1/1.7 MBProgress (5): 376/634 kB | 44 kB | 135/196 kB | 98/806 kB | 0.1/1.7 MBProgress (5): 376/634 kB | 44 kB | 135/196 kB | 102/806 kB | 0.1/1.7 MBProgress (5): 376/634 kB | 44 kB | 139/196 kB | 102/806 kB | 0.1/1.7 MBProgress (5): 376/634 kB | 44 kB | 139/196 kB | 106/806 kB | 0.1/1.7 MBProgress (5): 380/634 kB | 44 kB | 139/196 kB | 106/806 kB | 0.1/1.7 MBProgress (5): 380/634 kB | 44 kB | 139/196 kB | 110/806 kB | 0.1/1.7 MBProgress (5): 380/634 kB | 44 kB | 143/196 kB | 110/806 kB | 0.1/1.7 MBProgress (5): 380/634 kB | 44 kB | 143/196 kB | 114/806 kB | 0.1/1.7 MBProgress (5): 384/634 kB | 44 kB | 143/196 kB | 114/806 kB | 0.1/1.7 MBProgress (5): 384/634 kB | 44 kB | 147/196 kB | 114/806 kB | 0.1/1.7 MBProgress (5): 384/634 kB | 44 kB | 147/196 kB | 114/806 kB | 0.1/1.7 MBProgress (5): 389/634 kB | 44 kB | 147/196 kB | 114/806 kB | 0.1/1.7 MBProgress (5): 389/634 kB | 44 kB | 147/196 kB | 114/806 kB | 0.1/1.7 MBProgress (5): 393/634 kB | 44 kB | 147/196 kB | 114/806 kB | 0.1/1.7 MBProgress (5): 393/634 kB | 44 kB | 147/196 kB | 114/806 kB | 0.1/1.7 MBProgress (5): 393/634 kB | 44 kB | 147/196 kB | 118/806 kB | 0.1/1.7 MBProgress (5): 393/634 kB | 44 kB | 147/196 kB | 118/806 kB | 0.1/1.7 MBProgress (5): 393/634 kB | 44 kB | 151/196 kB | 118/806 kB | 0.1/1.7 MBProgress (5): 393/634 kB | 44 kB | 151/196 kB | 122/806 kB | 0.1/1.7 MBProgress (5): 393/634 kB | 44 kB | 155/196 kB | 122/806 kB | 0.1/1.7 MBProgress (5): 393/634 kB | 44 kB | 155/196 kB | 126/806 kB | 0.1/1.7 MBProgress (5): 397/634 kB | 44 kB | 155/196 kB | 126/806 kB | 0.1/1.7 MBProgress (5): 397/634 kB | 44 kB | 159/196 kB | 126/806 kB | 0.1/1.7 MBProgress (5): 401/634 kB | 44 kB | 159/196 kB | 126/806 kB | 0.1/1.7 MBProgress (5): 401/634 kB | 44 kB | 159/196 kB | 131/806 kB | 0.1/1.7 MBProgress (5): 405/634 kB | 44 kB | 159/196 kB | 131/806 kB | 0.1/1.7 MBProgress (5): 405/634 kB | 44 kB | 159/196 kB | 131/806 kB | 0.1/1.7 MBProgress (5): 405/634 kB | 44 kB | 163/196 kB | 131/806 kB | 0.1/1.7 MBProgress (5): 405/634 kB | 44 kB | 163/196 kB | 131/806 kB | 0.1/1.7 MBProgress (5): 409/634 kB | 44 kB | 163/196 kB | 131/806 kB | 0.1/1.7 MBProgress (5): 409/634 kB | 44 kB | 163/196 kB | 131/806 kB | 0.1/1.7 MBProgress (5): 409/634 kB | 44 kB | 163/196 kB | 131/806 kB | 0.1/1.7 MBProgress (5): 409/634 kB | 44 kB | 163/196 kB | 135/806 kB | 0.1/1.7 MBProgress (5): 409/634 kB | 44 kB | 167/196 kB | 135/806 kB | 0.1/1.7 MBProgress (5): 413/634 kB | 44 kB | 167/196 kB | 135/806 kB | 0.1/1.7 MBProgress (5): 413/634 kB | 44 kB | 171/196 kB | 135/806 kB | 0.1/1.7 MBProgress (5): 413/634 kB | 44 kB | 171/196 kB | 139/806 kB | 0.1/1.7 MBProgress (5): 413/634 kB | 44 kB | 171/196 kB | 139/806 kB | 0.2/1.7 MBProgress (5): 413/634 kB | 44 kB | 176/196 kB | 139/806 kB | 0.2/1.7 MBProgress (5): 417/634 kB | 44 kB | 176/196 kB | 139/806 kB | 0.2/1.7 MBProgress (5): 417/634 kB | 44 kB | 180/196 kB | 139/806 kB | 0.2/1.7 MBProgress (5): 417/634 kB | 44 kB | 180/196 kB | 139/806 kB | 0.2/1.7 MBProgress (5): 417/634 kB | 44 kB | 180/196 kB | 143/806 kB | 0.2/1.7 MBProgress (5): 417/634 kB | 44 kB | 180/196 kB | 143/806 kB | 0.2/1.7 MBProgress (5): 417/634 kB | 44 kB | 180/196 kB | 147/806 kB | 0.2/1.7 MBProgress (5): 421/634 kB | 44 kB | 180/196 kB | 147/806 kB | 0.2/1.7 MBProgress (5): 421/634 kB | 44 kB | 180/196 kB | 147/806 kB | 0.2/1.7 MB                                                                       Downloaded from central: https://repo.maven.apache.org/maven2/org/apache/hadoop/hadoop-minicluster/3.2.1/hadoop-minicluster-3.2.1.jar (44 kB at 321 kB/s)
Progress (4): 425/634 kB | 180/196 kB | 147/806 kB | 0.2/1.7 MB                                                               Downloading from central: https://repo.maven.apache.org/maven2/org/apache/hadoop/hadoop-mapreduce-client-app/3.2.1/hadoop-mapreduce-client-app-3.2.1.jar
Progress (4): 425/634 kB | 180/196 kB | 147/806 kB | 0.2/1.7 MBProgress (4): 430/634 kB | 180/196 kB | 147/806 kB | 0.2/1.7 MBProgress (4): 430/634 kB | 180/196 kB | 147/806 kB | 0.2/1.7 MBProgress (4): 434/634 kB | 180/196 kB | 147/806 kB | 0.2/1.7 MBProgress (4): 434/634 kB | 180/196 kB | 147/806 kB | 0.2/1.7 MBProgress (4): 434/634 kB | 180/196 kB | 151/806 kB | 0.2/1.7 MBProgress (4): 434/634 kB | 180/196 kB | 151/806 kB | 0.2/1.7 MBProgress (4): 438/634 kB | 180/196 kB | 151/806 kB | 0.2/1.7 MBProgress (4): 438/634 kB | 180/196 kB | 155/806 kB | 0.2/1.7 MBProgress (4): 442/634 kB | 180/196 kB | 155/806 kB | 0.2/1.7 MBProgress (4): 442/634 kB | 180/196 kB | 159/806 kB | 0.2/1.7 MBProgress (4): 442/634 kB | 180/196 kB | 163/806 kB | 0.2/1.7 MBProgress (4): 446/634 kB | 180/196 kB | 163/806 kB | 0.2/1.7 MBProgress (4): 450/634 kB | 180/196 kB | 163/806 kB | 0.2/1.7 MBProgress (4): 454/634 kB | 180/196 kB | 163/806 kB | 0.2/1.7 MBProgress (4): 454/634 kB | 180/196 kB | 167/806 kB | 0.2/1.7 MBProgress (4): 458/634 kB | 180/196 kB | 167/806 kB | 0.2/1.7 MBProgress (4): 458/634 kB | 180/196 kB | 171/806 kB | 0.2/1.7 MBProgress (4): 458/634 kB | 180/196 kB | 176/806 kB | 0.2/1.7 MBProgress (4): 458/634 kB | 180/196 kB | 180/806 kB | 0.2/1.7 MBProgress (4): 458/634 kB | 184/196 kB | 180/806 kB | 0.2/1.7 MBProgress (4): 458/634 kB | 188/196 kB | 180/806 kB | 0.2/1.7 MBProgress (4): 462/634 kB | 188/196 kB | 180/806 kB | 0.2/1.7 MBProgress (4): 462/634 kB | 192/196 kB | 180/806 kB | 0.2/1.7 MBProgress (4): 466/634 kB | 192/196 kB | 180/806 kB | 0.2/1.7 MBProgress (4): 466/634 kB | 196/196 kB | 180/806 kB | 0.2/1.7 MBProgress (4): 471/634 kB | 196/196 kB | 180/806 kB | 0.2/1.7 MBProgress (4): 471/634 kB | 196 kB | 180/806 kB | 0.2/1.7 MB    Progress (4): 475/634 kB | 196 kB | 180/806 kB | 0.2/1.7 MBProgress (4): 475/634 kB | 196 kB | 184/806 kB | 0.2/1.7 MBProgress (4): 475/634 kB | 196 kB | 188/806 kB | 0.2/1.7 MBProgress (4): 475/634 kB | 196 kB | 192/806 kB | 0.2/1.7 MBProgress (4): 475/634 kB | 196 kB | 196/806 kB | 0.2/1.7 MBProgress (4): 479/634 kB | 196 kB | 196/806 kB | 0.2/1.7 MBProgress (4): 483/634 kB | 196 kB | 196/806 kB | 0.2/1.7 MBProgress (4): 487/634 kB | 196 kB | 196/806 kB | 0.2/1.7 MBProgress (4): 491/634 kB | 196 kB | 196/806 kB | 0.2/1.7 MBProgress (4): 491/634 kB | 196 kB | 200/806 kB | 0.2/1.7 MBProgress (4): 491/634 kB | 196 kB | 200/806 kB | 0.2/1.7 MBProgress (4): 491/634 kB | 196 kB | 204/806 kB | 0.2/1.7 MBProgress (4): 491/634 kB | 196 kB | 204/806 kB | 0.2/1.7 MBProgress (4): 495/634 kB | 196 kB | 204/806 kB | 0.2/1.7 MBProgress (4): 495/634 kB | 196 kB | 208/806 kB | 0.2/1.7 MBProgress (4): 499/634 kB | 196 kB | 208/806 kB | 0.2/1.7 MBProgress (4): 499/634 kB | 196 kB | 212/806 kB | 0.2/1.7 MBProgress (4): 499/634 kB | 196 kB | 212/806 kB | 0.2/1.7 MBProgress (4): 503/634 kB | 196 kB | 212/806 kB | 0.2/1.7 MBProgress (4): 507/634 kB | 196 kB | 212/806 kB | 0.2/1.7 MBProgress (4): 507/634 kB | 196 kB | 212/806 kB | 0.2/1.7 MBProgress (4): 507/634 kB | 196 kB | 217/806 kB | 0.2/1.7 MBProgress (4): 507/634 kB | 196 kB | 221/806 kB | 0.2/1.7 MBProgress (4): 507/634 kB | 196 kB | 225/806 kB | 0.2/1.7 MBProgress (4): 507/634 kB | 196 kB | 229/806 kB | 0.2/1.7 MBProgress (4): 511/634 kB | 196 kB | 229/806 kB | 0.2/1.7 MBProgress (4): 516/634 kB | 196 kB | 229/806 kB | 0.2/1.7 MBProgress (4): 520/634 kB | 196 kB | 229/806 kB | 0.2/1.7 MBProgress (4): 524/634 kB | 196 kB | 229/806 kB | 0.2/1.7 MBProgress (4): 524/634 kB | 196 kB | 233/806 kB | 0.2/1.7 MBProgress (4): 524/634 kB | 196 kB | 237/806 kB | 0.2/1.7 MBProgress (4): 524/634 kB | 196 kB | 241/806 kB | 0.2/1.7 MBProgress (4): 524/634 kB | 196 kB | 245/806 kB | 0.2/1.7 MBProgress (4): 524/634 kB | 196 kB | 245/806 kB | 0.2/1.7 MBProgress (4): 528/634 kB | 196 kB | 245/806 kB | 0.2/1.7 MBProgress (4): 528/634 kB | 196 kB | 245/806 kB | 0.2/1.7 MBProgress (4): 532/634 kB | 196 kB | 245/806 kB | 0.2/1.7 MBProgress (4): 532/634 kB | 196 kB | 245/806 kB | 0.2/1.7 MBProgress (4): 532/634 kB | 196 kB | 249/806 kB | 0.2/1.7 MBProgress (4): 532/634 kB | 196 kB | 249/806 kB | 0.2/1.7 MBProgress (4): 536/634 kB | 196 kB | 249/806 kB | 0.2/1.7 MBProgress (4): 536/634 kB | 196 kB | 253/806 kB | 0.2/1.7 MBProgress (4): 540/634 kB | 196 kB | 253/806 kB | 0.2/1.7 MBProgress (4): 540/634 kB | 196 kB | 258/806 kB | 0.2/1.7 MBProgress (4): 540/634 kB | 196 kB | 262/806 kB | 0.2/1.7 MBProgress (4): 544/634 kB | 196 kB | 262/806 kB | 0.2/1.7 MBProgress (4): 544/634 kB | 196 kB | 266/806 kB | 0.2/1.7 MBProgress (4): 548/634 kB | 196 kB | 266/806 kB | 0.2/1.7 MBProgress (4): 548/634 kB | 196 kB | 270/806 kB | 0.2/1.7 MBProgress (4): 548/634 kB | 196 kB | 270/806 kB | 0.2/1.7 MBProgress (4): 548/634 kB | 196 kB | 274/806 kB | 0.2/1.7 MBProgress (4): 552/634 kB | 196 kB | 274/806 kB | 0.2/1.7 MBProgress (4): 552/634 kB | 196 kB | 278/806 kB | 0.2/1.7 MBProgress (4): 552/634 kB | 196 kB | 278/806 kB | 0.2/1.7 MBProgress (4): 557/634 kB | 196 kB | 278/806 kB | 0.2/1.7 MBProgress (4): 557/634 kB | 196 kB | 278/806 kB | 0.2/1.7 MBProgress (4): 557/634 kB | 196 kB | 278/806 kB | 0.2/1.7 MBProgress (4): 557/634 kB | 196 kB | 282/806 kB | 0.2/1.7 MBProgress (4): 557/634 kB | 196 kB | 286/806 kB | 0.2/1.7 MBProgress (4): 557/634 kB | 196 kB | 290/806 kB | 0.2/1.7 MBProgress (4): 557/634 kB | 196 kB | 294/806 kB | 0.2/1.7 MBProgress (4): 561/634 kB | 196 kB | 294/806 kB | 0.2/1.7 MBProgress (4): 565/634 kB | 196 kB | 294/806 kB | 0.2/1.7 MBProgress (4): 569/634 kB | 196 kB | 294/806 kB | 0.2/1.7 MBProgress (4): 573/634 kB | 196 kB | 294/806 kB | 0.2/1.7 MBProgress (4): 573/634 kB | 196 kB | 294/806 kB | 0.2/1.7 MBProgress (4): 573/634 kB | 196 kB | 294/806 kB | 0.2/1.7 MBProgress (4): 577/634 kB | 196 kB | 294/806 kB | 0.2/1.7 MBProgress (4): 577/634 kB | 196 kB | 294/806 kB | 0.2/1.7 MBProgress (4): 581/634 kB | 196 kB | 294/806 kB | 0.2/1.7 MBProgress (4): 581/634 kB | 196 kB | 294/806 kB | 0.2/1.7 MBProgress (4): 585/634 kB | 196 kB | 294/806 kB | 0.2/1.7 MBProgress (4): 589/634 kB | 196 kB | 294/806 kB | 0.2/1.7 MBProgress (4): 593/634 kB | 196 kB | 294/806 kB | 0.2/1.7 MBProgress (4): 597/634 kB | 196 kB | 294/806 kB | 0.2/1.7 MBProgress (4): 597/634 kB | 196 kB | 294/806 kB | 0.2/1.7 MBProgress (4): 602/634 kB | 196 kB | 294/806 kB | 0.2/1.7 MBProgress (4): 602/634 kB | 196 kB | 294/806 kB | 0.3/1.7 MBProgress (4): 606/634 kB | 196 kB | 294/806 kB | 0.3/1.7 MBProgress (4): 606/634 kB | 196 kB | 294/806 kB | 0.3/1.7 MBProgress (4): 606/634 kB | 196 kB | 294/806 kB | 0.3/1.7 MBProgress (4): 610/634 kB | 196 kB | 294/806 kB | 0.3/1.7 MBProgress (4): 614/634 kB | 196 kB | 294/806 kB | 0.3/1.7 MBProgress (4): 618/634 kB | 196 kB | 294/806 kB | 0.3/1.7 MBProgress (4): 622/634 kB | 196 kB | 294/806 kB | 0.3/1.7 MBProgress (4): 622/634 kB | 196 kB | 294/806 kB | 0.3/1.7 MBProgress (4): 626/634 kB | 196 kB | 294/806 kB | 0.3/1.7 MBProgress (4): 626/634 kB | 196 kB | 294/806 kB | 0.3/1.7 MBProgress (4): 630/634 kB | 196 kB | 294/806 kB | 0.3/1.7 MBProgress (4): 630/634 kB | 196 kB | 294/806 kB | 0.3/1.7 MBProgress (4): 634 kB | 196 kB | 294/806 kB | 0.3/1.7 MB    Progress (4): 634 kB | 196 kB | 294/806 kB | 0.3/1.7 MBProgress (4): 634 kB | 196 kB | 294/806 kB | 0.3/1.7 MBProgress (4): 634 kB | 196 kB | 294/806 kB | 0.3/1.7 MBProgress (4): 634 kB | 196 kB | 294/806 kB | 0.3/1.7 MBProgress (4): 634 kB | 196 kB | 294/806 kB | 0.3/1.7 MBProgress (4): 634 kB | 196 kB | 294/806 kB | 0.3/1.7 MBProgress (4): 634 kB | 196 kB | 294/806 kB | 0.3/1.7 MBProgress (4): 634 kB | 196 kB | 294/806 kB | 0.3/1.7 MBProgress (4): 634 kB | 196 kB | 294/806 kB | 0.3/1.7 MBProgress (4): 634 kB | 196 kB | 294/806 kB | 0.3/1.7 MBProgress (4): 634 kB | 196 kB | 294/806 kB | 0.3/1.7 MBProgress (4): 634 kB | 196 kB | 294/806 kB | 0.3/1.7 MBProgress (4): 634 kB | 196 kB | 298/806 kB | 0.3/1.7 MBProgress (4): 634 kB | 196 kB | 298/806 kB | 0.3/1.7 MBProgress (4): 634 kB | 196 kB | 303/806 kB | 0.3/1.7 MBProgress (4): 634 kB | 196 kB | 307/806 kB | 0.3/1.7 MBProgress (4): 634 kB | 196 kB | 311/806 kB | 0.3/1.7 MBProgress (4): 634 kB | 196 kB | 315/806 kB | 0.3/1.7 MBProgress (4): 634 kB | 196 kB | 315/806 kB | 0.3/1.7 MBProgress (4): 634 kB | 196 kB | 319/806 kB | 0.3/1.7 MBProgress (4): 634 kB | 196 kB | 319/806 kB | 0.3/1.7 MBProgress (4): 634 kB | 196 kB | 323/806 kB | 0.3/1.7 MBProgress (4): 634 kB | 196 kB | 323/806 kB | 0.3/1.7 MBProgress (4): 634 kB | 196 kB | 327/806 kB | 0.3/1.7 MBProgress (4): 634 kB | 196 kB | 327/806 kB | 0.3/1.7 MBProgress (4): 634 kB | 196 kB | 331/806 kB | 0.3/1.7 MBProgress (4): 634 kB | 196 kB | 335/806 kB | 0.3/1.7 MBProgress (4): 634 kB | 196 kB | 335/806 kB | 0.3/1.7 MBProgress (4): 634 kB | 196 kB | 339/806 kB | 0.3/1.7 MBProgress (4): 634 kB | 196 kB | 339/806 kB | 0.4/1.7 MBProgress (4): 634 kB | 196 kB | 344/806 kB | 0.4/1.7 MBProgress (4): 634 kB | 196 kB | 344/806 kB | 0.4/1.7 MBProgress (4): 634 kB | 196 kB | 344/806 kB | 0.4/1.7 MBProgress (4): 634 kB | 196 kB | 348/806 kB | 0.4/1.7 MBProgress (4): 634 kB | 196 kB | 352/806 kB | 0.4/1.7 MBProgress (4): 634 kB | 196 kB | 356/806 kB | 0.4/1.7 MBProgress (4): 634 kB | 196 kB | 360/806 kB | 0.4/1.7 MBProgress (4): 634 kB | 196 kB | 360/806 kB | 0.4/1.7 MBProgress (4): 634 kB | 196 kB | 360/806 kB | 0.4/1.7 MBProgress (4): 634 kB | 196 kB | 360/806 kB | 0.4/1.7 MBProgress (4): 634 kB | 196 kB | 360/806 kB | 0.4/1.7 MBProgress (4): 634 kB | 196 kB | 364/806 kB | 0.4/1.7 MBProgress (4): 634 kB | 196 kB | 368/806 kB | 0.4/1.7 MBProgress (4): 634 kB | 196 kB | 372/806 kB | 0.4/1.7 MBProgress (4): 634 kB | 196 kB | 376/806 kB | 0.4/1.7 MBProgress (4): 634 kB | 196 kB | 376/806 kB | 0.4/1.7 MBProgress (4): 634 kB | 196 kB | 376/806 kB | 0.4/1.7 MBProgress (4): 634 kB | 196 kB | 376/806 kB | 0.4/1.7 MBProgress (4): 634 kB | 196 kB | 376/806 kB | 0.4/1.7 MBProgress (4): 634 kB | 196 kB | 380/806 kB | 0.4/1.7 MBProgress (5): 634 kB | 196 kB | 380/806 kB | 0.4/1.7 MB | 4.1/613 kBProgress (5): 634 kB | 196 kB | 384/806 kB | 0.4/1.7 MB | 4.1/613 kBProgress (5): 634 kB | 196 kB | 384/806 kB | 0.4/1.7 MB | 7.7/613 kBProgress (5): 634 kB | 196 kB | 389/806 kB | 0.4/1.7 MB | 7.7/613 kBProgress (5): 634 kB | 196 kB | 389/806 kB | 0.4/1.7 MB | 12/613 kB Progress (5): 634 kB | 196 kB | 393/806 kB | 0.4/1.7 MB | 12/613 kBProgress (5): 634 kB | 196 kB | 393/806 kB | 0.4/1.7 MB | 16/613 kBProgress (5): 634 kB | 196 kB | 393/806 kB | 0.4/1.7 MB | 16/613 kBProgress (5): 634 kB | 196 kB | 393/806 kB | 0.4/1.7 MB | 16/613 kBProgress (5): 634 kB | 196 kB | 393/806 kB | 0.4/1.7 MB | 16/613 kBProgress (5): 634 kB | 196 kB | 393/806 kB | 0.4/1.7 MB | 16/613 kBProgress (5): 634 kB | 196 kB | 397/806 kB | 0.4/1.7 MB | 16/613 kBProgress (5): 634 kB | 196 kB | 401/806 kB | 0.4/1.7 MB | 16/613 kBProgress (5): 634 kB | 196 kB | 405/806 kB | 0.4/1.7 MB | 16/613 kBProgress (5): 634 kB | 196 kB | 409/806 kB | 0.4/1.7 MB | 16/613 kB                                                                   Downloaded from central: https://repo.maven.apache.org/maven2/org/apache/hadoop/hadoop-yarn-services-core/3.2.1/hadoop-yarn-services-core-3.2.1-tests.jar (196 kB at 1.2 MB/s)
Downloading from central: https://repo.maven.apache.org/maven2/org/apache/hadoop/hadoop-mapreduce-client-shuffle/3.2.1/hadoop-mapreduce-client-shuffle-3.2.1.jar
Progress (4): 634 kB | 413/806 kB | 0.4/1.7 MB | 16/613 kBProgress (4): 634 kB | 417/806 kB | 0.4/1.7 MB | 16/613 kBProgress (4): 634 kB | 421/806 kB | 0.4/1.7 MB | 16/613 kBProgress (4): 634 kB | 425/806 kB | 0.4/1.7 MB | 16/613 kBProgress (4): 634 kB | 425/806 kB | 0.4/1.7 MB | 20/613 kBProgress (4): 634 kB | 425/806 kB | 0.4/1.7 MB | 24/613 kBProgress (4): 634 kB | 425/806 kB | 0.4/1.7 MB | 28/613 kBProgress (4): 634 kB | 430/806 kB | 0.4/1.7 MB | 28/613 kBProgress (4): 634 kB | 430/806 kB | 0.4/1.7 MB | 32/613 kBProgress (4): 634 kB | 434/806 kB | 0.4/1.7 MB | 32/613 kBProgress (4): 634 kB | 438/806 kB | 0.4/1.7 MB | 32/613 kBProgress (4): 634 kB | 442/806 kB | 0.4/1.7 MB | 32/613 kBProgress (4): 634 kB | 446/806 kB | 0.4/1.7 MB | 32/613 kBProgress (4): 634 kB | 450/806 kB | 0.4/1.7 MB | 32/613 kBProgress (4): 634 kB | 454/806 kB | 0.4/1.7 MB | 32/613 kBProgress (4): 634 kB | 458/806 kB | 0.4/1.7 MB | 32/613 kBProgress (4): 634 kB | 462/806 kB | 0.4/1.7 MB | 32/613 kBProgress (4): 634 kB | 466/806 kB | 0.4/1.7 MB | 32/613 kBProgress (4): 634 kB | 471/806 kB | 0.4/1.7 MB | 32/613 kBProgress (4): 634 kB | 475/806 kB | 0.4/1.7 MB | 32/613 kBProgress (4): 634 kB | 475/806 kB | 0.4/1.7 MB | 36/613 kBProgress (4): 634 kB | 475/806 kB | 0.4/1.7 MB | 40/613 kBProgress (4): 634 kB | 475/806 kB | 0.4/1.7 MB | 45/613 kBProgress (4): 634 kB | 475/806 kB | 0.4/1.7 MB | 49/613 kB                                                          Downloaded from central: https://repo.maven.apache.org/maven2/org/apache/hadoop/hadoop-yarn-services-core/3.2.1/hadoop-yarn-services-core-3.2.1.jar (634 kB at 3.6 MB/s)
Downloading from central: https://repo.maven.apache.org/maven2/org/apache/hadoop/hadoop-mapreduce-client-core/3.2.1/hadoop-mapreduce-client-core-3.2.1.jar
Progress (3): 479/806 kB | 0.4/1.7 MB | 49/613 kBProgress (3): 483/806 kB | 0.4/1.7 MB | 49/613 kBProgress (3): 487/806 kB | 0.4/1.7 MB | 49/613 kBProgress (3): 491/806 kB | 0.4/1.7 MB | 49/613 kBProgress (3): 495/806 kB | 0.4/1.7 MB | 49/613 kBProgress (3): 495/806 kB | 0.4/1.7 MB | 49/613 kBProgress (3): 499/806 kB | 0.4/1.7 MB | 49/613 kBProgress (3): 499/806 kB | 0.4/1.7 MB | 49/613 kBProgress (3): 503/806 kB | 0.4/1.7 MB | 49/613 kBProgress (3): 503/806 kB | 0.4/1.7 MB | 49/613 kBProgress (3): 507/806 kB | 0.4/1.7 MB | 49/613 kBProgress (3): 507/806 kB | 0.4/1.7 MB | 49/613 kBProgress (3): 507/806 kB | 0.4/1.7 MB | 53/613 kBProgress (3): 507/806 kB | 0.4/1.7 MB | 57/613 kBProgress (3): 507/806 kB | 0.4/1.7 MB | 61/613 kBProgress (3): 507/806 kB | 0.4/1.7 MB | 61/613 kBProgress (3): 507/806 kB | 0.4/1.7 MB | 65/613 kBProgress (3): 507/806 kB | 0.4/1.7 MB | 65/613 kBProgress (3): 507/806 kB | 0.4/1.7 MB | 65/613 kBProgress (3): 507/806 kB | 0.4/1.7 MB | 65/613 kBProgress (3): 507/806 kB | 0.4/1.7 MB | 65/613 kBProgress (3): 507/806 kB | 0.5/1.7 MB | 65/613 kBProgress (3): 507/806 kB | 0.5/1.7 MB | 65/613 kBProgress (3): 507/806 kB | 0.5/1.7 MB | 65/613 kBProgress (3): 507/806 kB | 0.5/1.7 MB | 69/613 kBProgress (3): 507/806 kB | 0.5/1.7 MB | 69/613 kBProgress (3): 507/806 kB | 0.5/1.7 MB | 73/613 kBProgress (3): 507/806 kB | 0.5/1.7 MB | 73/613 kBProgress (3): 507/806 kB | 0.5/1.7 MB | 77/613 kBProgress (3): 507/806 kB | 0.5/1.7 MB | 77/613 kBProgress (3): 507/806 kB | 0.5/1.7 MB | 81/613 kBProgress (3): 507/806 kB | 0.5/1.7 MB | 81/613 kBProgress (3): 507/806 kB | 0.5/1.7 MB | 81/613 kBProgress (3): 507/806 kB | 0.5/1.7 MB | 81/613 kBProgress (3): 507/806 kB | 0.5/1.7 MB | 85/613 kBProgress (3): 507/806 kB | 0.5/1.7 MB | 85/613 kBProgress (3): 507/806 kB | 0.5/1.7 MB | 90/613 kBProgress (3): 507/806 kB | 0.5/1.7 MB | 90/613 kBProgress (3): 507/806 kB | 0.5/1.7 MB | 94/613 kBProgress (3): 507/806 kB | 0.5/1.7 MB | 98/613 kBProgress (3): 507/806 kB | 0.5/1.7 MB | 98/613 kBProgress (3): 507/806 kB | 0.5/1.7 MB | 98/613 kBProgress (3): 507/806 kB | 0.5/1.7 MB | 98/613 kBProgress (4): 507/806 kB | 0.5/1.7 MB | 98/613 kB | 4.1/98 kBProgress (4): 507/806 kB | 0.5/1.7 MB | 98/613 kB | 4.1/98 kBProgress (4): 507/806 kB | 0.5/1.7 MB | 98/613 kB | 7.7/98 kBProgress (4): 507/806 kB | 0.5/1.7 MB | 98/613 kB | 12/98 kB Progress (4): 507/806 kB | 0.5/1.7 MB | 98/613 kB | 16/98 kBProgress (4): 507/806 kB | 0.5/1.7 MB | 102/613 kB | 16/98 kBProgress (4): 507/806 kB | 0.5/1.7 MB | 102/613 kB | 16/98 kBProgress (4): 507/806 kB | 0.5/1.7 MB | 106/613 kB | 16/98 kBProgress (4): 507/806 kB | 0.5/1.7 MB | 106/613 kB | 16/98 kBProgress (4): 507/806 kB | 0.5/1.7 MB | 110/613 kB | 16/98 kBProgress (4): 507/806 kB | 0.5/1.7 MB | 110/613 kB | 20/98 kBProgress (4): 507/806 kB | 0.5/1.7 MB | 114/613 kB | 20/98 kBProgress (4): 507/806 kB | 0.5/1.7 MB | 114/613 kB | 20/98 kBProgress (4): 507/806 kB | 0.5/1.7 MB | 114/613 kB | 24/98 kBProgress (4): 507/806 kB | 0.5/1.7 MB | 114/613 kB | 24/98 kBProgress (4): 507/806 kB | 0.5/1.7 MB | 114/613 kB | 28/98 kBProgress (4): 507/806 kB | 0.5/1.7 MB | 114/613 kB | 32/98 kBProgress (4): 507/806 kB | 0.5/1.7 MB | 118/613 kB | 32/98 kBProgress (4): 507/806 kB | 0.5/1.7 MB | 118/613 kB | 32/98 kBProgress (4): 507/806 kB | 0.5/1.7 MB | 118/613 kB | 36/98 kBProgress (4): 507/806 kB | 0.5/1.7 MB | 122/613 kB | 36/98 kBProgress (4): 507/806 kB | 0.5/1.7 MB | 122/613 kB | 40/98 kBProgress (4): 507/806 kB | 0.5/1.7 MB | 122/613 kB | 40/98 kBProgress (4): 507/806 kB | 0.5/1.7 MB | 122/613 kB | 45/98 kBProgress (4): 507/806 kB | 0.5/1.7 MB | 126/613 kB | 45/98 kBProgress (4): 507/806 kB | 0.5/1.7 MB | 126/613 kB | 49/98 kBProgress (4): 507/806 kB | 0.5/1.7 MB | 126/613 kB | 49/98 kBProgress (4): 507/806 kB | 0.5/1.7 MB | 131/613 kB | 49/98 kBProgress (4): 507/806 kB | 0.5/1.7 MB | 131/613 kB | 49/98 kBProgress (4): 507/806 kB | 0.5/1.7 MB | 131/613 kB | 53/98 kBProgress (4): 507/806 kB | 0.5/1.7 MB | 131/613 kB | 57/98 kBProgress (4): 507/806 kB | 0.5/1.7 MB | 131/613 kB | 57/98 kBProgress (4): 507/806 kB | 0.5/1.7 MB | 131/613 kB | 61/98 kBProgress (4): 507/806 kB | 0.5/1.7 MB | 131/613 kB | 61/98 kBProgress (4): 507/806 kB | 0.5/1.7 MB | 131/613 kB | 65/98 kBProgress (4): 507/806 kB | 0.5/1.7 MB | 135/613 kB | 65/98 kBProgress (4): 507/806 kB | 0.6/1.7 MB | 135/613 kB | 65/98 kBProgress (4): 507/806 kB | 0.6/1.7 MB | 139/613 kB | 65/98 kBProgress (4): 507/806 kB | 0.6/1.7 MB | 139/613 kB | 65/98 kBProgress (4): 507/806 kB | 0.6/1.7 MB | 143/613 kB | 65/98 kBProgress (4): 507/806 kB | 0.6/1.7 MB | 147/613 kB | 65/98 kBProgress (4): 507/806 kB | 0.6/1.7 MB | 147/613 kB | 69/98 kBProgress (4): 507/806 kB | 0.6/1.7 MB | 147/613 kB | 73/98 kBProgress (4): 507/806 kB | 0.6/1.7 MB | 147/613 kB | 77/98 kBProgress (4): 507/806 kB | 0.6/1.7 MB | 147/613 kB | 77/98 kBProgress (4): 507/806 kB | 0.6/1.7 MB | 147/613 kB | 81/98 kBProgress (4): 507/806 kB | 0.6/1.7 MB | 147/613 kB | 81/98 kBProgress (4): 507/806 kB | 0.6/1.7 MB | 147/613 kB | 81/98 kBProgress (4): 507/806 kB | 0.6/1.7 MB | 147/613 kB | 81/98 kBProgress (4): 507/806 kB | 0.6/1.7 MB | 147/613 kB | 85/98 kBProgress (4): 507/806 kB | 0.6/1.7 MB | 147/613 kB | 90/98 kBProgress (4): 507/806 kB | 0.6/1.7 MB | 147/613 kB | 94/98 kBProgress (4): 507/806 kB | 0.6/1.7 MB | 147/613 kB | 94/98 kBProgress (4): 507/806 kB | 0.6/1.7 MB | 147/613 kB | 98 kB   Progress (4): 507/806 kB | 0.6/1.7 MB | 147/613 kB | 98 kBProgress (4): 507/806 kB | 0.6/1.7 MB | 147/613 kB | 98 kBProgress (4): 507/806 kB | 0.6/1.7 MB | 147/613 kB | 98 kBProgress (4): 507/806 kB | 0.6/1.7 MB | 147/613 kB | 98 kBProgress (4): 507/806 kB | 0.6/1.7 MB | 147/613 kB | 98 kBProgress (4): 507/806 kB | 0.6/1.7 MB | 147/613 kB | 98 kBProgress (4): 507/806 kB | 0.6/1.7 MB | 147/613 kB | 98 kBProgress (4): 507/806 kB | 0.6/1.7 MB | 147/613 kB | 98 kBProgress (4): 511/806 kB | 0.6/1.7 MB | 147/613 kB | 98 kBProgress (4): 511/806 kB | 0.6/1.7 MB | 147/613 kB | 98 kBProgress (4): 516/806 kB | 0.6/1.7 MB | 147/613 kB | 98 kBProgress (4): 516/806 kB | 0.6/1.7 MB | 147/613 kB | 98 kBProgress (4): 520/806 kB | 0.6/1.7 MB | 147/613 kB | 98 kBProgress (4): 520/806 kB | 0.6/1.7 MB | 147/613 kB | 98 kBProgress (4): 524/806 kB | 0.6/1.7 MB | 147/613 kB | 98 kBProgress (4): 528/806 kB | 0.6/1.7 MB | 147/613 kB | 98 kBProgress (4): 532/806 kB | 0.6/1.7 MB | 147/613 kB | 98 kBProgress (4): 536/806 kB | 0.6/1.7 MB | 147/613 kB | 98 kBProgress (4): 540/806 kB | 0.6/1.7 MB | 147/613 kB | 98 kBProgress (4): 540/806 kB | 0.6/1.7 MB | 147/613 kB | 98 kBProgress (4): 540/806 kB | 0.6/1.7 MB | 147/613 kB | 98 kBProgress (4): 540/806 kB | 0.6/1.7 MB | 147/613 kB | 98 kBProgress (4): 544/806 kB | 0.6/1.7 MB | 147/613 kB | 98 kBProgress (4): 544/806 kB | 0.6/1.7 MB | 147/613 kB | 98 kBProgress (4): 548/806 kB | 0.6/1.7 MB | 147/613 kB | 98 kBProgress (4): 552/806 kB | 0.6/1.7 MB | 147/613 kB | 98 kBProgress (4): 557/806 kB | 0.6/1.7 MB | 147/613 kB | 98 kBProgress (4): 557/806 kB | 0.6/1.7 MB | 151/613 kB | 98 kBProgress (4): 557/806 kB | 0.6/1.7 MB | 151/613 kB | 98 kBProgress (4): 557/806 kB | 0.6/1.7 MB | 155/613 kB | 98 kBProgress (4): 557/806 kB | 0.6/1.7 MB | 155/613 kB | 98 kBProgress (4): 557/806 kB | 0.6/1.7 MB | 159/613 kB | 98 kBProgress (4): 557/806 kB | 0.7/1.7 MB | 159/613 kB | 98 kBProgress (4): 557/806 kB | 0.7/1.7 MB | 163/613 kB | 98 kBProgress (4): 557/806 kB | 0.7/1.7 MB | 163/613 kB | 98 kBProgress (4): 561/806 kB | 0.7/1.7 MB | 163/613 kB | 98 kBProgress (4): 565/806 kB | 0.7/1.7 MB | 163/613 kB | 98 kBProgress (4): 565/806 kB | 0.7/1.7 MB | 163/613 kB | 98 kBProgress (4): 569/806 kB | 0.7/1.7 MB | 163/613 kB | 98 kBProgress (5): 569/806 kB | 0.7/1.7 MB | 163/613 kB | 98 kB | 0/1.7 MBProgress (5): 569/806 kB | 0.7/1.7 MB | 163/613 kB | 98 kB | 0/1.7 MBProgress (5): 573/806 kB | 0.7/1.7 MB | 163/613 kB | 98 kB | 0/1.7 MBProgress (5): 573/806 kB | 0.7/1.7 MB | 163/613 kB | 98 kB | 0/1.7 MBProgress (5): 573/806 kB | 0.7/1.7 MB | 163/613 kB | 98 kB | 0/1.7 MBProgress (5): 573/806 kB | 0.7/1.7 MB | 163/613 kB | 98 kB | 0/1.7 MBProgress (5): 573/806 kB | 0.7/1.7 MB | 163/613 kB | 98 kB | 0/1.7 MBProgress (5): 573/806 kB | 0.7/1.7 MB | 163/613 kB | 98 kB | 0/1.7 MBProgress (5): 573/806 kB | 0.7/1.7 MB | 167/613 kB | 98 kB | 0/1.7 MBProgress (5): 573/806 kB | 0.7/1.7 MB | 171/613 kB | 98 kB | 0/1.7 MBProgress (5): 573/806 kB | 0.7/1.7 MB | 176/613 kB | 98 kB | 0/1.7 MBProgress (5): 577/806 kB | 0.7/1.7 MB | 176/613 kB | 98 kB | 0/1.7 MBProgress (5): 577/806 kB | 0.7/1.7 MB | 180/613 kB | 98 kB | 0/1.7 MBProgress (5): 577/806 kB | 0.7/1.7 MB | 180/613 kB | 98 kB | 0/1.7 MBProgress (5): 581/806 kB | 0.7/1.7 MB | 180/613 kB | 98 kB | 0/1.7 MBProgress (5): 581/806 kB | 0.7/1.7 MB | 180/613 kB | 98 kB | 0/1.7 MBProgress (5): 581/806 kB | 0.7/1.7 MB | 180/613 kB | 98 kB | 0/1.7 MBProgress (5): 581/806 kB | 0.7/1.7 MB | 180/613 kB | 98 kB | 0/1.7 MBProgress (5): 585/806 kB | 0.7/1.7 MB | 180/613 kB | 98 kB | 0/1.7 MBProgress (5): 585/806 kB | 0.7/1.7 MB | 180/613 kB | 98 kB | 0/1.7 MBProgress (5): 585/806 kB | 0.7/1.7 MB | 180/613 kB | 98 kB | 0/1.7 MBProgress (5): 589/806 kB | 0.7/1.7 MB | 180/613 kB | 98 kB | 0/1.7 MBProgress (5): 589/806 kB | 0.7/1.7 MB | 180/613 kB | 98 kB | 0/1.7 MBProgress (5): 589/806 kB | 0.7/1.7 MB | 180/613 kB | 98 kB | 0/1.7 MBProgress (5): 589/806 kB | 0.7/1.7 MB | 180/613 kB | 98 kB | 0/1.7 MBProgress (5): 589/806 kB | 0.7/1.7 MB | 180/613 kB | 98 kB | 0/1.7 MBProgress (5): 589/806 kB | 0.7/1.7 MB | 180/613 kB | 98 kB | 0/1.7 MBProgress (5): 589/806 kB | 0.7/1.7 MB | 180/613 kB | 98 kB | 0/1.7 MBProgress (5): 593/806 kB | 0.7/1.7 MB | 180/613 kB | 98 kB | 0/1.7 MBProgress (5): 593/806 kB | 0.7/1.7 MB | 180/613 kB | 98 kB | 0/1.7 MBProgress (5): 593/806 kB | 0.7/1.7 MB | 180/613 kB | 98 kB | 0/1.7 MBProgress (5): 597/806 kB | 0.7/1.7 MB | 180/613 kB | 98 kB | 0/1.7 MBProgress (5): 597/806 kB | 0.7/1.7 MB | 180/613 kB | 98 kB | 0/1.7 MBProgress (5): 597/806 kB | 0.7/1.7 MB | 180/613 kB | 98 kB | 0/1.7 MBProgress (5): 602/806 kB | 0.7/1.7 MB | 180/613 kB | 98 kB | 0/1.7 MBProgress (5): 602/806 kB | 0.7/1.7 MB | 180/613 kB | 98 kB | 0/1.7 MBProgress (5): 606/806 kB | 0.7/1.7 MB | 180/613 kB | 98 kB | 0/1.7 MBProgress (5): 606/806 kB | 0.7/1.7 MB | 180/613 kB | 98 kB | 0/1.7 MBProgress (5): 606/806 kB | 0.7/1.7 MB | 180/613 kB | 98 kB | 0/1.7 MBProgress (5): 606/806 kB | 0.7/1.7 MB | 180/613 kB | 98 kB | 0/1.7 MBProgress (5): 610/806 kB | 0.7/1.7 MB | 180/613 kB | 98 kB | 0/1.7 MBProgress (5): 614/806 kB | 0.7/1.7 MB | 180/613 kB | 98 kB | 0/1.7 MBProgress (5): 614/806 kB | 0.7/1.7 MB | 180/613 kB | 98 kB | 0/1.7 MBProgress (5): 618/806 kB | 0.7/1.7 MB | 180/613 kB | 98 kB | 0/1.7 MBProgress (5): 618/806 kB | 0.7/1.7 MB | 180/613 kB | 98 kB | 0/1.7 MBProgress (5): 622/806 kB | 0.7/1.7 MB | 180/613 kB | 98 kB | 0/1.7 MBProgress (5): 622/806 kB | 0.7/1.7 MB | 180/613 kB | 98 kB | 0/1.7 MBProgress (5): 622/806 kB | 0.7/1.7 MB | 180/613 kB | 98 kB | 0.1/1.7 MBProgress (5): 622/806 kB | 0.7/1.7 MB | 180/613 kB | 98 kB | 0.1/1.7 MBProgress (5): 622/806 kB | 0.7/1.7 MB | 180/613 kB | 98 kB | 0.1/1.7 MBProgress (5): 622/806 kB | 0.7/1.7 MB | 180/613 kB | 98 kB | 0.1/1.7 MBProgress (5): 622/806 kB | 0.7/1.7 MB | 180/613 kB | 98 kB | 0.1/1.7 MBProgress (5): 626/806 kB | 0.7/1.7 MB | 180/613 kB | 98 kB | 0.1/1.7 MBProgress (5): 626/806 kB | 0.7/1.7 MB | 180/613 kB | 98 kB | 0.1/1.7 MBProgress (5): 630/806 kB | 0.7/1.7 MB | 180/613 kB | 98 kB | 0.1/1.7 MBProgress (5): 630/806 kB | 0.7/1.7 MB | 180/613 kB | 98 kB | 0.1/1.7 MBProgress (5): 634/806 kB | 0.7/1.7 MB | 180/613 kB | 98 kB | 0.1/1.7 MBProgress (5): 634/806 kB | 0.7/1.7 MB | 180/613 kB | 98 kB | 0.1/1.7 MBProgress (5): 638/806 kB | 0.7/1.7 MB | 180/613 kB | 98 kB | 0.1/1.7 MBProgress (5): 638/806 kB | 0.8/1.7 MB | 180/613 kB | 98 kB | 0.1/1.7 MBProgress (5): 638/806 kB | 0.8/1.7 MB | 180/613 kB | 98 kB | 0.1/1.7 MBProgress (5): 638/806 kB | 0.8/1.7 MB | 180/613 kB | 98 kB | 0.1/1.7 MBProgress (5): 638/806 kB | 0.8/1.7 MB | 180/613 kB | 98 kB | 0.1/1.7 MBProgress (5): 638/806 kB | 0.8/1.7 MB | 180/613 kB | 98 kB | 0.1/1.7 MBProgress (5): 643/806 kB | 0.8/1.7 MB | 180/613 kB | 98 kB | 0.1/1.7 MBProgress (5): 643/806 kB | 0.8/1.7 MB | 180/613 kB | 98 kB | 0.1/1.7 MBProgress (5): 643/806 kB | 0.8/1.7 MB | 180/613 kB | 98 kB | 0.1/1.7 MBProgress (5): 647/806 kB | 0.8/1.7 MB | 180/613 kB | 98 kB | 0.1/1.7 MBProgress (5): 647/806 kB | 0.8/1.7 MB | 180/613 kB | 98 kB | 0.1/1.7 MBProgress (5): 651/806 kB | 0.8/1.7 MB | 180/613 kB | 98 kB | 0.1/1.7 MBProgress (5): 651/806 kB | 0.8/1.7 MB | 180/613 kB | 98 kB | 0.1/1.7 MBProgress (5): 655/806 kB | 0.8/1.7 MB | 180/613 kB | 98 kB | 0.1/1.7 MBProgress (5): 655/806 kB | 0.8/1.7 MB | 180/613 kB | 98 kB | 0.1/1.7 MBProgress (5): 655/806 kB | 0.8/1.7 MB | 180/613 kB | 98 kB | 0.1/1.7 MBProgress (5): 655/806 kB | 0.8/1.7 MB | 180/613 kB | 98 kB | 0.1/1.7 MBProgress (5): 655/806 kB | 0.8/1.7 MB | 180/613 kB | 98 kB | 0.1/1.7 MBProgress (5): 659/806 kB | 0.8/1.7 MB | 180/613 kB | 98 kB | 0.1/1.7 MBProgress (5): 659/806 kB | 0.8/1.7 MB | 180/613 kB | 98 kB | 0.1/1.7 MBProgress (5): 659/806 kB | 0.8/1.7 MB | 180/613 kB | 98 kB | 0.1/1.7 MBProgress (5): 663/806 kB | 0.8/1.7 MB | 180/613 kB | 98 kB | 0.1/1.7 MBProgress (5): 663/806 kB | 0.8/1.7 MB | 180/613 kB | 98 kB | 0.1/1.7 MBProgress (5): 667/806 kB | 0.8/1.7 MB | 180/613 kB | 98 kB | 0.1/1.7 MBProgress (5): 667/806 kB | 0.8/1.7 MB | 180/613 kB | 98 kB | 0.1/1.7 MBProgress (5): 671/806 kB | 0.8/1.7 MB | 180/613 kB | 98 kB | 0.1/1.7 MBProgress (5): 671/806 kB | 0.8/1.7 MB | 180/613 kB | 98 kB | 0.1/1.7 MBProgress (5): 671/806 kB | 0.8/1.7 MB | 180/613 kB | 98 kB | 0.1/1.7 MBProgress (5): 671/806 kB | 0.8/1.7 MB | 180/613 kB | 98 kB | 0.1/1.7 MBProgress (5): 671/806 kB | 0.8/1.7 MB | 180/613 kB | 98 kB | 0.1/1.7 MBProgress (5): 675/806 kB | 0.8/1.7 MB | 180/613 kB | 98 kB | 0.1/1.7 MBProgress (5): 675/806 kB | 0.8/1.7 MB | 180/613 kB | 98 kB | 0.1/1.7 MBProgress (5): 679/806 kB | 0.8/1.7 MB | 180/613 kB | 98 kB | 0.1/1.7 MBProgress (5): 679/806 kB | 0.8/1.7 MB | 180/613 kB | 98 kB | 0.1/1.7 MBProgress (5): 683/806 kB | 0.8/1.7 MB | 180/613 kB | 98 kB | 0.1/1.7 MBProgress (5): 683/806 kB | 0.8/1.7 MB | 180/613 kB | 98 kB | 0.1/1.7 MBProgress (5): 688/806 kB | 0.8/1.7 MB | 180/613 kB | 98 kB | 0.1/1.7 MBProgress (5): 688/806 kB | 0.8/1.7 MB | 180/613 kB | 98 kB | 0.1/1.7 MBProgress (5): 688/806 kB | 0.8/1.7 MB | 180/613 kB | 98 kB | 0.1/1.7 MBProgress (5): 688/806 kB | 0.8/1.7 MB | 180/613 kB | 98 kB | 0.1/1.7 MBProgress (5): 688/806 kB | 0.8/1.7 MB | 180/613 kB | 98 kB | 0.1/1.7 MBProgress (5): 688/806 kB | 0.8/1.7 MB | 180/613 kB | 98 kB | 0.1/1.7 MBProgress (5): 692/806 kB | 0.8/1.7 MB | 180/613 kB | 98 kB | 0.1/1.7 MBProgress (5): 696/806 kB | 0.8/1.7 MB | 180/613 kB | 98 kB | 0.1/1.7 MBProgress (5): 696/806 kB | 0.8/1.7 MB | 180/613 kB | 98 kB | 0.1/1.7 MBProgress (5): 700/806 kB | 0.8/1.7 MB | 180/613 kB | 98 kB | 0.1/1.7 MBProgress (5): 700/806 kB | 0.8/1.7 MB | 180/613 kB | 98 kB | 0.1/1.7 MBProgress (5): 704/806 kB | 0.8/1.7 MB | 180/613 kB | 98 kB | 0.1/1.7 MBProgress (5): 704/806 kB | 0.8/1.7 MB | 180/613 kB | 98 kB | 0.1/1.7 MBProgress (5): 704/806 kB | 0.8/1.7 MB | 180/613 kB | 98 kB | 0.1/1.7 MBProgress (5): 704/806 kB | 0.8/1.7 MB | 180/613 kB | 98 kB | 0.1/1.7 MBProgress (5): 704/806 kB | 0.8/1.7 MB | 180/613 kB | 98 kB | 0.1/1.7 MBProgress (5): 704/806 kB | 0.8/1.7 MB | 180/613 kB | 98 kB | 0.1/1.7 MBProgress (5): 708/806 kB | 0.8/1.7 MB | 180/613 kB | 98 kB | 0.1/1.7 MBProgress (5): 708/806 kB | 0.8/1.7 MB | 180/613 kB | 98 kB | 0.1/1.7 MBProgress (5): 712/806 kB | 0.8/1.7 MB | 180/613 kB | 98 kB | 0.1/1.7 MBProgress (5): 716/806 kB | 0.8/1.7 MB | 180/613 kB | 98 kB | 0.1/1.7 MB                                                                       Downloaded from central: https://repo.maven.apache.org/maven2/org/apache/hadoop/hadoop-mapreduce-client-shuffle/3.2.1/hadoop-mapreduce-client-shuffle-3.2.1.jar (98 kB at 452 kB/s)
Progress (4): 720/806 kB | 0.8/1.7 MB | 180/613 kB | 0.1/1.7 MB                                                               Downloading from central: https://repo.maven.apache.org/maven2/org/apache/hadoop/hadoop-mapreduce-client-jobclient/3.2.1/hadoop-mapreduce-client-jobclient-3.2.1.jar
Progress (4): 720/806 kB | 0.8/1.7 MB | 180/613 kB | 0.1/1.7 MBProgress (4): 720/806 kB | 0.8/1.7 MB | 180/613 kB | 0.1/1.7 MBProgress (4): 720/806 kB | 0.8/1.7 MB | 180/613 kB | 0.1/1.7 MBProgress (4): 724/806 kB | 0.8/1.7 MB | 180/613 kB | 0.1/1.7 MBProgress (4): 724/806 kB | 0.8/1.7 MB | 180/613 kB | 0.1/1.7 MBProgress (4): 729/806 kB | 0.8/1.7 MB | 180/613 kB | 0.1/1.7 MBProgress (4): 729/806 kB | 0.9/1.7 MB | 180/613 kB | 0.1/1.7 MBProgress (4): 733/806 kB | 0.9/1.7 MB | 180/613 kB | 0.1/1.7 MBProgress (4): 733/806 kB | 0.9/1.7 MB | 180/613 kB | 0.1/1.7 MBProgress (4): 737/806 kB | 0.9/1.7 MB | 180/613 kB | 0.1/1.7 MBProgress (4): 737/806 kB | 0.9/1.7 MB | 180/613 kB | 0.1/1.7 MBProgress (4): 737/806 kB | 0.9/1.7 MB | 180/613 kB | 0.1/1.7 MBProgress (4): 737/806 kB | 0.9/1.7 MB | 180/613 kB | 0.1/1.7 MBProgress (4): 737/806 kB | 0.9/1.7 MB | 180/613 kB | 0.1/1.7 MBProgress (4): 741/806 kB | 0.9/1.7 MB | 180/613 kB | 0.1/1.7 MBProgress (4): 741/806 kB | 0.9/1.7 MB | 180/613 kB | 0.1/1.7 MBProgress (4): 745/806 kB | 0.9/1.7 MB | 180/613 kB | 0.1/1.7 MBProgress (4): 745/806 kB | 0.9/1.7 MB | 180/613 kB | 0.1/1.7 MBProgress (4): 749/806 kB | 0.9/1.7 MB | 180/613 kB | 0.1/1.7 MBProgress (4): 753/806 kB | 0.9/1.7 MB | 180/613 kB | 0.1/1.7 MBProgress (4): 753/806 kB | 0.9/1.7 MB | 180/613 kB | 0.1/1.7 MBProgress (4): 753/806 kB | 0.9/1.7 MB | 180/613 kB | 0.1/1.7 MBProgress (4): 757/806 kB | 0.9/1.7 MB | 180/613 kB | 0.1/1.7 MBProgress (4): 757/806 kB | 0.9/1.7 MB | 180/613 kB | 0.1/1.7 MBProgress (4): 761/806 kB | 0.9/1.7 MB | 180/613 kB | 0.1/1.7 MBProgress (4): 761/806 kB | 0.9/1.7 MB | 180/613 kB | 0.1/1.7 MBProgress (4): 765/806 kB | 0.9/1.7 MB | 180/613 kB | 0.1/1.7 MBProgress (4): 770/806 kB | 0.9/1.7 MB | 180/613 kB | 0.1/1.7 MBProgress (4): 774/806 kB | 0.9/1.7 MB | 180/613 kB | 0.1/1.7 MBProgress (4): 778/806 kB | 0.9/1.7 MB | 180/613 kB | 0.1/1.7 MBProgress (4): 782/806 kB | 0.9/1.7 MB | 180/613 kB | 0.1/1.7 MBProgress (4): 782/806 kB | 0.9/1.7 MB | 180/613 kB | 0.1/1.7 MBProgress (4): 786/806 kB | 0.9/1.7 MB | 180/613 kB | 0.1/1.7 MBProgress (4): 786/806 kB | 0.9/1.7 MB | 180/613 kB | 0.1/1.7 MBProgress (4): 786/806 kB | 0.9/1.7 MB | 180/613 kB | 0.1/1.7 MBProgress (4): 786/806 kB | 0.9/1.7 MB | 180/613 kB | 0.1/1.7 MBProgress (4): 786/806 kB | 0.9/1.7 MB | 180/613 kB | 0.2/1.7 MBProgress (4): 790/806 kB | 0.9/1.7 MB | 180/613 kB | 0.2/1.7 MBProgress (4): 790/806 kB | 0.9/1.7 MB | 180/613 kB | 0.2/1.7 MBProgress (4): 794/806 kB | 0.9/1.7 MB | 180/613 kB | 0.2/1.7 MBProgress (4): 794/806 kB | 0.9/1.7 MB | 180/613 kB | 0.2/1.7 MBProgress (4): 798/806 kB | 0.9/1.7 MB | 180/613 kB | 0.2/1.7 MBProgress (4): 798/806 kB | 0.9/1.7 MB | 180/613 kB | 0.2/1.7 MBProgress (4): 802/806 kB | 0.9/1.7 MB | 180/613 kB | 0.2/1.7 MBProgress (4): 806 kB | 0.9/1.7 MB | 180/613 kB | 0.2/1.7 MB    Progress (4): 806 kB | 0.9/1.7 MB | 180/613 kB | 0.2/1.7 MBProgress (4): 806 kB | 0.9/1.7 MB | 180/613 kB | 0.2/1.7 MBProgress (4): 806 kB | 0.9/1.7 MB | 180/613 kB | 0.2/1.7 MBProgress (4): 806 kB | 0.9/1.7 MB | 184/613 kB | 0.2/1.7 MBProgress (4): 806 kB | 0.9/1.7 MB | 184/613 kB | 0.2/1.7 MBProgress (4): 806 kB | 0.9/1.7 MB | 184/613 kB | 0.2/1.7 MBProgress (4): 806 kB | 0.9/1.7 MB | 184/613 kB | 0.2/1.7 MBProgress (4): 806 kB | 0.9/1.7 MB | 188/613 kB | 0.2/1.7 MBProgress (4): 806 kB | 0.9/1.7 MB | 188/613 kB | 0.2/1.7 MBProgress (4): 806 kB | 0.9/1.7 MB | 192/613 kB | 0.2/1.7 MBProgress (4): 806 kB | 0.9/1.7 MB | 192/613 kB | 0.2/1.7 MBProgress (4): 806 kB | 0.9/1.7 MB | 192/613 kB | 0.2/1.7 MBProgress (4): 806 kB | 0.9/1.7 MB | 196/613 kB | 0.2/1.7 MBProgress (4): 806 kB | 0.9/1.7 MB | 196/613 kB | 0.2/1.7 MBProgress (4): 806 kB | 0.9/1.7 MB | 196/613 kB | 0.2/1.7 MBProgress (4): 806 kB | 0.9/1.7 MB | 196/613 kB | 0.2/1.7 MBProgress (4): 806 kB | 0.9/1.7 MB | 196/613 kB | 0.2/1.7 MBProgress (4): 806 kB | 0.9/1.7 MB | 196/613 kB | 0.2/1.7 MBProgress (4): 806 kB | 0.9/1.7 MB | 196/613 kB | 0.2/1.7 MBProgress (4): 806 kB | 0.9/1.7 MB | 196/613 kB | 0.2/1.7 MBProgress (4): 806 kB | 0.9/1.7 MB | 196/613 kB | 0.2/1.7 MBProgress (4): 806 kB | 0.9/1.7 MB | 196/613 kB | 0.2/1.7 MBProgress (4): 806 kB | 0.9/1.7 MB | 196/613 kB | 0.2/1.7 MBProgress (4): 806 kB | 0.9/1.7 MB | 200/613 kB | 0.2/1.7 MBProgress (4): 806 kB | 0.9/1.7 MB | 200/613 kB | 0.2/1.7 MBProgress (4): 806 kB | 0.9/1.7 MB | 200/613 kB | 0.2/1.7 MBProgress (4): 806 kB | 0.9/1.7 MB | 204/613 kB | 0.2/1.7 MBProgress (4): 806 kB | 0.9/1.7 MB | 204/613 kB | 0.2/1.7 MBProgress (4): 806 kB | 0.9/1.7 MB | 208/613 kB | 0.2/1.7 MBProgress (4): 806 kB | 0.9/1.7 MB | 208/613 kB | 0.2/1.7 MBProgress (4): 806 kB | 0.9/1.7 MB | 212/613 kB | 0.2/1.7 MBProgress (4): 806 kB | 0.9/1.7 MB | 212/613 kB | 0.2/1.7 MBProgress (4): 806 kB | 1.0/1.7 MB | 212/613 kB | 0.2/1.7 MBProgress (4): 806 kB | 1.0/1.7 MB | 212/613 kB | 0.2/1.7 MBProgress (4): 806 kB | 1.0/1.7 MB | 212/613 kB | 0.2/1.7 MBProgress (4): 806 kB | 1.0/1.7 MB | 212/613 kB | 0.2/1.7 MBProgress (4): 806 kB | 1.0/1.7 MB | 217/613 kB | 0.2/1.7 MBProgress (4): 806 kB | 1.0/1.7 MB | 221/613 kB | 0.2/1.7 MBProgress (4): 806 kB | 1.0/1.7 MB | 225/613 kB | 0.2/1.7 MBProgress (4): 806 kB | 1.0/1.7 MB | 225/613 kB | 0.2/1.7 MBProgress (4): 806 kB | 1.0/1.7 MB | 229/613 kB | 0.2/1.7 MBProgress (4): 806 kB | 1.0/1.7 MB | 229/613 kB | 0.2/1.7 MBProgress (4): 806 kB | 1.0/1.7 MB | 229/613 kB | 0.2/1.7 MBProgress (4): 806 kB | 1.0/1.7 MB | 229/613 kB | 0.2/1.7 MBProgress (4): 806 kB | 1.0/1.7 MB | 233/613 kB | 0.2/1.7 MBProgress (4): 806 kB | 1.0/1.7 MB | 237/613 kB | 0.2/1.7 MBProgress (4): 806 kB | 1.0/1.7 MB | 241/613 kB | 0.2/1.7 MBProgress (4): 806 kB | 1.0/1.7 MB | 245/613 kB | 0.2/1.7 MBProgress (4): 806 kB | 1.0/1.7 MB | 245/613 kB | 0.2/1.7 MBProgress (4): 806 kB | 1.0/1.7 MB | 245/613 kB | 0.2/1.7 MBProgress (4): 806 kB | 1.0/1.7 MB | 245/613 kB | 0.2/1.7 MBProgress (4): 806 kB | 1.0/1.7 MB | 245/613 kB | 0.2/1.7 MBProgress (4): 806 kB | 1.0/1.7 MB | 249/613 kB | 0.2/1.7 MBProgress (4): 806 kB | 1.0/1.7 MB | 253/613 kB | 0.2/1.7 MBProgress (4): 806 kB | 1.0/1.7 MB | 258/613 kB | 0.2/1.7 MBProgress (4): 806 kB | 1.0/1.7 MB | 262/613 kB | 0.2/1.7 MBProgress (4): 806 kB | 1.0/1.7 MB | 262/613 kB | 0.2/1.7 MBProgress (4): 806 kB | 1.0/1.7 MB | 262/613 kB | 0.2/1.7 MBProgress (4): 806 kB | 1.0/1.7 MB | 262/613 kB | 0.2/1.7 MBProgress (4): 806 kB | 1.0/1.7 MB | 266/613 kB | 0.2/1.7 MBProgress (4): 806 kB | 1.0/1.7 MB | 266/613 kB | 0.2/1.7 MBProgress (4): 806 kB | 1.0/1.7 MB | 270/613 kB | 0.2/1.7 MBProgress (4): 806 kB | 1.0/1.7 MB | 274/613 kB | 0.2/1.7 MBProgress (4): 806 kB | 1.0/1.7 MB | 278/613 kB | 0.2/1.7 MBProgress (4): 806 kB | 1.0/1.7 MB | 278/613 kB | 0.2/1.7 MBProgress (4): 806 kB | 1.0/1.7 MB | 278/613 kB | 0.2/1.7 MBProgress (4): 806 kB | 1.0/1.7 MB | 278/613 kB | 0.2/1.7 MBProgress (4): 806 kB | 1.0/1.7 MB | 278/613 kB | 0.2/1.7 MBProgress (4): 806 kB | 1.0/1.7 MB | 282/613 kB | 0.2/1.7 MBProgress (4): 806 kB | 1.0/1.7 MB | 286/613 kB | 0.2/1.7 MBProgress (4): 806 kB | 1.0/1.7 MB | 286/613 kB | 0.2/1.7 MBProgress (4): 806 kB | 1.0/1.7 MB | 290/613 kB | 0.2/1.7 MBProgress (4): 806 kB | 1.0/1.7 MB | 290/613 kB | 0.2/1.7 MBProgress (4): 806 kB | 1.0/1.7 MB | 294/613 kB | 0.2/1.7 MBProgress (4): 806 kB | 1.0/1.7 MB | 294/613 kB | 0.2/1.7 MBProgress (4): 806 kB | 1.0/1.7 MB | 294/613 kB | 0.2/1.7 MBProgress (4): 806 kB | 1.0/1.7 MB | 298/613 kB | 0.2/1.7 MBProgress (4): 806 kB | 1.1/1.7 MB | 298/613 kB | 0.2/1.7 MBProgress (4): 806 kB | 1.1/1.7 MB | 303/613 kB | 0.2/1.7 MBProgress (4): 806 kB | 1.1/1.7 MB | 303/613 kB | 0.2/1.7 MBProgress (4): 806 kB | 1.1/1.7 MB | 307/613 kB | 0.2/1.7 MBProgress (4): 806 kB | 1.1/1.7 MB | 307/613 kB | 0.2/1.7 MBProgress (4): 806 kB | 1.1/1.7 MB | 311/613 kB | 0.2/1.7 MBProgress (4): 806 kB | 1.1/1.7 MB | 311/613 kB | 0.2/1.7 MBProgress (4): 806 kB | 1.1/1.7 MB | 311/613 kB | 0.2/1.7 MBProgress (4): 806 kB | 1.1/1.7 MB | 315/613 kB | 0.2/1.7 MBProgress (4): 806 kB | 1.1/1.7 MB | 315/613 kB | 0.2/1.7 MBProgress (4): 806 kB | 1.1/1.7 MB | 319/613 kB | 0.2/1.7 MBProgress (4): 806 kB | 1.1/1.7 MB | 319/613 kB | 0.2/1.7 MBProgress (4): 806 kB | 1.1/1.7 MB | 323/613 kB | 0.2/1.7 MBProgress (4): 806 kB | 1.1/1.7 MB | 323/613 kB | 0.2/1.7 MBProgress (4): 806 kB | 1.1/1.7 MB | 327/613 kB | 0.2/1.7 MBProgress (4): 806 kB | 1.1/1.7 MB | 327/613 kB | 0.2/1.7 MBProgress (4): 806 kB | 1.1/1.7 MB | 331/613 kB | 0.2/1.7 MBProgress (4): 806 kB | 1.1/1.7 MB | 331/613 kB | 0.2/1.7 MBProgress (4): 806 kB | 1.1/1.7 MB | 335/613 kB | 0.2/1.7 MBProgress (4): 806 kB | 1.1/1.7 MB | 335/613 kB | 0.2/1.7 MBProgress (4): 806 kB | 1.1/1.7 MB | 339/613 kB | 0.2/1.7 MBProgress (4): 806 kB | 1.1/1.7 MB | 339/613 kB | 0.2/1.7 MBProgress (4): 806 kB | 1.1/1.7 MB | 344/613 kB | 0.2/1.7 MBProgress (4): 806 kB | 1.1/1.7 MB | 344/613 kB | 0.2/1.7 MBProgress (4): 806 kB | 1.1/1.7 MB | 344/613 kB | 0.2/1.7 MBProgress (4): 806 kB | 1.1/1.7 MB | 344/613 kB | 0.2/1.7 MBProgress (4): 806 kB | 1.1/1.7 MB | 344/613 kB | 0.2/1.7 MBProgress (4): 806 kB | 1.1/1.7 MB | 344/613 kB | 0.2/1.7 MBProgress (4): 806 kB | 1.1/1.7 MB | 344/613 kB | 0.2/1.7 MBProgress (4): 806 kB | 1.1/1.7 MB | 348/613 kB | 0.2/1.7 MBProgress (4): 806 kB | 1.1/1.7 MB | 348/613 kB | 0.2/1.7 MBProgress (4): 806 kB | 1.1/1.7 MB | 352/613 kB | 0.2/1.7 MBProgress (4): 806 kB | 1.1/1.7 MB | 352/613 kB | 0.2/1.7 MBProgress (4): 806 kB | 1.1/1.7 MB | 356/613 kB | 0.2/1.7 MBProgress (4): 806 kB | 1.1/1.7 MB | 360/613 kB | 0.2/1.7 MBProgress (4): 806 kB | 1.1/1.7 MB | 360/613 kB | 0.2/1.7 MBProgress (4): 806 kB | 1.1/1.7 MB | 360/613 kB | 0.2/1.7 MBProgress (4): 806 kB | 1.1/1.7 MB | 360/613 kB | 0.2/1.7 MBProgress (4): 806 kB | 1.1/1.7 MB | 360/613 kB | 0.2/1.7 MBProgress (4): 806 kB | 1.1/1.7 MB | 360/613 kB | 0.2/1.7 MBProgress (4): 806 kB | 1.1/1.7 MB | 360/613 kB | 0.2/1.7 MBProgress (4): 806 kB | 1.1/1.7 MB | 360/613 kB | 0.2/1.7 MBProgress (4): 806 kB | 1.1/1.7 MB | 364/613 kB | 0.2/1.7 MBProgress (4): 806 kB | 1.1/1.7 MB | 364/613 kB | 0.2/1.7 MBProgress (4): 806 kB | 1.1/1.7 MB | 368/613 kB | 0.2/1.7 MBProgress (5): 806 kB | 1.1/1.7 MB | 368/613 kB | 0.2/1.7 MB | 4.1/86 kBProgress (5): 806 kB | 1.1/1.7 MB | 372/613 kB | 0.2/1.7 MB | 4.1/86 kBProgress (5): 806 kB | 1.1/1.7 MB | 372/613 kB | 0.2/1.7 MB | 4.1/86 kBProgress (5): 806 kB | 1.1/1.7 MB | 376/613 kB | 0.2/1.7 MB | 4.1/86 kBProgress (5): 806 kB | 1.1/1.7 MB | 376/613 kB | 0.2/1.7 MB | 7.7/86 kBProgress (5): 806 kB | 1.1/1.7 MB | 376/613 kB | 0.2/1.7 MB | 7.7/86 kBProgress (5): 806 kB | 1.1/1.7 MB | 376/613 kB | 0.3/1.7 MB | 7.7/86 kBProgress (5): 806 kB | 1.1/1.7 MB | 376/613 kB | 0.3/1.7 MB | 7.7/86 kBProgress (5): 806 kB | 1.1/1.7 MB | 376/613 kB | 0.3/1.7 MB | 7.7/86 kBProgress (5): 806 kB | 1.1/1.7 MB | 376/613 kB | 0.3/1.7 MB | 12/86 kB Progress (5): 806 kB | 1.1/1.7 MB | 376/613 kB | 0.3/1.7 MB | 12/86 kBProgress (5): 806 kB | 1.1/1.7 MB | 376/613 kB | 0.3/1.7 MB | 12/86 kBProgress (5): 806 kB | 1.1/1.7 MB | 376/613 kB | 0.3/1.7 MB | 16/86 kBProgress (5): 806 kB | 1.1/1.7 MB | 380/613 kB | 0.3/1.7 MB | 16/86 kBProgress (5): 806 kB | 1.1/1.7 MB | 380/613 kB | 0.3/1.7 MB | 16/86 kBProgress (5): 806 kB | 1.1/1.7 MB | 384/613 kB | 0.3/1.7 MB | 16/86 kBProgress (5): 806 kB | 1.1/1.7 MB | 389/613 kB | 0.3/1.7 MB | 16/86 kBProgress (5): 806 kB | 1.1/1.7 MB | 393/613 kB | 0.3/1.7 MB | 16/86 kBProgress (5): 806 kB | 1.1/1.7 MB | 393/613 kB | 0.3/1.7 MB | 16/86 kBProgress (5): 806 kB | 1.2/1.7 MB | 393/613 kB | 0.3/1.7 MB | 16/86 kBProgress (5): 806 kB | 1.2/1.7 MB | 393/613 kB | 0.3/1.7 MB | 16/86 kBProgress (5): 806 kB | 1.2/1.7 MB | 393/613 kB | 0.3/1.7 MB | 16/86 kBProgress (5): 806 kB | 1.2/1.7 MB | 393/613 kB | 0.3/1.7 MB | 16/86 kBProgress (5): 806 kB | 1.2/1.7 MB | 393/613 kB | 0.3/1.7 MB | 20/86 kBProgress (5): 806 kB | 1.2/1.7 MB | 393/613 kB | 0.3/1.7 MB | 20/86 kBProgress (5): 806 kB | 1.2/1.7 MB | 393/613 kB | 0.3/1.7 MB | 20/86 kBProgress (5): 806 kB | 1.2/1.7 MB | 393/613 kB | 0.3/1.7 MB | 20/86 kBProgress (5): 806 kB | 1.2/1.7 MB | 393/613 kB | 0.3/1.7 MB | 24/86 kBProgress (5): 806 kB | 1.2/1.7 MB | 397/613 kB | 0.3/1.7 MB | 24/86 kBProgress (5): 806 kB | 1.2/1.7 MB | 397/613 kB | 0.3/1.7 MB | 28/86 kBProgress (5): 806 kB | 1.2/1.7 MB | 401/613 kB | 0.3/1.7 MB | 28/86 kBProgress (5): 806 kB | 1.2/1.7 MB | 401/613 kB | 0.3/1.7 MB | 32/86 kBProgress (5): 806 kB | 1.2/1.7 MB | 401/613 kB | 0.3/1.7 MB | 32/86 kBProgress (5): 806 kB | 1.2/1.7 MB | 401/613 kB | 0.3/1.7 MB | 32/86 kBProgress (5): 806 kB | 1.2/1.7 MB | 405/613 kB | 0.3/1.7 MB | 32/86 kBProgress (5): 806 kB | 1.2/1.7 MB | 405/613 kB | 0.3/1.7 MB | 32/86 kBProgress (5): 806 kB | 1.2/1.7 MB | 405/613 kB | 0.3/1.7 MB | 32/86 kBProgress (5): 806 kB | 1.2/1.7 MB | 405/613 kB | 0.3/1.7 MB | 32/86 kBProgress (5): 806 kB | 1.2/1.7 MB | 409/613 kB | 0.3/1.7 MB | 32/86 kBProgress (5): 806 kB | 1.2/1.7 MB | 409/613 kB | 0.3/1.7 MB | 32/86 kBProgress (5): 806 kB | 1.2/1.7 MB | 409/613 kB | 0.3/1.7 MB | 32/86 kBProgress (5): 806 kB | 1.2/1.7 MB | 409/613 kB | 0.3/1.7 MB | 32/86 kBProgress (5): 806 kB | 1.2/1.7 MB | 413/613 kB | 0.3/1.7 MB | 32/86 kB                                                                      Downloaded from central: https://repo.maven.apache.org/maven2/org/apache/hadoop/hadoop-mapreduce-client-common/3.2.1/hadoop-mapreduce-client-common-3.2.1.jar (806 kB at 3.3 MB/s)
Progress (4): 1.2/1.7 MB | 417/613 kB | 0.3/1.7 MB | 32/86 kBProgress (4): 1.2/1.7 MB | 417/613 kB | 0.3/1.7 MB | 32/86 kBProgress (4): 1.2/1.7 MB | 417/613 kB | 0.3/1.7 MB | 32/86 kBProgress (4): 1.2/1.7 MB | 417/613 kB | 0.3/1.7 MB | 32/86 kBProgress (4): 1.2/1.7 MB | 421/613 kB | 0.3/1.7 MB | 32/86 kB                                                             Downloading from central: https://repo.maven.apache.org/maven2/org/apache/hadoop/hadoop-mapreduce-client-hs/3.2.1/hadoop-mapreduce-client-hs-3.2.1.jar
Progress (4): 1.2/1.7 MB | 425/613 kB | 0.3/1.7 MB | 32/86 kBProgress (4): 1.2/1.7 MB | 425/613 kB | 0.3/1.7 MB | 32/86 kBProgress (4): 1.2/1.7 MB | 425/613 kB | 0.3/1.7 MB | 32/86 kBProgress (4): 1.2/1.7 MB | 425/613 kB | 0.3/1.7 MB | 32/86 kBProgress (4): 1.2/1.7 MB | 425/613 kB | 0.3/1.7 MB | 32/86 kBProgress (4): 1.2/1.7 MB | 425/613 kB | 0.3/1.7 MB | 32/86 kBProgress (4): 1.2/1.7 MB | 425/613 kB | 0.3/1.7 MB | 32/86 kBProgress (4): 1.2/1.7 MB | 430/613 kB | 0.3/1.7 MB | 32/86 kBProgress (4): 1.2/1.7 MB | 430/613 kB | 0.3/1.7 MB | 32/86 kBProgress (4): 1.2/1.7 MB | 430/613 kB | 0.3/1.7 MB | 32/86 kBProgress (4): 1.2/1.7 MB | 430/613 kB | 0.3/1.7 MB | 32/86 kBProgress (4): 1.2/1.7 MB | 434/613 kB | 0.3/1.7 MB | 32/86 kBProgress (4): 1.2/1.7 MB | 434/613 kB | 0.3/1.7 MB | 32/86 kBProgress (4): 1.2/1.7 MB | 438/613 kB | 0.3/1.7 MB | 32/86 kBProgress (4): 1.2/1.7 MB | 438/613 kB | 0.3/1.7 MB | 32/86 kBProgress (4): 1.2/1.7 MB | 442/613 kB | 0.3/1.7 MB | 32/86 kBProgress (4): 1.2/1.7 MB | 442/613 kB | 0.3/1.7 MB | 32/86 kBProgress (4): 1.2/1.7 MB | 442/613 kB | 0.3/1.7 MB | 32/86 kBProgress (4): 1.2/1.7 MB | 442/613 kB | 0.3/1.7 MB | 32/86 kBProgress (4): 1.2/1.7 MB | 442/613 kB | 0.3/1.7 MB | 32/86 kBProgress (4): 1.2/1.7 MB | 442/613 kB | 0.3/1.7 MB | 32/86 kBProgress (4): 1.2/1.7 MB | 442/613 kB | 0.3/1.7 MB | 32/86 kBProgress (4): 1.2/1.7 MB | 442/613 kB | 0.3/1.7 MB | 32/86 kBProgress (4): 1.2/1.7 MB | 446/613 kB | 0.3/1.7 MB | 32/86 kBProgress (4): 1.2/1.7 MB | 446/613 kB | 0.3/1.7 MB | 32/86 kBProgress (4): 1.2/1.7 MB | 446/613 kB | 0.3/1.7 MB | 32/86 kBProgress (4): 1.2/1.7 MB | 450/613 kB | 0.3/1.7 MB | 32/86 kBProgress (4): 1.2/1.7 MB | 450/613 kB | 0.3/1.7 MB | 32/86 kBProgress (4): 1.2/1.7 MB | 454/613 kB | 0.3/1.7 MB | 32/86 kBProgress (4): 1.2/1.7 MB | 458/613 kB | 0.3/1.7 MB | 32/86 kBProgress (4): 1.2/1.7 MB | 458/613 kB | 0.3/1.7 MB | 32/86 kBProgress (4): 1.2/1.7 MB | 458/613 kB | 0.3/1.7 MB | 32/86 kBProgress (4): 1.2/1.7 MB | 458/613 kB | 0.3/1.7 MB | 32/86 kBProgress (4): 1.2/1.7 MB | 458/613 kB | 0.3/1.7 MB | 32/86 kBProgress (4): 1.2/1.7 MB | 458/613 kB | 0.3/1.7 MB | 32/86 kBProgress (4): 1.2/1.7 MB | 458/613 kB | 0.4/1.7 MB | 32/86 kBProgress (4): 1.2/1.7 MB | 458/613 kB | 0.4/1.7 MB | 32/86 kBProgress (4): 1.2/1.7 MB | 458/613 kB | 0.4/1.7 MB | 32/86 kBProgress (4): 1.2/1.7 MB | 462/613 kB | 0.4/1.7 MB | 32/86 kBProgress (4): 1.2/1.7 MB | 462/613 kB | 0.4/1.7 MB | 32/86 kBProgress (4): 1.2/1.7 MB | 466/613 kB | 0.4/1.7 MB | 32/86 kBProgress (4): 1.3/1.7 MB | 466/613 kB | 0.4/1.7 MB | 32/86 kBProgress (4): 1.3/1.7 MB | 471/613 kB | 0.4/1.7 MB | 32/86 kBProgress (4): 1.3/1.7 MB | 471/613 kB | 0.4/1.7 MB | 32/86 kBProgress (4): 1.3/1.7 MB | 475/613 kB | 0.4/1.7 MB | 32/86 kBProgress (4): 1.3/1.7 MB | 475/613 kB | 0.4/1.7 MB | 32/86 kBProgress (4): 1.3/1.7 MB | 475/613 kB | 0.4/1.7 MB | 32/86 kBProgress (4): 1.3/1.7 MB | 475/613 kB | 0.4/1.7 MB | 32/86 kBProgress (4): 1.3/1.7 MB | 475/613 kB | 0.4/1.7 MB | 32/86 kBProgress (4): 1.3/1.7 MB | 475/613 kB | 0.4/1.7 MB | 32/86 kBProgress (4): 1.3/1.7 MB | 475/613 kB | 0.4/1.7 MB | 32/86 kBProgress (4): 1.3/1.7 MB | 475/613 kB | 0.4/1.7 MB | 32/86 kBProgress (4): 1.3/1.7 MB | 475/613 kB | 0.4/1.7 MB | 32/86 kBProgress (4): 1.3/1.7 MB | 475/613 kB | 0.4/1.7 MB | 32/86 kBProgress (4): 1.3/1.7 MB | 479/613 kB | 0.4/1.7 MB | 32/86 kBProgress (4): 1.3/1.7 MB | 483/613 kB | 0.4/1.7 MB | 32/86 kBProgress (4): 1.3/1.7 MB | 487/613 kB | 0.4/1.7 MB | 32/86 kBProgress (4): 1.3/1.7 MB | 487/613 kB | 0.4/1.7 MB | 32/86 kBProgress (4): 1.3/1.7 MB | 491/613 kB | 0.4/1.7 MB | 32/86 kBProgress (4): 1.3/1.7 MB | 491/613 kB | 0.4/1.7 MB | 32/86 kBProgress (4): 1.3/1.7 MB | 491/613 kB | 0.4/1.7 MB | 32/86 kBProgress (4): 1.3/1.7 MB | 491/613 kB | 0.4/1.7 MB | 32/86 kBProgress (4): 1.3/1.7 MB | 491/613 kB | 0.4/1.7 MB | 32/86 kBProgress (4): 1.3/1.7 MB | 491/613 kB | 0.4/1.7 MB | 32/86 kBProgress (4): 1.3/1.7 MB | 491/613 kB | 0.4/1.7 MB | 32/86 kBProgress (4): 1.3/1.7 MB | 491/613 kB | 0.4/1.7 MB | 32/86 kBProgress (4): 1.3/1.7 MB | 491/613 kB | 0.4/1.7 MB | 32/86 kBProgress (4): 1.3/1.7 MB | 495/613 kB | 0.4/1.7 MB | 32/86 kBProgress (4): 1.3/1.7 MB | 495/613 kB | 0.4/1.7 MB | 32/86 kBProgress (4): 1.3/1.7 MB | 499/613 kB | 0.4/1.7 MB | 32/86 kBProgress (4): 1.3/1.7 MB | 499/613 kB | 0.4/1.7 MB | 32/86 kBProgress (4): 1.3/1.7 MB | 503/613 kB | 0.4/1.7 MB | 32/86 kBProgress (4): 1.3/1.7 MB | 503/613 kB | 0.4/1.7 MB | 32/86 kBProgress (4): 1.3/1.7 MB | 507/613 kB | 0.4/1.7 MB | 32/86 kBProgress (4): 1.3/1.7 MB | 507/613 kB | 0.4/1.7 MB | 32/86 kBProgress (4): 1.3/1.7 MB | 507/613 kB | 0.4/1.7 MB | 32/86 kBProgress (4): 1.3/1.7 MB | 507/613 kB | 0.4/1.7 MB | 32/86 kBProgress (4): 1.3/1.7 MB | 507/613 kB | 0.4/1.7 MB | 32/86 kBProgress (4): 1.3/1.7 MB | 507/613 kB | 0.4/1.7 MB | 32/86 kBProgress (4): 1.3/1.7 MB | 507/613 kB | 0.4/1.7 MB | 32/86 kBProgress (4): 1.3/1.7 MB | 507/613 kB | 0.4/1.7 MB | 32/86 kBProgress (4): 1.3/1.7 MB | 507/613 kB | 0.4/1.7 MB | 32/86 kBProgress (4): 1.3/1.7 MB | 511/613 kB | 0.4/1.7 MB | 32/86 kBProgress (4): 1.3/1.7 MB | 511/613 kB | 0.4/1.7 MB | 32/86 kBProgress (4): 1.3/1.7 MB | 516/613 kB | 0.4/1.7 MB | 32/86 kBProgress (4): 1.3/1.7 MB | 516/613 kB | 0.4/1.7 MB | 32/86 kBProgress (4): 1.3/1.7 MB | 520/613 kB | 0.4/1.7 MB | 32/86 kBProgress (4): 1.3/1.7 MB | 520/613 kB | 0.4/1.7 MB | 32/86 kBProgress (4): 1.3/1.7 MB | 524/613 kB | 0.4/1.7 MB | 32/86 kBProgress (4): 1.3/1.7 MB | 524/613 kB | 0.4/1.7 MB | 32/86 kBProgress (4): 1.3/1.7 MB | 524/613 kB | 0.4/1.7 MB | 32/86 kBProgress (4): 1.3/1.7 MB | 524/613 kB | 0.4/1.7 MB | 32/86 kBProgress (4): 1.3/1.7 MB | 524/613 kB | 0.4/1.7 MB | 32/86 kBProgress (4): 1.3/1.7 MB | 524/613 kB | 0.4/1.7 MB | 32/86 kBProgress (4): 1.3/1.7 MB | 524/613 kB | 0.4/1.7 MB | 32/86 kBProgress (4): 1.3/1.7 MB | 524/613 kB | 0.4/1.7 MB | 32/86 kBProgress (4): 1.3/1.7 MB | 524/613 kB | 0.4/1.7 MB | 32/86 kBProgress (4): 1.3/1.7 MB | 528/613 kB | 0.4/1.7 MB | 32/86 kBProgress (4): 1.3/1.7 MB | 532/613 kB | 0.4/1.7 MB | 32/86 kBProgress (4): 1.3/1.7 MB | 536/613 kB | 0.4/1.7 MB | 32/86 kBProgress (4): 1.3/1.7 MB | 536/613 kB | 0.4/1.7 MB | 32/86 kBProgress (4): 1.3/1.7 MB | 540/613 kB | 0.4/1.7 MB | 32/86 kBProgress (4): 1.3/1.7 MB | 540/613 kB | 0.4/1.7 MB | 32/86 kBProgress (4): 1.3/1.7 MB | 540/613 kB | 0.4/1.7 MB | 32/86 kBProgress (4): 1.3/1.7 MB | 540/613 kB | 0.4/1.7 MB | 32/86 kBProgress (4): 1.4/1.7 MB | 540/613 kB | 0.4/1.7 MB | 32/86 kBProgress (4): 1.4/1.7 MB | 540/613 kB | 0.5/1.7 MB | 32/86 kBProgress (4): 1.4/1.7 MB | 540/613 kB | 0.5/1.7 MB | 32/86 kBProgress (4): 1.4/1.7 MB | 540/613 kB | 0.5/1.7 MB | 32/86 kBProgress (4): 1.4/1.7 MB | 544/613 kB | 0.5/1.7 MB | 32/86 kBProgress (4): 1.4/1.7 MB | 544/613 kB | 0.5/1.7 MB | 32/86 kBProgress (4): 1.4/1.7 MB | 548/613 kB | 0.5/1.7 MB | 32/86 kBProgress (4): 1.4/1.7 MB | 548/613 kB | 0.5/1.7 MB | 32/86 kBProgress (4): 1.4/1.7 MB | 552/613 kB | 0.5/1.7 MB | 32/86 kBProgress (4): 1.4/1.7 MB | 552/613 kB | 0.5/1.7 MB | 32/86 kBProgress (4): 1.4/1.7 MB | 552/613 kB | 0.5/1.7 MB | 32/86 kBProgress (4): 1.4/1.7 MB | 557/613 kB | 0.5/1.7 MB | 32/86 kBProgress (4): 1.4/1.7 MB | 557/613 kB | 0.5/1.7 MB | 32/86 kBProgress (4): 1.4/1.7 MB | 557/613 kB | 0.5/1.7 MB | 32/86 kBProgress (4): 1.4/1.7 MB | 557/613 kB | 0.5/1.7 MB | 32/86 kBProgress (4): 1.4/1.7 MB | 557/613 kB | 0.5/1.7 MB | 32/86 kBProgress (4): 1.4/1.7 MB | 557/613 kB | 0.5/1.7 MB | 32/86 kBProgress (4): 1.4/1.7 MB | 557/613 kB | 0.5/1.7 MB | 32/86 kBProgress (4): 1.4/1.7 MB | 561/613 kB | 0.5/1.7 MB | 32/86 kBProgress (4): 1.4/1.7 MB | 561/613 kB | 0.5/1.7 MB | 32/86 kBProgress (4): 1.4/1.7 MB | 561/613 kB | 0.5/1.7 MB | 32/86 kBProgress (4): 1.4/1.7 MB | 565/613 kB | 0.5/1.7 MB | 32/86 kBProgress (4): 1.4/1.7 MB | 565/613 kB | 0.5/1.7 MB | 32/86 kBProgress (4): 1.4/1.7 MB | 565/613 kB | 0.5/1.7 MB | 32/86 kBProgress (4): 1.4/1.7 MB | 569/613 kB | 0.5/1.7 MB | 32/86 kBProgress (4): 1.4/1.7 MB | 569/613 kB | 0.5/1.7 MB | 32/86 kBProgress (4): 1.4/1.7 MB | 573/613 kB | 0.5/1.7 MB | 32/86 kBProgress (4): 1.4/1.7 MB | 573/613 kB | 0.5/1.7 MB | 32/86 kBProgress (4): 1.4/1.7 MB | 573/613 kB | 0.5/1.7 MB | 32/86 kBProgress (4): 1.4/1.7 MB | 573/613 kB | 0.5/1.7 MB | 32/86 kBProgress (4): 1.4/1.7 MB | 573/613 kB | 0.5/1.7 MB | 32/86 kBProgress (4): 1.4/1.7 MB | 573/613 kB | 0.5/1.7 MB | 32/86 kBProgress (4): 1.4/1.7 MB | 573/613 kB | 0.5/1.7 MB | 32/86 kBProgress (4): 1.4/1.7 MB | 573/613 kB | 0.5/1.7 MB | 32/86 kBProgress (4): 1.4/1.7 MB | 573/613 kB | 0.5/1.7 MB | 32/86 kBProgress (4): 1.4/1.7 MB | 577/613 kB | 0.5/1.7 MB | 32/86 kBProgress (4): 1.4/1.7 MB | 577/613 kB | 0.5/1.7 MB | 32/86 kBProgress (4): 1.4/1.7 MB | 581/613 kB | 0.5/1.7 MB | 32/86 kBProgress (4): 1.4/1.7 MB | 581/613 kB | 0.5/1.7 MB | 32/86 kBProgress (4): 1.4/1.7 MB | 585/613 kB | 0.5/1.7 MB | 32/86 kBProgress (4): 1.4/1.7 MB | 585/613 kB | 0.5/1.7 MB | 32/86 kBProgress (4): 1.4/1.7 MB | 589/613 kB | 0.5/1.7 MB | 32/86 kBProgress (4): 1.4/1.7 MB | 589/613 kB | 0.5/1.7 MB | 32/86 kBProgress (4): 1.4/1.7 MB | 589/613 kB | 0.5/1.7 MB | 32/86 kBProgress (4): 1.4/1.7 MB | 589/613 kB | 0.5/1.7 MB | 32/86 kBProgress (4): 1.4/1.7 MB | 589/613 kB | 0.5/1.7 MB | 32/86 kBProgress (4): 1.4/1.7 MB | 589/613 kB | 0.5/1.7 MB | 32/86 kBProgress (4): 1.4/1.7 MB | 589/613 kB | 0.5/1.7 MB | 32/86 kBProgress (4): 1.4/1.7 MB | 589/613 kB | 0.5/1.7 MB | 32/86 kBProgress (4): 1.4/1.7 MB | 589/613 kB | 0.5/1.7 MB | 32/86 kBProgress (4): 1.4/1.7 MB | 589/613 kB | 0.5/1.7 MB | 32/86 kBProgress (4): 1.4/1.7 MB | 593/613 kB | 0.5/1.7 MB | 32/86 kBProgress (4): 1.4/1.7 MB | 593/613 kB | 0.5/1.7 MB | 32/86 kBProgress (4): 1.4/1.7 MB | 593/613 kB | 0.5/1.7 MB | 32/86 kBProgress (4): 1.4/1.7 MB | 597/613 kB | 0.5/1.7 MB | 32/86 kBProgress (4): 1.4/1.7 MB | 597/613 kB | 0.5/1.7 MB | 32/86 kBProgress (4): 1.4/1.7 MB | 602/613 kB | 0.5/1.7 MB | 32/86 kBProgress (4): 1.4/1.7 MB | 602/613 kB | 0.5/1.7 MB | 32/86 kBProgress (4): 1.4/1.7 MB | 606/613 kB | 0.5/1.7 MB | 32/86 kBProgress (4): 1.4/1.7 MB | 606/613 kB | 0.5/1.7 MB | 32/86 kBProgress (4): 1.4/1.7 MB | 606/613 kB | 0.5/1.7 MB | 32/86 kBProgress (4): 1.4/1.7 MB | 606/613 kB | 0.5/1.7 MB | 32/86 kBProgress (4): 1.5/1.7 MB | 606/613 kB | 0.5/1.7 MB | 32/86 kBProgress (4): 1.5/1.7 MB | 606/613 kB | 0.5/1.7 MB | 32/86 kBProgress (4): 1.5/1.7 MB | 610/613 kB | 0.5/1.7 MB | 32/86 kBProgress (4): 1.5/1.7 MB | 610/613 kB | 0.5/1.7 MB | 32/86 kBProgress (4): 1.5/1.7 MB | 613 kB | 0.5/1.7 MB | 32/86 kB    Progress (4): 1.5/1.7 MB | 613 kB | 0.5/1.7 MB | 32/86 kBProgress (4): 1.5/1.7 MB | 613 kB | 0.5/1.7 MB | 32/86 kBProgress (4): 1.5/1.7 MB | 613 kB | 0.5/1.7 MB | 32/86 kBProgress (4): 1.5/1.7 MB | 613 kB | 0.5/1.7 MB | 32/86 kBProgress (4): 1.5/1.7 MB | 613 kB | 0.5/1.7 MB | 32/86 kBProgress (4): 1.5/1.7 MB | 613 kB | 0.5/1.7 MB | 32/86 kBProgress (4): 1.5/1.7 MB | 613 kB | 0.5/1.7 MB | 32/86 kBProgress (4): 1.5/1.7 MB | 613 kB | 0.5/1.7 MB | 32/86 kBProgress (4): 1.5/1.7 MB | 613 kB | 0.5/1.7 MB | 32/86 kBProgress (4): 1.5/1.7 MB | 613 kB | 0.5/1.7 MB | 32/86 kBProgress (4): 1.5/1.7 MB | 613 kB | 0.5/1.7 MB | 32/86 kBProgress (4): 1.5/1.7 MB | 613 kB | 0.5/1.7 MB | 32/86 kBProgress (4): 1.5/1.7 MB | 613 kB | 0.5/1.7 MB | 32/86 kBProgress (4): 1.5/1.7 MB | 613 kB | 0.5/1.7 MB | 32/86 kBProgress (4): 1.5/1.7 MB | 613 kB | 0.5/1.7 MB | 32/86 kBProgress (4): 1.5/1.7 MB | 613 kB | 0.5/1.7 MB | 32/86 kBProgress (4): 1.5/1.7 MB | 613 kB | 0.5/1.7 MB | 32/86 kBProgress (4): 1.5/1.7 MB | 613 kB | 0.5/1.7 MB | 32/86 kBProgress (4): 1.5/1.7 MB | 613 kB | 0.5/1.7 MB | 32/86 kBProgress (4): 1.5/1.7 MB | 613 kB | 0.5/1.7 MB | 32/86 kBProgress (4): 1.5/1.7 MB | 613 kB | 0.5/1.7 MB | 32/86 kBProgress (4): 1.5/1.7 MB | 613 kB | 0.5/1.7 MB | 32/86 kBProgress (4): 1.5/1.7 MB | 613 kB | 0.5/1.7 MB | 32/86 kBProgress (4): 1.5/1.7 MB | 613 kB | 0.5/1.7 MB | 32/86 kBProgress (4): 1.5/1.7 MB | 613 kB | 0.5/1.7 MB | 32/86 kBProgress (4): 1.6/1.7 MB | 613 kB | 0.5/1.7 MB | 32/86 kBProgress (4): 1.6/1.7 MB | 613 kB | 0.5/1.7 MB | 32/86 kBProgress (4): 1.6/1.7 MB | 613 kB | 0.5/1.7 MB | 32/86 kBProgress (4): 1.6/1.7 MB | 613 kB | 0.5/1.7 MB | 32/86 kBProgress (4): 1.6/1.7 MB | 613 kB | 0.5/1.7 MB | 32/86 kBProgress (4): 1.6/1.7 MB | 613 kB | 0.5/1.7 MB | 32/86 kBProgress (4): 1.6/1.7 MB | 613 kB | 0.5/1.7 MB | 32/86 kBProgress (4): 1.6/1.7 MB | 613 kB | 0.5/1.7 MB | 32/86 kBProgress (4): 1.6/1.7 MB | 613 kB | 0.5/1.7 MB | 32/86 kBProgress (4): 1.6/1.7 MB | 613 kB | 0.5/1.7 MB | 32/86 kBProgress (4): 1.6/1.7 MB | 613 kB | 0.5/1.7 MB | 32/86 kBProgress (4): 1.6/1.7 MB | 613 kB | 0.5/1.7 MB | 32/86 kBProgress (4): 1.6/1.7 MB | 613 kB | 0.5/1.7 MB | 32/86 kBProgress (4): 1.6/1.7 MB | 613 kB | 0.5/1.7 MB | 32/86 kBProgress (4): 1.6/1.7 MB | 613 kB | 0.5/1.7 MB | 32/86 kBProgress (4): 1.6/1.7 MB | 613 kB | 0.5/1.7 MB | 32/86 kBProgress (4): 1.6/1.7 MB | 613 kB | 0.5/1.7 MB | 32/86 kBProgress (4): 1.6/1.7 MB | 613 kB | 0.5/1.7 MB | 32/86 kBProgress (4): 1.6/1.7 MB | 613 kB | 0.5/1.7 MB | 32/86 kBProgress (4): 1.6/1.7 MB | 613 kB | 0.5/1.7 MB | 32/86 kBProgress (4): 1.6/1.7 MB | 613 kB | 0.5/1.7 MB | 32/86 kBProgress (4): 1.6/1.7 MB | 613 kB | 0.5/1.7 MB | 32/86 kBProgress (4): 1.6/1.7 MB | 613 kB | 0.5/1.7 MB | 32/86 kBProgress (4): 1.6/1.7 MB | 613 kB | 0.5/1.7 MB | 32/86 kBProgress (4): 1.7/1.7 MB | 613 kB | 0.5/1.7 MB | 32/86 kBProgress (4): 1.7/1.7 MB | 613 kB | 0.5/1.7 MB | 32/86 kBProgress (4): 1.7/1.7 MB | 613 kB | 0.5/1.7 MB | 32/86 kBProgress (4): 1.7 MB | 613 kB | 0.5/1.7 MB | 32/86 kB    Progress (5): 1.7 MB | 613 kB | 0.5/1.7 MB | 32/86 kB | 4.1/216 kBProgress (5): 1.7 MB | 613 kB | 0.5/1.7 MB | 32/86 kB | 7.7/216 kBProgress (5): 1.7 MB | 613 kB | 0.5/1.7 MB | 32/86 kB | 12/216 kB Progress (5): 1.7 MB | 613 kB | 0.5/1.7 MB | 32/86 kB | 16/216 kBProgress (5): 1.7 MB | 613 kB | 0.5/1.7 MB | 32/86 kB | 20/216 kBProgress (5): 1.7 MB | 613 kB | 0.5/1.7 MB | 32/86 kB | 24/216 kBProgress (5): 1.7 MB | 613 kB | 0.5/1.7 MB | 32/86 kB | 28/216 kBProgress (5): 1.7 MB | 613 kB | 0.5/1.7 MB | 32/86 kB | 32/216 kBProgress (5): 1.7 MB | 613 kB | 0.5/1.7 MB | 32/86 kB | 36/216 kBProgress (5): 1.7 MB | 613 kB | 0.5/1.7 MB | 32/86 kB | 40/216 kBProgress (5): 1.7 MB | 613 kB | 0.5/1.7 MB | 32/86 kB | 45/216 kBProgress (5): 1.7 MB | 613 kB | 0.5/1.7 MB | 32/86 kB | 49/216 kBProgress (5): 1.7 MB | 613 kB | 0.5/1.7 MB | 32/86 kB | 53/216 kBProgress (5): 1.7 MB | 613 kB | 0.5/1.7 MB | 32/86 kB | 57/216 kBProgress (5): 1.7 MB | 613 kB | 0.5/1.7 MB | 32/86 kB | 61/216 kBProgress (5): 1.7 MB | 613 kB | 0.5/1.7 MB | 32/86 kB | 65/216 kBProgress (5): 1.7 MB | 613 kB | 0.5/1.7 MB | 32/86 kB | 69/216 kBProgress (5): 1.7 MB | 613 kB | 0.5/1.7 MB | 32/86 kB | 73/216 kBProgress (5): 1.7 MB | 613 kB | 0.5/1.7 MB | 32/86 kB | 77/216 kBProgress (5): 1.7 MB | 613 kB | 0.5/1.7 MB | 32/86 kB | 81/216 kBProgress (5): 1.7 MB | 613 kB | 0.5/1.7 MB | 32/86 kB | 85/216 kBProgress (5): 1.7 MB | 613 kB | 0.5/1.7 MB | 32/86 kB | 90/216 kBProgress (5): 1.7 MB | 613 kB | 0.5/1.7 MB | 32/86 kB | 94/216 kBProgress (5): 1.7 MB | 613 kB | 0.5/1.7 MB | 32/86 kB | 98/216 kBProgress (5): 1.7 MB | 613 kB | 0.6/1.7 MB | 32/86 kB | 98/216 kBProgress (5): 1.7 MB | 613 kB | 0.6/1.7 MB | 32/86 kB | 98/216 kBProgress (5): 1.7 MB | 613 kB | 0.6/1.7 MB | 32/86 kB | 102/216 kBProgress (5): 1.7 MB | 613 kB | 0.6/1.7 MB | 32/86 kB | 102/216 kBProgress (5): 1.7 MB | 613 kB | 0.6/1.7 MB | 32/86 kB | 106/216 kBProgress (5): 1.7 MB | 613 kB | 0.6/1.7 MB | 32/86 kB | 106/216 kBProgress (5): 1.7 MB | 613 kB | 0.6/1.7 MB | 32/86 kB | 110/216 kBProgress (5): 1.7 MB | 613 kB | 0.6/1.7 MB | 32/86 kB | 114/216 kBProgress (5): 1.7 MB | 613 kB | 0.6/1.7 MB | 32/86 kB | 118/216 kBProgress (5): 1.7 MB | 613 kB | 0.6/1.7 MB | 36/86 kB | 118/216 kBProgress (5): 1.7 MB | 613 kB | 0.6/1.7 MB | 36/86 kB | 118/216 kBProgress (5): 1.7 MB | 613 kB | 0.6/1.7 MB | 40/86 kB | 118/216 kBProgress (5): 1.7 MB | 613 kB | 0.6/1.7 MB | 40/86 kB | 118/216 kBProgress (5): 1.7 MB | 613 kB | 0.6/1.7 MB | 45/86 kB | 118/216 kBProgress (5): 1.7 MB | 613 kB | 0.6/1.7 MB | 45/86 kB | 118/216 kBProgress (5): 1.7 MB | 613 kB | 0.6/1.7 MB | 45/86 kB | 122/216 kBProgress (5): 1.7 MB | 613 kB | 0.6/1.7 MB | 49/86 kB | 122/216 kBProgress (5): 1.7 MB | 613 kB | 0.6/1.7 MB | 49/86 kB | 122/216 kBProgress (5): 1.7 MB | 613 kB | 0.6/1.7 MB | 49/86 kB | 126/216 kBProgress (5): 1.7 MB | 613 kB | 0.6/1.7 MB | 49/86 kB | 131/216 kBProgress (5): 1.7 MB | 613 kB | 0.6/1.7 MB | 49/86 kB | 131/216 kBProgress (5): 1.7 MB | 613 kB | 0.6/1.7 MB | 49/86 kB | 135/216 kBProgress (5): 1.7 MB | 613 kB | 0.6/1.7 MB | 49/86 kB | 139/216 kBProgress (5): 1.7 MB | 613 kB | 0.6/1.7 MB | 49/86 kB | 143/216 kBProgress (5): 1.7 MB | 613 kB | 0.6/1.7 MB | 49/86 kB | 147/216 kBProgress (5): 1.7 MB | 613 kB | 0.6/1.7 MB | 49/86 kB | 147/216 kBProgress (5): 1.7 MB | 613 kB | 0.6/1.7 MB | 49/86 kB | 147/216 kBProgress (5): 1.7 MB | 613 kB | 0.6/1.7 MB | 49/86 kB | 147/216 kBProgress (5): 1.7 MB | 613 kB | 0.6/1.7 MB | 49/86 kB | 147/216 kBProgress (5): 1.7 MB | 613 kB | 0.6/1.7 MB | 49/86 kB | 147/216 kBProgress (5): 1.7 MB | 613 kB | 0.6/1.7 MB | 49/86 kB | 147/216 kBProgress (5): 1.7 MB | 613 kB | 0.6/1.7 MB | 49/86 kB | 147/216 kBProgress (5): 1.7 MB | 613 kB | 0.6/1.7 MB | 49/86 kB | 147/216 kBProgress (5): 1.7 MB | 613 kB | 0.6/1.7 MB | 49/86 kB | 147/216 kBProgress (5): 1.7 MB | 613 kB | 0.6/1.7 MB | 49/86 kB | 147/216 kBProgress (5): 1.7 MB | 613 kB | 0.6/1.7 MB | 49/86 kB | 147/216 kBProgress (5): 1.7 MB | 613 kB | 0.6/1.7 MB | 49/86 kB | 147/216 kB                                                                  Downloaded from central: https://repo.maven.apache.org/maven2/org/apache/hadoop/hadoop-mapreduce-client-app/3.2.1/hadoop-mapreduce-client-app-3.2.1.jar (613 kB at 2.2 MB/s)
Downloading from central: https://repo.maven.apache.org/maven2/org/apache/hadoop/hadoop-minikdc/3.2.1/hadoop-minikdc-3.2.1.jar
Progress (4): 1.7 MB | 0.6/1.7 MB | 49/86 kB | 147/216 kBProgress (4): 1.7 MB | 0.6/1.7 MB | 49/86 kB | 147/216 kBProgress (4): 1.7 MB | 0.6/1.7 MB | 49/86 kB | 147/216 kBProgress (4): 1.7 MB | 0.6/1.7 MB | 49/86 kB | 147/216 kBProgress (4): 1.7 MB | 0.7/1.7 MB | 49/86 kB | 147/216 kBProgress (4): 1.7 MB | 0.7/1.7 MB | 49/86 kB | 147/216 kBProgress (4): 1.7 MB | 0.7/1.7 MB | 49/86 kB | 147/216 kBProgress (4): 1.7 MB | 0.7/1.7 MB | 49/86 kB | 147/216 kBProgress (4): 1.7 MB | 0.7/1.7 MB | 49/86 kB | 147/216 kBProgress (4): 1.7 MB | 0.7/1.7 MB | 49/86 kB | 147/216 kBProgress (4): 1.7 MB | 0.7/1.7 MB | 49/86 kB | 147/216 kBProgress (4): 1.7 MB | 0.7/1.7 MB | 49/86 kB | 147/216 kBProgress (4): 1.7 MB | 0.7/1.7 MB | 49/86 kB | 147/216 kBProgress (4): 1.7 MB | 0.7/1.7 MB | 49/86 kB | 147/216 kBProgress (4): 1.7 MB | 0.7/1.7 MB | 49/86 kB | 147/216 kBProgress (4): 1.7 MB | 0.7/1.7 MB | 49/86 kB | 147/216 kBProgress (4): 1.7 MB | 0.7/1.7 MB | 49/86 kB | 147/216 kBProgress (4): 1.7 MB | 0.7/1.7 MB | 49/86 kB | 147/216 kBProgress (4): 1.7 MB | 0.7/1.7 MB | 49/86 kB | 147/216 kBProgress (4): 1.7 MB | 0.7/1.7 MB | 49/86 kB | 147/216 kBProgress (4): 1.7 MB | 0.7/1.7 MB | 49/86 kB | 147/216 kBProgress (4): 1.7 MB | 0.7/1.7 MB | 49/86 kB | 147/216 kBProgress (4): 1.7 MB | 0.7/1.7 MB | 49/86 kB | 147/216 kBProgress (4): 1.7 MB | 0.7/1.7 MB | 49/86 kB | 147/216 kBProgress (4): 1.7 MB | 0.7/1.7 MB | 49/86 kB | 147/216 kBProgress (4): 1.7 MB | 0.7/1.7 MB | 49/86 kB | 147/216 kBProgress (4): 1.7 MB | 0.7/1.7 MB | 49/86 kB | 147/216 kBProgress (4): 1.7 MB | 0.7/1.7 MB | 49/86 kB | 147/216 kBProgress (4): 1.7 MB | 0.8/1.7 MB | 49/86 kB | 147/216 kBProgress (4): 1.7 MB | 0.8/1.7 MB | 49/86 kB | 147/216 kBProgress (4): 1.7 MB | 0.8/1.7 MB | 49/86 kB | 147/216 kB                                                         Downloaded from central: https://repo.maven.apache.org/maven2/org/apache/hadoop/hadoop-mapreduce-client-jobclient/3.2.1/hadoop-mapreduce-client-jobclient-3.2.1-tests.jar (1.7 MB at 5.7 MB/s)
Progress (3): 0.8/1.7 MB | 49/86 kB | 147/216 kBProgress (3): 0.8/1.7 MB | 49/86 kB | 147/216 kBProgress (3): 0.8/1.7 MB | 49/86 kB | 147/216 kBProgress (3): 0.8/1.7 MB | 49/86 kB | 147/216 kBProgress (3): 0.8/1.7 MB | 49/86 kB | 147/216 kBProgress (3): 0.8/1.7 MB | 49/86 kB | 147/216 kBProgress (3): 0.8/1.7 MB | 49/86 kB | 147/216 kBProgress (3): 0.8/1.7 MB | 49/86 kB | 147/216 kBProgress (3): 0.8/1.7 MB | 49/86 kB | 147/216 kBProgress (3): 0.8/1.7 MB | 49/86 kB | 147/216 kBProgress (3): 0.8/1.7 MB | 49/86 kB | 147/216 kBProgress (3): 0.8/1.7 MB | 49/86 kB | 147/216 kBProgress (3): 0.8/1.7 MB | 49/86 kB | 147/216 kBProgress (3): 0.8/1.7 MB | 53/86 kB | 147/216 kBProgress (3): 0.8/1.7 MB | 57/86 kB | 147/216 kBProgress (3): 0.8/1.7 MB | 61/86 kB | 147/216 kBProgress (3): 0.8/1.7 MB | 65/86 kB | 147/216 kBProgress (3): 0.8/1.7 MB | 65/86 kB | 147/216 kBProgress (3): 0.8/1.7 MB | 65/86 kB | 147/216 kBProgress (3): 0.8/1.7 MB | 65/86 kB | 147/216 kBProgress (3): 0.8/1.7 MB | 65/86 kB | 147/216 kBProgress (3): 0.8/1.7 MB | 65/86 kB | 147/216 kBProgress (3): 0.8/1.7 MB | 65/86 kB | 147/216 kBProgress (3): 0.8/1.7 MB | 65/86 kB | 147/216 kBProgress (3): 0.8/1.7 MB | 65/86 kB | 147/216 kBProgress (3): 0.9/1.7 MB | 65/86 kB | 147/216 kBProgress (3): 0.9/1.7 MB | 65/86 kB | 147/216 kBProgress (3): 0.9/1.7 MB | 65/86 kB | 147/216 kBProgress (3): 0.9/1.7 MB | 65/86 kB | 147/216 kBProgress (3): 0.9/1.7 MB | 65/86 kB | 147/216 kBProgress (3): 0.9/1.7 MB | 65/86 kB | 147/216 kBProgress (3): 0.9/1.7 MB | 65/86 kB | 147/216 kBProgress (3): 0.9/1.7 MB | 65/86 kB | 147/216 kBProgress (3): 0.9/1.7 MB | 65/86 kB | 147/216 kBProgress (3): 0.9/1.7 MB | 65/86 kB | 147/216 kBProgress (3): 0.9/1.7 MB | 65/86 kB | 147/216 kBProgress (3): 0.9/1.7 MB | 65/86 kB | 147/216 kBProgress (3): 0.9/1.7 MB | 65/86 kB | 147/216 kBProgress (3): 0.9/1.7 MB | 65/86 kB | 147/216 kBProgress (3): 0.9/1.7 MB | 65/86 kB | 147/216 kBProgress (3): 0.9/1.7 MB | 65/86 kB | 147/216 kBProgress (3): 0.9/1.7 MB | 65/86 kB | 147/216 kBProgress (3): 0.9/1.7 MB | 65/86 kB | 147/216 kBProgress (3): 0.9/1.7 MB | 65/86 kB | 147/216 kBProgress (3): 0.9/1.7 MB | 65/86 kB | 147/216 kBProgress (3): 0.9/1.7 MB | 65/86 kB | 147/216 kBProgress (3): 0.9/1.7 MB | 65/86 kB | 147/216 kBProgress (3): 0.9/1.7 MB | 65/86 kB | 147/216 kBProgress (3): 0.9/1.7 MB | 65/86 kB | 147/216 kBProgress (3): 0.9/1.7 MB | 65/86 kB | 147/216 kBProgress (3): 1.0/1.7 MB | 65/86 kB | 147/216 kBProgress (3): 1.0/1.7 MB | 65/86 kB | 147/216 kBProgress (3): 1.0/1.7 MB | 65/86 kB | 147/216 kBProgress (3): 1.0/1.7 MB | 65/86 kB | 147/216 kBProgress (3): 1.0/1.7 MB | 65/86 kB | 147/216 kBProgress (3): 1.0/1.7 MB | 65/86 kB | 147/216 kBProgress (3): 1.0/1.7 MB | 65/86 kB | 147/216 kBProgress (3): 1.0/1.7 MB | 65/86 kB | 147/216 kBProgress (3): 1.0/1.7 MB | 65/86 kB | 147/216 kBProgress (3): 1.0/1.7 MB | 65/86 kB | 147/216 kBProgress (3): 1.0/1.7 MB | 65/86 kB | 147/216 kBProgress (3): 1.0/1.7 MB | 65/86 kB | 147/216 kBProgress (3): 1.0/1.7 MB | 65/86 kB | 147/216 kBProgress (3): 1.0/1.7 MB | 65/86 kB | 147/216 kBProgress (3): 1.0/1.7 MB | 65/86 kB | 147/216 kBProgress (3): 1.0/1.7 MB | 65/86 kB | 147/216 kBProgress (3): 1.0/1.7 MB | 65/86 kB | 147/216 kBProgress (3): 1.0/1.7 MB | 65/86 kB | 147/216 kBProgress (3): 1.0/1.7 MB | 65/86 kB | 147/216 kBProgress (3): 1.0/1.7 MB | 65/86 kB | 147/216 kBProgress (3): 1.0/1.7 MB | 65/86 kB | 147/216 kBProgress (3): 1.0/1.7 MB | 65/86 kB | 147/216 kBProgress (3): 1.0/1.7 MB | 65/86 kB | 147/216 kBProgress (3): 1.0/1.7 MB | 65/86 kB | 147/216 kBProgress (3): 1.1/1.7 MB | 65/86 kB | 147/216 kBProgress (3): 1.1/1.7 MB | 65/86 kB | 147/216 kBProgress (3): 1.1/1.7 MB | 65/86 kB | 147/216 kBProgress (4): 1.1/1.7 MB | 65/86 kB | 147/216 kB | 4.1/53 kBProgress (4): 1.1/1.7 MB | 65/86 kB | 147/216 kB | 7.7/53 kBProgress (4): 1.1/1.7 MB | 65/86 kB | 151/216 kB | 7.7/53 kBProgress (4): 1.1/1.7 MB | 65/86 kB | 151/216 kB | 12/53 kB Progress (4): 1.1/1.7 MB | 65/86 kB | 155/216 kB | 12/53 kBProgress (4): 1.1/1.7 MB | 65/86 kB | 155/216 kB | 16/53 kBProgress (4): 1.1/1.7 MB | 65/86 kB | 155/216 kB | 16/53 kBProgress (4): 1.1/1.7 MB | 65/86 kB | 159/216 kB | 16/53 kBProgress (4): 1.1/1.7 MB | 65/86 kB | 159/216 kB | 16/53 kBProgress (4): 1.1/1.7 MB | 65/86 kB | 163/216 kB | 16/53 kBProgress (4): 1.1/1.7 MB | 65/86 kB | 163/216 kB | 16/53 kBProgress (4): 1.1/1.7 MB | 65/86 kB | 163/216 kB | 16/53 kBProgress (4): 1.1/1.7 MB | 65/86 kB | 163/216 kB | 16/53 kBProgress (4): 1.1/1.7 MB | 65/86 kB | 163/216 kB | 16/53 kBProgress (4): 1.1/1.7 MB | 65/86 kB | 163/216 kB | 20/53 kBProgress (4): 1.1/1.7 MB | 65/86 kB | 163/216 kB | 20/53 kBProgress (4): 1.1/1.7 MB | 65/86 kB | 163/216 kB | 20/53 kBProgress (4): 1.1/1.7 MB | 65/86 kB | 163/216 kB | 24/53 kBProgress (4): 1.1/1.7 MB | 65/86 kB | 163/216 kB | 28/53 kBProgress (4): 1.1/1.7 MB | 65/86 kB | 163/216 kB | 32/53 kBProgress (4): 1.1/1.7 MB | 65/86 kB | 163/216 kB | 32/53 kBProgress (4): 1.1/1.7 MB | 65/86 kB | 163/216 kB | 32/53 kBProgress (4): 1.1/1.7 MB | 65/86 kB | 163/216 kB | 32/53 kBProgress (4): 1.1/1.7 MB | 65/86 kB | 163/216 kB | 32/53 kBProgress (4): 1.1/1.7 MB | 65/86 kB | 163/216 kB | 32/53 kBProgress (4): 1.1/1.7 MB | 65/86 kB | 163/216 kB | 32/53 kBProgress (4): 1.1/1.7 MB | 65/86 kB | 163/216 kB | 36/53 kBProgress (4): 1.1/1.7 MB | 65/86 kB | 163/216 kB | 36/53 kBProgress (4): 1.1/1.7 MB | 65/86 kB | 163/216 kB | 36/53 kBProgress (4): 1.1/1.7 MB | 65/86 kB | 163/216 kB | 40/53 kBProgress (4): 1.1/1.7 MB | 65/86 kB | 163/216 kB | 45/53 kBProgress (4): 1.1/1.7 MB | 65/86 kB | 163/216 kB | 49/53 kBProgress (4): 1.1/1.7 MB | 65/86 kB | 163/216 kB | 49/53 kBProgress (4): 1.1/1.7 MB | 65/86 kB | 163/216 kB | 49/53 kBProgress (4): 1.1/1.7 MB | 65/86 kB | 163/216 kB | 49/53 kBProgress (4): 1.1/1.7 MB | 65/86 kB | 163/216 kB | 53/53 kBProgress (4): 1.1/1.7 MB | 65/86 kB | 163/216 kB | 53/53 kBProgress (4): 1.1/1.7 MB | 65/86 kB | 163/216 kB | 53 kB   Progress (4): 1.1/1.7 MB | 65/86 kB | 163/216 kB | 53 kBProgress (4): 1.1/1.7 MB | 65/86 kB | 163/216 kB | 53 kBProgress (4): 1.2/1.7 MB | 65/86 kB | 163/216 kB | 53 kBProgress (4): 1.2/1.7 MB | 65/86 kB | 163/216 kB | 53 kBProgress (4): 1.2/1.7 MB | 65/86 kB | 163/216 kB | 53 kBProgress (4): 1.2/1.7 MB | 65/86 kB | 163/216 kB | 53 kBProgress (4): 1.2/1.7 MB | 65/86 kB | 163/216 kB | 53 kBProgress (4): 1.2/1.7 MB | 65/86 kB | 163/216 kB | 53 kBProgress (4): 1.2/1.7 MB | 65/86 kB | 163/216 kB | 53 kBProgress (4): 1.2/1.7 MB | 65/86 kB | 163/216 kB | 53 kBProgress (4): 1.2/1.7 MB | 65/86 kB | 163/216 kB | 53 kBProgress (4): 1.2/1.7 MB | 65/86 kB | 163/216 kB | 53 kBProgress (4): 1.2/1.7 MB | 69/86 kB | 163/216 kB | 53 kBProgress (4): 1.2/1.7 MB | 69/86 kB | 163/216 kB | 53 kBProgress (4): 1.2/1.7 MB | 73/86 kB | 163/216 kB | 53 kBProgress (4): 1.2/1.7 MB | 73/86 kB | 163/216 kB | 53 kBProgress (4): 1.2/1.7 MB | 73/86 kB | 163/216 kB | 53 kBProgress (4): 1.2/1.7 MB | 77/86 kB | 163/216 kB | 53 kBProgress (4): 1.2/1.7 MB | 77/86 kB | 163/216 kB | 53 kBProgress (4): 1.2/1.7 MB | 81/86 kB | 163/216 kB | 53 kBProgress (4): 1.2/1.7 MB | 85/86 kB | 163/216 kB | 53 kBProgress (4): 1.2/1.7 MB | 85/86 kB | 163/216 kB | 53 kBProgress (4): 1.2/1.7 MB | 86 kB | 163/216 kB | 53 kB   Progress (4): 1.2/1.7 MB | 86 kB | 163/216 kB | 53 kBProgress (4): 1.2/1.7 MB | 86 kB | 163/216 kB | 53 kBProgress (4): 1.2/1.7 MB | 86 kB | 163/216 kB | 53 kBProgress (4): 1.2/1.7 MB | 86 kB | 163/216 kB | 53 kBProgress (4): 1.2/1.7 MB | 86 kB | 163/216 kB | 53 kBProgress (4): 1.2/1.7 MB | 86 kB | 163/216 kB | 53 kBProgress (4): 1.2/1.7 MB | 86 kB | 163/216 kB | 53 kBProgress (4): 1.2/1.7 MB | 86 kB | 163/216 kB | 53 kBProgress (4): 1.2/1.7 MB | 86 kB | 163/216 kB | 53 kBProgress (4): 1.3/1.7 MB | 86 kB | 163/216 kB | 53 kBProgress (4): 1.3/1.7 MB | 86 kB | 163/216 kB | 53 kBProgress (4): 1.3/1.7 MB | 86 kB | 163/216 kB | 53 kBProgress (4): 1.3/1.7 MB | 86 kB | 163/216 kB | 53 kBProgress (4): 1.3/1.7 MB | 86 kB | 163/216 kB | 53 kBProgress (4): 1.3/1.7 MB | 86 kB | 163/216 kB | 53 kBProgress (4): 1.3/1.7 MB | 86 kB | 163/216 kB | 53 kBProgress (4): 1.3/1.7 MB | 86 kB | 163/216 kB | 53 kBProgress (4): 1.3/1.7 MB | 86 kB | 163/216 kB | 53 kBProgress (4): 1.3/1.7 MB | 86 kB | 163/216 kB | 53 kBProgress (4): 1.3/1.7 MB | 86 kB | 163/216 kB | 53 kBProgress (4): 1.3/1.7 MB | 86 kB | 163/216 kB | 53 kBProgress (4): 1.3/1.7 MB | 86 kB | 163/216 kB | 53 kBProgress (4): 1.3/1.7 MB | 86 kB | 163/216 kB | 53 kBProgress (4): 1.3/1.7 MB | 86 kB | 163/216 kB | 53 kBProgress (4): 1.3/1.7 MB | 86 kB | 163/216 kB | 53 kBProgress (4): 1.3/1.7 MB | 86 kB | 163/216 kB | 53 kBProgress (4): 1.3/1.7 MB | 86 kB | 163/216 kB | 53 kBProgress (4): 1.3/1.7 MB | 86 kB | 163/216 kB | 53 kBProgress (4): 1.3/1.7 MB | 86 kB | 163/216 kB | 53 kBProgress (4): 1.3/1.7 MB | 86 kB | 163/216 kB | 53 kBProgress (4): 1.3/1.7 MB | 86 kB | 163/216 kB | 53 kBProgress (4): 1.3/1.7 MB | 86 kB | 163/216 kB | 53 kBProgress (4): 1.3/1.7 MB | 86 kB | 163/216 kB | 53 kBProgress (4): 1.4/1.7 MB | 86 kB | 163/216 kB | 53 kBProgress (4): 1.4/1.7 MB | 86 kB | 163/216 kB | 53 kBProgress (4): 1.4/1.7 MB | 86 kB | 163/216 kB | 53 kBProgress (4): 1.4/1.7 MB | 86 kB | 163/216 kB | 53 kBProgress (4): 1.4/1.7 MB | 86 kB | 163/216 kB | 53 kBProgress (4): 1.4/1.7 MB | 86 kB | 163/216 kB | 53 kBProgress (4): 1.4/1.7 MB | 86 kB | 163/216 kB | 53 kBProgress (4): 1.4/1.7 MB | 86 kB | 163/216 kB | 53 kBProgress (4): 1.4/1.7 MB | 86 kB | 163/216 kB | 53 kBProgress (4): 1.4/1.7 MB | 86 kB | 163/216 kB | 53 kBProgress (4): 1.4/1.7 MB | 86 kB | 163/216 kB | 53 kBProgress (4): 1.4/1.7 MB | 86 kB | 163/216 kB | 53 kBProgress (4): 1.4/1.7 MB | 86 kB | 163/216 kB | 53 kBProgress (4): 1.4/1.7 MB | 86 kB | 163/216 kB | 53 kBProgress (4): 1.4/1.7 MB | 86 kB | 163/216 kB | 53 kBProgress (4): 1.4/1.7 MB | 86 kB | 163/216 kB | 53 kBProgress (4): 1.4/1.7 MB | 86 kB | 163/216 kB | 53 kBProgress (4): 1.4/1.7 MB | 86 kB | 163/216 kB | 53 kBProgress (4): 1.4/1.7 MB | 86 kB | 167/216 kB | 53 kBProgress (4): 1.4/1.7 MB | 86 kB | 171/216 kB | 53 kBProgress (4): 1.4/1.7 MB | 86 kB | 176/216 kB | 53 kBProgress (4): 1.4/1.7 MB | 86 kB | 180/216 kB | 53 kBProgress (4): 1.4/1.7 MB | 86 kB | 180/216 kB | 53 kBProgress (4): 1.4/1.7 MB | 86 kB | 180/216 kB | 53 kBProgress (4): 1.4/1.7 MB | 86 kB | 180/216 kB | 53 kBProgress (4): 1.4/1.7 MB | 86 kB | 180/216 kB | 53 kBProgress (4): 1.4/1.7 MB | 86 kB | 180/216 kB | 53 kBProgress (4): 1.4/1.7 MB | 86 kB | 180/216 kB | 53 kBProgress (4): 1.4/1.7 MB | 86 kB | 180/216 kB | 53 kBProgress (4): 1.5/1.7 MB | 86 kB | 180/216 kB | 53 kBProgress (4): 1.5/1.7 MB | 86 kB | 180/216 kB | 53 kBProgress (4): 1.5/1.7 MB | 86 kB | 180/216 kB | 53 kBProgress (4): 1.5/1.7 MB | 86 kB | 180/216 kB | 53 kBProgress (4): 1.5/1.7 MB | 86 kB | 180/216 kB | 53 kBProgress (4): 1.5/1.7 MB | 86 kB | 180/216 kB | 53 kBProgress (4): 1.5/1.7 MB | 86 kB | 180/216 kB | 53 kBProgress (4): 1.5/1.7 MB | 86 kB | 180/216 kB | 53 kBProgress (4): 1.5/1.7 MB | 86 kB | 180/216 kB | 53 kBProgress (4): 1.5/1.7 MB | 86 kB | 180/216 kB | 53 kBProgress (4): 1.5/1.7 MB | 86 kB | 180/216 kB | 53 kBProgress (4): 1.5/1.7 MB | 86 kB | 180/216 kB | 53 kBProgress (4): 1.5/1.7 MB | 86 kB | 180/216 kB | 53 kBProgress (4): 1.5/1.7 MB | 86 kB | 180/216 kB | 53 kBProgress (4): 1.5/1.7 MB | 86 kB | 180/216 kB | 53 kBProgress (4): 1.5/1.7 MB | 86 kB | 180/216 kB | 53 kBProgress (4): 1.5/1.7 MB | 86 kB | 180/216 kB | 53 kB                                                     Downloaded from central: https://repo.maven.apache.org/maven2/org/apache/hadoop/hadoop-minikdc/3.2.1/hadoop-minikdc-3.2.1.jar (53 kB at 159 kB/s)
Progress (3): 1.5/1.7 MB | 86 kB | 180/216 kBProgress (3): 1.5/1.7 MB | 86 kB | 180/216 kBProgress (3): 1.5/1.7 MB | 86 kB | 180/216 kBProgress (3): 1.5/1.7 MB | 86 kB | 180/216 kBProgress (3): 1.5/1.7 MB | 86 kB | 180/216 kBProgress (3): 1.5/1.7 MB | 86 kB | 180/216 kBProgress (3): 1.5/1.7 MB | 86 kB | 180/216 kBProgress (3): 1.6/1.7 MB | 86 kB | 180/216 kB                                             Downloaded from central: https://repo.maven.apache.org/maven2/org/apache/hadoop/hadoop-mapreduce-client-jobclient/3.2.1/hadoop-mapreduce-client-jobclient-3.2.1.jar (86 kB at 256 kB/s)
Progress (2): 1.6/1.7 MB | 180/216 kBProgress (2): 1.6/1.7 MB | 180/216 kBProgress (2): 1.6/1.7 MB | 180/216 kBProgress (2): 1.6/1.7 MB | 180/216 kBProgress (2): 1.6/1.7 MB | 180/216 kBProgress (2): 1.6/1.7 MB | 180/216 kBProgress (2): 1.6/1.7 MB | 180/216 kBProgress (2): 1.6/1.7 MB | 180/216 kBProgress (2): 1.6/1.7 MB | 180/216 kBProgress (2): 1.6/1.7 MB | 180/216 kBProgress (2): 1.6/1.7 MB | 180/216 kBProgress (2): 1.6/1.7 MB | 180/216 kBProgress (2): 1.6/1.7 MB | 180/216 kBProgress (2): 1.6/1.7 MB | 180/216 kBProgress (2): 1.6/1.7 MB | 180/216 kBProgress (2): 1.6/1.7 MB | 180/216 kBProgress (2): 1.6/1.7 MB | 180/216 kBProgress (2): 1.6/1.7 MB | 180/216 kBProgress (2): 1.6/1.7 MB | 180/216 kBProgress (2): 1.6/1.7 MB | 180/216 kBProgress (2): 1.6/1.7 MB | 180/216 kBProgress (2): 1.6/1.7 MB | 180/216 kBProgress (2): 1.6/1.7 MB | 180/216 kBProgress (2): 1.6/1.7 MB | 180/216 kBProgress (2): 1.6/1.7 MB | 184/216 kBProgress (2): 1.6/1.7 MB | 188/216 kBProgress (2): 1.7/1.7 MB | 188/216 kBProgress (2): 1.7/1.7 MB | 192/216 kBProgress (2): 1.7/1.7 MB | 196/216 kBProgress (2): 1.7 MB | 196/216 kB    Progress (2): 1.7 MB | 200/216 kBProgress (2): 1.7 MB | 204/216 kBProgress (2): 1.7 MB | 208/216 kBProgress (2): 1.7 MB | 212/216 kBProgress (2): 1.7 MB | 216 kB                                 Downloaded from central: https://repo.maven.apache.org/maven2/org/apache/hadoop/hadoop-mapreduce-client-core/3.2.1/hadoop-mapreduce-client-core-3.2.1.jar (1.7 MB at 4.5 MB/s)
Downloaded from central: https://repo.maven.apache.org/maven2/org/apache/hadoop/hadoop-mapreduce-client-hs/3.2.1/hadoop-mapreduce-client-hs-3.2.1.jar (216 kB at 561 kB/s)
[[1;34mINFO[m] 
[[1;34mINFO[m] [1m--- [0;32mmaven-antrun-plugin:1.7:run[m [1m(create-testdirs)[m @ [36mhadoop-yarn-services-api[0;1m ---[m
[[1;34mINFO[m] Executing tasks

main:
[[1;34mINFO[m] Executed tasks
[[1;34mINFO[m] 
[[1;34mINFO[m] [1m--- [0;32mmaven-resources-plugin:2.6:resources[m [1m(default-resources)[m @ [36mhadoop-yarn-services-api[0;1m ---[m
[[1;34mINFO[m] Using 'UTF-8' encoding to copy filtered resources.
[[1;34mINFO[m] Copying 4 resources
[[1;34mINFO[m] skip non existing resourceDirectory /root/hadoop-3.2.1-src/hadoop-yarn-project/hadoop-yarn/hadoop-yarn-applications/hadoop-yarn-services/hadoop-yarn-services-api/src/main/scripts
[[1;34mINFO[m] 
[[1;34mINFO[m] [1m--- [0;32mmaven-compiler-plugin:3.1:compile[m [1m(default-compile)[m @ [36mhadoop-yarn-services-api[0;1m ---[m
[[1;34mINFO[m] Nothing to compile - all classes are up to date
[[1;34mINFO[m] 
[[1;34mINFO[m] [1m--- [0;32mmaven-resources-plugin:2.6:testResources[m [1m(default-testResources)[m @ [36mhadoop-yarn-services-api[0;1m ---[m
[[1;34mINFO[m] Using 'UTF-8' encoding to copy filtered resources.
[[1;34mINFO[m] Copying 9 resources
[[1;34mINFO[m] 
[[1;34mINFO[m] [1m--- [0;32mmaven-compiler-plugin:3.1:testCompile[m [1m(default-testCompile)[m @ [36mhadoop-yarn-services-api[0;1m ---[m
[[1;34mINFO[m] Nothing to compile - all classes are up to date
[[1;34mINFO[m] 
[[1;34mINFO[m] [1m--- [0;32mmaven-surefire-plugin:3.0.0-M1:test[m [1m(default-test)[m @ [36mhadoop-yarn-services-api[0;1m ---[m
[[1;34mINFO[m] 
[[1;34mINFO[m] -------------------------------------------------------
[[1;34mINFO[m]  T E S T S
[[1;34mINFO[m] -------------------------------------------------------
[[1;34mINFO[m] Running org.apache.hadoop.yarn.service.[1mTestApiServer[m
[[1;34mINFO[m] [1;32mTests run: [0;1;32m29[m, Failures: 0, Errors: 0, Skipped: 0, Time elapsed: 1.505 s - in org.apache.hadoop.yarn.service.[1mTestApiServer[m
[[1;34mINFO[m] Running org.apache.hadoop.yarn.service.client.[1mTestSystemServiceManagerImpl[m
[[1;34mINFO[m] [1;32mTests run: [0;1;32m1[m, Failures: 0, Errors: 0, Skipped: 0, Time elapsed: 0.92 s - in org.apache.hadoop.yarn.service.client.[1mTestSystemServiceManagerImpl[m
[[1;34mINFO[m] Running org.apache.hadoop.yarn.service.client.[1mTestSecureApiServiceClient[m
[[1;34mINFO[m] [1;32mTests run: [0;1;32m2[m, Failures: 0, Errors: 0, Skipped: 0, Time elapsed: 3.394 s - in org.apache.hadoop.yarn.service.client.[1mTestSecureApiServiceClient[m
[[1;34mINFO[m] Running org.apache.hadoop.yarn.service.client.[1mTestApiServiceClient[m
[[1;34mINFO[m] [1;32mTests run: [0;1;32m16[m, Failures: 0, Errors: 0, Skipped: 0, Time elapsed: 2.665 s - in org.apache.hadoop.yarn.service.client.[1mTestApiServiceClient[m
[[1;34mINFO[m] Running org.apache.hadoop.yarn.service.[1mTestCleanupAfterKill[m
[[1;31mERROR[m] [1;31mTests [0;1mrun: [0;1m1[m, Failures: 0, [1;31mErrors: [0;1;31m1[m, Skipped: 0, Time elapsed: 217.708 s[1;31m <<< FAILURE![m - in org.apache.hadoop.yarn.service.[1mTestCleanupAfterKill[m
[[1;31mERROR[m] testRegistryCleanedOnLifetimeExceeded(org.apache.hadoop.yarn.service.TestCleanupAfterKill)  Time elapsed: 217.426 s  <<< ERROR!
java.lang.Exception: test timed out after 200000 milliseconds
	at java.lang.Thread.sleep(Native Method)
	at org.apache.hadoop.test.GenericTestUtils.waitFor(GenericTestUtils.java:382)
	at org.apache.hadoop.yarn.service.ServiceTestUtils.waitForServiceToBeInState(ServiceTestUtils.java:534)
	at org.apache.hadoop.yarn.service.ServiceTestUtils.waitForServiceToBeStable(ServiceTestUtils.java:500)
	at org.apache.hadoop.yarn.service.ServiceTestUtils.waitForServiceToBeStable(ServiceTestUtils.java:494)
	at org.apache.hadoop.yarn.service.TestCleanupAfterKill.testRegistryCleanedOnLifetimeExceeded(TestCleanupAfterKill.java:71)
	at sun.reflect.NativeMethodAccessorImpl.invoke0(Native Method)
	at sun.reflect.NativeMethodAccessorImpl.invoke(NativeMethodAccessorImpl.java:62)
	at sun.reflect.DelegatingMethodAccessorImpl.invoke(DelegatingMethodAccessorImpl.java:43)
	at java.lang.reflect.Method.invoke(Method.java:498)
	at org.junit.runners.model.FrameworkMethod$1.runReflectiveCall(FrameworkMethod.java:47)
	at org.junit.internal.runners.model.ReflectiveCallable.run(ReflectiveCallable.java:12)
	at org.junit.runners.model.FrameworkMethod.invokeExplosively(FrameworkMethod.java:44)
	at org.junit.internal.runners.statements.InvokeMethod.evaluate(InvokeMethod.java:17)
	at org.junit.internal.runners.statements.FailOnTimeout$StatementThread.run(FailOnTimeout.java:74)

[[1;34mINFO[m] 
[[1;34mINFO[m] Results:
[[1;34mINFO[m] 
[[1;31mERROR[m] [1;31mErrors: [m
[[1;31mERROR[m] [1;31m  TestCleanupAfterKill.testRegistryCleanedOnLifetimeExceeded:71->ServiceTestUtils.waitForServiceToBeStable:494->ServiceTestUtils.waitForServiceToBeStable:500->ServiceTestUtils.waitForServiceToBeInState:534 ? [m
[[1;34mINFO[m] 
[[1;31mERROR[m] [1;31mTests run: 49, Failures: 0, Errors: 1, Skipped: 0[m
[[1;34mINFO[m] 
[[1;34mINFO[m] [1m------------------------------------------------------------------------[m
[[1;34mINFO[m] [1;31mBUILD FAILURE[m
[[1;34mINFO[m] [1m------------------------------------------------------------------------[m
[[1;34mINFO[m] Total time:  04:02 min
[[1;34mINFO[m] Finished at: 2020-04-08T22:21:02Z
[[1;34mINFO[m] [1m------------------------------------------------------------------------[m
[[1;31mERROR[m] Failed to execute goal [32morg.apache.maven.plugins:maven-surefire-plugin:3.0.0-M1:test[m [1m(default-test)[m on project [36mhadoop-yarn-services-api[m: [1;31mThere are test failures.[m
[[1;31mERROR[m] [1;31m[m
[[1;31mERROR[m] [1;31mPlease refer to /root/hadoop-3.2.1-src/hadoop-yarn-project/hadoop-yarn/hadoop-yarn-applications/hadoop-yarn-services/hadoop-yarn-services-api/target/surefire-reports for the individual test results.[m
[[1;31mERROR[m] [1;31mPlease refer to dump files (if any exist) [date].dump, [date]-jvmRun[N].dump and [date].dumpstream.[m
[[1;31mERROR[m] -> [1m[Help 1][m
[[1;31mERROR[m] 
[[1;31mERROR[m] To see the full stack trace of the errors, re-run Maven with the [1m-e[m switch.
[[1;31mERROR[m] Re-run Maven using the [1m-X[m switch to enable full debug logging.
[[1;31mERROR[m] 
[[1;31mERROR[m] For more information about the errors and possible solutions, please read the following articles:
[[1;31mERROR[m] [1m[Help 1][m http://cwiki.apache.org/confluence/display/MAVEN/MojoFailureException
