[[1;34mINFO[m] Scanning for projects...
[[1;34mINFO[m] 
[[1;34mINFO[m] [1m----------< [0;36morg.apache.hadoop:hadoop-yarn-server-nodemanager[0;1m >----------[m
[[1;34mINFO[m] [1mBuilding Apache Hadoop YARN NodeManager 3.2.1[m
[[1;34mINFO[m] [1m--------------------------------[ jar ]---------------------------------[m
Downloading from apache.snapshots.https: https://repository.apache.org/content/repositories/snapshots/org/apache/hadoop/hadoop-yarn-server-common/3.2.1/hadoop-yarn-server-common-3.2.1-tests.jar
Downloading from repository.jboss.org: https://repository.jboss.org/nexus/content/groups/public/org/apache/hadoop/hadoop-yarn-server-common/3.2.1/hadoop-yarn-server-common-3.2.1-tests.jar
Downloading from central: https://repo.maven.apache.org/maven2/org/apache/hadoop/hadoop-yarn-server-common/3.2.1/hadoop-yarn-server-common-3.2.1-tests.jar
Progress (1): 2.2/237 kBProgress (1): 5.0/237 kBProgress (1): 7.7/237 kBProgress (1): 10/237 kB Progress (1): 13/237 kBProgress (1): 16/237 kBProgress (1): 19/237 kBProgress (1): 21/237 kBProgress (1): 24/237 kBProgress (1): 27/237 kBProgress (1): 30/237 kBProgress (1): 32/237 kBProgress (1): 36/237 kBProgress (1): 40/237 kBProgress (1): 45/237 kBProgress (1): 49/237 kBProgress (1): 53/237 kBProgress (1): 57/237 kBProgress (1): 61/237 kBProgress (1): 65/237 kBProgress (1): 69/237 kBProgress (1): 73/237 kBProgress (1): 77/237 kBProgress (1): 81/237 kBProgress (1): 85/237 kBProgress (1): 90/237 kBProgress (1): 94/237 kBProgress (1): 98/237 kBProgress (1): 102/237 kBProgress (1): 106/237 kBProgress (1): 110/237 kBProgress (1): 114/237 kBProgress (1): 118/237 kBProgress (1): 122/237 kBProgress (1): 126/237 kBProgress (1): 131/237 kBProgress (1): 135/237 kBProgress (1): 139/237 kBProgress (1): 143/237 kBProgress (1): 147/237 kBProgress (1): 151/237 kBProgress (1): 155/237 kBProgress (1): 159/237 kBProgress (1): 163/237 kBProgress (1): 167/237 kBProgress (1): 171/237 kBProgress (1): 176/237 kBProgress (1): 180/237 kBProgress (1): 184/237 kBProgress (1): 188/237 kBProgress (1): 192/237 kBProgress (1): 196/237 kBProgress (1): 200/237 kBProgress (1): 204/237 kBProgress (1): 208/237 kBProgress (1): 212/237 kBProgress (1): 217/237 kBProgress (1): 221/237 kBProgress (1): 225/237 kBProgress (1): 229/237 kBProgress (1): 233/237 kBProgress (1): 237 kB                        Downloaded from central: https://repo.maven.apache.org/maven2/org/apache/hadoop/hadoop-yarn-server-common/3.2.1/hadoop-yarn-server-common-3.2.1-tests.jar (237 kB at 967 kB/s)
[[1;34mINFO[m] 
[[1;34mINFO[m] [1m--- [0;32mmaven-antrun-plugin:1.7:run[m [1m(create-testdirs)[m @ [36mhadoop-yarn-server-nodemanager[0;1m ---[m
[[1;34mINFO[m] Executing tasks

main:
[[1;34mINFO[m] Executed tasks
[[1;34mINFO[m] 
[[1;34mINFO[m] [1m--- [0;32mhadoop-maven-plugins:3.2.1:protoc[m [1m(compile-protoc)[m @ [36mhadoop-yarn-server-nodemanager[0;1m ---[m
[[1;34mINFO[m] No changes detected in protoc files, skipping generation.
[[1;34mINFO[m] 
[[1;34mINFO[m] [1m--- [0;32mmaven-resources-plugin:2.6:resources[m [1m(default-resources)[m @ [36mhadoop-yarn-server-nodemanager[0;1m ---[m
[[1;34mINFO[m] Using 'UTF-8' encoding to copy filtered resources.
[[1;34mINFO[m] Copying 4 resources
[[1;34mINFO[m] 
[[1;34mINFO[m] [1m--- [0;32mmaven-compiler-plugin:3.1:compile[m [1m(default-compile)[m @ [36mhadoop-yarn-server-nodemanager[0;1m ---[m
[[1;34mINFO[m] Compiling 5 source files to /root/hadoop-3.2.1-src/hadoop-yarn-project/hadoop-yarn/hadoop-yarn-server/hadoop-yarn-server-nodemanager/target/classes
[[1;34mINFO[m] 
[[1;34mINFO[m] [1m--- [0;32mmaven-resources-plugin:2.6:testResources[m [1m(default-testResources)[m @ [36mhadoop-yarn-server-nodemanager[0;1m ---[m
[[1;34mINFO[m] Using 'UTF-8' encoding to copy filtered resources.
[[1;34mINFO[m] Copying 10 resources
[[1;34mINFO[m] 
[[1;34mINFO[m] [1m--- [0;32mmaven-compiler-plugin:3.1:testCompile[m [1m(default-testCompile)[m @ [36mhadoop-yarn-server-nodemanager[0;1m ---[m
[[1;34mINFO[m] Nothing to compile - all classes are up to date
[[1;34mINFO[m] 
[[1;34mINFO[m] [1m--- [0;32mmaven-surefire-plugin:3.0.0-M1:test[m [1m(default-test)[m @ [36mhadoop-yarn-server-nodemanager[0;1m ---[m
[[1;34mINFO[m] 
[[1;34mINFO[m] -------------------------------------------------------
[[1;34mINFO[m]  T E S T S
[[1;34mINFO[m] -------------------------------------------------------
[[1;34mINFO[m] Running org.apache.hadoop.yarn.server.nodemanager.containermanager.localizer.[1mTestLocalCacheDirectoryManager[m
[[1;34mINFO[m] [1;32mTests run: [0;1;32m5[m, Failures: 0, Errors: 0, Skipped: 0, Time elapsed: 0.838 s - in org.apache.hadoop.yarn.server.nodemanager.containermanager.localizer.[1mTestLocalCacheDirectoryManager[m
[[1;34mINFO[m] Running org.apache.hadoop.yarn.server.nodemanager.containermanager.localizer.[1mTestLocalResource[m
[[1;34mINFO[m] [1;32mTests run: [0;1;32m2[m, Failures: 0, Errors: 0, Skipped: 0, Time elapsed: 0.238 s - in org.apache.hadoop.yarn.server.nodemanager.containermanager.localizer.[1mTestLocalResource[m
[[1;34mINFO[m] Running org.apache.hadoop.yarn.server.nodemanager.containermanager.localizer.sharedcache.[1mTestSharedCacheUploadService[m
[[1;34mINFO[m] [1;32mTests run: [0;1;32m2[m, Failures: 0, Errors: 0, Skipped: 0, Time elapsed: 0.503 s - in org.apache.hadoop.yarn.server.nodemanager.containermanager.localizer.sharedcache.[1mTestSharedCacheUploadService[m
[[1;34mINFO[m] Running org.apache.hadoop.yarn.server.nodemanager.containermanager.localizer.sharedcache.[1mTestSharedCacheUploader[m
[[1;34mINFO[m] [1;32mTests run: [0;1;32m6[m, Failures: 0, Errors: 0, Skipped: 0, Time elapsed: 0.688 s - in org.apache.hadoop.yarn.server.nodemanager.containermanager.localizer.sharedcache.[1mTestSharedCacheUploader[m
[[1;34mINFO[m] Running org.apache.hadoop.yarn.server.nodemanager.containermanager.localizer.[1mTestContainerLocalizer[m
[[1;34mINFO[m] [1;32mTests run: [0;1;32m7[m, Failures: 0, Errors: 0, Skipped: 0, Time elapsed: 2.103 s - in org.apache.hadoop.yarn.server.nodemanager.containermanager.localizer.[1mTestContainerLocalizer[m
[[1;34mINFO[m] Running org.apache.hadoop.yarn.server.nodemanager.containermanager.localizer.[1mTestLocalResourcesTrackerImpl[m
[[1;34mINFO[m] [1;32mTests run: [0;1;32m11[m, Failures: 0, Errors: 0, Skipped: 0, Time elapsed: 0.894 s - in org.apache.hadoop.yarn.server.nodemanager.containermanager.localizer.[1mTestLocalResourcesTrackerImpl[m
[[1;34mINFO[m] Running org.apache.hadoop.yarn.server.nodemanager.containermanager.localizer.[1mTestLocalCacheCleanup[m
[[1;34mINFO[m] [1;32mTests run: [0;1;32m3[m, Failures: 0, Errors: 0, Skipped: 0, Time elapsed: 0.392 s - in org.apache.hadoop.yarn.server.nodemanager.containermanager.localizer.[1mTestLocalCacheCleanup[m
[[1;34mINFO[m] Running org.apache.hadoop.yarn.server.nodemanager.containermanager.localizer.[1mTestResourceLocalizationService[m
[[1;34mINFO[m] [1;32mTests run: [0;1;32m17[m, Failures: 0, Errors: 0, Skipped: 0, Time elapsed: 15.245 s - in org.apache.hadoop.yarn.server.nodemanager.containermanager.localizer.[1mTestResourceLocalizationService[m
[[1;34mINFO[m] Running org.apache.hadoop.yarn.server.nodemanager.containermanager.localizer.[1mTestLocalizedResource[m
[[1;34mINFO[m] [1;32mTests run: [0;1;32m1[m, Failures: 0, Errors: 0, Skipped: 0, Time elapsed: 0.392 s - in org.apache.hadoop.yarn.server.nodemanager.containermanager.localizer.[1mTestLocalizedResource[m
[[1;34mINFO[m] Running org.apache.hadoop.yarn.server.nodemanager.containermanager.[1mTestNMProxy[m
[[1;34mINFO[m] [1;32mTests run: [0;1;32m3[m, Failures: 0, Errors: 0, Skipped: 0, Time elapsed: 4.334 s - in org.apache.hadoop.yarn.server.nodemanager.containermanager.[1mTestNMProxy[m
[[1;34mINFO[m] Running org.apache.hadoop.yarn.server.nodemanager.containermanager.resourceplugin.fpga.[1mTestFpgaDiscoverer[m
[[1;34mINFO[m] [1;32mTests run: [0;1;32m2[m, Failures: 0, Errors: 0, Skipped: 0, Time elapsed: 0.382 s - in org.apache.hadoop.yarn.server.nodemanager.containermanager.resourceplugin.fpga.[1mTestFpgaDiscoverer[m
[[1;34mINFO[m] Running org.apache.hadoop.yarn.server.nodemanager.containermanager.resourceplugin.[1mTestResourcePluginManager[m
[[1;34mINFO[m] [1;32mTests run: [0;1;32m3[m, Failures: 0, Errors: 0, Skipped: 0, Time elapsed: 3.463 s - in org.apache.hadoop.yarn.server.nodemanager.containermanager.resourceplugin.[1mTestResourcePluginManager[m
[[1;34mINFO[m] Running org.apache.hadoop.yarn.server.nodemanager.containermanager.resourceplugin.gpu.[1mTestNvidiaDockerV2CommandPlugin[m
[[1;34mINFO[m] [1;32mTests run: [0;1;32m1[m, Failures: 0, Errors: 0, Skipped: 0, Time elapsed: 0.252 s - in org.apache.hadoop.yarn.server.nodemanager.containermanager.resourceplugin.gpu.[1mTestNvidiaDockerV2CommandPlugin[m
[[1;34mINFO[m] Running org.apache.hadoop.yarn.server.nodemanager.containermanager.resourceplugin.gpu.[1mTestGpuDiscoverer[m
[[1;33mWARNING[m] [1;33mTests [0;1mrun: [0;1m22[m, Failures: 0, Errors: 0, [1;33mSkipped: [0;1;33m2[m, Time elapsed: 0.991 s - in org.apache.hadoop.yarn.server.nodemanager.containermanager.resourceplugin.gpu.[1mTestGpuDiscoverer[m
[[1;34mINFO[m] Running org.apache.hadoop.yarn.server.nodemanager.containermanager.resourceplugin.gpu.[1mTestGpuResourcePlugin[m
[[1;34mINFO[m] [1;32mTests run: [0;1;32m2[m, Failures: 0, Errors: 0, Skipped: 0, Time elapsed: 0.334 s - in org.apache.hadoop.yarn.server.nodemanager.containermanager.resourceplugin.gpu.[1mTestGpuResourcePlugin[m
[[1;34mINFO[m] Running org.apache.hadoop.yarn.server.nodemanager.containermanager.resourceplugin.gpu.[1mTestNvidiaDockerV1CommandPlugin[m
[[1;34mINFO[m] [1;32mTests run: [0;1;32m1[m, Failures: 0, Errors: 0, Skipped: 0, Time elapsed: 0.496 s - in org.apache.hadoop.yarn.server.nodemanager.containermanager.resourceplugin.gpu.[1mTestNvidiaDockerV1CommandPlugin[m
[[1;34mINFO[m] Running org.apache.hadoop.yarn.server.nodemanager.containermanager.logaggregation.[1mTestLogAggregationService[m
[[1;34mINFO[m] [1;32mTests run: [0;1;32m46[m, Failures: 0, Errors: 0, Skipped: 0, Time elapsed: 204.143 s - in org.apache.hadoop.yarn.server.nodemanager.containermanager.logaggregation.[1mTestLogAggregationService[m
[[1;34mINFO[m] Running org.apache.hadoop.yarn.server.nodemanager.containermanager.logaggregation.[1mTestAppLogAggregatorImpl[m
[[1;34mINFO[m] [1;32mTests run: [0;1;32m4[m, Failures: 0, Errors: 0, Skipped: 0, Time elapsed: 1.203 s - in org.apache.hadoop.yarn.server.nodemanager.containermanager.logaggregation.[1mTestAppLogAggregatorImpl[m
[[1;34mINFO[m] Running org.apache.hadoop.yarn.server.nodemanager.containermanager.deletion.task.[1mTestFileDeletionTask[m
[[1;34mINFO[m] [1;32mTests run: [0;1;32m4[m, Failures: 0, Errors: 0, Skipped: 0, Time elapsed: 0.559 s - in org.apache.hadoop.yarn.server.nodemanager.containermanager.deletion.task.[1mTestFileDeletionTask[m
[[1;34mINFO[m] Running org.apache.hadoop.yarn.server.nodemanager.containermanager.deletion.task.[1mTestDockerContainerDeletionTask[m
[[1;34mINFO[m] [1;32mTests run: [0;1;32m3[m, Failures: 0, Errors: 0, Skipped: 0, Time elapsed: 0.277 s - in org.apache.hadoop.yarn.server.nodemanager.containermanager.deletion.task.[1mTestDockerContainerDeletionTask[m
[[1;34mINFO[m] Running org.apache.hadoop.yarn.server.nodemanager.containermanager.loghandler.[1mTestNonAggregatingLogHandler[m
[[1;34mINFO[m] [1;32mTests run: [0;1;32m6[m, Failures: 0, Errors: 0, Skipped: 0, Time elapsed: 1.056 s - in org.apache.hadoop.yarn.server.nodemanager.containermanager.loghandler.[1mTestNonAggregatingLogHandler[m
[[1;34mINFO[m] Running org.apache.hadoop.yarn.server.nodemanager.containermanager.[1mTestAuxServices[m
[[1;34mINFO[m] [1;32mTests run: [0;1;32m9[m, Failures: 0, Errors: 0, Skipped: 0, Time elapsed: 1.186 s - in org.apache.hadoop.yarn.server.nodemanager.containermanager.[1mTestAuxServices[m
[[1;34mINFO[m] Running org.apache.hadoop.yarn.server.nodemanager.containermanager.monitor.[1mTestContainersMonitorResourceChange[m
[[1;34mINFO[m] [1;32mTests run: [0;1;32m3[m, Failures: 0, Errors: 0, Skipped: 0, Time elapsed: 2.362 s - in org.apache.hadoop.yarn.server.nodemanager.containermanager.monitor.[1mTestContainersMonitorResourceChange[m
[[1;34mINFO[m] Running org.apache.hadoop.yarn.server.nodemanager.containermanager.monitor.[1mTestContainerMetrics[m
[[1;34mINFO[m] [1;32mTests run: [0;1;32m5[m, Failures: 0, Errors: 0, Skipped: 0, Time elapsed: 2.201 s - in org.apache.hadoop.yarn.server.nodemanager.containermanager.monitor.[1mTestContainerMetrics[m
[[1;34mINFO[m] Running org.apache.hadoop.yarn.server.nodemanager.containermanager.monitor.[1mTestContainersMonitor[m
[[1;34mINFO[m] [1;32mTests run: [0;1;32m5[m, Failures: 0, Errors: 0, Skipped: 0, Time elapsed: 14.977 s - in org.apache.hadoop.yarn.server.nodemanager.containermanager.monitor.[1mTestContainersMonitor[m
[[1;34mINFO[m] Running org.apache.hadoop.yarn.server.nodemanager.containermanager.application.[1mTestApplication[m
[[1;34mINFO[m] [1;32mTests run: [0;1;32m10[m, Failures: 0, Errors: 0, Skipped: 0, Time elapsed: 4.986 s - in org.apache.hadoop.yarn.server.nodemanager.containermanager.application.[1mTestApplication[m
[[1;34mINFO[m] Running org.apache.hadoop.yarn.server.nodemanager.containermanager.linux.runtime.[1mTestJavaSandboxLinuxContainerRuntime[m
[[1;31mERROR[m] [1;31mTests [0;1mrun: [0;1m12[m, Failures: 0, [1;31mErrors: [0;1;31m5[m, Skipped: 0, Time elapsed: 0.607 s[1;31m <<< FAILURE![m - in org.apache.hadoop.yarn.server.nodemanager.containermanager.linux.runtime.[1mTestJavaSandboxLinuxContainerRuntime[m
[[1;31mERROR[m] testAppendSecurityFlags(org.apache.hadoop.yarn.server.nodemanager.containermanager.linux.runtime.TestJavaSandboxLinuxContainerRuntime)  Time elapsed: 0.038 s  <<< ERROR!
org.apache.hadoop.yarn.server.nodemanager.containermanager.runtime.ContainerExecutionException: JAVA_HOME is not set for NodeManager
	at org.apache.hadoop.yarn.server.nodemanager.containermanager.linux.runtime.JavaSandboxLinuxContainerRuntime$NMContainerPolicyUtils.validateJavaHome(JavaSandboxLinuxContainerRuntime.java:545)
	at org.apache.hadoop.yarn.server.nodemanager.containermanager.linux.runtime.JavaSandboxLinuxContainerRuntime$NMContainerPolicyUtils.appendSecurityFlags(JavaSandboxLinuxContainerRuntime.java:520)
	at org.apache.hadoop.yarn.server.nodemanager.containermanager.linux.runtime.TestJavaSandboxLinuxContainerRuntime.testAppendSecurityFlags(TestJavaSandboxLinuxContainerRuntime.java:445)
	at sun.reflect.NativeMethodAccessorImpl.invoke0(Native Method)
	at sun.reflect.NativeMethodAccessorImpl.invoke(NativeMethodAccessorImpl.java:62)
	at sun.reflect.DelegatingMethodAccessorImpl.invoke(DelegatingMethodAccessorImpl.java:43)
	at java.lang.reflect.Method.invoke(Method.java:498)
	at org.junit.runners.model.FrameworkMethod$1.runReflectiveCall(FrameworkMethod.java:47)
	at org.junit.internal.runners.model.ReflectiveCallable.run(ReflectiveCallable.java:12)
	at org.junit.runners.model.FrameworkMethod.invokeExplosively(FrameworkMethod.java:44)
	at org.junit.internal.runners.statements.InvokeMethod.evaluate(InvokeMethod.java:17)
	at org.junit.internal.runners.statements.RunBefores.evaluate(RunBefores.java:26)
	at org.junit.internal.runners.statements.RunAfters.evaluate(RunAfters.java:27)
	at org.junit.rules.ExpectedException$ExpectedExceptionStatement.evaluate(ExpectedException.java:168)
	at org.junit.rules.RunRules.evaluate(RunRules.java:20)
	at org.junit.runners.ParentRunner.runLeaf(ParentRunner.java:271)
	at org.junit.runners.BlockJUnit4ClassRunner.runChild(BlockJUnit4ClassRunner.java:70)
	at org.junit.runners.BlockJUnit4ClassRunner.runChild(BlockJUnit4ClassRunner.java:50)
	at org.junit.runners.ParentRunner$3.run(ParentRunner.java:238)
	at org.junit.runners.ParentRunner$1.schedule(ParentRunner.java:63)
	at org.junit.runners.ParentRunner.runChildren(ParentRunner.java:236)
	at org.junit.runners.ParentRunner.access$000(ParentRunner.java:53)
	at org.junit.runners.ParentRunner$2.evaluate(ParentRunner.java:229)
	at org.junit.runners.ParentRunner.run(ParentRunner.java:309)
	at org.apache.maven.surefire.junit4.JUnit4Provider.execute(JUnit4Provider.java:365)
	at org.apache.maven.surefire.junit4.JUnit4Provider.executeWithRerun(JUnit4Provider.java:273)
	at org.apache.maven.surefire.junit4.JUnit4Provider.executeTestSet(JUnit4Provider.java:238)
	at org.apache.maven.surefire.junit4.JUnit4Provider.invoke(JUnit4Provider.java:159)
	at org.apache.maven.surefire.booter.ForkedBooter.invokeProviderInSameClassLoader(ForkedBooter.java:384)
	at org.apache.maven.surefire.booter.ForkedBooter.runSuitesInProcess(ForkedBooter.java:345)
	at org.apache.maven.surefire.booter.ForkedBooter.execute(ForkedBooter.java:126)
	at org.apache.maven.surefire.booter.ForkedBooter.main(ForkedBooter.java:418)

[[1;31mERROR[m] testEnabledSandboxWithWhitelist(org.apache.hadoop.yarn.server.nodemanager.containermanager.linux.runtime.TestJavaSandboxLinuxContainerRuntime)  Time elapsed: 0.06 s  <<< ERROR!
org.apache.hadoop.yarn.server.nodemanager.containermanager.runtime.ContainerExecutionException: JAVA_HOME is not set for NodeManager
	at org.apache.hadoop.yarn.server.nodemanager.containermanager.linux.runtime.JavaSandboxLinuxContainerRuntime$NMContainerPolicyUtils.validateJavaHome(JavaSandboxLinuxContainerRuntime.java:545)
	at org.apache.hadoop.yarn.server.nodemanager.containermanager.linux.runtime.JavaSandboxLinuxContainerRuntime$NMContainerPolicyUtils.appendSecurityFlags(JavaSandboxLinuxContainerRuntime.java:520)
	at org.apache.hadoop.yarn.server.nodemanager.containermanager.linux.runtime.JavaSandboxLinuxContainerRuntime.prepareContainer(JavaSandboxLinuxContainerRuntime.java:261)
	at org.apache.hadoop.yarn.server.nodemanager.containermanager.linux.runtime.TestJavaSandboxLinuxContainerRuntime.testEnabledSandboxWithWhitelist(TestJavaSandboxLinuxContainerRuntime.java:346)
	at sun.reflect.NativeMethodAccessorImpl.invoke0(Native Method)
	at sun.reflect.NativeMethodAccessorImpl.invoke(NativeMethodAccessorImpl.java:62)
	at sun.reflect.DelegatingMethodAccessorImpl.invoke(DelegatingMethodAccessorImpl.java:43)
	at java.lang.reflect.Method.invoke(Method.java:498)
	at org.junit.runners.model.FrameworkMethod$1.runReflectiveCall(FrameworkMethod.java:47)
	at org.junit.internal.runners.model.ReflectiveCallable.run(ReflectiveCallable.java:12)
	at org.junit.runners.model.FrameworkMethod.invokeExplosively(FrameworkMethod.java:44)
	at org.junit.internal.runners.statements.InvokeMethod.evaluate(InvokeMethod.java:17)
	at org.junit.internal.runners.statements.RunBefores.evaluate(RunBefores.java:26)
	at org.junit.internal.runners.statements.RunAfters.evaluate(RunAfters.java:27)
	at org.junit.rules.ExpectedException$ExpectedExceptionStatement.evaluate(ExpectedException.java:168)
	at org.junit.rules.RunRules.evaluate(RunRules.java:20)
	at org.junit.runners.ParentRunner.runLeaf(ParentRunner.java:271)
	at org.junit.runners.BlockJUnit4ClassRunner.runChild(BlockJUnit4ClassRunner.java:70)
	at org.junit.runners.BlockJUnit4ClassRunner.runChild(BlockJUnit4ClassRunner.java:50)
	at org.junit.runners.ParentRunner$3.run(ParentRunner.java:238)
	at org.junit.runners.ParentRunner$1.schedule(ParentRunner.java:63)
	at org.junit.runners.ParentRunner.runChildren(ParentRunner.java:236)
	at org.junit.runners.ParentRunner.access$000(ParentRunner.java:53)
	at org.junit.runners.ParentRunner$2.evaluate(ParentRunner.java:229)
	at org.junit.runners.ParentRunner.run(ParentRunner.java:309)
	at org.apache.maven.surefire.junit4.JUnit4Provider.execute(JUnit4Provider.java:365)
	at org.apache.maven.surefire.junit4.JUnit4Provider.executeWithRerun(JUnit4Provider.java:273)
	at org.apache.maven.surefire.junit4.JUnit4Provider.executeTestSet(JUnit4Provider.java:238)
	at org.apache.maven.surefire.junit4.JUnit4Provider.invoke(JUnit4Provider.java:159)
	at org.apache.maven.surefire.booter.ForkedBooter.invokeProviderInSameClassLoader(ForkedBooter.java:384)
	at org.apache.maven.surefire.booter.ForkedBooter.runSuitesInProcess(ForkedBooter.java:345)
	at org.apache.maven.surefire.booter.ForkedBooter.execute(ForkedBooter.java:126)
	at org.apache.maven.surefire.booter.ForkedBooter.main(ForkedBooter.java:418)

[[1;31mERROR[m] testGroupPolicies(org.apache.hadoop.yarn.server.nodemanager.containermanager.linux.runtime.TestJavaSandboxLinuxContainerRuntime)  Time elapsed: 0.011 s  <<< ERROR!
org.apache.hadoop.yarn.server.nodemanager.containermanager.runtime.ContainerExecutionException: JAVA_HOME is not set for NodeManager
	at org.apache.hadoop.yarn.server.nodemanager.containermanager.linux.runtime.JavaSandboxLinuxContainerRuntime$NMContainerPolicyUtils.validateJavaHome(JavaSandboxLinuxContainerRuntime.java:545)
	at org.apache.hadoop.yarn.server.nodemanager.containermanager.linux.runtime.JavaSandboxLinuxContainerRuntime$NMContainerPolicyUtils.appendSecurityFlags(JavaSandboxLinuxContainerRuntime.java:520)
	at org.apache.hadoop.yarn.server.nodemanager.containermanager.linux.runtime.JavaSandboxLinuxContainerRuntime.prepareContainer(JavaSandboxLinuxContainerRuntime.java:261)
	at org.apache.hadoop.yarn.server.nodemanager.containermanager.linux.runtime.TestJavaSandboxLinuxContainerRuntime.testGroupPolicies(TestJavaSandboxLinuxContainerRuntime.java:252)
	at sun.reflect.NativeMethodAccessorImpl.invoke0(Native Method)
	at sun.reflect.NativeMethodAccessorImpl.invoke(NativeMethodAccessorImpl.java:62)
	at sun.reflect.DelegatingMethodAccessorImpl.invoke(DelegatingMethodAccessorImpl.java:43)
	at java.lang.reflect.Method.invoke(Method.java:498)
	at org.junit.runners.model.FrameworkMethod$1.runReflectiveCall(FrameworkMethod.java:47)
	at org.junit.internal.runners.model.ReflectiveCallable.run(ReflectiveCallable.java:12)
	at org.junit.runners.model.FrameworkMethod.invokeExplosively(FrameworkMethod.java:44)
	at org.junit.internal.runners.statements.InvokeMethod.evaluate(InvokeMethod.java:17)
	at org.junit.internal.runners.statements.RunBefores.evaluate(RunBefores.java:26)
	at org.junit.internal.runners.statements.RunAfters.evaluate(RunAfters.java:27)
	at org.junit.rules.ExpectedException$ExpectedExceptionStatement.evaluate(ExpectedException.java:168)
	at org.junit.rules.RunRules.evaluate(RunRules.java:20)
	at org.junit.runners.ParentRunner.runLeaf(ParentRunner.java:271)
	at org.junit.runners.BlockJUnit4ClassRunner.runChild(BlockJUnit4ClassRunner.java:70)
	at org.junit.runners.BlockJUnit4ClassRunner.runChild(BlockJUnit4ClassRunner.java:50)
	at org.junit.runners.ParentRunner$3.run(ParentRunner.java:238)
	at org.junit.runners.ParentRunner$1.schedule(ParentRunner.java:63)
	at org.junit.runners.ParentRunner.runChildren(ParentRunner.java:236)
	at org.junit.runners.ParentRunner.access$000(ParentRunner.java:53)
	at org.junit.runners.ParentRunner$2.evaluate(ParentRunner.java:229)
	at org.junit.runners.ParentRunner.run(ParentRunner.java:309)
	at org.apache.maven.surefire.junit4.JUnit4Provider.execute(JUnit4Provider.java:365)
	at org.apache.maven.surefire.junit4.JUnit4Provider.executeWithRerun(JUnit4Provider.java:273)
	at org.apache.maven.surefire.junit4.JUnit4Provider.executeTestSet(JUnit4Provider.java:238)
	at org.apache.maven.surefire.junit4.JUnit4Provider.invoke(JUnit4Provider.java:159)
	at org.apache.maven.surefire.booter.ForkedBooter.invokeProviderInSameClassLoader(ForkedBooter.java:384)
	at org.apache.maven.surefire.booter.ForkedBooter.runSuitesInProcess(ForkedBooter.java:345)
	at org.apache.maven.surefire.booter.ForkedBooter.execute(ForkedBooter.java:126)
	at org.apache.maven.surefire.booter.ForkedBooter.main(ForkedBooter.java:418)

[[1;31mERROR[m] testDeniedWhitelistGroup(org.apache.hadoop.yarn.server.nodemanager.containermanager.linux.runtime.TestJavaSandboxLinuxContainerRuntime)  Time elapsed: 0.01 s  <<< ERROR!
org.apache.hadoop.yarn.server.nodemanager.containermanager.runtime.ContainerExecutionException: JAVA_HOME is not set for NodeManager
	at org.apache.hadoop.yarn.server.nodemanager.containermanager.linux.runtime.JavaSandboxLinuxContainerRuntime$NMContainerPolicyUtils.validateJavaHome(JavaSandboxLinuxContainerRuntime.java:545)
	at org.apache.hadoop.yarn.server.nodemanager.containermanager.linux.runtime.JavaSandboxLinuxContainerRuntime$NMContainerPolicyUtils.appendSecurityFlags(JavaSandboxLinuxContainerRuntime.java:520)
	at org.apache.hadoop.yarn.server.nodemanager.containermanager.linux.runtime.JavaSandboxLinuxContainerRuntime.prepareContainer(JavaSandboxLinuxContainerRuntime.java:261)
	at org.apache.hadoop.yarn.server.nodemanager.containermanager.linux.runtime.TestJavaSandboxLinuxContainerRuntime.testDeniedWhitelistGroup(TestJavaSandboxLinuxContainerRuntime.java:367)
	at sun.reflect.NativeMethodAccessorImpl.invoke0(Native Method)
	at sun.reflect.NativeMethodAccessorImpl.invoke(NativeMethodAccessorImpl.java:62)
	at sun.reflect.DelegatingMethodAccessorImpl.invoke(DelegatingMethodAccessorImpl.java:43)
	at java.lang.reflect.Method.invoke(Method.java:498)
	at org.junit.runners.model.FrameworkMethod$1.runReflectiveCall(FrameworkMethod.java:47)
	at org.junit.internal.runners.model.ReflectiveCallable.run(ReflectiveCallable.java:12)
	at org.junit.runners.model.FrameworkMethod.invokeExplosively(FrameworkMethod.java:44)
	at org.junit.internal.runners.statements.InvokeMethod.evaluate(InvokeMethod.java:17)
	at org.junit.internal.runners.statements.RunBefores.evaluate(RunBefores.java:26)
	at org.junit.internal.runners.statements.RunAfters.evaluate(RunAfters.java:27)
	at org.junit.rules.ExpectedException$ExpectedExceptionStatement.evaluate(ExpectedException.java:168)
	at org.junit.rules.RunRules.evaluate(RunRules.java:20)
	at org.junit.runners.ParentRunner.runLeaf(ParentRunner.java:271)
	at org.junit.runners.BlockJUnit4ClassRunner.runChild(BlockJUnit4ClassRunner.java:70)
	at org.junit.runners.BlockJUnit4ClassRunner.runChild(BlockJUnit4ClassRunner.java:50)
	at org.junit.runners.ParentRunner$3.run(ParentRunner.java:238)
	at org.junit.runners.ParentRunner$1.schedule(ParentRunner.java:63)
	at org.junit.runners.ParentRunner.runChildren(ParentRunner.java:236)
	at org.junit.runners.ParentRunner.access$000(ParentRunner.java:53)
	at org.junit.runners.ParentRunner$2.evaluate(ParentRunner.java:229)
	at org.junit.runners.ParentRunner.run(ParentRunner.java:309)
	at org.apache.maven.surefire.junit4.JUnit4Provider.execute(JUnit4Provider.java:365)
	at org.apache.maven.surefire.junit4.JUnit4Provider.executeWithRerun(JUnit4Provider.java:273)
	at org.apache.maven.surefire.junit4.JUnit4Provider.executeTestSet(JUnit4Provider.java:238)
	at org.apache.maven.surefire.junit4.JUnit4Provider.invoke(JUnit4Provider.java:159)
	at org.apache.maven.surefire.booter.ForkedBooter.invokeProviderInSameClassLoader(ForkedBooter.java:384)
	at org.apache.maven.surefire.booter.ForkedBooter.runSuitesInProcess(ForkedBooter.java:345)
	at org.apache.maven.surefire.booter.ForkedBooter.execute(ForkedBooter.java:126)
	at org.apache.maven.surefire.booter.ForkedBooter.main(ForkedBooter.java:418)

[[1;31mERROR[m] testPermissiveMode(org.apache.hadoop.yarn.server.nodemanager.containermanager.linux.runtime.TestJavaSandboxLinuxContainerRuntime)  Time elapsed: 0.008 s  <<< ERROR!
org.apache.hadoop.yarn.server.nodemanager.containermanager.runtime.ContainerExecutionException: JAVA_HOME is not set for NodeManager
	at org.apache.hadoop.yarn.server.nodemanager.containermanager.linux.runtime.JavaSandboxLinuxContainerRuntime$NMContainerPolicyUtils.validateJavaHome(JavaSandboxLinuxContainerRuntime.java:545)
	at org.apache.hadoop.yarn.server.nodemanager.containermanager.linux.runtime.JavaSandboxLinuxContainerRuntime$NMContainerPolicyUtils.appendSecurityFlags(JavaSandboxLinuxContainerRuntime.java:520)
	at org.apache.hadoop.yarn.server.nodemanager.containermanager.linux.runtime.TestJavaSandboxLinuxContainerRuntime.testPermissiveMode(TestJavaSandboxLinuxContainerRuntime.java:308)
	at sun.reflect.NativeMethodAccessorImpl.invoke0(Native Method)
	at sun.reflect.NativeMethodAccessorImpl.invoke(NativeMethodAccessorImpl.java:62)
	at sun.reflect.DelegatingMethodAccessorImpl.invoke(DelegatingMethodAccessorImpl.java:43)
	at java.lang.reflect.Method.invoke(Method.java:498)
	at org.junit.runners.model.FrameworkMethod$1.runReflectiveCall(FrameworkMethod.java:47)
	at org.junit.internal.runners.model.ReflectiveCallable.run(ReflectiveCallable.java:12)
	at org.junit.runners.model.FrameworkMethod.invokeExplosively(FrameworkMethod.java:44)
	at org.junit.internal.runners.statements.InvokeMethod.evaluate(InvokeMethod.java:17)
	at org.junit.internal.runners.statements.RunBefores.evaluate(RunBefores.java:26)
	at org.junit.internal.runners.statements.RunAfters.evaluate(RunAfters.java:27)
	at org.junit.rules.ExpectedException$ExpectedExceptionStatement.evaluate(ExpectedException.java:168)
	at org.junit.rules.RunRules.evaluate(RunRules.java:20)
	at org.junit.runners.ParentRunner.runLeaf(ParentRunner.java:271)
	at org.junit.runners.BlockJUnit4ClassRunner.runChild(BlockJUnit4ClassRunner.java:70)
	at org.junit.runners.BlockJUnit4ClassRunner.runChild(BlockJUnit4ClassRunner.java:50)
	at org.junit.runners.ParentRunner$3.run(ParentRunner.java:238)
	at org.junit.runners.ParentRunner$1.schedule(ParentRunner.java:63)
	at org.junit.runners.ParentRunner.runChildren(ParentRunner.java:236)
	at org.junit.runners.ParentRunner.access$000(ParentRunner.java:53)
	at org.junit.runners.ParentRunner$2.evaluate(ParentRunner.java:229)
	at org.junit.runners.ParentRunner.run(ParentRunner.java:309)
	at org.apache.maven.surefire.junit4.JUnit4Provider.execute(JUnit4Provider.java:365)
	at org.apache.maven.surefire.junit4.JUnit4Provider.executeWithRerun(JUnit4Provider.java:273)
	at org.apache.maven.surefire.junit4.JUnit4Provider.executeTestSet(JUnit4Provider.java:238)
	at org.apache.maven.surefire.junit4.JUnit4Provider.invoke(JUnit4Provider.java:159)
	at org.apache.maven.surefire.booter.ForkedBooter.invokeProviderInSameClassLoader(ForkedBooter.java:384)
	at org.apache.maven.surefire.booter.ForkedBooter.runSuitesInProcess(ForkedBooter.java:345)
	at org.apache.maven.surefire.booter.ForkedBooter.execute(ForkedBooter.java:126)
	at org.apache.maven.surefire.booter.ForkedBooter.main(ForkedBooter.java:418)

[[1;34mINFO[m] Running org.apache.hadoop.yarn.server.nodemanager.containermanager.linux.runtime.[1mTestDockerContainerRuntime[m
[[1;31mERROR[m] [1;31mTests [0;1mrun: [0;1m57[m, [1;31mFailures: [0;1;31m1[m, [1;31mErrors: [0;1;31m20[m, Skipped: 0, Time elapsed: 3.101 s[1;31m <<< FAILURE![m - in org.apache.hadoop.yarn.server.nodemanager.containermanager.linux.runtime.[1mTestDockerContainerRuntime[m
[[1;31mERROR[m] testDefaultROMounts(org.apache.hadoop.yarn.server.nodemanager.containermanager.linux.runtime.TestDockerContainerRuntime)  Time elapsed: 0.458 s  <<< ERROR!
org.apache.hadoop.yarn.server.nodemanager.containermanager.runtime.ContainerExecutionException: uid: 0 below threshold: 1
	at org.apache.hadoop.yarn.server.nodemanager.containermanager.linux.runtime.DockerLinuxContainerRuntime.launchContainer(DockerLinuxContainerRuntime.java:835)
	at org.apache.hadoop.yarn.server.nodemanager.containermanager.linux.runtime.TestDockerContainerRuntime.testDefaultROMounts(TestDockerContainerRuntime.java:1573)
	at sun.reflect.NativeMethodAccessorImpl.invoke0(Native Method)
	at sun.reflect.NativeMethodAccessorImpl.invoke(NativeMethodAccessorImpl.java:62)
	at sun.reflect.DelegatingMethodAccessorImpl.invoke(DelegatingMethodAccessorImpl.java:43)
	at java.lang.reflect.Method.invoke(Method.java:498)
	at org.junit.runners.model.FrameworkMethod$1.runReflectiveCall(FrameworkMethod.java:47)
	at org.junit.internal.runners.model.ReflectiveCallable.run(ReflectiveCallable.java:12)
	at org.junit.runners.model.FrameworkMethod.invokeExplosively(FrameworkMethod.java:44)
	at org.junit.internal.runners.statements.InvokeMethod.evaluate(InvokeMethod.java:17)
	at org.junit.internal.runners.statements.RunBefores.evaluate(RunBefores.java:26)
	at org.junit.rules.ExternalResource$1.evaluate(ExternalResource.java:48)
	at org.junit.rules.RunRules.evaluate(RunRules.java:20)
	at org.junit.runners.ParentRunner.runLeaf(ParentRunner.java:271)
	at org.junit.runners.BlockJUnit4ClassRunner.runChild(BlockJUnit4ClassRunner.java:70)
	at org.junit.runners.BlockJUnit4ClassRunner.runChild(BlockJUnit4ClassRunner.java:50)
	at org.junit.runners.ParentRunner$3.run(ParentRunner.java:238)
	at org.junit.runners.ParentRunner$1.schedule(ParentRunner.java:63)
	at org.junit.runners.ParentRunner.runChildren(ParentRunner.java:236)
	at org.junit.runners.ParentRunner.access$000(ParentRunner.java:53)
	at org.junit.runners.ParentRunner$2.evaluate(ParentRunner.java:229)
	at org.junit.runners.ParentRunner.run(ParentRunner.java:309)
	at org.apache.maven.surefire.junit4.JUnit4Provider.execute(JUnit4Provider.java:365)
	at org.apache.maven.surefire.junit4.JUnit4Provider.executeWithRerun(JUnit4Provider.java:273)
	at org.apache.maven.surefire.junit4.JUnit4Provider.executeTestSet(JUnit4Provider.java:238)
	at org.apache.maven.surefire.junit4.JUnit4Provider.invoke(JUnit4Provider.java:159)
	at org.apache.maven.surefire.booter.ForkedBooter.invokeProviderInSameClassLoader(ForkedBooter.java:384)
	at org.apache.maven.surefire.booter.ForkedBooter.runSuitesInProcess(ForkedBooter.java:345)
	at org.apache.maven.surefire.booter.ForkedBooter.execute(ForkedBooter.java:126)
	at org.apache.maven.surefire.booter.ForkedBooter.main(ForkedBooter.java:418)

[[1;31mERROR[m] testContainerLaunchWithCustomNetworks(org.apache.hadoop.yarn.server.nodemanager.containermanager.linux.runtime.TestDockerContainerRuntime)  Time elapsed: 0.042 s  <<< ERROR!
org.apache.hadoop.yarn.server.nodemanager.containermanager.runtime.ContainerExecutionException: uid: 0 below threshold: 1
	at org.apache.hadoop.yarn.server.nodemanager.containermanager.linux.runtime.DockerLinuxContainerRuntime.launchContainer(DockerLinuxContainerRuntime.java:835)
	at org.apache.hadoop.yarn.server.nodemanager.containermanager.linux.runtime.TestDockerContainerRuntime.testContainerLaunchWithCustomNetworks(TestDockerContainerRuntime.java:763)
	at sun.reflect.NativeMethodAccessorImpl.invoke0(Native Method)
	at sun.reflect.NativeMethodAccessorImpl.invoke(NativeMethodAccessorImpl.java:62)
	at sun.reflect.DelegatingMethodAccessorImpl.invoke(DelegatingMethodAccessorImpl.java:43)
	at java.lang.reflect.Method.invoke(Method.java:498)
	at org.junit.runners.model.FrameworkMethod$1.runReflectiveCall(FrameworkMethod.java:47)
	at org.junit.internal.runners.model.ReflectiveCallable.run(ReflectiveCallable.java:12)
	at org.junit.runners.model.FrameworkMethod.invokeExplosively(FrameworkMethod.java:44)
	at org.junit.internal.runners.statements.InvokeMethod.evaluate(InvokeMethod.java:17)
	at org.junit.internal.runners.statements.RunBefores.evaluate(RunBefores.java:26)
	at org.junit.rules.ExternalResource$1.evaluate(ExternalResource.java:48)
	at org.junit.rules.RunRules.evaluate(RunRules.java:20)
	at org.junit.runners.ParentRunner.runLeaf(ParentRunner.java:271)
	at org.junit.runners.BlockJUnit4ClassRunner.runChild(BlockJUnit4ClassRunner.java:70)
	at org.junit.runners.BlockJUnit4ClassRunner.runChild(BlockJUnit4ClassRunner.java:50)
	at org.junit.runners.ParentRunner$3.run(ParentRunner.java:238)
	at org.junit.runners.ParentRunner$1.schedule(ParentRunner.java:63)
	at org.junit.runners.ParentRunner.runChildren(ParentRunner.java:236)
	at org.junit.runners.ParentRunner.access$000(ParentRunner.java:53)
	at org.junit.runners.ParentRunner$2.evaluate(ParentRunner.java:229)
	at org.junit.runners.ParentRunner.run(ParentRunner.java:309)
	at org.apache.maven.surefire.junit4.JUnit4Provider.execute(JUnit4Provider.java:365)
	at org.apache.maven.surefire.junit4.JUnit4Provider.executeWithRerun(JUnit4Provider.java:273)
	at org.apache.maven.surefire.junit4.JUnit4Provider.executeTestSet(JUnit4Provider.java:238)
	at org.apache.maven.surefire.junit4.JUnit4Provider.invoke(JUnit4Provider.java:159)
	at org.apache.maven.surefire.booter.ForkedBooter.invokeProviderInSameClassLoader(ForkedBooter.java:384)
	at org.apache.maven.surefire.booter.ForkedBooter.runSuitesInProcess(ForkedBooter.java:345)
	at org.apache.maven.surefire.booter.ForkedBooter.execute(ForkedBooter.java:126)
	at org.apache.maven.surefire.booter.ForkedBooter.main(ForkedBooter.java:418)

[[1;31mERROR[m] testLaunchPidNamespaceContainersEnabled(org.apache.hadoop.yarn.server.nodemanager.containermanager.linux.runtime.TestDockerContainerRuntime)  Time elapsed: 0.049 s  <<< ERROR!
org.apache.hadoop.yarn.server.nodemanager.containermanager.runtime.ContainerExecutionException: uid: 0 below threshold: 1
	at org.apache.hadoop.yarn.server.nodemanager.containermanager.linux.runtime.DockerLinuxContainerRuntime.launchContainer(DockerLinuxContainerRuntime.java:835)
	at org.apache.hadoop.yarn.server.nodemanager.containermanager.linux.runtime.TestDockerContainerRuntime.testLaunchPidNamespaceContainersEnabled(TestDockerContainerRuntime.java:932)
	at sun.reflect.NativeMethodAccessorImpl.invoke0(Native Method)
	at sun.reflect.NativeMethodAccessorImpl.invoke(NativeMethodAccessorImpl.java:62)
	at sun.reflect.DelegatingMethodAccessorImpl.invoke(DelegatingMethodAccessorImpl.java:43)
	at java.lang.reflect.Method.invoke(Method.java:498)
	at org.junit.runners.model.FrameworkMethod$1.runReflectiveCall(FrameworkMethod.java:47)
	at org.junit.internal.runners.model.ReflectiveCallable.run(ReflectiveCallable.java:12)
	at org.junit.runners.model.FrameworkMethod.invokeExplosively(FrameworkMethod.java:44)
	at org.junit.internal.runners.statements.InvokeMethod.evaluate(InvokeMethod.java:17)
	at org.junit.internal.runners.statements.RunBefores.evaluate(RunBefores.java:26)
	at org.junit.rules.ExternalResource$1.evaluate(ExternalResource.java:48)
	at org.junit.rules.RunRules.evaluate(RunRules.java:20)
	at org.junit.runners.ParentRunner.runLeaf(ParentRunner.java:271)
	at org.junit.runners.BlockJUnit4ClassRunner.runChild(BlockJUnit4ClassRunner.java:70)
	at org.junit.runners.BlockJUnit4ClassRunner.runChild(BlockJUnit4ClassRunner.java:50)
	at org.junit.runners.ParentRunner$3.run(ParentRunner.java:238)
	at org.junit.runners.ParentRunner$1.schedule(ParentRunner.java:63)
	at org.junit.runners.ParentRunner.runChildren(ParentRunner.java:236)
	at org.junit.runners.ParentRunner.access$000(ParentRunner.java:53)
	at org.junit.runners.ParentRunner$2.evaluate(ParentRunner.java:229)
	at org.junit.runners.ParentRunner.run(ParentRunner.java:309)
	at org.apache.maven.surefire.junit4.JUnit4Provider.execute(JUnit4Provider.java:365)
	at org.apache.maven.surefire.junit4.JUnit4Provider.executeWithRerun(JUnit4Provider.java:273)
	at org.apache.maven.surefire.junit4.JUnit4Provider.executeTestSet(JUnit4Provider.java:238)
	at org.apache.maven.surefire.junit4.JUnit4Provider.invoke(JUnit4Provider.java:159)
	at org.apache.maven.surefire.booter.ForkedBooter.invokeProviderInSameClassLoader(ForkedBooter.java:384)
	at org.apache.maven.surefire.booter.ForkedBooter.runSuitesInProcess(ForkedBooter.java:345)
	at org.apache.maven.surefire.booter.ForkedBooter.execute(ForkedBooter.java:126)
	at org.apache.maven.surefire.booter.ForkedBooter.main(ForkedBooter.java:418)

[[1;31mERROR[m] testMountMultiple(org.apache.hadoop.yarn.server.nodemanager.containermanager.linux.runtime.TestDockerContainerRuntime)  Time elapsed: 0.045 s  <<< ERROR!
org.apache.hadoop.yarn.server.nodemanager.containermanager.runtime.ContainerExecutionException: uid: 0 below threshold: 1
	at org.apache.hadoop.yarn.server.nodemanager.containermanager.linux.runtime.DockerLinuxContainerRuntime.launchContainer(DockerLinuxContainerRuntime.java:835)
	at org.apache.hadoop.yarn.server.nodemanager.containermanager.linux.runtime.TestDockerContainerRuntime.testMountMultiple(TestDockerContainerRuntime.java:1263)
	at sun.reflect.NativeMethodAccessorImpl.invoke0(Native Method)
	at sun.reflect.NativeMethodAccessorImpl.invoke(NativeMethodAccessorImpl.java:62)
	at sun.reflect.DelegatingMethodAccessorImpl.invoke(DelegatingMethodAccessorImpl.java:43)
	at java.lang.reflect.Method.invoke(Method.java:498)
	at org.junit.runners.model.FrameworkMethod$1.runReflectiveCall(FrameworkMethod.java:47)
	at org.junit.internal.runners.model.ReflectiveCallable.run(ReflectiveCallable.java:12)
	at org.junit.runners.model.FrameworkMethod.invokeExplosively(FrameworkMethod.java:44)
	at org.junit.internal.runners.statements.InvokeMethod.evaluate(InvokeMethod.java:17)
	at org.junit.internal.runners.statements.RunBefores.evaluate(RunBefores.java:26)
	at org.junit.rules.ExternalResource$1.evaluate(ExternalResource.java:48)
	at org.junit.rules.RunRules.evaluate(RunRules.java:20)
	at org.junit.runners.ParentRunner.runLeaf(ParentRunner.java:271)
	at org.junit.runners.BlockJUnit4ClassRunner.runChild(BlockJUnit4ClassRunner.java:70)
	at org.junit.runners.BlockJUnit4ClassRunner.runChild(BlockJUnit4ClassRunner.java:50)
	at org.junit.runners.ParentRunner$3.run(ParentRunner.java:238)
	at org.junit.runners.ParentRunner$1.schedule(ParentRunner.java:63)
	at org.junit.runners.ParentRunner.runChildren(ParentRunner.java:236)
	at org.junit.runners.ParentRunner.access$000(ParentRunner.java:53)
	at org.junit.runners.ParentRunner$2.evaluate(ParentRunner.java:229)
	at org.junit.runners.ParentRunner.run(ParentRunner.java:309)
	at org.apache.maven.surefire.junit4.JUnit4Provider.execute(JUnit4Provider.java:365)
	at org.apache.maven.surefire.junit4.JUnit4Provider.executeWithRerun(JUnit4Provider.java:273)
	at org.apache.maven.surefire.junit4.JUnit4Provider.executeTestSet(JUnit4Provider.java:238)
	at org.apache.maven.surefire.junit4.JUnit4Provider.invoke(JUnit4Provider.java:159)
	at org.apache.maven.surefire.booter.ForkedBooter.invokeProviderInSameClassLoader(ForkedBooter.java:384)
	at org.apache.maven.surefire.booter.ForkedBooter.runSuitesInProcess(ForkedBooter.java:345)
	at org.apache.maven.surefire.booter.ForkedBooter.execute(ForkedBooter.java:126)
	at org.apache.maven.surefire.booter.ForkedBooter.main(ForkedBooter.java:418)

[[1;31mERROR[m] testContainerLaunchWithNetworkingDefaults(org.apache.hadoop.yarn.server.nodemanager.containermanager.linux.runtime.TestDockerContainerRuntime)  Time elapsed: 0.041 s  <<< ERROR!
org.apache.hadoop.yarn.server.nodemanager.containermanager.runtime.ContainerExecutionException: uid: 0 below threshold: 1
	at org.apache.hadoop.yarn.server.nodemanager.containermanager.linux.runtime.DockerLinuxContainerRuntime.launchContainer(DockerLinuxContainerRuntime.java:835)
	at org.apache.hadoop.yarn.server.nodemanager.containermanager.linux.runtime.TestDockerContainerRuntime.testContainerLaunchWithNetworkingDefaults(TestDockerContainerRuntime.java:637)
	at sun.reflect.NativeMethodAccessorImpl.invoke0(Native Method)
	at sun.reflect.NativeMethodAccessorImpl.invoke(NativeMethodAccessorImpl.java:62)
	at sun.reflect.DelegatingMethodAccessorImpl.invoke(DelegatingMethodAccessorImpl.java:43)
	at java.lang.reflect.Method.invoke(Method.java:498)
	at org.junit.runners.model.FrameworkMethod$1.runReflectiveCall(FrameworkMethod.java:47)
	at org.junit.internal.runners.model.ReflectiveCallable.run(ReflectiveCallable.java:12)
	at org.junit.runners.model.FrameworkMethod.invokeExplosively(FrameworkMethod.java:44)
	at org.junit.internal.runners.statements.InvokeMethod.evaluate(InvokeMethod.java:17)
	at org.junit.internal.runners.statements.RunBefores.evaluate(RunBefores.java:26)
	at org.junit.rules.ExternalResource$1.evaluate(ExternalResource.java:48)
	at org.junit.rules.RunRules.evaluate(RunRules.java:20)
	at org.junit.runners.ParentRunner.runLeaf(ParentRunner.java:271)
	at org.junit.runners.BlockJUnit4ClassRunner.runChild(BlockJUnit4ClassRunner.java:70)
	at org.junit.runners.BlockJUnit4ClassRunner.runChild(BlockJUnit4ClassRunner.java:50)
	at org.junit.runners.ParentRunner$3.run(ParentRunner.java:238)
	at org.junit.runners.ParentRunner$1.schedule(ParentRunner.java:63)
	at org.junit.runners.ParentRunner.runChildren(ParentRunner.java:236)
	at org.junit.runners.ParentRunner.access$000(ParentRunner.java:53)
	at org.junit.runners.ParentRunner$2.evaluate(ParentRunner.java:229)
	at org.junit.runners.ParentRunner.run(ParentRunner.java:309)
	at org.apache.maven.surefire.junit4.JUnit4Provider.execute(JUnit4Provider.java:365)
	at org.apache.maven.surefire.junit4.JUnit4Provider.executeWithRerun(JUnit4Provider.java:273)
	at org.apache.maven.surefire.junit4.JUnit4Provider.executeTestSet(JUnit4Provider.java:238)
	at org.apache.maven.surefire.junit4.JUnit4Provider.invoke(JUnit4Provider.java:159)
	at org.apache.maven.surefire.booter.ForkedBooter.invokeProviderInSameClassLoader(ForkedBooter.java:384)
	at org.apache.maven.surefire.booter.ForkedBooter.runSuitesInProcess(ForkedBooter.java:345)
	at org.apache.maven.surefire.booter.ForkedBooter.execute(ForkedBooter.java:126)
	at org.apache.maven.surefire.booter.ForkedBooter.main(ForkedBooter.java:418)

[[1;31mERROR[m] testDockerCommandPlugin(org.apache.hadoop.yarn.server.nodemanager.containermanager.linux.runtime.TestDockerContainerRuntime)  Time elapsed: 0.051 s  <<< ERROR!
org.apache.hadoop.yarn.server.nodemanager.containermanager.runtime.ContainerExecutionException: uid: 0 below threshold: 1
	at org.apache.hadoop.yarn.server.nodemanager.containermanager.linux.runtime.DockerLinuxContainerRuntime.launchContainer(DockerLinuxContainerRuntime.java:835)
	at org.apache.hadoop.yarn.server.nodemanager.containermanager.linux.runtime.TestDockerContainerRuntime.testDockerCommandPlugin(TestDockerContainerRuntime.java:2230)
	at sun.reflect.NativeMethodAccessorImpl.invoke0(Native Method)
	at sun.reflect.NativeMethodAccessorImpl.invoke(NativeMethodAccessorImpl.java:62)
	at sun.reflect.DelegatingMethodAccessorImpl.invoke(DelegatingMethodAccessorImpl.java:43)
	at java.lang.reflect.Method.invoke(Method.java:498)
	at org.junit.runners.model.FrameworkMethod$1.runReflectiveCall(FrameworkMethod.java:47)
	at org.junit.internal.runners.model.ReflectiveCallable.run(ReflectiveCallable.java:12)
	at org.junit.runners.model.FrameworkMethod.invokeExplosively(FrameworkMethod.java:44)
	at org.junit.internal.runners.statements.InvokeMethod.evaluate(InvokeMethod.java:17)
	at org.junit.internal.runners.statements.RunBefores.evaluate(RunBefores.java:26)
	at org.junit.rules.ExternalResource$1.evaluate(ExternalResource.java:48)
	at org.junit.rules.RunRules.evaluate(RunRules.java:20)
	at org.junit.runners.ParentRunner.runLeaf(ParentRunner.java:271)
	at org.junit.runners.BlockJUnit4ClassRunner.runChild(BlockJUnit4ClassRunner.java:70)
	at org.junit.runners.BlockJUnit4ClassRunner.runChild(BlockJUnit4ClassRunner.java:50)
	at org.junit.runners.ParentRunner$3.run(ParentRunner.java:238)
	at org.junit.runners.ParentRunner$1.schedule(ParentRunner.java:63)
	at org.junit.runners.ParentRunner.runChildren(ParentRunner.java:236)
	at org.junit.runners.ParentRunner.access$000(ParentRunner.java:53)
	at org.junit.runners.ParentRunner$2.evaluate(ParentRunner.java:229)
	at org.junit.runners.ParentRunner.run(ParentRunner.java:309)
	at org.apache.maven.surefire.junit4.JUnit4Provider.execute(JUnit4Provider.java:365)
	at org.apache.maven.surefire.junit4.JUnit4Provider.executeWithRerun(JUnit4Provider.java:273)
	at org.apache.maven.surefire.junit4.JUnit4Provider.executeTestSet(JUnit4Provider.java:238)
	at org.apache.maven.surefire.junit4.JUnit4Provider.invoke(JUnit4Provider.java:159)
	at org.apache.maven.surefire.booter.ForkedBooter.invokeProviderInSameClassLoader(ForkedBooter.java:384)
	at org.apache.maven.surefire.booter.ForkedBooter.runSuitesInProcess(ForkedBooter.java:345)
	at org.apache.maven.surefire.booter.ForkedBooter.execute(ForkedBooter.java:126)
	at org.apache.maven.surefire.booter.ForkedBooter.main(ForkedBooter.java:418)

[[1;31mERROR[m] testDefaultTmpfsMounts(org.apache.hadoop.yarn.server.nodemanager.containermanager.linux.runtime.TestDockerContainerRuntime)  Time elapsed: 0.068 s  <<< ERROR!
org.apache.hadoop.yarn.server.nodemanager.containermanager.runtime.ContainerExecutionException: uid: 0 below threshold: 1
	at org.apache.hadoop.yarn.server.nodemanager.containermanager.linux.runtime.DockerLinuxContainerRuntime.launchContainer(DockerLinuxContainerRuntime.java:835)
	at org.apache.hadoop.yarn.server.nodemanager.containermanager.linux.runtime.TestDockerContainerRuntime.testDefaultTmpfsMounts(TestDockerContainerRuntime.java:1474)
	at sun.reflect.NativeMethodAccessorImpl.invoke0(Native Method)
	at sun.reflect.NativeMethodAccessorImpl.invoke(NativeMethodAccessorImpl.java:62)
	at sun.reflect.DelegatingMethodAccessorImpl.invoke(DelegatingMethodAccessorImpl.java:43)
	at java.lang.reflect.Method.invoke(Method.java:498)
	at org.junit.runners.model.FrameworkMethod$1.runReflectiveCall(FrameworkMethod.java:47)
	at org.junit.internal.runners.model.ReflectiveCallable.run(ReflectiveCallable.java:12)
	at org.junit.runners.model.FrameworkMethod.invokeExplosively(FrameworkMethod.java:44)
	at org.junit.internal.runners.statements.InvokeMethod.evaluate(InvokeMethod.java:17)
	at org.junit.internal.runners.statements.RunBefores.evaluate(RunBefores.java:26)
	at org.junit.rules.ExternalResource$1.evaluate(ExternalResource.java:48)
	at org.junit.rules.RunRules.evaluate(RunRules.java:20)
	at org.junit.runners.ParentRunner.runLeaf(ParentRunner.java:271)
	at org.junit.runners.BlockJUnit4ClassRunner.runChild(BlockJUnit4ClassRunner.java:70)
	at org.junit.runners.BlockJUnit4ClassRunner.runChild(BlockJUnit4ClassRunner.java:50)
	at org.junit.runners.ParentRunner$3.run(ParentRunner.java:238)
	at org.junit.runners.ParentRunner$1.schedule(ParentRunner.java:63)
	at org.junit.runners.ParentRunner.runChildren(ParentRunner.java:236)
	at org.junit.runners.ParentRunner.access$000(ParentRunner.java:53)
	at org.junit.runners.ParentRunner$2.evaluate(ParentRunner.java:229)
	at org.junit.runners.ParentRunner.run(ParentRunner.java:309)
	at org.apache.maven.surefire.junit4.JUnit4Provider.execute(JUnit4Provider.java:365)
	at org.apache.maven.surefire.junit4.JUnit4Provider.executeWithRerun(JUnit4Provider.java:273)
	at org.apache.maven.surefire.junit4.JUnit4Provider.executeTestSet(JUnit4Provider.java:238)
	at org.apache.maven.surefire.junit4.JUnit4Provider.invoke(JUnit4Provider.java:159)
	at org.apache.maven.surefire.booter.ForkedBooter.invokeProviderInSameClassLoader(ForkedBooter.java:384)
	at org.apache.maven.surefire.booter.ForkedBooter.runSuitesInProcess(ForkedBooter.java:345)
	at org.apache.maven.surefire.booter.ForkedBooter.execute(ForkedBooter.java:126)
	at org.apache.maven.surefire.booter.ForkedBooter.main(ForkedBooter.java:418)

[[1;31mERROR[m] testTmpfsMountMulti(org.apache.hadoop.yarn.server.nodemanager.containermanager.linux.runtime.TestDockerContainerRuntime)  Time elapsed: 0.036 s  <<< ERROR!
org.apache.hadoop.yarn.server.nodemanager.containermanager.runtime.ContainerExecutionException: uid: 0 below threshold: 1
	at org.apache.hadoop.yarn.server.nodemanager.containermanager.linux.runtime.DockerLinuxContainerRuntime.launchContainer(DockerLinuxContainerRuntime.java:835)
	at org.apache.hadoop.yarn.server.nodemanager.containermanager.linux.runtime.TestDockerContainerRuntime.testTmpfsMountMulti(TestDockerContainerRuntime.java:1450)
	at sun.reflect.NativeMethodAccessorImpl.invoke0(Native Method)
	at sun.reflect.NativeMethodAccessorImpl.invoke(NativeMethodAccessorImpl.java:62)
	at sun.reflect.DelegatingMethodAccessorImpl.invoke(DelegatingMethodAccessorImpl.java:43)
	at java.lang.reflect.Method.invoke(Method.java:498)
	at org.junit.runners.model.FrameworkMethod$1.runReflectiveCall(FrameworkMethod.java:47)
	at org.junit.internal.runners.model.ReflectiveCallable.run(ReflectiveCallable.java:12)
	at org.junit.runners.model.FrameworkMethod.invokeExplosively(FrameworkMethod.java:44)
	at org.junit.internal.runners.statements.InvokeMethod.evaluate(InvokeMethod.java:17)
	at org.junit.internal.runners.statements.RunBefores.evaluate(RunBefores.java:26)
	at org.junit.rules.ExternalResource$1.evaluate(ExternalResource.java:48)
	at org.junit.rules.RunRules.evaluate(RunRules.java:20)
	at org.junit.runners.ParentRunner.runLeaf(ParentRunner.java:271)
	at org.junit.runners.BlockJUnit4ClassRunner.runChild(BlockJUnit4ClassRunner.java:70)
	at org.junit.runners.BlockJUnit4ClassRunner.runChild(BlockJUnit4ClassRunner.java:50)
	at org.junit.runners.ParentRunner$3.run(ParentRunner.java:238)
	at org.junit.runners.ParentRunner$1.schedule(ParentRunner.java:63)
	at org.junit.runners.ParentRunner.runChildren(ParentRunner.java:236)
	at org.junit.runners.ParentRunner.access$000(ParentRunner.java:53)
	at org.junit.runners.ParentRunner$2.evaluate(ParentRunner.java:229)
	at org.junit.runners.ParentRunner.run(ParentRunner.java:309)
	at org.apache.maven.surefire.junit4.JUnit4Provider.execute(JUnit4Provider.java:365)
	at org.apache.maven.surefire.junit4.JUnit4Provider.executeWithRerun(JUnit4Provider.java:273)
	at org.apache.maven.surefire.junit4.JUnit4Provider.executeTestSet(JUnit4Provider.java:238)
	at org.apache.maven.surefire.junit4.JUnit4Provider.invoke(JUnit4Provider.java:159)
	at org.apache.maven.surefire.booter.ForkedBooter.invokeProviderInSameClassLoader(ForkedBooter.java:384)
	at org.apache.maven.surefire.booter.ForkedBooter.runSuitesInProcess(ForkedBooter.java:345)
	at org.apache.maven.surefire.booter.ForkedBooter.execute(ForkedBooter.java:126)
	at org.apache.maven.surefire.booter.ForkedBooter.main(ForkedBooter.java:418)

[[1;31mERROR[m] testLaunchContainerWithDockerTokens(org.apache.hadoop.yarn.server.nodemanager.containermanager.linux.runtime.TestDockerContainerRuntime)  Time elapsed: 0.505 s  <<< ERROR!
org.apache.hadoop.yarn.server.nodemanager.containermanager.runtime.ContainerExecutionException: uid: 0 below threshold: 1
	at org.apache.hadoop.yarn.server.nodemanager.containermanager.linux.runtime.DockerLinuxContainerRuntime.launchContainer(DockerLinuxContainerRuntime.java:835)
	at org.apache.hadoop.yarn.server.nodemanager.containermanager.linux.runtime.TestDockerContainerRuntime.testLaunchContainerWithDockerTokens(TestDockerContainerRuntime.java:2347)
	at sun.reflect.NativeMethodAccessorImpl.invoke0(Native Method)
	at sun.reflect.NativeMethodAccessorImpl.invoke(NativeMethodAccessorImpl.java:62)
	at sun.reflect.DelegatingMethodAccessorImpl.invoke(DelegatingMethodAccessorImpl.java:43)
	at java.lang.reflect.Method.invoke(Method.java:498)
	at org.junit.runners.model.FrameworkMethod$1.runReflectiveCall(FrameworkMethod.java:47)
	at org.junit.internal.runners.model.ReflectiveCallable.run(ReflectiveCallable.java:12)
	at org.junit.runners.model.FrameworkMethod.invokeExplosively(FrameworkMethod.java:44)
	at org.junit.internal.runners.statements.InvokeMethod.evaluate(InvokeMethod.java:17)
	at org.junit.internal.runners.statements.RunBefores.evaluate(RunBefores.java:26)
	at org.junit.rules.ExternalResource$1.evaluate(ExternalResource.java:48)
	at org.junit.rules.RunRules.evaluate(RunRules.java:20)
	at org.junit.runners.ParentRunner.runLeaf(ParentRunner.java:271)
	at org.junit.runners.BlockJUnit4ClassRunner.runChild(BlockJUnit4ClassRunner.java:70)
	at org.junit.runners.BlockJUnit4ClassRunner.runChild(BlockJUnit4ClassRunner.java:50)
	at org.junit.runners.ParentRunner$3.run(ParentRunner.java:238)
	at org.junit.runners.ParentRunner$1.schedule(ParentRunner.java:63)
	at org.junit.runners.ParentRunner.runChildren(ParentRunner.java:236)
	at org.junit.runners.ParentRunner.access$000(ParentRunner.java:53)
	at org.junit.runners.ParentRunner$2.evaluate(ParentRunner.java:229)
	at org.junit.runners.ParentRunner.run(ParentRunner.java:309)
	at org.apache.maven.surefire.junit4.JUnit4Provider.execute(JUnit4Provider.java:365)
	at org.apache.maven.surefire.junit4.JUnit4Provider.executeWithRerun(JUnit4Provider.java:273)
	at org.apache.maven.surefire.junit4.JUnit4Provider.executeTestSet(JUnit4Provider.java:238)
	at org.apache.maven.surefire.junit4.JUnit4Provider.invoke(JUnit4Provider.java:159)
	at org.apache.maven.surefire.booter.ForkedBooter.invokeProviderInSameClassLoader(ForkedBooter.java:384)
	at org.apache.maven.surefire.booter.ForkedBooter.runSuitesInProcess(ForkedBooter.java:345)
	at org.apache.maven.surefire.booter.ForkedBooter.execute(ForkedBooter.java:126)
	at org.apache.maven.surefire.booter.ForkedBooter.main(ForkedBooter.java:418)

[[1;31mERROR[m] testTmpfsMount(org.apache.hadoop.yarn.server.nodemanager.containermanager.linux.runtime.TestDockerContainerRuntime)  Time elapsed: 0.036 s  <<< ERROR!
org.apache.hadoop.yarn.server.nodemanager.containermanager.runtime.ContainerExecutionException: uid: 0 below threshold: 1
	at org.apache.hadoop.yarn.server.nodemanager.containermanager.linux.runtime.DockerLinuxContainerRuntime.launchContainer(DockerLinuxContainerRuntime.java:835)
	at org.apache.hadoop.yarn.server.nodemanager.containermanager.linux.runtime.TestDockerContainerRuntime.testTmpfsMount(TestDockerContainerRuntime.java:1427)
	at sun.reflect.NativeMethodAccessorImpl.invoke0(Native Method)
	at sun.reflect.NativeMethodAccessorImpl.invoke(NativeMethodAccessorImpl.java:62)
	at sun.reflect.DelegatingMethodAccessorImpl.invoke(DelegatingMethodAccessorImpl.java:43)
	at java.lang.reflect.Method.invoke(Method.java:498)
	at org.junit.runners.model.FrameworkMethod$1.runReflectiveCall(FrameworkMethod.java:47)
	at org.junit.internal.runners.model.ReflectiveCallable.run(ReflectiveCallable.java:12)
	at org.junit.runners.model.FrameworkMethod.invokeExplosively(FrameworkMethod.java:44)
	at org.junit.internal.runners.statements.InvokeMethod.evaluate(InvokeMethod.java:17)
	at org.junit.internal.runners.statements.RunBefores.evaluate(RunBefores.java:26)
	at org.junit.rules.ExternalResource$1.evaluate(ExternalResource.java:48)
	at org.junit.rules.RunRules.evaluate(RunRules.java:20)
	at org.junit.runners.ParentRunner.runLeaf(ParentRunner.java:271)
	at org.junit.runners.BlockJUnit4ClassRunner.runChild(BlockJUnit4ClassRunner.java:70)
	at org.junit.runners.BlockJUnit4ClassRunner.runChild(BlockJUnit4ClassRunner.java:50)
	at org.junit.runners.ParentRunner$3.run(ParentRunner.java:238)
	at org.junit.runners.ParentRunner$1.schedule(ParentRunner.java:63)
	at org.junit.runners.ParentRunner.runChildren(ParentRunner.java:236)
	at org.junit.runners.ParentRunner.access$000(ParentRunner.java:53)
	at org.junit.runners.ParentRunner$2.evaluate(ParentRunner.java:229)
	at org.junit.runners.ParentRunner.run(ParentRunner.java:309)
	at org.apache.maven.surefire.junit4.JUnit4Provider.execute(JUnit4Provider.java:365)
	at org.apache.maven.surefire.junit4.JUnit4Provider.executeWithRerun(JUnit4Provider.java:273)
	at org.apache.maven.surefire.junit4.JUnit4Provider.executeTestSet(JUnit4Provider.java:238)
	at org.apache.maven.surefire.junit4.JUnit4Provider.invoke(JUnit4Provider.java:159)
	at org.apache.maven.surefire.booter.ForkedBooter.invokeProviderInSameClassLoader(ForkedBooter.java:384)
	at org.apache.maven.surefire.booter.ForkedBooter.runSuitesInProcess(ForkedBooter.java:345)
	at org.apache.maven.surefire.booter.ForkedBooter.execute(ForkedBooter.java:126)
	at org.apache.maven.surefire.booter.ForkedBooter.main(ForkedBooter.java:418)

[[1;31mERROR[m] testLaunchPrivilegedContainersEnabledAndUserInWhitelist(org.apache.hadoop.yarn.server.nodemanager.containermanager.linux.runtime.TestDockerContainerRuntime)  Time elapsed: 0.037 s  <<< ERROR!
org.apache.hadoop.yarn.server.nodemanager.containermanager.runtime.ContainerExecutionException: uid: 0 below threshold: 1
	at org.apache.hadoop.yarn.server.nodemanager.containermanager.linux.runtime.DockerLinuxContainerRuntime.launchContainer(DockerLinuxContainerRuntime.java:835)
	at org.apache.hadoop.yarn.server.nodemanager.containermanager.linux.runtime.TestDockerContainerRuntime.testLaunchPrivilegedContainersEnabledAndUserInWhitelist(TestDockerContainerRuntime.java:1093)
	at sun.reflect.NativeMethodAccessorImpl.invoke0(Native Method)
	at sun.reflect.NativeMethodAccessorImpl.invoke(NativeMethodAccessorImpl.java:62)
	at sun.reflect.DelegatingMethodAccessorImpl.invoke(DelegatingMethodAccessorImpl.java:43)
	at java.lang.reflect.Method.invoke(Method.java:498)
	at org.junit.runners.model.FrameworkMethod$1.runReflectiveCall(FrameworkMethod.java:47)
	at org.junit.internal.runners.model.ReflectiveCallable.run(ReflectiveCallable.java:12)
	at org.junit.runners.model.FrameworkMethod.invokeExplosively(FrameworkMethod.java:44)
	at org.junit.internal.runners.statements.InvokeMethod.evaluate(InvokeMethod.java:17)
	at org.junit.internal.runners.statements.RunBefores.evaluate(RunBefores.java:26)
	at org.junit.rules.ExternalResource$1.evaluate(ExternalResource.java:48)
	at org.junit.rules.RunRules.evaluate(RunRules.java:20)
	at org.junit.runners.ParentRunner.runLeaf(ParentRunner.java:271)
	at org.junit.runners.BlockJUnit4ClassRunner.runChild(BlockJUnit4ClassRunner.java:70)
	at org.junit.runners.BlockJUnit4ClassRunner.runChild(BlockJUnit4ClassRunner.java:50)
	at org.junit.runners.ParentRunner$3.run(ParentRunner.java:238)
	at org.junit.runners.ParentRunner$1.schedule(ParentRunner.java:63)
	at org.junit.runners.ParentRunner.runChildren(ParentRunner.java:236)
	at org.junit.runners.ParentRunner.access$000(ParentRunner.java:53)
	at org.junit.runners.ParentRunner$2.evaluate(ParentRunner.java:229)
	at org.junit.runners.ParentRunner.run(ParentRunner.java:309)
	at org.apache.maven.surefire.junit4.JUnit4Provider.execute(JUnit4Provider.java:365)
	at org.apache.maven.surefire.junit4.JUnit4Provider.executeWithRerun(JUnit4Provider.java:273)
	at org.apache.maven.surefire.junit4.JUnit4Provider.executeTestSet(JUnit4Provider.java:238)
	at org.apache.maven.surefire.junit4.JUnit4Provider.invoke(JUnit4Provider.java:159)
	at org.apache.maven.surefire.booter.ForkedBooter.invokeProviderInSameClassLoader(ForkedBooter.java:384)
	at org.apache.maven.surefire.booter.ForkedBooter.runSuitesInProcess(ForkedBooter.java:345)
	at org.apache.maven.surefire.booter.ForkedBooter.execute(ForkedBooter.java:126)
	at org.apache.maven.surefire.booter.ForkedBooter.main(ForkedBooter.java:418)

[[1;31mERROR[m] testLaunchPidNamespaceContainersInvalidEnvVar(org.apache.hadoop.yarn.server.nodemanager.containermanager.linux.runtime.TestDockerContainerRuntime)  Time elapsed: 0.036 s  <<< ERROR!
org.apache.hadoop.yarn.server.nodemanager.containermanager.runtime.ContainerExecutionException: uid: 0 below threshold: 1
	at org.apache.hadoop.yarn.server.nodemanager.containermanager.linux.runtime.DockerLinuxContainerRuntime.launchContainer(DockerLinuxContainerRuntime.java:835)
	at org.apache.hadoop.yarn.server.nodemanager.containermanager.linux.runtime.TestDockerContainerRuntime.testLaunchPidNamespaceContainersInvalidEnvVar(TestDockerContainerRuntime.java:880)
	at sun.reflect.NativeMethodAccessorImpl.invoke0(Native Method)
	at sun.reflect.NativeMethodAccessorImpl.invoke(NativeMethodAccessorImpl.java:62)
	at sun.reflect.DelegatingMethodAccessorImpl.invoke(DelegatingMethodAccessorImpl.java:43)
	at java.lang.reflect.Method.invoke(Method.java:498)
	at org.junit.runners.model.FrameworkMethod$1.runReflectiveCall(FrameworkMethod.java:47)
	at org.junit.internal.runners.model.ReflectiveCallable.run(ReflectiveCallable.java:12)
	at org.junit.runners.model.FrameworkMethod.invokeExplosively(FrameworkMethod.java:44)
	at org.junit.internal.runners.statements.InvokeMethod.evaluate(InvokeMethod.java:17)
	at org.junit.internal.runners.statements.RunBefores.evaluate(RunBefores.java:26)
	at org.junit.rules.ExternalResource$1.evaluate(ExternalResource.java:48)
	at org.junit.rules.RunRules.evaluate(RunRules.java:20)
	at org.junit.runners.ParentRunner.runLeaf(ParentRunner.java:271)
	at org.junit.runners.BlockJUnit4ClassRunner.runChild(BlockJUnit4ClassRunner.java:70)
	at org.junit.runners.BlockJUnit4ClassRunner.runChild(BlockJUnit4ClassRunner.java:50)
	at org.junit.runners.ParentRunner$3.run(ParentRunner.java:238)
	at org.junit.runners.ParentRunner$1.schedule(ParentRunner.java:63)
	at org.junit.runners.ParentRunner.runChildren(ParentRunner.java:236)
	at org.junit.runners.ParentRunner.access$000(ParentRunner.java:53)
	at org.junit.runners.ParentRunner$2.evaluate(ParentRunner.java:229)
	at org.junit.runners.ParentRunner.run(ParentRunner.java:309)
	at org.apache.maven.surefire.junit4.JUnit4Provider.execute(JUnit4Provider.java:365)
	at org.apache.maven.surefire.junit4.JUnit4Provider.executeWithRerun(JUnit4Provider.java:273)
	at org.apache.maven.surefire.junit4.JUnit4Provider.executeTestSet(JUnit4Provider.java:238)
	at org.apache.maven.surefire.junit4.JUnit4Provider.invoke(JUnit4Provider.java:159)
	at org.apache.maven.surefire.booter.ForkedBooter.invokeProviderInSameClassLoader(ForkedBooter.java:384)
	at org.apache.maven.surefire.booter.ForkedBooter.runSuitesInProcess(ForkedBooter.java:345)
	at org.apache.maven.surefire.booter.ForkedBooter.execute(ForkedBooter.java:126)
	at org.apache.maven.surefire.booter.ForkedBooter.main(ForkedBooter.java:418)

[[1;31mERROR[m] testContainerLaunchWithHostDnsNetwork(org.apache.hadoop.yarn.server.nodemanager.containermanager.linux.runtime.TestDockerContainerRuntime)  Time elapsed: 0.035 s  <<< ERROR!
org.apache.hadoop.yarn.server.nodemanager.containermanager.runtime.ContainerExecutionException: uid: 0 below threshold: 1
	at org.apache.hadoop.yarn.server.nodemanager.containermanager.linux.runtime.DockerLinuxContainerRuntime.launchContainer(DockerLinuxContainerRuntime.java:835)
	at org.apache.hadoop.yarn.server.nodemanager.containermanager.linux.runtime.TestDockerContainerRuntime.testContainerLaunchWithHostDnsNetwork(TestDockerContainerRuntime.java:696)
	at sun.reflect.NativeMethodAccessorImpl.invoke0(Native Method)
	at sun.reflect.NativeMethodAccessorImpl.invoke(NativeMethodAccessorImpl.java:62)
	at sun.reflect.DelegatingMethodAccessorImpl.invoke(DelegatingMethodAccessorImpl.java:43)
	at java.lang.reflect.Method.invoke(Method.java:498)
	at org.junit.runners.model.FrameworkMethod$1.runReflectiveCall(FrameworkMethod.java:47)
	at org.junit.internal.runners.model.ReflectiveCallable.run(ReflectiveCallable.java:12)
	at org.junit.runners.model.FrameworkMethod.invokeExplosively(FrameworkMethod.java:44)
	at org.junit.internal.runners.statements.InvokeMethod.evaluate(InvokeMethod.java:17)
	at org.junit.internal.runners.statements.RunBefores.evaluate(RunBefores.java:26)
	at org.junit.rules.ExternalResource$1.evaluate(ExternalResource.java:48)
	at org.junit.rules.RunRules.evaluate(RunRules.java:20)
	at org.junit.runners.ParentRunner.runLeaf(ParentRunner.java:271)
	at org.junit.runners.BlockJUnit4ClassRunner.runChild(BlockJUnit4ClassRunner.java:70)
	at org.junit.runners.BlockJUnit4ClassRunner.runChild(BlockJUnit4ClassRunner.java:50)
	at org.junit.runners.ParentRunner$3.run(ParentRunner.java:238)
	at org.junit.runners.ParentRunner$1.schedule(ParentRunner.java:63)
	at org.junit.runners.ParentRunner.runChildren(ParentRunner.java:236)
	at org.junit.runners.ParentRunner.access$000(ParentRunner.java:53)
	at org.junit.runners.ParentRunner$2.evaluate(ParentRunner.java:229)
	at org.junit.runners.ParentRunner.run(ParentRunner.java:309)
	at org.apache.maven.surefire.junit4.JUnit4Provider.execute(JUnit4Provider.java:365)
	at org.apache.maven.surefire.junit4.JUnit4Provider.executeWithRerun(JUnit4Provider.java:273)
	at org.apache.maven.surefire.junit4.JUnit4Provider.executeTestSet(JUnit4Provider.java:238)
	at org.apache.maven.surefire.junit4.JUnit4Provider.invoke(JUnit4Provider.java:159)
	at org.apache.maven.surefire.booter.ForkedBooter.invokeProviderInSameClassLoader(ForkedBooter.java:384)
	at org.apache.maven.surefire.booter.ForkedBooter.runSuitesInProcess(ForkedBooter.java:345)
	at org.apache.maven.surefire.booter.ForkedBooter.execute(ForkedBooter.java:126)
	at org.apache.maven.surefire.booter.ForkedBooter.main(ForkedBooter.java:418)

[[1;31mERROR[m] testUserMounts(org.apache.hadoop.yarn.server.nodemanager.containermanager.linux.runtime.TestDockerContainerRuntime)  Time elapsed: 0.035 s  <<< ERROR!
org.apache.hadoop.yarn.server.nodemanager.containermanager.runtime.ContainerExecutionException: uid: 0 below threshold: 1
	at org.apache.hadoop.yarn.server.nodemanager.containermanager.linux.runtime.DockerLinuxContainerRuntime.launchContainer(DockerLinuxContainerRuntime.java:835)
	at org.apache.hadoop.yarn.server.nodemanager.containermanager.linux.runtime.TestDockerContainerRuntime.testUserMounts(TestDockerContainerRuntime.java:1318)
	at sun.reflect.NativeMethodAccessorImpl.invoke0(Native Method)
	at sun.reflect.NativeMethodAccessorImpl.invoke(NativeMethodAccessorImpl.java:62)
	at sun.reflect.DelegatingMethodAccessorImpl.invoke(DelegatingMethodAccessorImpl.java:43)
	at java.lang.reflect.Method.invoke(Method.java:498)
	at org.junit.runners.model.FrameworkMethod$1.runReflectiveCall(FrameworkMethod.java:47)
	at org.junit.internal.runners.model.ReflectiveCallable.run(ReflectiveCallable.java:12)
	at org.junit.runners.model.FrameworkMethod.invokeExplosively(FrameworkMethod.java:44)
	at org.junit.internal.runners.statements.InvokeMethod.evaluate(InvokeMethod.java:17)
	at org.junit.internal.runners.statements.RunBefores.evaluate(RunBefores.java:26)
	at org.junit.rules.ExternalResource$1.evaluate(ExternalResource.java:48)
	at org.junit.rules.RunRules.evaluate(RunRules.java:20)
	at org.junit.runners.ParentRunner.runLeaf(ParentRunner.java:271)
	at org.junit.runners.BlockJUnit4ClassRunner.runChild(BlockJUnit4ClassRunner.java:70)
	at org.junit.runners.BlockJUnit4ClassRunner.runChild(BlockJUnit4ClassRunner.java:50)
	at org.junit.runners.ParentRunner$3.run(ParentRunner.java:238)
	at org.junit.runners.ParentRunner$1.schedule(ParentRunner.java:63)
	at org.junit.runners.ParentRunner.runChildren(ParentRunner.java:236)
	at org.junit.runners.ParentRunner.access$000(ParentRunner.java:53)
	at org.junit.runners.ParentRunner$2.evaluate(ParentRunner.java:229)
	at org.junit.runners.ParentRunner.run(ParentRunner.java:309)
	at org.apache.maven.surefire.junit4.JUnit4Provider.execute(JUnit4Provider.java:365)
	at org.apache.maven.surefire.junit4.JUnit4Provider.executeWithRerun(JUnit4Provider.java:273)
	at org.apache.maven.surefire.junit4.JUnit4Provider.executeTestSet(JUnit4Provider.java:238)
	at org.apache.maven.surefire.junit4.JUnit4Provider.invoke(JUnit4Provider.java:159)
	at org.apache.maven.surefire.booter.ForkedBooter.invokeProviderInSameClassLoader(ForkedBooter.java:384)
	at org.apache.maven.surefire.booter.ForkedBooter.runSuitesInProcess(ForkedBooter.java:345)
	at org.apache.maven.surefire.booter.ForkedBooter.execute(ForkedBooter.java:126)
	at org.apache.maven.surefire.booter.ForkedBooter.main(ForkedBooter.java:418)

[[1;31mERROR[m] testMountSourceTarget(org.apache.hadoop.yarn.server.nodemanager.containermanager.linux.runtime.TestDockerContainerRuntime)  Time elapsed: 0.031 s  <<< ERROR!
org.apache.hadoop.yarn.server.nodemanager.containermanager.runtime.ContainerExecutionException: uid: 0 below threshold: 1
	at org.apache.hadoop.yarn.server.nodemanager.containermanager.linux.runtime.DockerLinuxContainerRuntime.launchContainer(DockerLinuxContainerRuntime.java:835)
	at org.apache.hadoop.yarn.server.nodemanager.containermanager.linux.runtime.TestDockerContainerRuntime.testMountSourceTarget(TestDockerContainerRuntime.java:1209)
	at sun.reflect.NativeMethodAccessorImpl.invoke0(Native Method)
	at sun.reflect.NativeMethodAccessorImpl.invoke(NativeMethodAccessorImpl.java:62)
	at sun.reflect.DelegatingMethodAccessorImpl.invoke(DelegatingMethodAccessorImpl.java:43)
	at java.lang.reflect.Method.invoke(Method.java:498)
	at org.junit.runners.model.FrameworkMethod$1.runReflectiveCall(FrameworkMethod.java:47)
	at org.junit.internal.runners.model.ReflectiveCallable.run(ReflectiveCallable.java:12)
	at org.junit.runners.model.FrameworkMethod.invokeExplosively(FrameworkMethod.java:44)
	at org.junit.internal.runners.statements.InvokeMethod.evaluate(InvokeMethod.java:17)
	at org.junit.internal.runners.statements.RunBefores.evaluate(RunBefores.java:26)
	at org.junit.rules.ExternalResource$1.evaluate(ExternalResource.java:48)
	at org.junit.rules.RunRules.evaluate(RunRules.java:20)
	at org.junit.runners.ParentRunner.runLeaf(ParentRunner.java:271)
	at org.junit.runners.BlockJUnit4ClassRunner.runChild(BlockJUnit4ClassRunner.java:70)
	at org.junit.runners.BlockJUnit4ClassRunner.runChild(BlockJUnit4ClassRunner.java:50)
	at org.junit.runners.ParentRunner$3.run(ParentRunner.java:238)
	at org.junit.runners.ParentRunner$1.schedule(ParentRunner.java:63)
	at org.junit.runners.ParentRunner.runChildren(ParentRunner.java:236)
	at org.junit.runners.ParentRunner.access$000(ParentRunner.java:53)
	at org.junit.runners.ParentRunner$2.evaluate(ParentRunner.java:229)
	at org.junit.runners.ParentRunner.run(ParentRunner.java:309)
	at org.apache.maven.surefire.junit4.JUnit4Provider.execute(JUnit4Provider.java:365)
	at org.apache.maven.surefire.junit4.JUnit4Provider.executeWithRerun(JUnit4Provider.java:273)
	at org.apache.maven.surefire.junit4.JUnit4Provider.executeTestSet(JUnit4Provider.java:238)
	at org.apache.maven.surefire.junit4.JUnit4Provider.invoke(JUnit4Provider.java:159)
	at org.apache.maven.surefire.booter.ForkedBooter.invokeProviderInSameClassLoader(ForkedBooter.java:384)
	at org.apache.maven.surefire.booter.ForkedBooter.runSuitesInProcess(ForkedBooter.java:345)
	at org.apache.maven.surefire.booter.ForkedBooter.execute(ForkedBooter.java:126)
	at org.apache.maven.surefire.booter.ForkedBooter.main(ForkedBooter.java:418)

[[1;31mERROR[m] testDockerContainerLaunch(org.apache.hadoop.yarn.server.nodemanager.containermanager.linux.runtime.TestDockerContainerRuntime)  Time elapsed: 0.034 s  <<< ERROR!
org.apache.hadoop.yarn.server.nodemanager.containermanager.runtime.ContainerExecutionException: uid: 0 below threshold: 1
	at org.apache.hadoop.yarn.server.nodemanager.containermanager.linux.runtime.DockerLinuxContainerRuntime.launchContainer(DockerLinuxContainerRuntime.java:835)
	at org.apache.hadoop.yarn.server.nodemanager.containermanager.linux.runtime.TestDockerContainerRuntime.testDockerContainerLaunch(TestDockerContainerRuntime.java:421)
	at sun.reflect.NativeMethodAccessorImpl.invoke0(Native Method)
	at sun.reflect.NativeMethodAccessorImpl.invoke(NativeMethodAccessorImpl.java:62)
	at sun.reflect.DelegatingMethodAccessorImpl.invoke(DelegatingMethodAccessorImpl.java:43)
	at java.lang.reflect.Method.invoke(Method.java:498)
	at org.junit.runners.model.FrameworkMethod$1.runReflectiveCall(FrameworkMethod.java:47)
	at org.junit.internal.runners.model.ReflectiveCallable.run(ReflectiveCallable.java:12)
	at org.junit.runners.model.FrameworkMethod.invokeExplosively(FrameworkMethod.java:44)
	at org.junit.internal.runners.statements.InvokeMethod.evaluate(InvokeMethod.java:17)
	at org.junit.internal.runners.statements.RunBefores.evaluate(RunBefores.java:26)
	at org.junit.rules.ExternalResource$1.evaluate(ExternalResource.java:48)
	at org.junit.rules.RunRules.evaluate(RunRules.java:20)
	at org.junit.runners.ParentRunner.runLeaf(ParentRunner.java:271)
	at org.junit.runners.BlockJUnit4ClassRunner.runChild(BlockJUnit4ClassRunner.java:70)
	at org.junit.runners.BlockJUnit4ClassRunner.runChild(BlockJUnit4ClassRunner.java:50)
	at org.junit.runners.ParentRunner$3.run(ParentRunner.java:238)
	at org.junit.runners.ParentRunner$1.schedule(ParentRunner.java:63)
	at org.junit.runners.ParentRunner.runChildren(ParentRunner.java:236)
	at org.junit.runners.ParentRunner.access$000(ParentRunner.java:53)
	at org.junit.runners.ParentRunner$2.evaluate(ParentRunner.java:229)
	at org.junit.runners.ParentRunner.run(ParentRunner.java:309)
	at org.apache.maven.surefire.junit4.JUnit4Provider.execute(JUnit4Provider.java:365)
	at org.apache.maven.surefire.junit4.JUnit4Provider.executeWithRerun(JUnit4Provider.java:273)
	at org.apache.maven.surefire.junit4.JUnit4Provider.executeTestSet(JUnit4Provider.java:238)
	at org.apache.maven.surefire.junit4.JUnit4Provider.invoke(JUnit4Provider.java:159)
	at org.apache.maven.surefire.booter.ForkedBooter.invokeProviderInSameClassLoader(ForkedBooter.java:384)
	at org.apache.maven.surefire.booter.ForkedBooter.runSuitesInProcess(ForkedBooter.java:345)
	at org.apache.maven.surefire.booter.ForkedBooter.execute(ForkedBooter.java:126)
	at org.apache.maven.surefire.booter.ForkedBooter.main(ForkedBooter.java:418)

[[1;31mERROR[m] testDefaultRWMounts(org.apache.hadoop.yarn.server.nodemanager.containermanager.linux.runtime.TestDockerContainerRuntime)  Time elapsed: 0.036 s  <<< ERROR!
org.apache.hadoop.yarn.server.nodemanager.containermanager.runtime.ContainerExecutionException: uid: 0 below threshold: 1
	at org.apache.hadoop.yarn.server.nodemanager.containermanager.linux.runtime.DockerLinuxContainerRuntime.launchContainer(DockerLinuxContainerRuntime.java:835)
	at org.apache.hadoop.yarn.server.nodemanager.containermanager.linux.runtime.TestDockerContainerRuntime.testDefaultRWMounts(TestDockerContainerRuntime.java:1640)
	at sun.reflect.NativeMethodAccessorImpl.invoke0(Native Method)
	at sun.reflect.NativeMethodAccessorImpl.invoke(NativeMethodAccessorImpl.java:62)
	at sun.reflect.DelegatingMethodAccessorImpl.invoke(DelegatingMethodAccessorImpl.java:43)
	at java.lang.reflect.Method.invoke(Method.java:498)
	at org.junit.runners.model.FrameworkMethod$1.runReflectiveCall(FrameworkMethod.java:47)
	at org.junit.internal.runners.model.ReflectiveCallable.run(ReflectiveCallable.java:12)
	at org.junit.runners.model.FrameworkMethod.invokeExplosively(FrameworkMethod.java:44)
	at org.junit.internal.runners.statements.InvokeMethod.evaluate(InvokeMethod.java:17)
	at org.junit.internal.runners.statements.RunBefores.evaluate(RunBefores.java:26)
	at org.junit.rules.ExternalResource$1.evaluate(ExternalResource.java:48)
	at org.junit.rules.RunRules.evaluate(RunRules.java:20)
	at org.junit.runners.ParentRunner.runLeaf(ParentRunner.java:271)
	at org.junit.runners.BlockJUnit4ClassRunner.runChild(BlockJUnit4ClassRunner.java:70)
	at org.junit.runners.BlockJUnit4ClassRunner.runChild(BlockJUnit4ClassRunner.java:50)
	at org.junit.runners.ParentRunner$3.run(ParentRunner.java:238)
	at org.junit.runners.ParentRunner$1.schedule(ParentRunner.java:63)
	at org.junit.runners.ParentRunner.runChildren(ParentRunner.java:236)
	at org.junit.runners.ParentRunner.access$000(ParentRunner.java:53)
	at org.junit.runners.ParentRunner$2.evaluate(ParentRunner.java:229)
	at org.junit.runners.ParentRunner.run(ParentRunner.java:309)
	at org.apache.maven.surefire.junit4.JUnit4Provider.execute(JUnit4Provider.java:365)
	at org.apache.maven.surefire.junit4.JUnit4Provider.executeWithRerun(JUnit4Provider.java:273)
	at org.apache.maven.surefire.junit4.JUnit4Provider.executeTestSet(JUnit4Provider.java:238)
	at org.apache.maven.surefire.junit4.JUnit4Provider.invoke(JUnit4Provider.java:159)
	at org.apache.maven.surefire.booter.ForkedBooter.invokeProviderInSameClassLoader(ForkedBooter.java:384)
	at org.apache.maven.surefire.booter.ForkedBooter.runSuitesInProcess(ForkedBooter.java:345)
	at org.apache.maven.surefire.booter.ForkedBooter.execute(ForkedBooter.java:126)
	at org.apache.maven.surefire.booter.ForkedBooter.main(ForkedBooter.java:418)

[[1;31mERROR[m] testContainerLaunchWithUserRemapping(org.apache.hadoop.yarn.server.nodemanager.containermanager.linux.runtime.TestDockerContainerRuntime)  Time elapsed: 0.033 s  <<< ERROR!
org.apache.hadoop.yarn.server.nodemanager.containermanager.runtime.ContainerExecutionException: uid: 0 below threshold: 1
	at org.apache.hadoop.yarn.server.nodemanager.containermanager.linux.runtime.DockerLinuxContainerRuntime.launchContainer(DockerLinuxContainerRuntime.java:835)
	at org.apache.hadoop.yarn.server.nodemanager.containermanager.linux.runtime.TestDockerContainerRuntime.testContainerLaunchWithUserRemapping(TestDockerContainerRuntime.java:522)
	at sun.reflect.NativeMethodAccessorImpl.invoke0(Native Method)
	at sun.reflect.NativeMethodAccessorImpl.invoke(NativeMethodAccessorImpl.java:62)
	at sun.reflect.DelegatingMethodAccessorImpl.invoke(DelegatingMethodAccessorImpl.java:43)
	at java.lang.reflect.Method.invoke(Method.java:498)
	at org.junit.runners.model.FrameworkMethod$1.runReflectiveCall(FrameworkMethod.java:47)
	at org.junit.internal.runners.model.ReflectiveCallable.run(ReflectiveCallable.java:12)
	at org.junit.runners.model.FrameworkMethod.invokeExplosively(FrameworkMethod.java:44)
	at org.junit.internal.runners.statements.InvokeMethod.evaluate(InvokeMethod.java:17)
	at org.junit.internal.runners.statements.RunBefores.evaluate(RunBefores.java:26)
	at org.junit.rules.ExternalResource$1.evaluate(ExternalResource.java:48)
	at org.junit.rules.RunRules.evaluate(RunRules.java:20)
	at org.junit.runners.ParentRunner.runLeaf(ParentRunner.java:271)
	at org.junit.runners.BlockJUnit4ClassRunner.runChild(BlockJUnit4ClassRunner.java:70)
	at org.junit.runners.BlockJUnit4ClassRunner.runChild(BlockJUnit4ClassRunner.java:50)
	at org.junit.runners.ParentRunner$3.run(ParentRunner.java:238)
	at org.junit.runners.ParentRunner$1.schedule(ParentRunner.java:63)
	at org.junit.runners.ParentRunner.runChildren(ParentRunner.java:236)
	at org.junit.runners.ParentRunner.access$000(ParentRunner.java:53)
	at org.junit.runners.ParentRunner$2.evaluate(ParentRunner.java:229)
	at org.junit.runners.ParentRunner.run(ParentRunner.java:309)
	at org.apache.maven.surefire.junit4.JUnit4Provider.execute(JUnit4Provider.java:365)
	at org.apache.maven.surefire.junit4.JUnit4Provider.executeWithRerun(JUnit4Provider.java:273)
	at org.apache.maven.surefire.junit4.JUnit4Provider.executeTestSet(JUnit4Provider.java:238)
	at org.apache.maven.surefire.junit4.JUnit4Provider.invoke(JUnit4Provider.java:159)
	at org.apache.maven.surefire.booter.ForkedBooter.invokeProviderInSameClassLoader(ForkedBooter.java:384)
	at org.apache.maven.surefire.booter.ForkedBooter.runSuitesInProcess(ForkedBooter.java:345)
	at org.apache.maven.surefire.booter.ForkedBooter.execute(ForkedBooter.java:126)
	at org.apache.maven.surefire.booter.ForkedBooter.main(ForkedBooter.java:418)

[[1;31mERROR[m] testDockerCommandPluginCheckVolumeAfterCreation(org.apache.hadoop.yarn.server.nodemanager.containermanager.linux.runtime.TestDockerContainerRuntime)  Time elapsed: 0.105 s  <<< FAILURE!
java.lang.AssertionError: Should successfully prepareContainersorg.apache.hadoop.yarn.server.nodemanager.containermanager.runtime.ContainerExecutionException: uid: 0 below threshold: 1
	at org.junit.Assert.fail(Assert.java:88)
	at org.apache.hadoop.yarn.server.nodemanager.containermanager.linux.runtime.TestDockerContainerRuntime.testDockerCommandPluginWithVolumesOutput(TestDockerContainerRuntime.java:2141)
	at org.apache.hadoop.yarn.server.nodemanager.containermanager.linux.runtime.TestDockerContainerRuntime.testDockerCommandPluginCheckVolumeAfterCreation(TestDockerContainerRuntime.java:2179)
	at sun.reflect.NativeMethodAccessorImpl.invoke0(Native Method)
	at sun.reflect.NativeMethodAccessorImpl.invoke(NativeMethodAccessorImpl.java:62)
	at sun.reflect.DelegatingMethodAccessorImpl.invoke(DelegatingMethodAccessorImpl.java:43)
	at java.lang.reflect.Method.invoke(Method.java:498)
	at org.junit.runners.model.FrameworkMethod$1.runReflectiveCall(FrameworkMethod.java:47)
	at org.junit.internal.runners.model.ReflectiveCallable.run(ReflectiveCallable.java:12)
	at org.junit.runners.model.FrameworkMethod.invokeExplosively(FrameworkMethod.java:44)
	at org.junit.internal.runners.statements.InvokeMethod.evaluate(InvokeMethod.java:17)
	at org.junit.internal.runners.statements.RunBefores.evaluate(RunBefores.java:26)
	at org.junit.rules.ExternalResource$1.evaluate(ExternalResource.java:48)
	at org.junit.rules.RunRules.evaluate(RunRules.java:20)
	at org.junit.runners.ParentRunner.runLeaf(ParentRunner.java:271)
	at org.junit.runners.BlockJUnit4ClassRunner.runChild(BlockJUnit4ClassRunner.java:70)
	at org.junit.runners.BlockJUnit4ClassRunner.runChild(BlockJUnit4ClassRunner.java:50)
	at org.junit.runners.ParentRunner$3.run(ParentRunner.java:238)
	at org.junit.runners.ParentRunner$1.schedule(ParentRunner.java:63)
	at org.junit.runners.ParentRunner.runChildren(ParentRunner.java:236)
	at org.junit.runners.ParentRunner.access$000(ParentRunner.java:53)
	at org.junit.runners.ParentRunner$2.evaluate(ParentRunner.java:229)
	at org.junit.runners.ParentRunner.run(ParentRunner.java:309)
	at org.apache.maven.surefire.junit4.JUnit4Provider.execute(JUnit4Provider.java:365)
	at org.apache.maven.surefire.junit4.JUnit4Provider.executeWithRerun(JUnit4Provider.java:273)
	at org.apache.maven.surefire.junit4.JUnit4Provider.executeTestSet(JUnit4Provider.java:238)
	at org.apache.maven.surefire.junit4.JUnit4Provider.invoke(JUnit4Provider.java:159)
	at org.apache.maven.surefire.booter.ForkedBooter.invokeProviderInSameClassLoader(ForkedBooter.java:384)
	at org.apache.maven.surefire.booter.ForkedBooter.runSuitesInProcess(ForkedBooter.java:345)
	at org.apache.maven.surefire.booter.ForkedBooter.execute(ForkedBooter.java:126)
	at org.apache.maven.surefire.booter.ForkedBooter.main(ForkedBooter.java:418)

[[1;31mERROR[m] testDockerContainerLaunchWithDefaultImage(org.apache.hadoop.yarn.server.nodemanager.containermanager.linux.runtime.TestDockerContainerRuntime)  Time elapsed: 0.034 s  <<< ERROR!
org.apache.hadoop.yarn.server.nodemanager.containermanager.runtime.ContainerExecutionException: uid: 0 below threshold: 1
	at org.apache.hadoop.yarn.server.nodemanager.containermanager.linux.runtime.DockerLinuxContainerRuntime.launchContainer(DockerLinuxContainerRuntime.java:835)
	at org.apache.hadoop.yarn.server.nodemanager.containermanager.linux.runtime.TestDockerContainerRuntime.testDockerContainerLaunchWithDefaultImage(TestDockerContainerRuntime.java:472)
	at sun.reflect.NativeMethodAccessorImpl.invoke0(Native Method)
	at sun.reflect.NativeMethodAccessorImpl.invoke(NativeMethodAccessorImpl.java:62)
	at sun.reflect.DelegatingMethodAccessorImpl.invoke(DelegatingMethodAccessorImpl.java:43)
	at java.lang.reflect.Method.invoke(Method.java:498)
	at org.junit.runners.model.FrameworkMethod$1.runReflectiveCall(FrameworkMethod.java:47)
	at org.junit.internal.runners.model.ReflectiveCallable.run(ReflectiveCallable.java:12)
	at org.junit.runners.model.FrameworkMethod.invokeExplosively(FrameworkMethod.java:44)
	at org.junit.internal.runners.statements.InvokeMethod.evaluate(InvokeMethod.java:17)
	at org.junit.internal.runners.statements.RunBefores.evaluate(RunBefores.java:26)
	at org.junit.rules.ExternalResource$1.evaluate(ExternalResource.java:48)
	at org.junit.rules.RunRules.evaluate(RunRules.java:20)
	at org.junit.runners.ParentRunner.runLeaf(ParentRunner.java:271)
	at org.junit.runners.BlockJUnit4ClassRunner.runChild(BlockJUnit4ClassRunner.java:70)
	at org.junit.runners.BlockJUnit4ClassRunner.runChild(BlockJUnit4ClassRunner.java:50)
	at org.junit.runners.ParentRunner$3.run(ParentRunner.java:238)
	at org.junit.runners.ParentRunner$1.schedule(ParentRunner.java:63)
	at org.junit.runners.ParentRunner.runChildren(ParentRunner.java:236)
	at org.junit.runners.ParentRunner.access$000(ParentRunner.java:53)
	at org.junit.runners.ParentRunner$2.evaluate(ParentRunner.java:229)
	at org.junit.runners.ParentRunner.run(ParentRunner.java:309)
	at org.apache.maven.surefire.junit4.JUnit4Provider.execute(JUnit4Provider.java:365)
	at org.apache.maven.surefire.junit4.JUnit4Provider.executeWithRerun(JUnit4Provider.java:273)
	at org.apache.maven.surefire.junit4.JUnit4Provider.executeTestSet(JUnit4Provider.java:238)
	at org.apache.maven.surefire.junit4.JUnit4Provider.invoke(JUnit4Provider.java:159)
	at org.apache.maven.surefire.booter.ForkedBooter.invokeProviderInSameClassLoader(ForkedBooter.java:384)
	at org.apache.maven.surefire.booter.ForkedBooter.runSuitesInProcess(ForkedBooter.java:345)
	at org.apache.maven.surefire.booter.ForkedBooter.execute(ForkedBooter.java:126)
	at org.apache.maven.surefire.booter.ForkedBooter.main(ForkedBooter.java:418)

[[1;31mERROR[m] testLaunchPrivilegedContainersInvalidEnvVar(org.apache.hadoop.yarn.server.nodemanager.containermanager.linux.runtime.TestDockerContainerRuntime)  Time elapsed: 0.034 s  <<< ERROR!
org.apache.hadoop.yarn.server.nodemanager.containermanager.runtime.ContainerExecutionException: uid: 0 below threshold: 1
	at org.apache.hadoop.yarn.server.nodemanager.containermanager.linux.runtime.DockerLinuxContainerRuntime.launchContainer(DockerLinuxContainerRuntime.java:835)
	at org.apache.hadoop.yarn.server.nodemanager.containermanager.linux.runtime.TestDockerContainerRuntime.testLaunchPrivilegedContainersInvalidEnvVar(TestDockerContainerRuntime.java:983)
	at sun.reflect.NativeMethodAccessorImpl.invoke0(Native Method)
	at sun.reflect.NativeMethodAccessorImpl.invoke(NativeMethodAccessorImpl.java:62)
	at sun.reflect.DelegatingMethodAccessorImpl.invoke(DelegatingMethodAccessorImpl.java:43)
	at java.lang.reflect.Method.invoke(Method.java:498)
	at org.junit.runners.model.FrameworkMethod$1.runReflectiveCall(FrameworkMethod.java:47)
	at org.junit.internal.runners.model.ReflectiveCallable.run(ReflectiveCallable.java:12)
	at org.junit.runners.model.FrameworkMethod.invokeExplosively(FrameworkMethod.java:44)
	at org.junit.internal.runners.statements.InvokeMethod.evaluate(InvokeMethod.java:17)
	at org.junit.internal.runners.statements.RunBefores.evaluate(RunBefores.java:26)
	at org.junit.rules.ExternalResource$1.evaluate(ExternalResource.java:48)
	at org.junit.rules.RunRules.evaluate(RunRules.java:20)
	at org.junit.runners.ParentRunner.runLeaf(ParentRunner.java:271)
	at org.junit.runners.BlockJUnit4ClassRunner.runChild(BlockJUnit4ClassRunner.java:70)
	at org.junit.runners.BlockJUnit4ClassRunner.runChild(BlockJUnit4ClassRunner.java:50)
	at org.junit.runners.ParentRunner$3.run(ParentRunner.java:238)
	at org.junit.runners.ParentRunner$1.schedule(ParentRunner.java:63)
	at org.junit.runners.ParentRunner.runChildren(ParentRunner.java:236)
	at org.junit.runners.ParentRunner.access$000(ParentRunner.java:53)
	at org.junit.runners.ParentRunner$2.evaluate(ParentRunner.java:229)
	at org.junit.runners.ParentRunner.run(ParentRunner.java:309)
	at org.apache.maven.surefire.junit4.JUnit4Provider.execute(JUnit4Provider.java:365)
	at org.apache.maven.surefire.junit4.JUnit4Provider.executeWithRerun(JUnit4Provider.java:273)
	at org.apache.maven.surefire.junit4.JUnit4Provider.executeTestSet(JUnit4Provider.java:238)
	at org.apache.maven.surefire.junit4.JUnit4Provider.invoke(JUnit4Provider.java:159)
	at org.apache.maven.surefire.booter.ForkedBooter.invokeProviderInSameClassLoader(ForkedBooter.java:384)
	at org.apache.maven.surefire.booter.ForkedBooter.runSuitesInProcess(ForkedBooter.java:345)
	at org.apache.maven.surefire.booter.ForkedBooter.execute(ForkedBooter.java:126)
	at org.apache.maven.surefire.booter.ForkedBooter.main(ForkedBooter.java:418)

[[1;34mINFO[m] Running org.apache.hadoop.yarn.server.nodemanager.containermanager.linux.runtime.[1mTestDelegatingLinuxContainerRuntime[m
[[1;34mINFO[m] [1;32mTests run: [0;1;32m10[m, Failures: 0, Errors: 0, Skipped: 0, Time elapsed: 0.432 s - in org.apache.hadoop.yarn.server.nodemanager.containermanager.linux.runtime.[1mTestDelegatingLinuxContainerRuntime[m
[[1;34mINFO[m] Running org.apache.hadoop.yarn.server.nodemanager.containermanager.linux.runtime.docker.[1mTestDockerLoadCommand[m
[[1;34mINFO[m] [1;32mTests run: [0;1;32m2[m, Failures: 0, Errors: 0, Skipped: 0, Time elapsed: 0.115 s - in org.apache.hadoop.yarn.server.nodemanager.containermanager.linux.runtime.docker.[1mTestDockerLoadCommand[m
[[1;34mINFO[m] Running org.apache.hadoop.yarn.server.nodemanager.containermanager.linux.runtime.docker.[1mTestDockerClient[m
[[1;34mINFO[m] [1;32mTests run: [0;1;32m2[m, Failures: 0, Errors: 0, Skipped: 0, Time elapsed: 0.833 s - in org.apache.hadoop.yarn.server.nodemanager.containermanager.linux.runtime.docker.[1mTestDockerClient[m
[[1;34mINFO[m] Running org.apache.hadoop.yarn.server.nodemanager.containermanager.linux.runtime.docker.[1mTestDockerPullCommand[m
[[1;34mINFO[m] [1;32mTests run: [0;1;32m2[m, Failures: 0, Errors: 0, Skipped: 0, Time elapsed: 0.138 s - in org.apache.hadoop.yarn.server.nodemanager.containermanager.linux.runtime.docker.[1mTestDockerPullCommand[m
[[1;34mINFO[m] Running org.apache.hadoop.yarn.server.nodemanager.containermanager.linux.runtime.docker.[1mTestDockerStopCommand[m
[[1;34mINFO[m] [1;32mTests run: [0;1;32m2[m, Failures: 0, Errors: 0, Skipped: 0, Time elapsed: 0.134 s - in org.apache.hadoop.yarn.server.nodemanager.containermanager.linux.runtime.docker.[1mTestDockerStopCommand[m
[[1;34mINFO[m] Running org.apache.hadoop.yarn.server.nodemanager.containermanager.linux.runtime.docker.[1mTestDockerKillCommand[m
[[1;34mINFO[m] [1;32mTests run: [0;1;32m2[m, Failures: 0, Errors: 0, Skipped: 0, Time elapsed: 0.121 s - in org.apache.hadoop.yarn.server.nodemanager.containermanager.linux.runtime.docker.[1mTestDockerKillCommand[m
[[1;34mINFO[m] Running org.apache.hadoop.yarn.server.nodemanager.containermanager.linux.runtime.docker.[1mTestDockerCommandExecutor[m
[[1;34mINFO[m] [1;32mTests run: [0;1;32m14[m, Failures: 0, Errors: 0, Skipped: 0, Time elapsed: 0.769 s - in org.apache.hadoop.yarn.server.nodemanager.containermanager.linux.runtime.docker.[1mTestDockerCommandExecutor[m
[[1;34mINFO[m] Running org.apache.hadoop.yarn.server.nodemanager.containermanager.linux.runtime.docker.[1mTestDockerInspectCommand[m
[[1;34mINFO[m] [1;32mTests run: [0;1;32m3[m, Failures: 0, Errors: 0, Skipped: 0, Time elapsed: 0.11 s - in org.apache.hadoop.yarn.server.nodemanager.containermanager.linux.runtime.docker.[1mTestDockerInspectCommand[m
[[1;34mINFO[m] Running org.apache.hadoop.yarn.server.nodemanager.containermanager.linux.runtime.docker.[1mTestDockerRunCommand[m
[[1;34mINFO[m] [1;32mTests run: [0;1;32m3[m, Failures: 0, Errors: 0, Skipped: 0, Time elapsed: 0.113 s - in org.apache.hadoop.yarn.server.nodemanager.containermanager.linux.runtime.docker.[1mTestDockerRunCommand[m
[[1;34mINFO[m] Running org.apache.hadoop.yarn.server.nodemanager.containermanager.linux.runtime.docker.[1mTestDockerVolumeCommand[m
[[1;34mINFO[m] [1;32mTests run: [0;1;32m1[m, Failures: 0, Errors: 0, Skipped: 0, Time elapsed: 0.047 s - in org.apache.hadoop.yarn.server.nodemanager.containermanager.linux.runtime.docker.[1mTestDockerVolumeCommand[m
[[1;34mINFO[m] Running org.apache.hadoop.yarn.server.nodemanager.containermanager.linux.runtime.docker.[1mTestDockerRmCommand[m
[[1;34mINFO[m] [1;32mTests run: [0;1;32m4[m, Failures: 0, Errors: 0, Skipped: 0, Time elapsed: 0.122 s - in org.apache.hadoop.yarn.server.nodemanager.containermanager.linux.runtime.docker.[1mTestDockerRmCommand[m
[[1;34mINFO[m] Running org.apache.hadoop.yarn.server.nodemanager.containermanager.linux.runtime.docker.[1mTestDockerStartCommand[m
[[1;34mINFO[m] [1;32mTests run: [0;1;32m2[m, Failures: 0, Errors: 0, Skipped: 0, Time elapsed: 0.119 s - in org.apache.hadoop.yarn.server.nodemanager.containermanager.linux.runtime.docker.[1mTestDockerStartCommand[m
[[1;34mINFO[m] Running org.apache.hadoop.yarn.server.nodemanager.containermanager.linux.resources.[1mTestCGroupsCpuResourceHandlerImpl[m
[[1;34mINFO[m] [1;32mTests run: [0;1;32m11[m, Failures: 0, Errors: 0, Skipped: 0, Time elapsed: 0.638 s - in org.apache.hadoop.yarn.server.nodemanager.containermanager.linux.resources.[1mTestCGroupsCpuResourceHandlerImpl[m
[[1;34mINFO[m] Running org.apache.hadoop.yarn.server.nodemanager.containermanager.linux.resources.[1mTestDefaultOOMHandler[m
[[1;34mINFO[m] [1;32mTests run: [0;1;32m13[m, Failures: 0, Errors: 0, Skipped: 0, Time elapsed: 1.136 s - in org.apache.hadoop.yarn.server.nodemanager.containermanager.linux.resources.[1mTestDefaultOOMHandler[m
[[1;34mINFO[m] Running org.apache.hadoop.yarn.server.nodemanager.containermanager.linux.resources.[1mTestResourceHandlerModule[m
[[1;34mINFO[m] [1;32mTests run: [0;1;32m2[m, Failures: 0, Errors: 0, Skipped: 0, Time elapsed: 0.467 s - in org.apache.hadoop.yarn.server.nodemanager.containermanager.linux.resources.[1mTestResourceHandlerModule[m
[[1;34mINFO[m] Running org.apache.hadoop.yarn.server.nodemanager.containermanager.linux.resources.[1mTestTrafficController[m
[[1;34mINFO[m] [1;32mTests run: [0;1;32m5[m, Failures: 0, Errors: 0, Skipped: 0, Time elapsed: 0.493 s - in org.apache.hadoop.yarn.server.nodemanager.containermanager.linux.resources.[1mTestTrafficController[m
[[1;34mINFO[m] Running org.apache.hadoop.yarn.server.nodemanager.containermanager.linux.resources.numa.[1mTestNumaResourceAllocator[m
[[1;34mINFO[m] [1;32mTests run: [0;1;32m10[m, Failures: 0, Errors: 0, Skipped: 0, Time elapsed: 0.694 s - in org.apache.hadoop.yarn.server.nodemanager.containermanager.linux.resources.numa.[1mTestNumaResourceAllocator[m
[[1;34mINFO[m] Running org.apache.hadoop.yarn.server.nodemanager.containermanager.linux.resources.numa.[1mTestNumaResourceHandlerImpl[m
[[1;34mINFO[m] [1;32mTests run: [0;1;32m3[m, Failures: 0, Errors: 0, Skipped: 0, Time elapsed: 0.611 s - in org.apache.hadoop.yarn.server.nodemanager.containermanager.linux.resources.numa.[1mTestNumaResourceHandlerImpl[m
[[1;34mINFO[m] Running org.apache.hadoop.yarn.server.nodemanager.containermanager.linux.resources.fpga.[1mTestFpgaResourceHandler[m
[[1;34mINFO[m] [1;32mTests run: [0;1;32m8[m, Failures: 0, Errors: 0, Skipped: 0, Time elapsed: 0.7 s - in org.apache.hadoop.yarn.server.nodemanager.containermanager.linux.resources.fpga.[1mTestFpgaResourceHandler[m
[[1;34mINFO[m] Running org.apache.hadoop.yarn.server.nodemanager.containermanager.linux.resources.[1mTestTrafficControlBandwidthHandlerImpl[m
[[1;34mINFO[m] [1;32mTests run: [0;1;32m2[m, Failures: 0, Errors: 0, Skipped: 0, Time elapsed: 0.524 s - in org.apache.hadoop.yarn.server.nodemanager.containermanager.linux.resources.[1mTestTrafficControlBandwidthHandlerImpl[m
[[1;34mINFO[m] Running org.apache.hadoop.yarn.server.nodemanager.containermanager.linux.resources.[1mTestCGroupsResourceCalculator[m
[[1;34mINFO[m] [1;32mTests run: [0;1;32m7[m, Failures: 0, Errors: 0, Skipped: 0, Time elapsed: 0.274 s - in org.apache.hadoop.yarn.server.nodemanager.containermanager.linux.resources.[1mTestCGroupsResourceCalculator[m
[[1;34mINFO[m] Running org.apache.hadoop.yarn.server.nodemanager.containermanager.linux.resources.[1mTestCompareResourceCalculators[m
[[1;33mWARNING[m] [1;33mTests [0;1mrun: [0;1m1[m, Failures: 0, Errors: 0, [1;33mSkipped: [0;1;33m1[m, Time elapsed: 0.072 s - in org.apache.hadoop.yarn.server.nodemanager.containermanager.linux.resources.[1mTestCompareResourceCalculators[m
[[1;34mINFO[m] Running org.apache.hadoop.yarn.server.nodemanager.containermanager.linux.resources.[1mTestCGroupsMemoryResourceHandlerImpl[m
[[1;34mINFO[m] [1;32mTests run: [0;1;32m9[m, Failures: 0, Errors: 0, Skipped: 0, Time elapsed: 0.597 s - in org.apache.hadoop.yarn.server.nodemanager.containermanager.linux.resources.[1mTestCGroupsMemoryResourceHandlerImpl[m
[[1;34mINFO[m] Running org.apache.hadoop.yarn.server.nodemanager.containermanager.linux.resources.gpu.[1mTestGpuResourceAllocator[m
[[1;34mINFO[m] [1;32mTests run: [0;1;32m12[m, Failures: 0, Errors: 0, Skipped: 0, Time elapsed: 2.822 s - in org.apache.hadoop.yarn.server.nodemanager.containermanager.linux.resources.gpu.[1mTestGpuResourceAllocator[m
[[1;34mINFO[m] Running org.apache.hadoop.yarn.server.nodemanager.containermanager.linux.resources.gpu.[1mTestGpuResourceHandler[m
[[1;34mINFO[m] [1;32mTests run: [0;1;32m9[m, Failures: 0, Errors: 0, Skipped: 0, Time elapsed: 0.755 s - in org.apache.hadoop.yarn.server.nodemanager.containermanager.linux.resources.gpu.[1mTestGpuResourceHandler[m
[[1;34mINFO[m] Running org.apache.hadoop.yarn.server.nodemanager.containermanager.linux.resources.[1mTestCGroupsBlkioResourceHandlerImpl[m
[[1;34mINFO[m] [1;32mTests run: [0;1;32m5[m, Failures: 0, Errors: 0, Skipped: 0, Time elapsed: 0.354 s - in org.apache.hadoop.yarn.server.nodemanager.containermanager.linux.resources.[1mTestCGroupsBlkioResourceHandlerImpl[m
[[1;34mINFO[m] Running org.apache.hadoop.yarn.server.nodemanager.containermanager.linux.resources.[1mTestCGroupsHandlerImpl[m
[[1;31mERROR[m] [1;31mTests [0;1mrun: [0;1m9[m, [1;31mFailures: [0;1;31m2[m, Errors: 0, Skipped: 0, Time elapsed: 0.561 s[1;31m <<< FAILURE![m - in org.apache.hadoop.yarn.server.nodemanager.containermanager.linux.resources.[1mTestCGroupsHandlerImpl[m
[[1;31mERROR[m] testPreMountedControllerRoot(org.apache.hadoop.yarn.server.nodemanager.containermanager.linux.resources.TestCGroupsHandlerImpl)  Time elapsed: 0.048 s  <<< FAILURE!
java.lang.AssertionError: An inaccessible path should result in an exception
	at org.junit.Assert.fail(Assert.java:88)
	at org.apache.hadoop.yarn.server.nodemanager.containermanager.linux.resources.TestCGroupsHandlerImpl.testPreMountedControllerInitialization(TestCGroupsHandlerImpl.java:422)
	at org.apache.hadoop.yarn.server.nodemanager.containermanager.linux.resources.TestCGroupsHandlerImpl.testPreMountedControllerRoot(TestCGroupsHandlerImpl.java:534)
	at sun.reflect.NativeMethodAccessorImpl.invoke0(Native Method)
	at sun.reflect.NativeMethodAccessorImpl.invoke(NativeMethodAccessorImpl.java:62)
	at sun.reflect.DelegatingMethodAccessorImpl.invoke(DelegatingMethodAccessorImpl.java:43)
	at java.lang.reflect.Method.invoke(Method.java:498)
	at org.junit.runners.model.FrameworkMethod$1.runReflectiveCall(FrameworkMethod.java:47)
	at org.junit.internal.runners.model.ReflectiveCallable.run(ReflectiveCallable.java:12)
	at org.junit.runners.model.FrameworkMethod.invokeExplosively(FrameworkMethod.java:44)
	at org.junit.internal.runners.statements.InvokeMethod.evaluate(InvokeMethod.java:17)
	at org.junit.internal.runners.statements.RunBefores.evaluate(RunBefores.java:26)
	at org.junit.internal.runners.statements.RunAfters.evaluate(RunAfters.java:27)
	at org.junit.runners.ParentRunner.runLeaf(ParentRunner.java:271)
	at org.junit.runners.BlockJUnit4ClassRunner.runChild(BlockJUnit4ClassRunner.java:70)
	at org.junit.runners.BlockJUnit4ClassRunner.runChild(BlockJUnit4ClassRunner.java:50)
	at org.junit.runners.ParentRunner$3.run(ParentRunner.java:238)
	at org.junit.runners.ParentRunner$1.schedule(ParentRunner.java:63)
	at org.junit.runners.ParentRunner.runChildren(ParentRunner.java:236)
	at org.junit.runners.ParentRunner.access$000(ParentRunner.java:53)
	at org.junit.runners.ParentRunner$2.evaluate(ParentRunner.java:229)
	at org.junit.runners.ParentRunner.run(ParentRunner.java:309)
	at org.apache.maven.surefire.junit4.JUnit4Provider.execute(JUnit4Provider.java:365)
	at org.apache.maven.surefire.junit4.JUnit4Provider.executeWithRerun(JUnit4Provider.java:273)
	at org.apache.maven.surefire.junit4.JUnit4Provider.executeTestSet(JUnit4Provider.java:238)
	at org.apache.maven.surefire.junit4.JUnit4Provider.invoke(JUnit4Provider.java:159)
	at org.apache.maven.surefire.booter.ForkedBooter.invokeProviderInSameClassLoader(ForkedBooter.java:384)
	at org.apache.maven.surefire.booter.ForkedBooter.runSuitesInProcess(ForkedBooter.java:345)
	at org.apache.maven.surefire.booter.ForkedBooter.execute(ForkedBooter.java:126)
	at org.apache.maven.surefire.booter.ForkedBooter.main(ForkedBooter.java:418)

[[1;31mERROR[m] testPreMountedControllerEmpty(org.apache.hadoop.yarn.server.nodemanager.containermanager.linux.resources.TestCGroupsHandlerImpl)  Time elapsed: 0.013 s  <<< FAILURE!
java.lang.AssertionError: An inaccessible path should result in an exception
	at org.junit.Assert.fail(Assert.java:88)
	at org.apache.hadoop.yarn.server.nodemanager.containermanager.linux.resources.TestCGroupsHandlerImpl.testPreMountedControllerInitialization(TestCGroupsHandlerImpl.java:422)
	at org.apache.hadoop.yarn.server.nodemanager.containermanager.linux.resources.TestCGroupsHandlerImpl.testPreMountedControllerEmpty(TestCGroupsHandlerImpl.java:525)
	at sun.reflect.NativeMethodAccessorImpl.invoke0(Native Method)
	at sun.reflect.NativeMethodAccessorImpl.invoke(NativeMethodAccessorImpl.java:62)
	at sun.reflect.DelegatingMethodAccessorImpl.invoke(DelegatingMethodAccessorImpl.java:43)
	at java.lang.reflect.Method.invoke(Method.java:498)
	at org.junit.runners.model.FrameworkMethod$1.runReflectiveCall(FrameworkMethod.java:47)
	at org.junit.internal.runners.model.ReflectiveCallable.run(ReflectiveCallable.java:12)
	at org.junit.runners.model.FrameworkMethod.invokeExplosively(FrameworkMethod.java:44)
	at org.junit.internal.runners.statements.InvokeMethod.evaluate(InvokeMethod.java:17)
	at org.junit.internal.runners.statements.RunBefores.evaluate(RunBefores.java:26)
	at org.junit.internal.runners.statements.RunAfters.evaluate(RunAfters.java:27)
	at org.junit.runners.ParentRunner.runLeaf(ParentRunner.java:271)
	at org.junit.runners.BlockJUnit4ClassRunner.runChild(BlockJUnit4ClassRunner.java:70)
	at org.junit.runners.BlockJUnit4ClassRunner.runChild(BlockJUnit4ClassRunner.java:50)
	at org.junit.runners.ParentRunner$3.run(ParentRunner.java:238)
	at org.junit.runners.ParentRunner$1.schedule(ParentRunner.java:63)
	at org.junit.runners.ParentRunner.runChildren(ParentRunner.java:236)
	at org.junit.runners.ParentRunner.access$000(ParentRunner.java:53)
	at org.junit.runners.ParentRunner$2.evaluate(ParentRunner.java:229)
	at org.junit.runners.ParentRunner.run(ParentRunner.java:309)
	at org.apache.maven.surefire.junit4.JUnit4Provider.execute(JUnit4Provider.java:365)
	at org.apache.maven.surefire.junit4.JUnit4Provider.executeWithRerun(JUnit4Provider.java:273)
	at org.apache.maven.surefire.junit4.JUnit4Provider.executeTestSet(JUnit4Provider.java:238)
	at org.apache.maven.surefire.junit4.JUnit4Provider.invoke(JUnit4Provider.java:159)
	at org.apache.maven.surefire.booter.ForkedBooter.invokeProviderInSameClassLoader(ForkedBooter.java:384)
	at org.apache.maven.surefire.booter.ForkedBooter.runSuitesInProcess(ForkedBooter.java:345)
	at org.apache.maven.surefire.booter.ForkedBooter.execute(ForkedBooter.java:126)
	at org.apache.maven.surefire.booter.ForkedBooter.main(ForkedBooter.java:418)

[[1;34mINFO[m] Running org.apache.hadoop.yarn.server.nodemanager.containermanager.linux.resources.[1mTestNetworkPacketTaggingHandlerImpl[m
[[1;34mINFO[m] [1;32mTests run: [0;1;32m2[m, Failures: 0, Errors: 0, Skipped: 0, Time elapsed: 0.443 s - in org.apache.hadoop.yarn.server.nodemanager.containermanager.linux.resources.[1mTestNetworkPacketTaggingHandlerImpl[m
[[1;34mINFO[m] Running org.apache.hadoop.yarn.server.nodemanager.containermanager.linux.resources.[1mTestCGroupElasticMemoryController[m
[[1;34mINFO[m] [1;32mTests run: [0;1;32m8[m, Failures: 0, Errors: 0, Skipped: 0, Time elapsed: 31.571 s - in org.apache.hadoop.yarn.server.nodemanager.containermanager.linux.resources.[1mTestCGroupElasticMemoryController[m
[[1;34mINFO[m] Running org.apache.hadoop.yarn.server.nodemanager.containermanager.linux.privileged.[1mTestPrivilegedOperationExecutor[m
[[1;34mINFO[m] [1;32mTests run: [0;1;32m4[m, Failures: 0, Errors: 0, Skipped: 0, Time elapsed: 0.333 s - in org.apache.hadoop.yarn.server.nodemanager.containermanager.linux.privileged.[1mTestPrivilegedOperationExecutor[m
[[1;34mINFO[m] Running org.apache.hadoop.yarn.server.nodemanager.containermanager.scheduler.[1mTestContainerSchedulerBehaviorCompatibility[m
[[1;34mINFO[m] [1;32mTests run: [0;1;32m1[m, Failures: 0, Errors: 0, Skipped: 0, Time elapsed: 3.415 s - in org.apache.hadoop.yarn.server.nodemanager.containermanager.scheduler.[1mTestContainerSchedulerBehaviorCompatibility[m
[[1;34mINFO[m] Running org.apache.hadoop.yarn.server.nodemanager.containermanager.scheduler.[1mTestContainerSchedulerQueuing[m
[[1;34mINFO[m] [1;32mTests run: [0;1;32m13[m, Failures: 0, Errors: 0, Skipped: 0, Time elapsed: 177.256 s - in org.apache.hadoop.yarn.server.nodemanager.containermanager.scheduler.[1mTestContainerSchedulerQueuing[m
[[1;34mINFO[m] Running org.apache.hadoop.yarn.server.nodemanager.containermanager.scheduler.[1mTestContainerSchedulerRecovery[m
[[1;34mINFO[m] [1;32mTests run: [0;1;32m12[m, Failures: 0, Errors: 0, Skipped: 0, Time elapsed: 0.57 s - in org.apache.hadoop.yarn.server.nodemanager.containermanager.scheduler.[1mTestContainerSchedulerRecovery[m
[[1;34mINFO[m] Running org.apache.hadoop.yarn.server.nodemanager.containermanager.scheduler.[1mTestAllocationBasedResourceUtilizationTracker[m
[[1;34mINFO[m] [1;32mTests run: [0;1;32m2[m, Failures: 0, Errors: 0, Skipped: 0, Time elapsed: 0.54 s - in org.apache.hadoop.yarn.server.nodemanager.containermanager.scheduler.[1mTestAllocationBasedResourceUtilizationTracker[m
[[1;34mINFO[m] Running org.apache.hadoop.yarn.server.nodemanager.containermanager.launcher.[1mTestContainerRelaunch[m
[[1;34mINFO[m] [1;32mTests run: [0;1;32m1[m, Failures: 0, Errors: 0, Skipped: 0, Time elapsed: 0.488 s - in org.apache.hadoop.yarn.server.nodemanager.containermanager.launcher.[1mTestContainerRelaunch[m
[[1;34mINFO[m] Running org.apache.hadoop.yarn.server.nodemanager.containermanager.launcher.[1mTestContainersLauncher[m
[[1;34mINFO[m] [1;32mTests run: [0;1;32m9[m, Failures: 0, Errors: 0, Skipped: 0, Time elapsed: 0.523 s - in org.apache.hadoop.yarn.server.nodemanager.containermanager.launcher.[1mTestContainersLauncher[m
[[1;34mINFO[m] Running org.apache.hadoop.yarn.server.nodemanager.containermanager.launcher.[1mTestContainerLaunch[m
[[1;33mWARNING[m] [1;33mTests [0;1mrun: [0;1m36[m, Failures: 0, Errors: 0, [1;33mSkipped: [0;1;33m5[m, Time elapsed: 21.78 s - in org.apache.hadoop.yarn.server.nodemanager.containermanager.launcher.[1mTestContainerLaunch[m
[[1;34mINFO[m] Running org.apache.hadoop.yarn.server.nodemanager.containermanager.launcher.[1mTestContainerCleanup[m
[[1;34mINFO[m] [1;32mTests run: [0;1;32m2[m, Failures: 0, Errors: 0, Skipped: 0, Time elapsed: 0.517 s - in org.apache.hadoop.yarn.server.nodemanager.containermanager.launcher.[1mTestContainerCleanup[m
[[1;34mINFO[m] Running org.apache.hadoop.yarn.server.nodemanager.containermanager.[1mTestContainerManagerRecovery[m
[[1;34mINFO[m] [1;32mTests run: [0;1;32m8[m, Failures: 0, Errors: 0, Skipped: 0, Time elapsed: 82.306 s - in org.apache.hadoop.yarn.server.nodemanager.containermanager.[1mTestContainerManagerRecovery[m
[[1;34mINFO[m] Running org.apache.hadoop.yarn.server.nodemanager.containermanager.[1mTestContainerManager[m
[[1;34mINFO[m] [1;32mTests run: [0;1;32m28[m, Failures: 0, Errors: 0, Skipped: 0, Time elapsed: 94.169 s - in org.apache.hadoop.yarn.server.nodemanager.containermanager.[1mTestContainerManager[m
[[1;34mINFO[m] Running org.apache.hadoop.yarn.server.nodemanager.containermanager.container.[1mTestSlidingWindowRetryPolicy[m
[[1;34mINFO[m] [1;32mTests run: [0;1;32m3[m, Failures: 0, Errors: 0, Skipped: 0, Time elapsed: 0.223 s - in org.apache.hadoop.yarn.server.nodemanager.containermanager.container.[1mTestSlidingWindowRetryPolicy[m
[[1;34mINFO[m] Running org.apache.hadoop.yarn.server.nodemanager.containermanager.container.[1mTestContainer[m
[[1;34mINFO[m] [1;32mTests run: [0;1;32m34[m, Failures: 0, Errors: 0, Skipped: 0, Time elapsed: 2.368 s - in org.apache.hadoop.yarn.server.nodemanager.containermanager.container.[1mTestContainer[m
[[1;34mINFO[m] Running org.apache.hadoop.yarn.server.nodemanager.[1mTestNodeManagerMXBean[m
[[1;34mINFO[m] [1;32mTests run: [0;1;32m1[m, Failures: 0, Errors: 0, Skipped: 0, Time elapsed: 0.981 s - in org.apache.hadoop.yarn.server.nodemanager.[1mTestNodeManagerMXBean[m
[[1;34mINFO[m] Running org.apache.hadoop.yarn.server.nodemanager.[1mTestContainerExecutor[m
[[1;33mWARNING[m] [1;33mTests [0;1mrun: [0;1m7[m, Failures: 0, Errors: 0, [1;33mSkipped: [0;1;33m3[m, Time elapsed: 0.641 s - in org.apache.hadoop.yarn.server.nodemanager.[1mTestContainerExecutor[m
[[1;34mINFO[m] Running org.apache.hadoop.yarn.server.nodemanager.[1mTestRPCFactories[m
[[1;34mINFO[m] [1;32mTests run: [0;1;32m1[m, Failures: 0, Errors: 0, Skipped: 0, Time elapsed: 0.498 s - in org.apache.hadoop.yarn.server.nodemanager.[1mTestRPCFactories[m
[[1;34mINFO[m] Running org.apache.hadoop.yarn.server.nodemanager.[1mTestContainerManagerWithLCE[m
[[1;33mWARNING[m] [1;33mTests [0;1mrun: [0;1m28[m, Failures: 0, Errors: 0, [1;33mSkipped: [0;1;33m28[m, Time elapsed: 1.089 s - in org.apache.hadoop.yarn.server.nodemanager.[1mTestContainerManagerWithLCE[m
[[1;34mINFO[m] Running org.apache.hadoop.yarn.server.nodemanager.[1mTestEventFlow[m
[[1;34mINFO[m] [1;32mTests run: [0;1;32m1[m, Failures: 0, Errors: 0, Skipped: 0, Time elapsed: 10.29 s - in org.apache.hadoop.yarn.server.nodemanager.[1mTestEventFlow[m
[[1;34mINFO[m] Running org.apache.hadoop.yarn.server.nodemanager.amrmproxy.[1mTestAMRMProxyTokenSecretManager[m
[[1;34mINFO[m] [1;32mTests run: [0;1;32m2[m, Failures: 0, Errors: 0, Skipped: 0, Time elapsed: 0.458 s - in org.apache.hadoop.yarn.server.nodemanager.amrmproxy.[1mTestAMRMProxyTokenSecretManager[m
[[1;34mINFO[m] Running org.apache.hadoop.yarn.server.nodemanager.amrmproxy.[1mTestFederationInterceptor[m
[[1;34mINFO[m] [1;32mTests run: [0;1;32m10[m, Failures: 0, Errors: 0, Skipped: 0, Time elapsed: 2.176 s - in org.apache.hadoop.yarn.server.nodemanager.amrmproxy.[1mTestFederationInterceptor[m
[[1;34mINFO[m] Running org.apache.hadoop.yarn.server.nodemanager.amrmproxy.[1mTestAMRMProxyService[m
[[1;34mINFO[m] [1;32mTests run: [0;1;32m20[m, Failures: 0, Errors: 0, Skipped: 0, Time elapsed: 1.119 s - in org.apache.hadoop.yarn.server.nodemanager.amrmproxy.[1mTestAMRMProxyService[m
[[1;34mINFO[m] Running org.apache.hadoop.yarn.server.nodemanager.[1mTestNetworkTagMappingJsonManager[m
[[1;34mINFO[m] [1;32mTests run: [0;1;32m2[m, Failures: 0, Errors: 0, Skipped: 0, Time elapsed: 0.783 s - in org.apache.hadoop.yarn.server.nodemanager.[1mTestNetworkTagMappingJsonManager[m
[[1;34mINFO[m] Running org.apache.hadoop.yarn.server.nodemanager.timelineservice.[1mTestNMTimelinePublisher[m
[[1;34mINFO[m] [1;32mTests run: [0;1;32m5[m, Failures: 0, Errors: 0, Skipped: 0, Time elapsed: 1.316 s - in org.apache.hadoop.yarn.server.nodemanager.timelineservice.[1mTestNMTimelinePublisher[m
[[1;34mINFO[m] Running org.apache.hadoop.yarn.server.nodemanager.logaggregation.tracker.[1mTestNMLogAggregationStatusTracker[m
[[1;34mINFO[m] [1;32mTests run: [0;1;32m1[m, Failures: 0, Errors: 0, Skipped: 0, Time elapsed: 0.433 s - in org.apache.hadoop.yarn.server.nodemanager.logaggregation.tracker.[1mTestNMLogAggregationStatusTracker[m
[[1;34mINFO[m] Running org.apache.hadoop.yarn.server.nodemanager.[1mTestNodeStatusUpdaterForLabels[m
[[1;34mINFO[m] [1;32mTests run: [0;1;32m2[m, Failures: 0, Errors: 0, Skipped: 0, Time elapsed: 8.525 s - in org.apache.hadoop.yarn.server.nodemanager.[1mTestNodeStatusUpdaterForLabels[m
[[1;34mINFO[m] Running org.apache.hadoop.yarn.server.nodemanager.[1mTestDeletionService[m
[[1;34mINFO[m] [1;32mTests run: [0;1;32m6[m, Failures: 0, Errors: 0, Skipped: 0, Time elapsed: 22.337 s - in org.apache.hadoop.yarn.server.nodemanager.[1mTestDeletionService[m
[[1;34mINFO[m] Running org.apache.hadoop.yarn.server.nodemanager.[1mTestLinuxContainerExecutor[m
[[1;33mWARNING[m] [1;33mTests [0;1mrun: [0;1m11[m, Failures: 0, Errors: 0, [1;33mSkipped: [0;1;33m8[m, Time elapsed: 0.884 s - in org.apache.hadoop.yarn.server.nodemanager.[1mTestLinuxContainerExecutor[m
[[1;34mINFO[m] Running org.apache.hadoop.yarn.server.nodemanager.security.[1mTestNMContainerTokenSecretManager[m
[[1;34mINFO[m] [1;32mTests run: [0;1;32m1[m, Failures: 0, Errors: 0, Skipped: 0, Time elapsed: 0.675 s - in org.apache.hadoop.yarn.server.nodemanager.security.[1mTestNMContainerTokenSecretManager[m
[[1;34mINFO[m] Running org.apache.hadoop.yarn.server.nodemanager.security.[1mTestNMTokenSecretManagerInNM[m
[[1;34mINFO[m] [1;32mTests run: [0;1;32m1[m, Failures: 0, Errors: 0, Skipped: 0, Time elapsed: 0.581 s - in org.apache.hadoop.yarn.server.nodemanager.security.[1mTestNMTokenSecretManagerInNM[m
[[1;34mINFO[m] Running org.apache.hadoop.yarn.server.nodemanager.[1mTestLinuxContainerExecutorWithMocks[m
[[1;34mINFO[m] [1;32mTests run: [0;1;32m10[m, Failures: 0, Errors: 0, Skipped: 0, Time elapsed: 1.257 s - in org.apache.hadoop.yarn.server.nodemanager.[1mTestLinuxContainerExecutorWithMocks[m
[[1;34mINFO[m] Running org.apache.hadoop.yarn.server.nodemanager.[1mTestNodeManagerShutdown[m
[[1;34mINFO[m] [1;32mTests run: [0;1;32m2[m, Failures: 0, Errors: 0, Skipped: 0, Time elapsed: 6.601 s - in org.apache.hadoop.yarn.server.nodemanager.[1mTestNodeManagerShutdown[m
[[1;34mINFO[m] Running org.apache.hadoop.yarn.server.nodemanager.[1mTestNodeStatusUpdaterForAttributes[m
[[1;34mINFO[m] [1;32mTests run: [0;1;32m2[m, Failures: 0, Errors: 0, Skipped: 0, Time elapsed: 9.748 s - in org.apache.hadoop.yarn.server.nodemanager.[1mTestNodeStatusUpdaterForAttributes[m
[[1;34mINFO[m] Running org.apache.hadoop.yarn.server.nodemanager.[1mTestNodeStatusUpdater[m
[[1;34mINFO[m] [1;32mTests run: [0;1;32m17[m, Failures: 0, Errors: 0, Skipped: 0, Time elapsed: 76.241 s - in org.apache.hadoop.yarn.server.nodemanager.[1mTestNodeStatusUpdater[m
[[1;34mINFO[m] Running org.apache.hadoop.yarn.server.nodemanager.scheduler.[1mTestDistributedScheduler[m
[[1;34mINFO[m] [1;32mTests run: [0;1;32m1[m, Failures: 0, Errors: 0, Skipped: 0, Time elapsed: 1.003 s - in org.apache.hadoop.yarn.server.nodemanager.scheduler.[1mTestDistributedScheduler[m
[[1;34mINFO[m] Running org.apache.hadoop.yarn.server.nodemanager.[1mTestNMAuditLogger[m
[[1;34mINFO[m] [1;32mTests run: [0;1;32m3[m, Failures: 0, Errors: 0, Skipped: 0, Time elapsed: 0.886 s - in org.apache.hadoop.yarn.server.nodemanager.[1mTestNMAuditLogger[m
[[1;34mINFO[m] Running org.apache.hadoop.yarn.server.nodemanager.api.impl.pb.[1mTestNMProtoUtils[m
[[1;34mINFO[m] [1;32mTests run: [0;1;32m4[m, Failures: 0, Errors: 0, Skipped: 0, Time elapsed: 0.536 s - in org.apache.hadoop.yarn.server.nodemanager.api.impl.pb.[1mTestNMProtoUtils[m
[[1;34mINFO[m] Running org.apache.hadoop.yarn.server.nodemanager.api.protocolrecords.impl.pb.[1mTestPBLocalizerRPC[m
[[1;34mINFO[m] [1;32mTests run: [0;1;32m1[m, Failures: 0, Errors: 0, Skipped: 0, Time elapsed: 0.644 s - in org.apache.hadoop.yarn.server.nodemanager.api.protocolrecords.impl.pb.[1mTestPBLocalizerRPC[m
[[1;34mINFO[m] Running org.apache.hadoop.yarn.server.nodemanager.api.protocolrecords.impl.pb.[1mTestPBRecordImpl[m
[[1;34mINFO[m] [1;32mTests run: [0;1;32m4[m, Failures: 0, Errors: 0, Skipped: 0, Time elapsed: 0.412 s - in org.apache.hadoop.yarn.server.nodemanager.api.protocolrecords.impl.pb.[1mTestPBRecordImpl[m
[[1;34mINFO[m] Running org.apache.hadoop.yarn.server.nodemanager.[1mTestNodeHealthService[m
[[1;34mINFO[m] [1;32mTests run: [0;1;32m1[m, Failures: 0, Errors: 0, Skipped: 0, Time elapsed: 0.8 s - in org.apache.hadoop.yarn.server.nodemanager.[1mTestNodeHealthService[m
[[1;34mINFO[m] Running org.apache.hadoop.yarn.server.nodemanager.[1mTestNodeManager[m
[[1;34mINFO[m] [1;32mTests run: [0;1;32m4[m, Failures: 0, Errors: 0, Skipped: 0, Time elapsed: 0.629 s - in org.apache.hadoop.yarn.server.nodemanager.[1mTestNodeManager[m
[[1;34mINFO[m] Running org.apache.hadoop.yarn.server.nodemanager.[1mTestNodeManagerResync[m
[[1;34mINFO[m] [1;32mTests run: [0;1;32m6[m, Failures: 0, Errors: 0, Skipped: 0, Time elapsed: 25.705 s - in org.apache.hadoop.yarn.server.nodemanager.[1mTestNodeManagerResync[m
[[1;34mINFO[m] Running org.apache.hadoop.yarn.server.nodemanager.executor.[1mTestContainerReapContext[m
[[1;34mINFO[m] [1;32mTests run: [0;1;32m2[m, Failures: 0, Errors: 0, Skipped: 0, Time elapsed: 0.162 s - in org.apache.hadoop.yarn.server.nodemanager.executor.[1mTestContainerReapContext[m
[[1;34mINFO[m] Running org.apache.hadoop.yarn.server.nodemanager.metrics.[1mTestNodeManagerMetrics[m
[[1;34mINFO[m] [1;32mTests run: [0;1;32m2[m, Failures: 0, Errors: 0, Skipped: 0, Time elapsed: 0.642 s - in org.apache.hadoop.yarn.server.nodemanager.metrics.[1mTestNodeManagerMetrics[m
[[1;34mINFO[m] Running org.apache.hadoop.yarn.server.nodemanager.[1mTestNodeResourceMonitor[m
[[1;34mINFO[m] [1;32mTests run: [0;1;32m1[m, Failures: 0, Errors: 0, Skipped: 0, Time elapsed: 1.039 s - in org.apache.hadoop.yarn.server.nodemanager.[1mTestNodeResourceMonitor[m
[[1;34mINFO[m] Running org.apache.hadoop.yarn.server.nodemanager.util.[1mTestCgroupsLCEResourcesHandler[m
[[1;34mINFO[m] [1;32mTests run: [0;1;32m7[m, Failures: 0, Errors: 0, Skipped: 0, Time elapsed: 0.886 s - in org.apache.hadoop.yarn.server.nodemanager.util.[1mTestCgroupsLCEResourcesHandler[m
[[1;34mINFO[m] Running org.apache.hadoop.yarn.server.nodemanager.util.[1mTestNodeManagerHardwareUtils[m
[[1;34mINFO[m] [1;32mTests run: [0;1;32m3[m, Failures: 0, Errors: 0, Skipped: 0, Time elapsed: 0.428 s - in org.apache.hadoop.yarn.server.nodemanager.util.[1mTestNodeManagerHardwareUtils[m
[[1;34mINFO[m] Running org.apache.hadoop.yarn.server.nodemanager.util.[1mTestProcessIdFileReader[m
[[1;34mINFO[m] [1;32mTests run: [0;1;32m3[m, Failures: 0, Errors: 0, Skipped: 0, Time elapsed: 0.137 s - in org.apache.hadoop.yarn.server.nodemanager.util.[1mTestProcessIdFileReader[m
[[1;34mINFO[m] Running org.apache.hadoop.yarn.server.nodemanager.[1mTestDirectoryCollection[m
[[1;31mERROR[m] [1;31mTests [0;1mrun: [0;1m7[m, [1;31mFailures: [0;1;31m1[m, Errors: 0, Skipped: 0, Time elapsed: 0.673 s[1;31m <<< FAILURE![m - in org.apache.hadoop.yarn.server.nodemanager.[1mTestDirectoryCollection[m
[[1;31mERROR[m] testFailedDisksBecomingGoodAgain(org.apache.hadoop.yarn.server.nodemanager.TestDirectoryCollection)  Time elapsed: 0.041 s  <<< FAILURE!
java.lang.AssertionError: expected:<0> but was:<1>
	at org.junit.Assert.fail(Assert.java:88)
	at org.junit.Assert.failNotEquals(Assert.java:743)
	at org.junit.Assert.assertEquals(Assert.java:118)
	at org.junit.Assert.assertEquals(Assert.java:555)
	at org.junit.Assert.assertEquals(Assert.java:542)
	at org.apache.hadoop.yarn.server.nodemanager.TestDirectoryCollection.testFailedDisksBecomingGoodAgain(TestDirectoryCollection.java:249)
	at sun.reflect.NativeMethodAccessorImpl.invoke0(Native Method)
	at sun.reflect.NativeMethodAccessorImpl.invoke(NativeMethodAccessorImpl.java:62)
	at sun.reflect.DelegatingMethodAccessorImpl.invoke(DelegatingMethodAccessorImpl.java:43)
	at java.lang.reflect.Method.invoke(Method.java:498)
	at org.junit.runners.model.FrameworkMethod$1.runReflectiveCall(FrameworkMethod.java:47)
	at org.junit.internal.runners.model.ReflectiveCallable.run(ReflectiveCallable.java:12)
	at org.junit.runners.model.FrameworkMethod.invokeExplosively(FrameworkMethod.java:44)
	at org.junit.internal.runners.statements.InvokeMethod.evaluate(InvokeMethod.java:17)
	at org.junit.internal.runners.statements.RunBefores.evaluate(RunBefores.java:26)
	at org.junit.internal.runners.statements.RunAfters.evaluate(RunAfters.java:27)
	at org.junit.runners.ParentRunner.runLeaf(ParentRunner.java:271)
	at org.junit.runners.BlockJUnit4ClassRunner.runChild(BlockJUnit4ClassRunner.java:70)
	at org.junit.runners.BlockJUnit4ClassRunner.runChild(BlockJUnit4ClassRunner.java:50)
	at org.junit.runners.ParentRunner$3.run(ParentRunner.java:238)
	at org.junit.runners.ParentRunner$1.schedule(ParentRunner.java:63)
	at org.junit.runners.ParentRunner.runChildren(ParentRunner.java:236)
	at org.junit.runners.ParentRunner.access$000(ParentRunner.java:53)
	at org.junit.runners.ParentRunner$2.evaluate(ParentRunner.java:229)
	at org.junit.runners.ParentRunner.run(ParentRunner.java:309)
	at org.apache.maven.surefire.junit4.JUnit4Provider.execute(JUnit4Provider.java:365)
	at org.apache.maven.surefire.junit4.JUnit4Provider.executeWithRerun(JUnit4Provider.java:273)
	at org.apache.maven.surefire.junit4.JUnit4Provider.executeTestSet(JUnit4Provider.java:238)
	at org.apache.maven.surefire.junit4.JUnit4Provider.invoke(JUnit4Provider.java:159)
	at org.apache.maven.surefire.booter.ForkedBooter.invokeProviderInSameClassLoader(ForkedBooter.java:384)
	at org.apache.maven.surefire.booter.ForkedBooter.runSuitesInProcess(ForkedBooter.java:345)
	at org.apache.maven.surefire.booter.ForkedBooter.execute(ForkedBooter.java:126)
	at org.apache.maven.surefire.booter.ForkedBooter.main(ForkedBooter.java:418)

[[1;34mINFO[m] Running org.apache.hadoop.yarn.server.nodemanager.recovery.[1mTestNMLeveldbStateStoreService[m
[[1;34mINFO[m] [1;32mTests run: [0;1;32m19[m, Failures: 0, Errors: 0, Skipped: 0, Time elapsed: 2.839 s - in org.apache.hadoop.yarn.server.nodemanager.recovery.[1mTestNMLeveldbStateStoreService[m
[[1;34mINFO[m] Running org.apache.hadoop.yarn.server.nodemanager.webapp.[1mTestNMWebServer[m
[[1;34mINFO[m] [1;32mTests run: [0;1;32m3[m, Failures: 0, Errors: 0, Skipped: 0, Time elapsed: 3.103 s - in org.apache.hadoop.yarn.server.nodemanager.webapp.[1mTestNMWebServer[m
[[1;34mINFO[m] Running org.apache.hadoop.yarn.server.nodemanager.webapp.[1mTestNMAppsPage[m
[[1;34mINFO[m] [1;32mTests run: [0;1;32m3[m, Failures: 0, Errors: 0, Skipped: 0, Time elapsed: 1.119 s - in org.apache.hadoop.yarn.server.nodemanager.webapp.[1mTestNMAppsPage[m
[[1;34mINFO[m] Running org.apache.hadoop.yarn.server.nodemanager.webapp.[1mTestContainerLogsPage[m
[[1;34mINFO[m] [1;32mTests run: [0;1;32m5[m, Failures: 0, Errors: 0, Skipped: 0, Time elapsed: 1.749 s - in org.apache.hadoop.yarn.server.nodemanager.webapp.[1mTestContainerLogsPage[m
[[1;34mINFO[m] Running org.apache.hadoop.yarn.server.nodemanager.webapp.[1mTestNMWebServicesApps[m
[[1;34mINFO[m] [1;32mTests run: [0;1;32m20[m, Failures: 0, Errors: 0, Skipped: 0, Time elapsed: 7.615 s - in org.apache.hadoop.yarn.server.nodemanager.webapp.[1mTestNMWebServicesApps[m
[[1;34mINFO[m] Running org.apache.hadoop.yarn.server.nodemanager.webapp.[1mTestNMWebFilter[m
[[1;34mINFO[m] [1;32mTests run: [0;1;32m1[m, Failures: 0, Errors: 0, Skipped: 0, Time elapsed: 0.504 s - in org.apache.hadoop.yarn.server.nodemanager.webapp.[1mTestNMWebFilter[m
[[1;34mINFO[m] Running org.apache.hadoop.yarn.server.nodemanager.webapp.[1mTestNMWebServices[m
[[1;34mINFO[m] [1;32mTests run: [0;1;32m15[m, Failures: 0, Errors: 0, Skipped: 0, Time elapsed: 7.271 s - in org.apache.hadoop.yarn.server.nodemanager.webapp.[1mTestNMWebServices[m
[[1;34mINFO[m] Running org.apache.hadoop.yarn.server.nodemanager.webapp.[1mTestNMWebServicesContainers[m
[[1;34mINFO[m] [1;32mTests run: [0;1;32m12[m, Failures: 0, Errors: 0, Skipped: 0, Time elapsed: 5.856 s - in org.apache.hadoop.yarn.server.nodemanager.webapp.[1mTestNMWebServicesContainers[m
[[1;34mINFO[m] Running org.apache.hadoop.yarn.server.nodemanager.webapp.dao.gpu.[1mTestGpuDeviceInformationParser[m
[[1;34mINFO[m] [1;32mTests run: [0;1;32m7[m, Failures: 0, Errors: 0, Skipped: 0, Time elapsed: 0.501 s - in org.apache.hadoop.yarn.server.nodemanager.webapp.dao.gpu.[1mTestGpuDeviceInformationParser[m
[[1;34mINFO[m] Running org.apache.hadoop.yarn.server.nodemanager.[1mTestLocalDirsHandlerService[m
[[1;31mERROR[m] [1;31mTests [0;1mrun: [0;1m3[m, [1;31mFailures: [0;1;31m1[m, Errors: 0, Skipped: 0, Time elapsed: 0.578 s[1;31m <<< FAILURE![m - in org.apache.hadoop.yarn.server.nodemanager.[1mTestLocalDirsHandlerService[m
[[1;31mERROR[m] testGetFullDirs(org.apache.hadoop.yarn.server.nodemanager.TestLocalDirsHandlerService)  Time elapsed: 0.063 s  <<< FAILURE!
java.lang.AssertionError: expected:<1> but was:<2>
	at org.junit.Assert.fail(Assert.java:88)
	at org.junit.Assert.failNotEquals(Assert.java:743)
	at org.junit.Assert.assertEquals(Assert.java:118)
	at org.junit.Assert.assertEquals(Assert.java:555)
	at org.junit.Assert.assertEquals(Assert.java:542)
	at org.apache.hadoop.yarn.server.nodemanager.TestLocalDirsHandlerService.testGetFullDirs(TestLocalDirsHandlerService.java:115)
	at sun.reflect.NativeMethodAccessorImpl.invoke0(Native Method)
	at sun.reflect.NativeMethodAccessorImpl.invoke(NativeMethodAccessorImpl.java:62)
	at sun.reflect.DelegatingMethodAccessorImpl.invoke(DelegatingMethodAccessorImpl.java:43)
	at java.lang.reflect.Method.invoke(Method.java:498)
	at org.junit.runners.model.FrameworkMethod$1.runReflectiveCall(FrameworkMethod.java:47)
	at org.junit.internal.runners.model.ReflectiveCallable.run(ReflectiveCallable.java:12)
	at org.junit.runners.model.FrameworkMethod.invokeExplosively(FrameworkMethod.java:44)
	at org.junit.internal.runners.statements.InvokeMethod.evaluate(InvokeMethod.java:17)
	at org.junit.internal.runners.statements.RunBefores.evaluate(RunBefores.java:26)
	at org.junit.internal.runners.statements.RunAfters.evaluate(RunAfters.java:27)
	at org.junit.runners.ParentRunner.runLeaf(ParentRunner.java:271)
	at org.junit.runners.BlockJUnit4ClassRunner.runChild(BlockJUnit4ClassRunner.java:70)
	at org.junit.runners.BlockJUnit4ClassRunner.runChild(BlockJUnit4ClassRunner.java:50)
	at org.junit.runners.ParentRunner$3.run(ParentRunner.java:238)
	at org.junit.runners.ParentRunner$1.schedule(ParentRunner.java:63)
	at org.junit.runners.ParentRunner.runChildren(ParentRunner.java:236)
	at org.junit.runners.ParentRunner.access$000(ParentRunner.java:53)
	at org.junit.runners.ParentRunner$2.evaluate(ParentRunner.java:229)
	at org.junit.runners.ParentRunner.run(ParentRunner.java:309)
	at org.apache.maven.surefire.junit4.JUnit4Provider.execute(JUnit4Provider.java:365)
	at org.apache.maven.surefire.junit4.JUnit4Provider.executeWithRerun(JUnit4Provider.java:273)
	at org.apache.maven.surefire.junit4.JUnit4Provider.executeTestSet(JUnit4Provider.java:238)
	at org.apache.maven.surefire.junit4.JUnit4Provider.invoke(JUnit4Provider.java:159)
	at org.apache.maven.surefire.booter.ForkedBooter.invokeProviderInSameClassLoader(ForkedBooter.java:384)
	at org.apache.maven.surefire.booter.ForkedBooter.runSuitesInProcess(ForkedBooter.java:345)
	at org.apache.maven.surefire.booter.ForkedBooter.execute(ForkedBooter.java:126)
	at org.apache.maven.surefire.booter.ForkedBooter.main(ForkedBooter.java:418)

[[1;34mINFO[m] Running org.apache.hadoop.yarn.server.nodemanager.[1mTestRecordFactory[m
[[1;34mINFO[m] [1;32mTests run: [0;1;32m1[m, Failures: 0, Errors: 0, Skipped: 0, Time elapsed: 0.143 s - in org.apache.hadoop.yarn.server.nodemanager.[1mTestRecordFactory[m
[[1;34mINFO[m] Running org.apache.hadoop.yarn.server.nodemanager.[1mTestNodeManagerReboot[m
[[1;34mINFO[m] [1;32mTests run: [0;1;32m1[m, Failures: 0, Errors: 0, Skipped: 0, Time elapsed: 6.54 s - in org.apache.hadoop.yarn.server.nodemanager.[1mTestNodeManagerReboot[m
[[1;34mINFO[m] Running org.apache.hadoop.yarn.server.nodemanager.nodelabels.[1mTestScriptBasedNodeAttributesProvider[m
[[1;34mINFO[m] [1;32mTests run: [0;1;32m5[m, Failures: 0, Errors: 0, Skipped: 0, Time elapsed: 11.061 s - in org.apache.hadoop.yarn.server.nodemanager.nodelabels.[1mTestScriptBasedNodeAttributesProvider[m
[[1;34mINFO[m] Running org.apache.hadoop.yarn.server.nodemanager.nodelabels.[1mTestScriptBasedNodeLabelsProvider[m
[[1;34mINFO[m] [1;32mTests run: [0;1;32m3[m, Failures: 0, Errors: 0, Skipped: 0, Time elapsed: 5.136 s - in org.apache.hadoop.yarn.server.nodemanager.nodelabels.[1mTestScriptBasedNodeLabelsProvider[m
[[1;34mINFO[m] Running org.apache.hadoop.yarn.server.nodemanager.nodelabels.[1mTestConfigurationNodeAttributesProvider[m
[[1;34mINFO[m] [1;32mTests run: [0;1;32m4[m, Failures: 0, Errors: 0, Skipped: 0, Time elapsed: 4.195 s - in org.apache.hadoop.yarn.server.nodemanager.nodelabels.[1mTestConfigurationNodeAttributesProvider[m
[[1;34mINFO[m] Running org.apache.hadoop.yarn.server.nodemanager.nodelabels.[1mTestConfigurationNodeLabelsProvider[m
[[1;34mINFO[m] [1;32mTests run: [0;1;32m3[m, Failures: 0, Errors: 0, Skipped: 0, Time elapsed: 2.39 s - in org.apache.hadoop.yarn.server.nodemanager.nodelabels.[1mTestConfigurationNodeLabelsProvider[m
[[1;34mINFO[m] Running org.apache.hadoop.yarn.server.nodemanager.[1mTestDefaultContainerExecutor[m
[[1;34mINFO[m] [1;32mTests run: [0;1;32m4[m, Failures: 0, Errors: 0, Skipped: 0, Time elapsed: 1.108 s - in org.apache.hadoop.yarn.server.nodemanager.[1mTestDefaultContainerExecutor[m
[[1;34mINFO[m] 
[[1;34mINFO[m] Results:
[[1;34mINFO[m] 
[[1;31mERROR[m] [1;31mFailures: [m
[[1;31mERROR[m] [1;31m  TestDirectoryCollection.testFailedDisksBecomingGoodAgain:249 expected:<0> but was:<1>[m
[[1;31mERROR[m] [1;31m  TestLocalDirsHandlerService.testGetFullDirs:115 expected:<1> but was:<2>[m
[[1;31mERROR[m] [1;31m  TestCGroupsHandlerImpl.testPreMountedControllerEmpty:525->testPreMountedControllerInitialization:422 An inaccessible path should result in an exception[m
[[1;31mERROR[m] [1;31m  TestCGroupsHandlerImpl.testPreMountedControllerRoot:534->testPreMountedControllerInitialization:422 An inaccessible path should result in an exception[m
[[1;31mERROR[m] [1;31m  TestDockerContainerRuntime.testDockerCommandPluginCheckVolumeAfterCreation:2179->testDockerCommandPluginWithVolumesOutput:2141 Should successfully prepareContainersorg.apache.hadoop.yarn.server.nodemanager.containermanager.runtime.ContainerExecutionException: uid: 0 below threshold: 1[m
[[1;31mERROR[m] [1;31mErrors: [m
[[1;31mERROR[m] [1;31m  TestDockerContainerRuntime.testContainerLaunchWithCustomNetworks:763 ? ContainerExecution[m
[[1;31mERROR[m] [1;31m  TestDockerContainerRuntime.testContainerLaunchWithHostDnsNetwork:696 ? ContainerExecution[m
[[1;31mERROR[m] [1;31m  TestDockerContainerRuntime.testContainerLaunchWithNetworkingDefaults:637 ? ContainerExecution[m
[[1;31mERROR[m] [1;31m  TestDockerContainerRuntime.testContainerLaunchWithUserRemapping:522 ? ContainerExecution[m
[[1;31mERROR[m] [1;31m  TestDockerContainerRuntime.testDefaultROMounts:1573 ? ContainerExecution uid: ...[m
[[1;31mERROR[m] [1;31m  TestDockerContainerRuntime.testDefaultRWMounts:1640 ? ContainerExecution uid: ...[m
[[1;31mERROR[m] [1;31m  TestDockerContainerRuntime.testDefaultTmpfsMounts:1474 ? ContainerExecution ui...[m
[[1;31mERROR[m] [1;31m  TestDockerContainerRuntime.testDockerCommandPlugin:2230 ? ContainerExecution u...[m
[[1;31mERROR[m] [1;31m  TestDockerContainerRuntime.testDockerContainerLaunch:421 ? ContainerExecution ...[m
[[1;31mERROR[m] [1;31m  TestDockerContainerRuntime.testDockerContainerLaunchWithDefaultImage:472 ? ContainerExecution[m
[[1;31mERROR[m] [1;31m  TestDockerContainerRuntime.testLaunchContainerWithDockerTokens:2347 ? ContainerExecution[m
[[1;31mERROR[m] [1;31m  TestDockerContainerRuntime.testLaunchPidNamespaceContainersEnabled:932 ? ContainerExecution[m
[[1;31mERROR[m] [1;31m  TestDockerContainerRuntime.testLaunchPidNamespaceContainersInvalidEnvVar:880 ? ContainerExecution[m
[[1;31mERROR[m] [1;31m  TestDockerContainerRuntime.testLaunchPrivilegedContainersEnabledAndUserInWhitelist:1093 ? ContainerExecution[m
[[1;31mERROR[m] [1;31m  TestDockerContainerRuntime.testLaunchPrivilegedContainersInvalidEnvVar:983 ? ContainerExecution[m
[[1;31mERROR[m] [1;31m  TestDockerContainerRuntime.testMountMultiple:1263 ? ContainerExecution uid: 0 ...[m
[[1;31mERROR[m] [1;31m  TestDockerContainerRuntime.testMountSourceTarget:1209 ? ContainerExecution uid...[m
[[1;31mERROR[m] [1;31m  TestDockerContainerRuntime.testTmpfsMount:1427 ? ContainerExecution uid: 0 bel...[m
[[1;31mERROR[m] [1;31m  TestDockerContainerRuntime.testTmpfsMountMulti:1450 ? ContainerExecution uid: ...[m
[[1;31mERROR[m] [1;31m  TestDockerContainerRuntime.testUserMounts:1318 ? ContainerExecution uid: 0 bel...[m
[[1;31mERROR[m] [1;31m  TestJavaSandboxLinuxContainerRuntime.testAppendSecurityFlags:445 ? ContainerExecution[m
[[1;31mERROR[m] [1;31m  TestJavaSandboxLinuxContainerRuntime.testDeniedWhitelistGroup:367 ? ContainerExecution[m
[[1;31mERROR[m] [1;31m  TestJavaSandboxLinuxContainerRuntime.testEnabledSandboxWithWhitelist:346 ? ContainerExecution[m
[[1;31mERROR[m] [1;31m  TestJavaSandboxLinuxContainerRuntime.testGroupPolicies:252 ? ContainerExecution[m
[[1;31mERROR[m] [1;31m  TestJavaSandboxLinuxContainerRuntime.testPermissiveMode:308 ? ContainerExecution[m
[[1;34mINFO[m] 
[[1;31mERROR[m] [1;31mTests run: 856, Failures: 5, Errors: 25, Skipped: 47[m
[[1;34mINFO[m] 
[[1;34mINFO[m] [1m------------------------------------------------------------------------[m
[[1;34mINFO[m] [1;31mBUILD FAILURE[m
[[1;34mINFO[m] [1m------------------------------------------------------------------------[m
[[1;34mINFO[m] Total time:  17:14 min
[[1;34mINFO[m] Finished at: 2020-04-08T23:26:09Z
[[1;34mINFO[m] [1m------------------------------------------------------------------------[m
[[1;31mERROR[m] Failed to execute goal [32morg.apache.maven.plugins:maven-surefire-plugin:3.0.0-M1:test[m [1m(default-test)[m on project [36mhadoop-yarn-server-nodemanager[m: [1;31mThere are test failures.[m
[[1;31mERROR[m] [1;31m[m
[[1;31mERROR[m] [1;31mPlease refer to /root/hadoop-3.2.1-src/hadoop-yarn-project/hadoop-yarn/hadoop-yarn-server/hadoop-yarn-server-nodemanager/target/surefire-reports for the individual test results.[m
[[1;31mERROR[m] [1;31mPlease refer to dump files (if any exist) [date].dump, [date]-jvmRun[N].dump and [date].dumpstream.[m
[[1;31mERROR[m] -> [1m[Help 1][m
[[1;31mERROR[m] 
[[1;31mERROR[m] To see the full stack trace of the errors, re-run Maven with the [1m-e[m switch.
[[1;31mERROR[m] Re-run Maven using the [1m-X[m switch to enable full debug logging.
[[1;31mERROR[m] 
[[1;31mERROR[m] For more information about the errors and possible solutions, please read the following articles:
[[1;31mERROR[m] [1m[Help 1][m http://cwiki.apache.org/confluence/display/MAVEN/MojoFailureException
