[[1;34mINFO[m] Scanning for projects...
[[1;34mINFO[m] 
[[1;34mINFO[m] [1m----------------< [0;36morg.apache.hadoop:hadoop-yarn-common[0;1m >----------------[m
[[1;34mINFO[m] [1mBuilding Apache Hadoop YARN Common 3.2.1[m
[[1;34mINFO[m] [1m--------------------------------[ jar ]---------------------------------[m
[[1;34mINFO[m] 
[[1;34mINFO[m] [1m--- [0;32mmaven-antrun-plugin:1.7:run[m [1m(create-testdirs)[m @ [36mhadoop-yarn-common[0;1m ---[m
[[1;34mINFO[m] Executing tasks

main:
[[1;34mINFO[m] Executed tasks
[[1;34mINFO[m] 
[[1;34mINFO[m] [1m--- [0;32mhadoop-maven-plugins:3.2.1:protoc[m [1m(compile-protoc)[m @ [36mhadoop-yarn-common[0;1m ---[m
[[1;34mINFO[m] No changes detected in protoc files, skipping generation.
[[1;34mINFO[m] 
[[1;34mINFO[m] [1m--- [0;32mhadoop-maven-plugins:3.2.1:version-info[m [1m(version-info)[m @ [36mhadoop-yarn-common[0;1m ---[m
[[1;33mWARNING[m] [git, branch] failed with error code 128
[[1;34mINFO[m] SCM: NONE
[[1;34mINFO[m] Computed MD5: fc21ffe07c661eae8a1d4d9b5b07399
[[1;34mINFO[m] 
[[1;34mINFO[m] [1m--- [0;32mhadoop-maven-plugins:3.2.1:resource-gz[m [1m(resource-gz)[m @ [36mhadoop-yarn-common[0;1m ---[m
[[1;34mINFO[m] Compressing /root/hadoop-3.2.1-src/hadoop-yarn-project/hadoop-yarn/hadoop-yarn-common/src/main/resources/webapps/static/yarn.css to /root/hadoop-3.2.1-src/hadoop-yarn-project/hadoop-yarn/hadoop-yarn-common/target/classes/webapps/static/yarn.css.gz
[[1;34mINFO[m] Compressing /root/hadoop-3.2.1-src/hadoop-yarn-project/hadoop-yarn/hadoop-yarn-common/src/main/resources/webapps/static/jquery/themes-1.9.1/base/jquery-ui.css to /root/hadoop-3.2.1-src/hadoop-yarn-project/hadoop-yarn/hadoop-yarn-common/target/classes/webapps/static/jquery/themes-1.9.1/base/jquery-ui.css.gz
[[1;34mINFO[m] Compressing /root/hadoop-3.2.1-src/hadoop-yarn-project/hadoop-yarn/hadoop-yarn-common/src/main/resources/webapps/static/jquery/jquery-ui-1.12.1.custom.min.js to /root/hadoop-3.2.1-src/hadoop-yarn-project/hadoop-yarn/hadoop-yarn-common/target/classes/webapps/static/jquery/jquery-ui-1.12.1.custom.min.js.gz
[[1;34mINFO[m] Compressing /root/hadoop-3.2.1-src/hadoop-yarn-project/hadoop-yarn/hadoop-yarn-common/src/main/resources/webapps/static/jquery/jquery-3.3.1.min.js to /root/hadoop-3.2.1-src/hadoop-yarn-project/hadoop-yarn/hadoop-yarn-common/target/classes/webapps/static/jquery/jquery-3.3.1.min.js.gz
[[1;34mINFO[m] Compressing /root/hadoop-3.2.1-src/hadoop-yarn-project/hadoop-yarn/hadoop-yarn-common/src/main/resources/webapps/static/yarn.dt.plugins.js to /root/hadoop-3.2.1-src/hadoop-yarn-project/hadoop-yarn/hadoop-yarn-common/target/classes/webapps/static/yarn.dt.plugins.js.gz
[[1;34mINFO[m] Compressing /root/hadoop-3.2.1-src/hadoop-yarn-project/hadoop-yarn/hadoop-yarn-common/src/main/resources/webapps/static/jt/jquery.jstree.js to /root/hadoop-3.2.1-src/hadoop-yarn-project/hadoop-yarn/hadoop-yarn-common/target/classes/webapps/static/jt/jquery.jstree.js.gz
[[1;34mINFO[m] Compressing /root/hadoop-3.2.1-src/hadoop-yarn-project/hadoop-yarn/hadoop-yarn-common/src/main/resources/webapps/static/dt-sorting/natural.js to /root/hadoop-3.2.1-src/hadoop-yarn-project/hadoop-yarn/hadoop-yarn-common/target/classes/webapps/static/dt-sorting/natural.js.gz
[[1;34mINFO[m] Compressing /root/hadoop-3.2.1-src/hadoop-yarn-project/hadoop-yarn/hadoop-yarn-common/src/main/resources/webapps/static/dt-1.10.7/css/demo_page.css to /root/hadoop-3.2.1-src/hadoop-yarn-project/hadoop-yarn/hadoop-yarn-common/target/classes/webapps/static/dt-1.10.7/css/demo_page.css.gz
[[1;34mINFO[m] Compressing /root/hadoop-3.2.1-src/hadoop-yarn-project/hadoop-yarn/hadoop-yarn-common/src/main/resources/webapps/static/dt-1.10.7/css/demo_table.css to /root/hadoop-3.2.1-src/hadoop-yarn-project/hadoop-yarn/hadoop-yarn-common/target/classes/webapps/static/dt-1.10.7/css/demo_table.css.gz
[[1;34mINFO[m] Compressing /root/hadoop-3.2.1-src/hadoop-yarn-project/hadoop-yarn/hadoop-yarn-common/src/main/resources/webapps/static/dt-1.10.7/css/jui-dt.css to /root/hadoop-3.2.1-src/hadoop-yarn-project/hadoop-yarn/hadoop-yarn-common/target/classes/webapps/static/dt-1.10.7/css/jui-dt.css.gz
[[1;34mINFO[m] Compressing /root/hadoop-3.2.1-src/hadoop-yarn-project/hadoop-yarn/hadoop-yarn-common/src/main/resources/webapps/static/dt-1.10.7/js/jquery.dataTables.min.js to /root/hadoop-3.2.1-src/hadoop-yarn-project/hadoop-yarn/hadoop-yarn-common/target/classes/webapps/static/dt-1.10.7/js/jquery.dataTables.min.js.gz
[[1;34mINFO[m] 
[[1;34mINFO[m] [1m--- [0;32mmaven-resources-plugin:2.6:resources[m [1m(default-resources)[m @ [36mhadoop-yarn-common[0;1m ---[m
[[1;34mINFO[m] Using 'UTF-8' encoding to copy filtered resources.
[[1;34mINFO[m] Copying 51 resources
[[1;34mINFO[m] Copying 1 resource
[[1;34mINFO[m] 
[[1;34mINFO[m] [1m--- [0;32mmaven-compiler-plugin:3.1:compile[m [1m(default-compile)[m @ [36mhadoop-yarn-common[0;1m ---[m
[[1;34mINFO[m] Compiling 4 source files to /root/hadoop-3.2.1-src/hadoop-yarn-project/hadoop-yarn/hadoop-yarn-common/target/classes
[[1;34mINFO[m] 
[[1;34mINFO[m] [1m--- [0;32mmaven-resources-plugin:2.6:testResources[m [1m(default-testResources)[m @ [36mhadoop-yarn-common[0;1m ---[m
[[1;34mINFO[m] Using 'UTF-8' encoding to copy filtered resources.
[[1;34mINFO[m] Copying 24 resources
[[1;34mINFO[m] Copying 14 resources
[[1;34mINFO[m] 
[[1;34mINFO[m] [1m--- [0;32mmaven-compiler-plugin:3.1:testCompile[m [1m(default-testCompile)[m @ [36mhadoop-yarn-common[0;1m ---[m
[[1;34mINFO[m] Nothing to compile - all classes are up to date
[[1;34mINFO[m] 
[[1;34mINFO[m] [1m--- [0;32mmaven-jar-plugin:2.5:test-jar[m [1m(default)[m @ [36mhadoop-yarn-common[0;1m ---[m
[[1;34mINFO[m] Building jar: /root/hadoop-3.2.1-src/hadoop-yarn-project/hadoop-yarn/hadoop-yarn-common/target/hadoop-yarn-common-3.2.1-tests.jar
[[1;34mINFO[m] 
[[1;34mINFO[m] [1m--- [0;32mmaven-surefire-plugin:3.0.0-M1:test[m [1m(default-test)[m @ [36mhadoop-yarn-common[0;1m ---[m
[[1;34mINFO[m] 
[[1;34mINFO[m] -------------------------------------------------------
[[1;34mINFO[m]  T E S T S
[[1;34mINFO[m] -------------------------------------------------------
[[1;34mINFO[m] Running org.apache.hadoop.yarn.server.security.[1mTestApplicationACLsManager[m
[[1;34mINFO[m] [1;32mTests run: [0;1;32m3[m, Failures: 0, Errors: 0, Skipped: 0, Time elapsed: 0.389 s - in org.apache.hadoop.yarn.server.security.[1mTestApplicationACLsManager[m
[[1;34mINFO[m] Running org.apache.hadoop.yarn.ipc.[1mTestRPCUtil[m
[[1;34mINFO[m] [1;32mTests run: [0;1;32m11[m, Failures: 0, Errors: 0, Skipped: 0, Time elapsed: 0.057 s - in org.apache.hadoop.yarn.ipc.[1mTestRPCUtil[m
[[1;34mINFO[m] Running org.apache.hadoop.yarn.conf.[1mTestHAUtil[m
[[1;34mINFO[m] [1;32mTests run: [0;1;32m4[m, Failures: 0, Errors: 0, Skipped: 0, Time elapsed: 0.326 s - in org.apache.hadoop.yarn.conf.[1mTestHAUtil[m
[[1;34mINFO[m] Running org.apache.hadoop.yarn.conf.[1mTestYarnConfiguration[m
[[1;34mINFO[m] [1;32mTests run: [0;1;32m5[m, Failures: 0, Errors: 0, Skipped: 0, Time elapsed: 0.37 s - in org.apache.hadoop.yarn.conf.[1mTestYarnConfiguration[m
[[1;34mINFO[m] Running org.apache.hadoop.yarn.[1mTestRPCFactories[m
[[1;34mINFO[m] [1;32mTests run: [0;1;32m1[m, Failures: 0, Errors: 0, Skipped: 0, Time elapsed: 0.464 s - in org.apache.hadoop.yarn.[1mTestRPCFactories[m
[[1;34mINFO[m] Running org.apache.hadoop.yarn.factories.impl.pb.[1mTestRpcServerFactoryPBImpl[m
[[1;34mINFO[m] [1;32mTests run: [0;1;32m1[m, Failures: 0, Errors: 0, Skipped: 0, Time elapsed: 0.311 s - in org.apache.hadoop.yarn.factories.impl.pb.[1mTestRpcServerFactoryPBImpl[m
[[1;34mINFO[m] Running org.apache.hadoop.yarn.factories.impl.pb.[1mTestRpcClientFactoryPBImpl[m
[[1;34mINFO[m] [1;32mTests run: [0;1;32m1[m, Failures: 0, Errors: 0, Skipped: 0, Time elapsed: 0.28 s - in org.apache.hadoop.yarn.factories.impl.pb.[1mTestRpcClientFactoryPBImpl[m
[[1;34mINFO[m] Running org.apache.hadoop.yarn.logaggregation.[1mTestAggregatedLogsBlock[m
[[1;34mINFO[m] [1;32mTests run: [0;1;32m6[m, Failures: 0, Errors: 0, Skipped: 0, Time elapsed: 0.919 s - in org.apache.hadoop.yarn.logaggregation.[1mTestAggregatedLogsBlock[m
[[1;34mINFO[m] Running org.apache.hadoop.yarn.logaggregation.filecontroller.[1mTestLogAggregationFileControllerFactory[m
[[1;34mINFO[m] [1;32mTests run: [0;1;32m6[m, Failures: 0, Errors: 0, Skipped: 0, Time elapsed: 0.564 s - in org.apache.hadoop.yarn.logaggregation.filecontroller.[1mTestLogAggregationFileControllerFactory[m
[[1;34mINFO[m] Running org.apache.hadoop.yarn.logaggregation.filecontroller.ifile.[1mTestLogAggregationIndexFileController[m
[[1;34mINFO[m] [1;32mTests run: [0;1;32m2[m, Failures: 0, Errors: 0, Skipped: 0, Time elapsed: 0.887 s - in org.apache.hadoop.yarn.logaggregation.filecontroller.ifile.[1mTestLogAggregationIndexFileController[m
[[1;34mINFO[m] Running org.apache.hadoop.yarn.logaggregation.[1mTestAggregatedLogDeletionService[m
[[1;34mINFO[m] [1;32mTests run: [0;1;32m4[m, Failures: 0, Errors: 0, Skipped: 0, Time elapsed: 2.753 s - in org.apache.hadoop.yarn.logaggregation.[1mTestAggregatedLogDeletionService[m
[[1;34mINFO[m] Running org.apache.hadoop.yarn.logaggregation.[1mTestAggregatedLogFormat[m
[[1;34mINFO[m] [1;32mTests run: [0;1;32m3[m, Failures: 0, Errors: 0, Skipped: 0, Time elapsed: 0.912 s - in org.apache.hadoop.yarn.logaggregation.[1mTestAggregatedLogFormat[m
[[1;34mINFO[m] Running org.apache.hadoop.yarn.[1mTestContainerLaunchRPC[m
[[1;34mINFO[m] [1;32mTests run: [0;1;32m1[m, Failures: 0, Errors: 0, Skipped: 0, Time elapsed: 3.783 s - in org.apache.hadoop.yarn.[1mTestContainerLaunchRPC[m
[[1;34mINFO[m] Running org.apache.hadoop.yarn.[1mTestContainerResourceIncreaseRPC[m
[[1;34mINFO[m] [1;32mTests run: [0;1;32m1[m, Failures: 0, Errors: 0, Skipped: 0, Time elapsed: 3.725 s - in org.apache.hadoop.yarn.[1mTestContainerResourceIncreaseRPC[m
[[1;34mINFO[m] Running org.apache.hadoop.yarn.security.[1mTestDockerClientConfigHandler[m
[[1;34mINFO[m] [1;32mTests run: [0;1;32m3[m, Failures: 0, Errors: 0, Skipped: 0, Time elapsed: 0.836 s - in org.apache.hadoop.yarn.security.[1mTestDockerClientConfigHandler[m
[[1;34mINFO[m] Running org.apache.hadoop.yarn.security.[1mTestYARNTokenIdentifier[m
[[1;34mINFO[m] [1;32mTests run: [0;1;32m13[m, Failures: 0, Errors: 0, Skipped: 0, Time elapsed: 0.484 s - in org.apache.hadoop.yarn.security.[1mTestYARNTokenIdentifier[m
[[1;34mINFO[m] Running org.apache.hadoop.yarn.[1mTestYarnUncaughtExceptionHandler[m
[[1;34mINFO[m] [1;32mTests run: [0;1;32m3[m, Failures: 0, Errors: 0, Skipped: 0, Time elapsed: 0.268 s - in org.apache.hadoop.yarn.[1mTestYarnUncaughtExceptionHandler[m
[[1;34mINFO[m] Running org.apache.hadoop.yarn.api.[1mTestPlacementConstraintPBConversion[m
[[1;34mINFO[m] [1;32mTests run: [0;1;32m3[m, Failures: 0, Errors: 0, Skipped: 0, Time elapsed: 0.092 s - in org.apache.hadoop.yarn.api.[1mTestPlacementConstraintPBConversion[m
[[1;34mINFO[m] Running org.apache.hadoop.yarn.api.[1mTestTimelineEntityGroupId[m
[[1;34mINFO[m] [1;32mTests run: [0;1;32m1[m, Failures: 0, Errors: 0, Skipped: 0, Time elapsed: 0.239 s - in org.apache.hadoop.yarn.api.[1mTestTimelineEntityGroupId[m
[[1;34mINFO[m] Running org.apache.hadoop.yarn.api.[1mTestApplicationId[m
[[1;34mINFO[m] [1;32mTests run: [0;1;32m1[m, Failures: 0, Errors: 0, Skipped: 0, Time elapsed: 0.216 s - in org.apache.hadoop.yarn.api.[1mTestApplicationId[m
[[1;34mINFO[m] Running org.apache.hadoop.yarn.api.records.timelineservice.[1mTestTimelineServiceRecords[m
[[1;34mINFO[m] [1;32mTests run: [0;1;32m4[m, Failures: 0, Errors: 0, Skipped: 0, Time elapsed: 0.563 s - in org.apache.hadoop.yarn.api.records.timelineservice.[1mTestTimelineServiceRecords[m
[[1;34mINFO[m] Running org.apache.hadoop.yarn.api.records.impl.pb.[1mTestSerializedExceptionPBImpl[m
[[1;34mINFO[m] [1;32mTests run: [0;1;32m5[m, Failures: 0, Errors: 0, Skipped: 0, Time elapsed: 0.061 s - in org.apache.hadoop.yarn.api.records.impl.pb.[1mTestSerializedExceptionPBImpl[m
[[1;34mINFO[m] Running org.apache.hadoop.yarn.api.records.impl.pb.[1mTestApplicationClientProtocolRecords[m
[[1;34mINFO[m] [1;32mTests run: [0;1;32m4[m, Failures: 0, Errors: 0, Skipped: 0, Time elapsed: 0.334 s - in org.apache.hadoop.yarn.api.records.impl.pb.[1mTestApplicationClientProtocolRecords[m
[[1;34mINFO[m] Running org.apache.hadoop.yarn.api.records.timeline.[1mTestTimelineRecords[m
[[1;34mINFO[m] [1;32mTests run: [0;1;32m5[m, Failures: 0, Errors: 0, Skipped: 0, Time elapsed: 0.391 s - in org.apache.hadoop.yarn.api.records.timeline.[1mTestTimelineRecords[m
[[1;34mINFO[m] Running org.apache.hadoop.yarn.api.records.[1mTestResourceUtilization[m
[[1;34mINFO[m] [1;32mTests run: [0;1;32m1[m, Failures: 0, Errors: 0, Skipped: 0, Time elapsed: 0.215 s - in org.apache.hadoop.yarn.api.records.[1mTestResourceUtilization[m
[[1;34mINFO[m] Running org.apache.hadoop.yarn.api.[1mTestNodeId[m
[[1;34mINFO[m] [1;32mTests run: [0;1;32m1[m, Failures: 0, Errors: 0, Skipped: 0, Time elapsed: 0.2 s - in org.apache.hadoop.yarn.api.[1mTestNodeId[m
[[1;34mINFO[m] Running org.apache.hadoop.yarn.api.[1mTestContainerId[m
[[1;34mINFO[m] [1;32mTests run: [0;1;32m1[m, Failures: 0, Errors: 0, Skipped: 0, Time elapsed: 0.216 s - in org.apache.hadoop.yarn.api.[1mTestContainerId[m
[[1;34mINFO[m] Running org.apache.hadoop.yarn.api.[1mTestResourcePBImpl[m
[[1;34mINFO[m] [1;32mTests run: [0;1;32m5[m, Failures: 0, Errors: 0, Skipped: 0, Time elapsed: 0.438 s - in org.apache.hadoop.yarn.api.[1mTestResourcePBImpl[m
[[1;34mINFO[m] Running org.apache.hadoop.yarn.api.[1mTestGetApplicationsRequest[m
[[1;34mINFO[m] [1;32mTests run: [0;1;32m1[m, Failures: 0, Errors: 0, Skipped: 0, Time elapsed: 0.265 s - in org.apache.hadoop.yarn.api.[1mTestGetApplicationsRequest[m
[[1;34mINFO[m] Running org.apache.hadoop.yarn.api.resource.[1mTestPlacementConstraintTransformations[m
[[1;34mINFO[m] [1;32mTests run: [0;1;32m4[m, Failures: 0, Errors: 0, Skipped: 0, Time elapsed: 0.059 s - in org.apache.hadoop.yarn.api.resource.[1mTestPlacementConstraintTransformations[m
[[1;34mINFO[m] Running org.apache.hadoop.yarn.api.[1mTestPBImplRecords[m
[[1;33mWARNING[m] [1;33mTests [0;1mrun: [0;1m144[m, Failures: 0, Errors: 0, [1;33mSkipped: [0;1;33m5[m, Time elapsed: 1.484 s - in org.apache.hadoop.yarn.api.[1mTestPBImplRecords[m
[[1;34mINFO[m] Running org.apache.hadoop.yarn.api.[1mTestResourceRequest[m
[[1;34mINFO[m] [1;32mTests run: [0;1;32m1[m, Failures: 0, Errors: 0, Skipped: 0, Time elapsed: 0.294 s - in org.apache.hadoop.yarn.api.[1mTestResourceRequest[m
[[1;34mINFO[m] Running org.apache.hadoop.yarn.api.[1mTestApplicatonReport[m
[[1;34mINFO[m] [1;32mTests run: [0;1;32m1[m, Failures: 0, Errors: 0, Skipped: 0, Time elapsed: 0.249 s - in org.apache.hadoop.yarn.api.[1mTestApplicatonReport[m
[[1;34mINFO[m] Running org.apache.hadoop.yarn.api.[1mTestApplicationAttemptId[m
[[1;34mINFO[m] [1;32mTests run: [0;1;32m1[m, Failures: 0, Errors: 0, Skipped: 0, Time elapsed: 0.232 s - in org.apache.hadoop.yarn.api.[1mTestApplicationAttemptId[m
[[1;34mINFO[m] Running org.apache.hadoop.yarn.[1mTestContainerLogAppender[m
[[1;34mINFO[m] [1;32mTests run: [0;1;32m1[m, Failures: 0, Errors: 0, Skipped: 0, Time elapsed: 0.107 s - in org.apache.hadoop.yarn.[1mTestContainerLogAppender[m
[[1;34mINFO[m] Running org.apache.hadoop.yarn.client.api.impl.[1mTestTimelineClientV2Impl[m
[[1;34mINFO[m] [1;32mTests run: [0;1;32m8[m, Failures: 0, Errors: 0, Skipped: 0, Time elapsed: 4.748 s - in org.apache.hadoop.yarn.client.api.impl.[1mTestTimelineClientV2Impl[m
[[1;34mINFO[m] Running org.apache.hadoop.yarn.client.api.impl.[1mTestTimelineClientForATS1_5[m
[[1;34mINFO[m] [1;32mTests run: [0;1;32m4[m, Failures: 0, Errors: 0, Skipped: 0, Time elapsed: 1.661 s - in org.apache.hadoop.yarn.client.api.impl.[1mTestTimelineClientForATS1_5[m
[[1;34mINFO[m] Running org.apache.hadoop.yarn.client.api.impl.[1mTestTimelineClient[m
[[1;34mINFO[m] [1;32mTests run: [0;1;32m11[m, Failures: 0, Errors: 0, Skipped: 0, Time elapsed: 19.73 s - in org.apache.hadoop.yarn.client.api.impl.[1mTestTimelineClient[m
[[1;34mINFO[m] Running org.apache.hadoop.yarn.client.api.impl.[1mTestTimelineReaderClientImpl[m
[[1;34mINFO[m] [1;32mTests run: [0;1;32m5[m, Failures: 0, Errors: 0, Skipped: 0, Time elapsed: 1.209 s - in org.apache.hadoop.yarn.client.api.impl.[1mTestTimelineReaderClientImpl[m
[[1;34mINFO[m] Running org.apache.hadoop.yarn.client.[1mTestClientRMProxy[m
[[1;34mINFO[m] [1;32mTests run: [0;1;32m3[m, Failures: 0, Errors: 0, Skipped: 0, Time elapsed: 0.696 s - in org.apache.hadoop.yarn.client.[1mTestClientRMProxy[m
[[1;34mINFO[m] Running org.apache.hadoop.yarn.[1mTestRpcFactoryProvider[m
[[1;34mINFO[m] [1;32mTests run: [0;1;32m1[m, Failures: 0, Errors: 0, Skipped: 0, Time elapsed: 0.233 s - in org.apache.hadoop.yarn.[1mTestRpcFactoryProvider[m
[[1;34mINFO[m] Running org.apache.hadoop.yarn.util.[1mTestTimes[m
[[1;34mINFO[m] [1;32mTests run: [0;1;32m5[m, Failures: 0, Errors: 0, Skipped: 0, Time elapsed: 0.122 s - in org.apache.hadoop.yarn.util.[1mTestTimes[m
[[1;34mINFO[m] Running org.apache.hadoop.yarn.util.[1mTestApps[m
[[1;34mINFO[m] [1;32mTests run: [0;1;32m6[m, Failures: 0, Errors: 0, Skipped: 0, Time elapsed: 0.143 s - in org.apache.hadoop.yarn.util.[1mTestApps[m
[[1;34mINFO[m] Running org.apache.hadoop.yarn.util.[1mTestYarnVersionInfo[m
[[1;34mINFO[m] [1;32mTests run: [0;1;32m1[m, Failures: 0, Errors: 0, Skipped: 0, Time elapsed: 0.129 s - in org.apache.hadoop.yarn.util.[1mTestYarnVersionInfo[m
[[1;34mINFO[m] Running org.apache.hadoop.yarn.util.[1mTestRackResolverScriptBasedMapping[m
[[1;34mINFO[m] [1;32mTests run: [0;1;32m1[m, Failures: 0, Errors: 0, Skipped: 0, Time elapsed: 0.2 s - in org.apache.hadoop.yarn.util.[1mTestRackResolverScriptBasedMapping[m
[[1;34mINFO[m] Running org.apache.hadoop.yarn.util.[1mTestWindowsBasedProcessTree[m
[[1;33mWARNING[m] [1;33mTests [0;1mrun: [0;1m1[m, Failures: 0, Errors: 0, [1;33mSkipped: [0;1;33m1[m, Time elapsed: 0.133 s - in org.apache.hadoop.yarn.util.[1mTestWindowsBasedProcessTree[m
[[1;34mINFO[m] Running org.apache.hadoop.yarn.util.[1mTestTimelineServiceHelper[m
[[1;34mINFO[m] [1;32mTests run: [0;1;32m1[m, Failures: 0, Errors: 0, Skipped: 0, Time elapsed: 0.049 s - in org.apache.hadoop.yarn.util.[1mTestTimelineServiceHelper[m
[[1;34mINFO[m] Running org.apache.hadoop.yarn.util.[1mTestConverterUtils[m
[[1;34mINFO[m] [1;32mTests run: [0;1;32m9[m, Failures: 0, Errors: 0, Skipped: 0, Time elapsed: 0.223 s - in org.apache.hadoop.yarn.util.[1mTestConverterUtils[m
[[1;34mINFO[m] Running org.apache.hadoop.yarn.util.[1mTestBoundedAppender[m
[[1;34mINFO[m] [1;32mTests run: [0;1;32m6[m, Failures: 0, Errors: 0, Skipped: 0, Time elapsed: 0.058 s - in org.apache.hadoop.yarn.util.[1mTestBoundedAppender[m
[[1;34mINFO[m] Running org.apache.hadoop.yarn.util.[1mTestRackResolver[m
[[1;34mINFO[m] [1;32mTests run: [0;1;32m2[m, Failures: 0, Errors: 0, Skipped: 0, Time elapsed: 0.284 s - in org.apache.hadoop.yarn.util.[1mTestRackResolver[m
[[1;34mINFO[m] Running org.apache.hadoop.yarn.util.[1mTestProcfsBasedProcessTree[m
[[1;31mERROR[m] [1;31mTests [0;1mrun: [0;1m5[m, [1;31mFailures: [0;1;31m1[m, Errors: 0, Skipped: 0, Time elapsed: 8.16 s[1;31m <<< FAILURE![m - in org.apache.hadoop.yarn.util.[1mTestProcfsBasedProcessTree[m
[[1;31mERROR[m] testProcessTree(org.apache.hadoop.yarn.util.TestProcfsBasedProcessTree)  Time elapsed: 7.555 s  <<< FAILURE!
java.lang.AssertionError: Child process owned by init escaped process tree.
	at org.junit.Assert.fail(Assert.java:88)
	at org.junit.Assert.assertTrue(Assert.java:41)
	at org.apache.hadoop.yarn.util.TestProcfsBasedProcessTree.testProcessTree(TestProcfsBasedProcessTree.java:185)
	at sun.reflect.NativeMethodAccessorImpl.invoke0(Native Method)
	at sun.reflect.NativeMethodAccessorImpl.invoke(NativeMethodAccessorImpl.java:62)
	at sun.reflect.DelegatingMethodAccessorImpl.invoke(DelegatingMethodAccessorImpl.java:43)
	at java.lang.reflect.Method.invoke(Method.java:498)
	at org.junit.runners.model.FrameworkMethod$1.runReflectiveCall(FrameworkMethod.java:47)
	at org.junit.internal.runners.model.ReflectiveCallable.run(ReflectiveCallable.java:12)
	at org.junit.runners.model.FrameworkMethod.invokeExplosively(FrameworkMethod.java:44)
	at org.junit.internal.runners.statements.InvokeMethod.evaluate(InvokeMethod.java:17)
	at org.junit.internal.runners.statements.FailOnTimeout$StatementThread.run(FailOnTimeout.java:74)

[[1;34mINFO[m] Running org.apache.hadoop.yarn.util.resource.[1mTestResourceCalculator[m
[[1;34mINFO[m] [1;32mTests run: [0;1;32m10[m, Failures: 0, Errors: 0, Skipped: 0, Time elapsed: 0.452 s - in org.apache.hadoop.yarn.util.resource.[1mTestResourceCalculator[m
[[1;34mINFO[m] Running org.apache.hadoop.yarn.util.resource.[1mTestResources[m
[[1;34mINFO[m] [1;32mTests run: [0;1;32m16[m, Failures: 0, Errors: 0, Skipped: 0, Time elapsed: 0.476 s - in org.apache.hadoop.yarn.util.resource.[1mTestResources[m
[[1;34mINFO[m] Running org.apache.hadoop.yarn.util.resource.[1mTestResourceUtils[m
[[1;34mINFO[m] [1;32mTests run: [0;1;32m11[m, Failures: 0, Errors: 0, Skipped: 0, Time elapsed: 0.648 s - in org.apache.hadoop.yarn.util.resource.[1mTestResourceUtils[m
[[1;34mINFO[m] Running org.apache.hadoop.yarn.util.[1mTestResourceCalculatorProcessTree[m
[[1;34mINFO[m] [1;32mTests run: [0;1;32m2[m, Failures: 0, Errors: 0, Skipped: 0, Time elapsed: 0.133 s - in org.apache.hadoop.yarn.util.[1mTestResourceCalculatorProcessTree[m
[[1;34mINFO[m] Running org.apache.hadoop.yarn.util.[1mTestLRUCacheHashMap[m
[[1;34mINFO[m] [1;32mTests run: [0;1;32m1[m, Failures: 0, Errors: 0, Skipped: 0, Time elapsed: 0.042 s - in org.apache.hadoop.yarn.util.[1mTestLRUCacheHashMap[m
[[1;34mINFO[m] Running org.apache.hadoop.yarn.util.[1mTestAdHocLogDumper[m
[[1;34mINFO[m] [1;32mTests run: [0;1;32m1[m, Failures: 0, Errors: 0, Skipped: 0, Time elapsed: 2.119 s - in org.apache.hadoop.yarn.util.[1mTestAdHocLogDumper[m
[[1;34mINFO[m] Running org.apache.hadoop.yarn.util.[1mTestLog4jWarningErrorMetricsAppender[m
[[1;34mINFO[m] [1;32mTests run: [0;1;32m6[m, Failures: 0, Errors: 0, Skipped: 0, Time elapsed: 9.146 s - in org.apache.hadoop.yarn.util.[1mTestLog4jWarningErrorMetricsAppender[m
[[1;34mINFO[m] Running org.apache.hadoop.yarn.util.[1mTestFSDownload[m
[[1;33mWARNING[m] [1;33mTests [0;1mrun: [0;1m10[m, Failures: 0, Errors: 0, [1;33mSkipped: [0;1;33m1[m, Time elapsed: 1.145 s - in org.apache.hadoop.yarn.util.[1mTestFSDownload[m
[[1;34mINFO[m] Running org.apache.hadoop.yarn.util.timeline.[1mTestShortenedFlowName[m
[[1;34mINFO[m] [1;32mTests run: [0;1;32m2[m, Failures: 0, Errors: 0, Skipped: 0, Time elapsed: 0.473 s - in org.apache.hadoop.yarn.util.timeline.[1mTestShortenedFlowName[m
[[1;34mINFO[m] Running org.apache.hadoop.yarn.event.[1mTestAsyncDispatcher[m
[[1;34mINFO[m] [1;32mTests run: [0;1;32m4[m, Failures: 0, Errors: 0, Skipped: 0, Time elapsed: 6.268 s - in org.apache.hadoop.yarn.event.[1mTestAsyncDispatcher[m
[[1;34mINFO[m] Running org.apache.hadoop.yarn.webapp.[1mTestSubViews[m
[[1;34mINFO[m] [1;32mTests run: [0;1;32m1[m, Failures: 0, Errors: 0, Skipped: 0, Time elapsed: 0.677 s - in org.apache.hadoop.yarn.webapp.[1mTestSubViews[m
[[1;34mINFO[m] Running org.apache.hadoop.yarn.webapp.test.[1mTestWebAppTests[m
[[1;34mINFO[m] [1;32mTests run: [0;1;32m4[m, Failures: 0, Errors: 0, Skipped: 0, Time elapsed: 0.538 s - in org.apache.hadoop.yarn.webapp.test.[1mTestWebAppTests[m
[[1;34mINFO[m] Running org.apache.hadoop.yarn.webapp.view.[1mTestTwoColumnCssPage[m
[[1;34mINFO[m] [1;32mTests run: [0;1;32m1[m, Failures: 0, Errors: 0, Skipped: 0, Time elapsed: 0.811 s - in org.apache.hadoop.yarn.webapp.view.[1mTestTwoColumnCssPage[m
[[1;34mINFO[m] Running org.apache.hadoop.yarn.webapp.view.[1mTestHtmlPage[m
[[1;34mINFO[m] [1;32mTests run: [0;1;32m2[m, Failures: 0, Errors: 0, Skipped: 0, Time elapsed: 0.591 s - in org.apache.hadoop.yarn.webapp.view.[1mTestHtmlPage[m
[[1;34mINFO[m] Running org.apache.hadoop.yarn.webapp.view.[1mTestTwoColumnLayout[m
[[1;34mINFO[m] [1;32mTests run: [0;1;32m1[m, Failures: 0, Errors: 0, Skipped: 0, Time elapsed: 0.792 s - in org.apache.hadoop.yarn.webapp.view.[1mTestTwoColumnLayout[m
[[1;34mINFO[m] Running org.apache.hadoop.yarn.webapp.view.[1mTestHtmlBlock[m
[[1;34mINFO[m] [1;32mTests run: [0;1;32m3[m, Failures: 0, Errors: 0, Skipped: 0, Time elapsed: 0.619 s - in org.apache.hadoop.yarn.webapp.view.[1mTestHtmlBlock[m
[[1;34mINFO[m] Running org.apache.hadoop.yarn.webapp.view.[1mTestCommonViews[m
[[1;34mINFO[m] [1;32mTests run: [0;1;32m5[m, Failures: 0, Errors: 0, Skipped: 0, Time elapsed: 0.685 s - in org.apache.hadoop.yarn.webapp.view.[1mTestCommonViews[m
[[1;34mINFO[m] Running org.apache.hadoop.yarn.webapp.view.[1mTestInfoBlock[m
[[1;34mINFO[m] [1;32mTests run: [0;1;32m2[m, Failures: 0, Errors: 0, Skipped: 0, Time elapsed: 0.626 s - in org.apache.hadoop.yarn.webapp.view.[1mTestInfoBlock[m
[[1;34mINFO[m] Running org.apache.hadoop.yarn.webapp.util.[1mTestWebAppUtils[m
[[1;34mINFO[m] [1;32mTests run: [0;1;32m5[m, Failures: 0, Errors: 0, Skipped: 0, Time elapsed: 3.006 s - in org.apache.hadoop.yarn.webapp.util.[1mTestWebAppUtils[m
[[1;34mINFO[m] Running org.apache.hadoop.yarn.webapp.[1mTestWebApp[m
[[1;34mINFO[m] [1;32mTests run: [0;1;32m12[m, Failures: 0, Errors: 0, Skipped: 0, Time elapsed: 3.388 s - in org.apache.hadoop.yarn.webapp.[1mTestWebApp[m
[[1;34mINFO[m] Running org.apache.hadoop.yarn.webapp.[1mTestParseRoute[m
[[1;34mINFO[m] [1;32mTests run: [0;1;32m10[m, Failures: 0, Errors: 0, Skipped: 0, Time elapsed: 0.135 s - in org.apache.hadoop.yarn.webapp.[1mTestParseRoute[m
[[1;34mINFO[m] Running org.apache.hadoop.yarn.webapp.hamlet.[1mTestParseSelector[m
[[1;34mINFO[m] [1;32mTests run: [0;1;32m5[m, Failures: 0, Errors: 0, Skipped: 0, Time elapsed: 0.08 s - in org.apache.hadoop.yarn.webapp.hamlet.[1mTestParseSelector[m
[[1;34mINFO[m] Running org.apache.hadoop.yarn.webapp.hamlet.[1mTestHamletImpl[m
[[1;34mINFO[m] [1;32mTests run: [0;1;32m4[m, Failures: 0, Errors: 0, Skipped: 0, Time elapsed: 0.329 s - in org.apache.hadoop.yarn.webapp.hamlet.[1mTestHamletImpl[m
[[1;34mINFO[m] Running org.apache.hadoop.yarn.webapp.hamlet.[1mTestHamlet[m
[[1;34mINFO[m] [1;32mTests run: [0;1;32m6[m, Failures: 0, Errors: 0, Skipped: 0, Time elapsed: 0.362 s - in org.apache.hadoop.yarn.webapp.hamlet.[1mTestHamlet[m
[[1;34mINFO[m] Running org.apache.hadoop.yarn.[1mTestRecordFactory[m
[[1;34mINFO[m] [1;32mTests run: [0;1;32m1[m, Failures: 0, Errors: 0, Skipped: 0, Time elapsed: 0.18 s - in org.apache.hadoop.yarn.[1mTestRecordFactory[m
[[1;34mINFO[m] Running org.apache.hadoop.yarn.nodelabels.[1mTestNodeLabelUtil[m
[[1;34mINFO[m] [1;32mTests run: [0;1;32m2[m, Failures: 0, Errors: 0, Skipped: 0, Time elapsed: 0.225 s - in org.apache.hadoop.yarn.nodelabels.[1mTestNodeLabelUtil[m
[[1;34mINFO[m] Running org.apache.hadoop.yarn.nodelabels.[1mTestCommonNodeLabelsManager[m
[[1;34mINFO[m] [1;32mTests run: [0;1;32m16[m, Failures: 0, Errors: 0, Skipped: 0, Time elapsed: 0.706 s - in org.apache.hadoop.yarn.nodelabels.[1mTestCommonNodeLabelsManager[m
[[1;34mINFO[m] Running org.apache.hadoop.yarn.nodelabels.[1mTestFileSystemNodeLabelsStore[m
[[1;34mINFO[m] [1;32mTests run: [0;1;32m10[m, Failures: 0, Errors: 0, Skipped: 0, Time elapsed: 1.197 s - in org.apache.hadoop.yarn.nodelabels.[1mTestFileSystemNodeLabelsStore[m
[[1;34mINFO[m] 
[[1;34mINFO[m] Results:
[[1;34mINFO[m] 
[[1;31mERROR[m] [1;31mFailures: [m
[[1;31mERROR[m] [1;31m  TestProcfsBasedProcessTree.testProcessTree:185 Child process owned by init escaped process tree.[m
[[1;34mINFO[m] 
[[1;31mERROR[m] [1;31mTests run: 474, Failures: 1, Errors: 0, Skipped: 7[m
[[1;34mINFO[m] 
[[1;34mINFO[m] [1m------------------------------------------------------------------------[m
[[1;34mINFO[m] [1;31mBUILD FAILURE[m
[[1;34mINFO[m] [1m------------------------------------------------------------------------[m
[[1;34mINFO[m] Total time:  02:37 min
[[1;34mINFO[m] Finished at: 2020-04-08T08:11:34Z
[[1;34mINFO[m] [1m------------------------------------------------------------------------[m
[[1;31mERROR[m] Failed to execute goal [32morg.apache.maven.plugins:maven-surefire-plugin:3.0.0-M1:test[m [1m(default-test)[m on project [36mhadoop-yarn-common[m: [1;31mThere are test failures.[m
[[1;31mERROR[m] [1;31m[m
[[1;31mERROR[m] [1;31mPlease refer to /root/hadoop-3.2.1-src/hadoop-yarn-project/hadoop-yarn/hadoop-yarn-common/target/surefire-reports for the individual test results.[m
[[1;31mERROR[m] [1;31mPlease refer to dump files (if any exist) [date].dump, [date]-jvmRun[N].dump and [date].dumpstream.[m
[[1;31mERROR[m] -> [1m[Help 1][m
[[1;31mERROR[m] 
[[1;31mERROR[m] To see the full stack trace of the errors, re-run Maven with the [1m-e[m switch.
[[1;31mERROR[m] Re-run Maven using the [1m-X[m switch to enable full debug logging.
[[1;31mERROR[m] 
[[1;31mERROR[m] For more information about the errors and possible solutions, please read the following articles:
[[1;31mERROR[m] [1m[Help 1][m http://cwiki.apache.org/confluence/display/MAVEN/MojoFailureException
