[[1;34mINFO[m] Scanning for projects...
[[1;34mINFO[m] ------------------------------------------------------------------------
[[1;34mINFO[m] Detecting the operating system and CPU architecture
[[1;34mINFO[m] ------------------------------------------------------------------------
[[1;34mINFO[m] os.detected.name: linux
[[1;34mINFO[m] os.detected.arch: x86_64
[[1;34mINFO[m] os.detected.version: 4.4
[[1;34mINFO[m] os.detected.version.major: 4
[[1;34mINFO[m] os.detected.version.minor: 4
[[1;34mINFO[m] os.detected.release: ubuntu
[[1;34mINFO[m] os.detected.release.version: 18.04
[[1;34mINFO[m] os.detected.release.like.ubuntu: true
[[1;34mINFO[m] os.detected.release.like.debian: true
[[1;34mINFO[m] os.detected.classifier: linux-x86_64
[[1;34mINFO[m] 
[[1;34mINFO[m] [1m------------------< [0;36morg.apache.hbase:hbase-mapreduce[0;1m >------------------[m
[[1;34mINFO[m] [1mBuilding Apache HBase - MapReduce 2.2.4[m
[[1;34mINFO[m] [1m--------------------------------[ jar ]---------------------------------[m
[[1;34mINFO[m] 
[[1;34mINFO[m] [1m--- [0;32mbuild-helper-maven-plugin:3.0.0:bsh-property[m [1m(negate-license-bundles-property)[m @ [36mhbase-mapreduce[0;1m ---[m
[[1;34mINFO[m] 
[[1;34mINFO[m] [1m--- [0;32mbuild-helper-maven-plugin:3.0.0:regex-property[m [1m(create-license-file-path-property)[m @ [36mhbase-mapreduce[0;1m ---[m
[[1;34mINFO[m] No match to regex '\\' found in '/root/hbase-2.2.4/hbase-mapreduce/target/maven-shared-archive-resources/META-INF/LICENSE'. The initial value '/root/hbase-2.2.4/hbase-mapreduce/target/maven-shared-archive-resources/META-INF/LICENSE' is left as-is...
[[1;34mINFO[m] 
[[1;34mINFO[m] [1m--- [0;32mmaven-enforcer-plugin:3.0.0-M2:enforce[m [1m(enforce-maven-version)[m @ [36mhbase-mapreduce[0;1m ---[m
[[1;34mINFO[m] 
[[1;34mINFO[m] [1m--- [0;32mmaven-enforcer-plugin:3.0.0-M2:enforce[m [1m(hadoop-profile-min-maven-min-java-banned-xerces)[m @ [36mhbase-mapreduce[0;1m ---[m
[[1;34mINFO[m] 
[[1;34mINFO[m] [1m--- [0;32mmaven-enforcer-plugin:3.0.0-M2:enforce[m [1m(banned-jsr305)[m @ [36mhbase-mapreduce[0;1m ---[m
[[1;34mINFO[m] 
[[1;34mINFO[m] [1m--- [0;32mbuildnumber-maven-plugin:1.4:create-timestamp[m [1m(default)[m @ [36mhbase-mapreduce[0;1m ---[m
[[1;34mINFO[m] 
[[1;34mINFO[m] [1m--- [0;32mmaven-enforcer-plugin:3.0.0-M2:enforce[m [1m(banned-illegal-imports)[m @ [36mhbase-mapreduce[0;1m ---[m
[[1;34mINFO[m] 
[[1;34mINFO[m] [1m--- [0;32mmaven-remote-resources-plugin:1.5:process[m [1m(process-resource-bundles)[m @ [36mhbase-mapreduce[0;1m ---[m
[[1;34mINFO[m] 
[[1;34mINFO[m] [1m--- [0;32mmaven-resources-plugin:3.1.0:resources[m [1m(default-resources)[m @ [36mhbase-mapreduce[0;1m ---[m
[[1;34mINFO[m] Using 'UTF-8' encoding to copy filtered resources.
[[1;34mINFO[m] Copying 2 resources
[[1;34mINFO[m] Copying 3 resources
[[1;34mINFO[m] 
[[1;34mINFO[m] [1m--- [0;32mmaven-enforcer-plugin:3.0.0-M2:enforce[m [1m(check-aggregate-license)[m @ [36mhbase-mapreduce[0;1m ---[m
[[1;34mINFO[m] Skipping Rule Enforcement.
[[1;34mINFO[m] 
[[1;34mINFO[m] [1m--- [0;32mmaven-compiler-plugin:3.7.0:compile[m [1m(default-compile)[m @ [36mhbase-mapreduce[0;1m ---[m
[[1;34mINFO[m] Compiling 2 source files to /root/hbase-2.2.4/hbase-mapreduce/target/classes
[[1;34mINFO[m] 
[[1;34mINFO[m] [1m--- [0;32mmaven-resources-plugin:3.1.0:testResources[m [1m(default-testResources)[m @ [36mhbase-mapreduce[0;1m ---[m
[[1;34mINFO[m] Using 'UTF-8' encoding to copy filtered resources.
[[1;34mINFO[m] Copying 8 resources
[[1;34mINFO[m] Copying 3 resources
[[1;34mINFO[m] 
[[1;34mINFO[m] [1m--- [0;32mmaven-compiler-plugin:3.7.0:testCompile[m [1m(default-testCompile)[m @ [36mhbase-mapreduce[0;1m ---[m
[[1;34mINFO[m] Nothing to compile - all classes are up to date
[[1;34mINFO[m] 
[[1;34mINFO[m] [1m--- [0;32mwarbucks-maven-plugin:1.1.0:check[m [1m(run-warbucks)[m @ [36mhbase-mapreduce[0;1m ---[m
[[1;34mINFO[m] Rule 0: Class Matches: 77
[[1;34mINFO[m] Rule 0: Class Failures: 0
[[1;34mINFO[m] Total class failures: 0
[[1;34mINFO[m] 
[[1;34mINFO[m] [1m--- [0;32mmaven-surefire-plugin:3.0.0-M4:test[m [1m(default-test)[m @ [36mhbase-mapreduce[0;1m ---[m
[[1;34mINFO[m] 
[[1;34mINFO[m] -------------------------------------------------------
[[1;34mINFO[m]  T E S T S
[[1;34mINFO[m] -------------------------------------------------------
[[1;34mINFO[m] Running org.apache.hadoop.hbase.mapreduce.[1mTestTableMapReduceUtil[m
[[1;34mINFO[m] [1;32mTests run: [0;1;32m4[m, Failures: 0, Errors: 0, Skipped: 0, Time elapsed: 1.364 s - in org.apache.hadoop.hbase.mapreduce.[1mTestTableMapReduceUtil[m
[[1;34mINFO[m] Running org.apache.hadoop.hbase.mapreduce.[1mTestTableSplit[m
[[1;34mINFO[m] [1;32mTests run: [0;1;32m4[m, Failures: 0, Errors: 0, Skipped: 0, Time elapsed: 0.402 s - in org.apache.hadoop.hbase.mapreduce.[1mTestTableSplit[m
[[1;34mINFO[m] Running org.apache.hadoop.hbase.mapreduce.[1mTestSimpleTotalOrderPartitioner[m
[[1;34mINFO[m] [1;32mTests run: [0;1;32m1[m, Failures: 0, Errors: 0, Skipped: 0, Time elapsed: 0.05 s - in org.apache.hadoop.hbase.mapreduce.[1mTestSimpleTotalOrderPartitioner[m
[[1;34mINFO[m] Running org.apache.hadoop.hbase.mapreduce.[1mTestMultiTableSnapshotInputFormatImpl[m
[[1;34mINFO[m] [1;32mTests run: [0;1;32m4[m, Failures: 0, Errors: 0, Skipped: 0, Time elapsed: 1.677 s - in org.apache.hadoop.hbase.mapreduce.[1mTestMultiTableSnapshotInputFormatImpl[m
[[1;34mINFO[m] Running org.apache.hadoop.hbase.mapreduce.[1mTestGroupingTableMapper[m
[[1;34mINFO[m] [1;32mTests run: [0;1;32m1[m, Failures: 0, Errors: 0, Skipped: 0, Time elapsed: 0.992 s - in org.apache.hadoop.hbase.mapreduce.[1mTestGroupingTableMapper[m
[[1;34mINFO[m] Running org.apache.hadoop.hbase.mapreduce.[1mTestJarFinder[m
[[1;34mINFO[m] [1;32mTests run: [0;1;32m4[m, Failures: 0, Errors: 0, Skipped: 0, Time elapsed: 0.338 s - in org.apache.hadoop.hbase.mapreduce.[1mTestJarFinder[m
[[1;34mINFO[m] Running org.apache.hadoop.hbase.mapreduce.[1mTestImportTsvParser[m
[[1;34mINFO[m] [1;32mTests run: [0;1;32m12[m, Failures: 0, Errors: 0, Skipped: 0, Time elapsed: 0.341 s - in org.apache.hadoop.hbase.mapreduce.[1mTestImportTsvParser[m
[[1;34mINFO[m] Running org.apache.hadoop.hbase.mapreduce.[1mTestMultiTableInputFormatBase[m
[[1;34mINFO[m] [1;32mTests run: [0;1;32m1[m, Failures: 0, Errors: 0, Skipped: 0, Time elapsed: 2.067 s - in org.apache.hadoop.hbase.mapreduce.[1mTestMultiTableInputFormatBase[m
[[1;34mINFO[m] Running org.apache.hadoop.hbase.mapreduce.[1mTestRegionSizeCalculator[m
[[1;34mINFO[m] [1;32mTests run: [0;1;32m3[m, Failures: 0, Errors: 0, Skipped: 0, Time elapsed: 1.098 s - in org.apache.hadoop.hbase.mapreduce.[1mTestRegionSizeCalculator[m
[[1;34mINFO[m] Running org.apache.hadoop.hbase.mapreduce.[1mTestTableInputFormatBase[m
[[1;34mINFO[m] [1;32mTests run: [0;1;32m2[m, Failures: 0, Errors: 0, Skipped: 0, Time elapsed: 1.995 s - in org.apache.hadoop.hbase.mapreduce.[1mTestTableInputFormatBase[m
[[1;34mINFO[m] Running org.apache.hadoop.hbase.snapshot.[1mTestExportSnapshotHelpers[m
[[1;34mINFO[m] [1;32mTests run: [0;1;32m1[m, Failures: 0, Errors: 0, Skipped: 0, Time elapsed: 0.219 s - in org.apache.hadoop.hbase.snapshot.[1mTestExportSnapshotHelpers[m
[[1;34mINFO[m] Running org.apache.hadoop.hbase.[1mTestPerformanceEvaluation[m
[[1;34mINFO[m] [1;32mTests run: [0;1;32m12[m, Failures: 0, Errors: 0, Skipped: 0, Time elapsed: 0.821 s - in org.apache.hadoop.hbase.[1mTestPerformanceEvaluation[m
[[1;34mINFO[m] Running org.apache.hadoop.hbase.mapred.[1mTestSplitTable[m
[[1;34mINFO[m] [1;32mTests run: [0;1;32m3[m, Failures: 0, Errors: 0, Skipped: 0, Time elapsed: 0.224 s - in org.apache.hadoop.hbase.mapred.[1mTestSplitTable[m
[[1;34mINFO[m] Running org.apache.hadoop.hbase.mapred.[1mTestDriver[m
[[1;34mINFO[m] [1;32mTests run: [0;1;32m1[m, Failures: 0, Errors: 0, Skipped: 0, Time elapsed: 0.655 s - in org.apache.hadoop.hbase.mapred.[1mTestDriver[m
[[1;34mINFO[m] Running org.apache.hadoop.hbase.mapred.[1mTestGroupingTableMap[m
[[1;34mINFO[m] [1;32mTests run: [0;1;32m4[m, Failures: 0, Errors: 0, Skipped: 0, Time elapsed: 1.182 s - in org.apache.hadoop.hbase.mapred.[1mTestGroupingTableMap[m
[[1;34mINFO[m] Running org.apache.hadoop.hbase.mapred.[1mTestIdentityTableMap[m
[[1;34mINFO[m] [1;32mTests run: [0;1;32m1[m, Failures: 0, Errors: 0, Skipped: 0, Time elapsed: 0.887 s - in org.apache.hadoop.hbase.mapred.[1mTestIdentityTableMap[m
[[1;34mINFO[m] Running org.apache.hadoop.hbase.mapred.[1mTestRowCounter[m
[[1;34mINFO[m] [1;32mTests run: [0;1;32m4[m, Failures: 0, Errors: 0, Skipped: 0, Time elapsed: 2.035 s - in org.apache.hadoop.hbase.mapred.[1mTestRowCounter[m
[[1;34mINFO[m] 
[[1;34mINFO[m] Results:
[[1;34mINFO[m] 
[[1;34mINFO[m] [1;32mTests run: 62, Failures: 0, Errors: 0, Skipped: 0[m
[[1;34mINFO[m] 
[[1;34mINFO[m] 
[[1;34mINFO[m] [1m--- [0;32mmaven-surefire-plugin:3.0.0-M4:test[m [1m(secondPartTestsExecution)[m @ [36mhbase-mapreduce[0;1m ---[m
[[1;34mINFO[m] 
[[1;34mINFO[m] -------------------------------------------------------
[[1;34mINFO[m]  T E S T S
[[1;34mINFO[m] -------------------------------------------------------
[[1;34mINFO[m] Running org.apache.hadoop.hbase.mapreduce.[1mTestTableInputFormatScanYYYToEmpty[m
[[1;34mINFO[m] Running org.apache.hadoop.hbase.mapreduce.[1mTestTableInputFormatScanYZYToEmpty[m
[[1;34mINFO[m] [1;32mTests run: [0;1;32m1[m, Failures: 0, Errors: 0, Skipped: 0, Time elapsed: 7.977 s - in org.apache.hadoop.hbase.mapreduce.[1mTestTableInputFormatScanYYYToEmpty[m
[[1;34mINFO[m] [1;32mTests run: [0;1;32m1[m, Failures: 0, Errors: 0, Skipped: 0, Time elapsed: 7.944 s - in org.apache.hadoop.hbase.mapreduce.[1mTestTableInputFormatScanYZYToEmpty[m
[[1;34mINFO[m] Running org.apache.hadoop.hbase.mapreduce.[1mTestWALRecordReader[m
[[1;34mINFO[m] [1;32mTests run: [0;1;32m2[m, Failures: 0, Errors: 0, Skipped: 0, Time elapsed: 1.336 s - in org.apache.hadoop.hbase.mapreduce.[1mTestWALRecordReader[m
[[1;34mINFO[m] Running org.apache.hadoop.hbase.mapreduce.[1mTestTableInputFormatScanYYXToEmpty[m
[[1;34mINFO[m] Running org.apache.hadoop.hbase.mapreduce.[1mTestHRegionPartitioner[m
[[1;34mINFO[m] [1;32mTests run: [0;1;32m1[m, Failures: 0, Errors: 0, Skipped: 0, Time elapsed: 8.467 s - in org.apache.hadoop.hbase.mapreduce.[1mTestTableInputFormatScanYYXToEmpty[m
[[1;34mINFO[m] [1;32mTests run: [0;1;32m2[m, Failures: 0, Errors: 0, Skipped: 0, Time elapsed: 7.395 s - in org.apache.hadoop.hbase.mapreduce.[1mTestHRegionPartitioner[m
[[1;34mINFO[m] Running org.apache.hadoop.hbase.mapreduce.[1mTestTableInputFormatScanOPPToEmpty[m
[[1;34mINFO[m] Running org.apache.hadoop.hbase.mapreduce.[1mTestTableRecordReader[m
[[1;34mINFO[m] [1;32mTests run: [0;1;32m1[m, Failures: 0, Errors: 0, Skipped: 0, Time elapsed: 2.367 s - in org.apache.hadoop.hbase.mapreduce.[1mTestTableRecordReader[m
[[1;34mINFO[m] [1;32mTests run: [0;1;32m1[m, Failures: 0, Errors: 0, Skipped: 0, Time elapsed: 9.625 s - in org.apache.hadoop.hbase.mapreduce.[1mTestTableInputFormatScanOPPToEmpty[m
[[1;34mINFO[m] Running org.apache.hadoop.hbase.mapreduce.[1mTestTableInputFormatScanOBBToQPP[m
[[1;34mINFO[m] [1;32mTests run: [0;1;32m1[m, Failures: 0, Errors: 0, Skipped: 0, Time elapsed: 8.811 s - in org.apache.hadoop.hbase.mapreduce.[1mTestTableInputFormatScanOBBToQPP[m
[[1;34mINFO[m] Running org.apache.hadoop.hbase.mapreduce.[1mTestTableInputFormatScanEmptyToOPP[m
[[1;34mINFO[m] [1;32mTests run: [0;1;32m1[m, Failures: 0, Errors: 0, Skipped: 0, Time elapsed: 9.195 s - in org.apache.hadoop.hbase.mapreduce.[1mTestTableInputFormatScanEmptyToOPP[m
[[1;34mINFO[m] Running org.apache.hadoop.hbase.mapreduce.[1mTestTableInputFormatScanEmptyToEmpty[m
[[1;34mINFO[m] [1;32mTests run: [0;1;32m1[m, Failures: 0, Errors: 0, Skipped: 0, Time elapsed: 11.516 s - in org.apache.hadoop.hbase.mapreduce.[1mTestTableInputFormatScanEmptyToEmpty[m
[[1;34mINFO[m] Running org.apache.hadoop.hbase.mapreduce.[1mTestTableInputFormatScanEmptyToBBA[m
[[1;34mINFO[m] [1;32mTests run: [0;1;32m1[m, Failures: 0, Errors: 0, Skipped: 0, Time elapsed: 7.108 s - in org.apache.hadoop.hbase.mapreduce.[1mTestTableInputFormatScanEmptyToBBA[m
[[1;34mINFO[m] Running org.apache.hadoop.hbase.mapreduce.[1mTestTableInputFormatScanOBBToOPP[m
[[1;34mINFO[m] Running org.apache.hadoop.hbase.mapreduce.[1mTestCellBasedImportExport2[m
[[1;34mINFO[m] [1;32mTests run: [0;1;32m1[m, Failures: 0, Errors: 0, Skipped: 0, Time elapsed: 7.645 s - in org.apache.hadoop.hbase.mapreduce.[1mTestTableInputFormatScanOBBToOPP[m
[[1;34mINFO[m] Running org.apache.hadoop.hbase.mapreduce.[1mTestTableInputFormatScanEmptyToAPP[m
[[1;34mINFO[m] [1;32mTests run: [0;1;32m1[m, Failures: 0, Errors: 0, Skipped: 0, Time elapsed: 7.946 s - in org.apache.hadoop.hbase.mapreduce.[1mTestTableInputFormatScanEmptyToAPP[m
[[1;34mINFO[m] Running org.apache.hadoop.hbase.mapreduce.[1mTestImportExport[m
[[1;34mINFO[m] [1;32mTests run: [0;1;32m13[m, Failures: 0, Errors: 0, Skipped: 0, Time elapsed: 84.765 s - in org.apache.hadoop.hbase.mapreduce.[1mTestCellBasedImportExport2[m
[[1;34mINFO[m] Running org.apache.hadoop.hbase.mapreduce.[1mTestTableInputFormatScanEmptyToBBB[m
[[1;34mINFO[m] [1;32mTests run: [0;1;32m1[m, Failures: 0, Errors: 0, Skipped: 0, Time elapsed: 8.404 s - in org.apache.hadoop.hbase.mapreduce.[1mTestTableInputFormatScanEmptyToBBB[m
[[1;34mINFO[m] Running org.apache.hadoop.hbase.snapshot.[1mTestExportSnapshotNoCluster[m
[[1;34mINFO[m] [1;32mTests run: [0;1;32m2[m, Failures: 0, Errors: 0, Skipped: 0, Time elapsed: 5.784 s - in org.apache.hadoop.hbase.snapshot.[1mTestExportSnapshotNoCluster[m
[[1;34mINFO[m] [1;32mTests run: [0;1;32m13[m, Failures: 0, Errors: 0, Skipped: 0, Time elapsed: 84.695 s - in org.apache.hadoop.hbase.mapreduce.[1mTestImportExport[m
[[1;34mINFO[m] Running org.apache.hadoop.hbase.snapshot.[1mTestExportSnapshotWithTemporaryDirectory[m
[[1;34mINFO[m] Running org.apache.hadoop.hbase.regionserver.[1mTestCompactionTool[m
[[1;34mINFO[m] [1;32mTests run: [0;1;32m1[m, Failures: 0, Errors: 0, Skipped: 0, Time elapsed: 22.318 s - in org.apache.hadoop.hbase.regionserver.[1mTestCompactionTool[m
[[1;34mINFO[m] Running org.apache.hadoop.hbase.mapred.[1mTestTableOutputFormatConnectionExhaust[m
[[1;34mINFO[m] [1;32mTests run: [0;1;32m1[m, Failures: 0, Errors: 0, Skipped: 0, Time elapsed: 3.823 s - in org.apache.hadoop.hbase.mapred.[1mTestTableOutputFormatConnectionExhaust[m
[[1;31mERROR[m] [1;31mTests [0;1mrun: [0;1m7[m, [1;31mFailures: [0;1;31m6[m, Errors: 0, Skipped: 0, Time elapsed: 157.149 s[1;31m <<< FAILURE![m - in org.apache.hadoop.hbase.snapshot.[1mTestExportSnapshotWithTemporaryDirectory[m
[[1;31mERROR[m] org.apache.hadoop.hbase.snapshot.TestExportSnapshotWithTemporaryDirectory.testExportWithTargetName  Time elapsed: 22.782 s  <<< FAILURE!
java.lang.AssertionError: expected:<0> but was:<1>

[[1;31mERROR[m] org.apache.hadoop.hbase.snapshot.TestExportSnapshotWithTemporaryDirectory.testExportFileSystemState  Time elapsed: 18.33 s  <<< FAILURE!
java.lang.AssertionError: expected:<0> but was:<1>

[[1;31mERROR[m] org.apache.hadoop.hbase.snapshot.TestExportSnapshotWithTemporaryDirectory.testConsecutiveExports  Time elapsed: 17.513 s  <<< FAILURE!
java.lang.AssertionError: expected:<0> but was:<1>

[[1;31mERROR[m] org.apache.hadoop.hbase.snapshot.TestExportSnapshotWithTemporaryDirectory.testEmptyExportFileSystemState  Time elapsed: 16.42 s  <<< FAILURE!
java.lang.AssertionError: expected:<0> but was:<1>

[[1;31mERROR[m] org.apache.hadoop.hbase.snapshot.TestExportSnapshotWithTemporaryDirectory.testExportFileSystemStateWithSkipTmp  Time elapsed: 17.672 s  <<< FAILURE!
java.lang.AssertionError: expected:<0> but was:<1>

[[1;31mERROR[m] org.apache.hadoop.hbase.snapshot.TestExportSnapshotWithTemporaryDirectory.testExportRetry  Time elapsed: 16.419 s  <<< FAILURE!
java.lang.AssertionError: expected:<0> but was:<1>

[[1;34mINFO[m] 
[[1;34mINFO[m] Results:
[[1;34mINFO[m] 
[[1;31mERROR[m] [1;31mFailures: [m
[[1;31mERROR[m] [1;31m  TestExportSnapshotWithTemporaryDirectory>TestExportSnapshot.testConsecutiveExports:182->TestExportSnapshot.testExportFileSystemState:202->TestExportSnapshot.testExportFileSystemState:231 expected:<0> but was:<1>[m
[[1;31mERROR[m] [1;31m  TestExportSnapshotWithTemporaryDirectory>TestExportSnapshot.testEmptyExportFileSystemState:176->TestExportSnapshot.testExportFileSystemState:195->TestExportSnapshot.testExportFileSystemState:202->TestExportSnapshot.testExportFileSystemState:231 expected:<0> but was:<1>[m
[[1;31mERROR[m] [1;31m  TestExportSnapshotWithTemporaryDirectory>TestExportSnapshot.testExportFileSystemState:161->TestExportSnapshot.testExportFileSystemState:195->TestExportSnapshot.testExportFileSystemState:202->TestExportSnapshot.testExportFileSystemState:231 expected:<0> but was:<1>[m
[[1;31mERROR[m] [1;31m  TestExportSnapshotWithTemporaryDirectory>TestExportSnapshot.testExportFileSystemStateWithSkipTmp:168->TestExportSnapshot.testExportFileSystemState:195->TestExportSnapshot.testExportFileSystemState:202->TestExportSnapshot.testExportFileSystemState:231 expected:<0> but was:<1>[m
[[1;31mERROR[m] [1;31m  TestExportSnapshotWithTemporaryDirectory>TestExportSnapshot.testExportRetry:271->TestExportSnapshot.testExportFileSystemState:231 expected:<0> but was:<1>[m
[[1;31mERROR[m] [1;31m  TestExportSnapshotWithTemporaryDirectory>TestExportSnapshot.testExportWithTargetName:190->TestExportSnapshot.testExportFileSystemState:195->TestExportSnapshot.testExportFileSystemState:202->TestExportSnapshot.testExportFileSystemState:231 expected:<0> but was:<1>[m
[[1;34mINFO[m] 
[[1;31mERROR[m] [1;31mTests run: 53, Failures: 6, Errors: 0, Skipped: 0[m
[[1;34mINFO[m] 
[[1;34mINFO[m] [1m------------------------------------------------------------------------[m
[[1;34mINFO[m] [1;31mBUILD FAILURE[m
[[1;34mINFO[m] [1m------------------------------------------------------------------------[m
[[1;34mINFO[m] Total time:  08:57 min
[[1;34mINFO[m] Finished at: 2020-04-08T22:18:01Z
[[1;34mINFO[m] [1m------------------------------------------------------------------------[m
[[1;31mERROR[m] Failed to execute goal [32morg.apache.maven.plugins:maven-surefire-plugin:3.0.0-M4:test[m [1m(secondPartTestsExecution)[m on project [36mhbase-mapreduce[m: [1;31mThere are test failures.[m
[[1;31mERROR[m] [1;31m[m
[[1;31mERROR[m] [1;31mPlease refer to /root/hbase-2.2.4/hbase-mapreduce/target/surefire-reports for the individual test results.[m
[[1;31mERROR[m] [1;31mPlease refer to dump files (if any exist) [date].dump, [date]-jvmRun[N].dump and [date].dumpstream.[m
[[1;31mERROR[m] -> [1m[Help 1][m
[[1;31mERROR[m] 
[[1;31mERROR[m] To see the full stack trace of the errors, re-run Maven with the [1m-e[m switch.
[[1;31mERROR[m] Re-run Maven using the [1m-X[m switch to enable full debug logging.
[[1;31mERROR[m] 
[[1;31mERROR[m] For more information about the errors and possible solutions, please read the following articles:
[[1;31mERROR[m] [1m[Help 1][m http://cwiki.apache.org/confluence/display/MAVEN/MojoFailureException
