[[1;34mINFO[m] Scanning for projects...
[[1;34mINFO[m] 
[[1;34mINFO[m] [1m-----------------< [0;36morg.apache.hadoop:hadoop-streaming[0;1m >-----------------[m
[[1;34mINFO[m] [1mBuilding Apache Hadoop MapReduce Streaming 3.2.1[m
[[1;34mINFO[m] [1m--------------------------------[ jar ]---------------------------------[m
[[1;34mINFO[m] 
[[1;34mINFO[m] [1m--- [0;32mmaven-antrun-plugin:1.7:run[m [1m(create-testdirs)[m @ [36mhadoop-streaming[0;1m ---[m
[[1;34mINFO[m] Executing tasks

main:
[[1;34mINFO[m] Executed tasks
[[1;34mINFO[m] 
[[1;34mINFO[m] [1m--- [0;32mmaven-resources-plugin:2.6:resources[m [1m(default-resources)[m @ [36mhadoop-streaming[0;1m ---[m
[[1;34mINFO[m] Using 'UTF-8' encoding to copy filtered resources.
[[1;34mINFO[m] skip non existing resourceDirectory /root/hadoop-3.2.1-src/hadoop-tools/hadoop-streaming/src/main/resources
[[1;34mINFO[m] 
[[1;34mINFO[m] [1m--- [0;32mmaven-compiler-plugin:3.1:compile[m [1m(default-compile)[m @ [36mhadoop-streaming[0;1m ---[m
[[1;34mINFO[m] Nothing to compile - all classes are up to date
[[1;34mINFO[m] 
[[1;34mINFO[m] [1m--- [0;32mmaven-dependency-plugin:3.0.2:list[m [1m(deplist)[m @ [36mhadoop-streaming[0;1m ---[m
[[1;34mINFO[m] 
[[1;34mINFO[m] [1m--- [0;32mmaven-resources-plugin:2.6:testResources[m [1m(default-testResources)[m @ [36mhadoop-streaming[0;1m ---[m
[[1;34mINFO[m] Using 'UTF-8' encoding to copy filtered resources.
[[1;34mINFO[m] Copying 1 resource
[[1;34mINFO[m] 
[[1;34mINFO[m] [1m--- [0;32mmaven-antrun-plugin:1.7:run[m [1m(create-log-dir)[m @ [36mhadoop-streaming[0;1m ---[m
[[1;34mINFO[m] Executing tasks

main:
   [delete] Deleting directory /root/hadoop-3.2.1-src/hadoop-tools/hadoop-streaming/target/test-dir
    [mkdir] Created dir: /root/hadoop-3.2.1-src/hadoop-tools/hadoop-streaming/target/test-dir
[[1;34mINFO[m] Executed tasks
[[1;34mINFO[m] 
[[1;34mINFO[m] [1m--- [0;32mmaven-antrun-plugin:1.7:run[m [1m(copy-test-bin)[m @ [36mhadoop-streaming[0;1m ---[m
[[1;34mINFO[m] Executing tasks

main:
[[1;34mINFO[m] Executed tasks
[[1;34mINFO[m] 
[[1;34mINFO[m] [1m--- [0;32mmaven-compiler-plugin:3.1:testCompile[m [1m(default-testCompile)[m @ [36mhadoop-streaming[0;1m ---[m
[[1;34mINFO[m] Nothing to compile - all classes are up to date
[[1;34mINFO[m] 
[[1;34mINFO[m] [1m--- [0;32mmaven-surefire-plugin:3.0.0-M1:test[m [1m(default-test)[m @ [36mhadoop-streaming[0;1m ---[m
[[1;34mINFO[m] 
[[1;34mINFO[m] -------------------------------------------------------
[[1;34mINFO[m]  T E S T S
[[1;34mINFO[m] -------------------------------------------------------
[[1;34mINFO[m] Running org.apache.hadoop.streaming.[1mTestStreamingOutputOnlyKeys[m
[[1;34mINFO[m] [1;32mTests run: [0;1;32m2[m, Failures: 0, Errors: 0, Skipped: 0, Time elapsed: 2.234 s - in org.apache.hadoop.streaming.[1mTestStreamingOutputOnlyKeys[m
[[1;34mINFO[m] Running org.apache.hadoop.streaming.[1mTestStreamingStderr[m
[[1;34mINFO[m] [1;32mTests run: [0;1;32m3[m, Failures: 0, Errors: 0, Skipped: 0, Time elapsed: 14.465 s - in org.apache.hadoop.streaming.[1mTestStreamingStderr[m
[[1;34mINFO[m] Running org.apache.hadoop.streaming.[1mTestStreamingOutputKeyValueTypes[m
[[1;34mINFO[m] [1;32mTests run: [0;1;32m12[m, Failures: 0, Errors: 0, Skipped: 0, Time elapsed: 13.544 s - in org.apache.hadoop.streaming.[1mTestStreamingOutputKeyValueTypes[m
[[1;34mINFO[m] Running org.apache.hadoop.streaming.[1mTestStreamXmlRecordReader[m
[[1;34mINFO[m] [1;32mTests run: [0;1;32m1[m, Failures: 0, Errors: 0, Skipped: 0, Time elapsed: 2.223 s - in org.apache.hadoop.streaming.[1mTestStreamXmlRecordReader[m
[[1;34mINFO[m] Running org.apache.hadoop.streaming.[1mTestStreamingFailure[m
[[1;34mINFO[m] [1;32mTests run: [0;1;32m1[m, Failures: 0, Errors: 0, Skipped: 0, Time elapsed: 0.934 s - in org.apache.hadoop.streaming.[1mTestStreamingFailure[m
[[1;34mINFO[m] Running org.apache.hadoop.streaming.[1mTestStreamingCounters[m
[[1;34mINFO[m] [1;32mTests run: [0;1;32m1[m, Failures: 0, Errors: 0, Skipped: 0, Time elapsed: 2.29 s - in org.apache.hadoop.streaming.[1mTestStreamingCounters[m
[[1;34mINFO[m] Running org.apache.hadoop.streaming.[1mTestStreamingBackground[m
[[1;34mINFO[m] [1;32mTests run: [0;1;32m1[m, Failures: 0, Errors: 0, Skipped: 0, Time elapsed: 6.172 s - in org.apache.hadoop.streaming.[1mTestStreamingBackground[m
[[1;34mINFO[m] Running org.apache.hadoop.streaming.[1mTestStreamingKeyValue[m
[[1;34mINFO[m] [1;32mTests run: [0;1;32m2[m, Failures: 0, Errors: 0, Skipped: 0, Time elapsed: 3.326 s - in org.apache.hadoop.streaming.[1mTestStreamingKeyValue[m
[[1;34mINFO[m] Running org.apache.hadoop.streaming.[1mTestSymLink[m
[[1;31mERROR[m] [1;31mTests [0;1mrun: [0;1m1[m, Failures: 0, [1;31mErrors: [0;1;31m1[m, Skipped: 0, Time elapsed: 31.941 s[1;31m <<< FAILURE![m - in org.apache.hadoop.streaming.[1mTestSymLink[m
[[1;31mERROR[m] testSymLink(org.apache.hadoop.streaming.TestSymLink)  Time elapsed: 31.763 s  <<< ERROR!
java.io.FileNotFoundException: File /testing-streaming/out does not exist.
	at org.apache.hadoop.hdfs.DistributedFileSystem.listStatusInternal(DistributedFileSystem.java:1052)
	at org.apache.hadoop.hdfs.DistributedFileSystem.access$1000(DistributedFileSystem.java:131)
	at org.apache.hadoop.hdfs.DistributedFileSystem$24.doCall(DistributedFileSystem.java:1112)
	at org.apache.hadoop.hdfs.DistributedFileSystem$24.doCall(DistributedFileSystem.java:1109)
	at org.apache.hadoop.fs.FileSystemLinkResolver.resolve(FileSystemLinkResolver.java:81)
	at org.apache.hadoop.hdfs.DistributedFileSystem.listStatus(DistributedFileSystem.java:1119)
	at org.apache.hadoop.fs.FileSystem.listStatus(FileSystem.java:1868)
	at org.apache.hadoop.fs.FileSystem.listStatus(FileSystem.java:1910)
	at org.apache.hadoop.streaming.TestSymLink.testSymLink(TestSymLink.java:118)
	at sun.reflect.NativeMethodAccessorImpl.invoke0(Native Method)
	at sun.reflect.NativeMethodAccessorImpl.invoke(NativeMethodAccessorImpl.java:62)
	at sun.reflect.DelegatingMethodAccessorImpl.invoke(DelegatingMethodAccessorImpl.java:43)
	at java.lang.reflect.Method.invoke(Method.java:498)
	at org.junit.runners.model.FrameworkMethod$1.runReflectiveCall(FrameworkMethod.java:47)
	at org.junit.internal.runners.model.ReflectiveCallable.run(ReflectiveCallable.java:12)
	at org.junit.runners.model.FrameworkMethod.invokeExplosively(FrameworkMethod.java:44)
	at org.junit.internal.runners.statements.InvokeMethod.evaluate(InvokeMethod.java:17)
	at org.junit.internal.runners.statements.FailOnTimeout$StatementThread.run(FailOnTimeout.java:74)

[[1;34mINFO[m] Running org.apache.hadoop.streaming.[1mTestStreamingSeparator[m
[[1;34mINFO[m] [1;32mTests run: [0;1;32m1[m, Failures: 0, Errors: 0, Skipped: 0, Time elapsed: 3.195 s - in org.apache.hadoop.streaming.[1mTestStreamingSeparator[m
[[1;34mINFO[m] Running org.apache.hadoop.streaming.[1mTestStreamDataProtocol[m
[[1;34mINFO[m] [1;32mTests run: [0;1;32m1[m, Failures: 0, Errors: 0, Skipped: 0, Time elapsed: 2.154 s - in org.apache.hadoop.streaming.[1mTestStreamDataProtocol[m
[[1;34mINFO[m] Running org.apache.hadoop.streaming.[1mTestTypedBytesStreaming[m
[[1;34mINFO[m] [1;32mTests run: [0;1;32m1[m, Failures: 0, Errors: 0, Skipped: 0, Time elapsed: 2.19 s - in org.apache.hadoop.streaming.[1mTestTypedBytesStreaming[m
[[1;34mINFO[m] Running org.apache.hadoop.streaming.[1mTestStreamingCombiner[m
[[1;34mINFO[m] [1;32mTests run: [0;1;32m1[m, Failures: 0, Errors: 0, Skipped: 0, Time elapsed: 3.252 s - in org.apache.hadoop.streaming.[1mTestStreamingCombiner[m
[[1;34mINFO[m] Running org.apache.hadoop.streaming.mapreduce.[1mTestStreamXmlRecordReader[m
[[1;34mINFO[m] [1;32mTests run: [0;1;32m1[m, Failures: 0, Errors: 0, Skipped: 0, Time elapsed: 2.063 s - in org.apache.hadoop.streaming.mapreduce.[1mTestStreamXmlRecordReader[m
[[1;34mINFO[m] Running org.apache.hadoop.streaming.[1mTestRawBytesStreaming[m
[[1;34mINFO[m] [1;32mTests run: [0;1;32m1[m, Failures: 0, Errors: 0, Skipped: 0, Time elapsed: 2.187 s - in org.apache.hadoop.streaming.[1mTestRawBytesStreaming[m
[[1;34mINFO[m] Running org.apache.hadoop.streaming.[1mTestMultipleCachefiles[m
[[1;31mERROR[m] [1;31mTests [0;1mrun: [0;1m1[m, Failures: 0, [1;31mErrors: [0;1;31m1[m, Skipped: 0, Time elapsed: 31.899 s[1;31m <<< FAILURE![m - in org.apache.hadoop.streaming.[1mTestMultipleCachefiles[m
[[1;31mERROR[m] testMultipleCachefiles(org.apache.hadoop.streaming.TestMultipleCachefiles)  Time elapsed: 31.718 s  <<< ERROR!
java.io.FileNotFoundException: File /testing-streaming/out does not exist.
	at org.apache.hadoop.hdfs.DistributedFileSystem.listStatusInternal(DistributedFileSystem.java:1052)
	at org.apache.hadoop.hdfs.DistributedFileSystem.access$1000(DistributedFileSystem.java:131)
	at org.apache.hadoop.hdfs.DistributedFileSystem$24.doCall(DistributedFileSystem.java:1112)
	at org.apache.hadoop.hdfs.DistributedFileSystem$24.doCall(DistributedFileSystem.java:1109)
	at org.apache.hadoop.fs.FileSystemLinkResolver.resolve(FileSystemLinkResolver.java:81)
	at org.apache.hadoop.hdfs.DistributedFileSystem.listStatus(DistributedFileSystem.java:1119)
	at org.apache.hadoop.fs.FileSystem.listStatus(FileSystem.java:1868)
	at org.apache.hadoop.fs.FileSystem.listStatus(FileSystem.java:1910)
	at org.apache.hadoop.streaming.TestMultipleCachefiles.testMultipleCachefiles(TestMultipleCachefiles.java:131)
	at sun.reflect.NativeMethodAccessorImpl.invoke0(Native Method)
	at sun.reflect.NativeMethodAccessorImpl.invoke(NativeMethodAccessorImpl.java:62)
	at sun.reflect.DelegatingMethodAccessorImpl.invoke(DelegatingMethodAccessorImpl.java:43)
	at java.lang.reflect.Method.invoke(Method.java:498)
	at org.junit.runners.model.FrameworkMethod$1.runReflectiveCall(FrameworkMethod.java:47)
	at org.junit.internal.runners.model.ReflectiveCallable.run(ReflectiveCallable.java:12)
	at org.junit.runners.model.FrameworkMethod.invokeExplosively(FrameworkMethod.java:44)
	at org.junit.internal.runners.statements.InvokeMethod.evaluate(InvokeMethod.java:17)
	at org.junit.runners.ParentRunner.runLeaf(ParentRunner.java:271)
	at org.junit.runners.BlockJUnit4ClassRunner.runChild(BlockJUnit4ClassRunner.java:70)
	at org.junit.runners.BlockJUnit4ClassRunner.runChild(BlockJUnit4ClassRunner.java:50)
	at org.junit.runners.ParentRunner$3.run(ParentRunner.java:238)
	at org.junit.runners.ParentRunner$1.schedule(ParentRunner.java:63)
	at org.junit.runners.ParentRunner.runChildren(ParentRunner.java:236)
	at org.junit.runners.ParentRunner.access$000(ParentRunner.java:53)
	at org.junit.runners.ParentRunner$2.evaluate(ParentRunner.java:229)
	at org.junit.runners.ParentRunner.run(ParentRunner.java:309)
	at org.apache.maven.surefire.junit4.JUnit4Provider.execute(JUnit4Provider.java:365)
	at org.apache.maven.surefire.junit4.JUnit4Provider.executeWithRerun(JUnit4Provider.java:273)
	at org.apache.maven.surefire.junit4.JUnit4Provider.executeTestSet(JUnit4Provider.java:238)
	at org.apache.maven.surefire.junit4.JUnit4Provider.invoke(JUnit4Provider.java:159)
	at org.apache.maven.surefire.booter.ForkedBooter.invokeProviderInSameClassLoader(ForkedBooter.java:384)
	at org.apache.maven.surefire.booter.ForkedBooter.runSuitesInProcess(ForkedBooter.java:345)
	at org.apache.maven.surefire.booter.ForkedBooter.execute(ForkedBooter.java:126)
	at org.apache.maven.surefire.booter.ForkedBooter.main(ForkedBooter.java:418)

[[1;34mINFO[m] Running org.apache.hadoop.streaming.[1mTestDumpTypedBytes[m
[[1;34mINFO[m] [1;32mTests run: [0;1;32m1[m, Failures: 0, Errors: 0, Skipped: 0, Time elapsed: 5.201 s - in org.apache.hadoop.streaming.[1mTestDumpTypedBytes[m
[[1;34mINFO[m] Running org.apache.hadoop.streaming.[1mTestStreaming[m
[[1;34mINFO[m] [1;32mTests run: [0;1;32m1[m, Failures: 0, Errors: 0, Skipped: 0, Time elapsed: 2.241 s - in org.apache.hadoop.streaming.[1mTestStreaming[m
[[1;34mINFO[m] Running org.apache.hadoop.streaming.[1mTestGzipInput[m
[[1;34mINFO[m] [1;32mTests run: [0;1;32m1[m, Failures: 0, Errors: 0, Skipped: 0, Time elapsed: 2.212 s - in org.apache.hadoop.streaming.[1mTestGzipInput[m
[[1;34mINFO[m] Running org.apache.hadoop.streaming.[1mTestStreamingExitStatus[m
[[1;34mINFO[m] [1;32mTests run: [0;1;32m4[m, Failures: 0, Errors: 0, Skipped: 0, Time elapsed: 5.593 s - in org.apache.hadoop.streaming.[1mTestStreamingExitStatus[m
[[1;34mINFO[m] Running org.apache.hadoop.streaming.[1mTestStreamAggregate[m
[[1;34mINFO[m] [1;32mTests run: [0;1;32m1[m, Failures: 0, Errors: 0, Skipped: 0, Time elapsed: 2.134 s - in org.apache.hadoop.streaming.[1mTestStreamAggregate[m
[[1;34mINFO[m] Running org.apache.hadoop.streaming.[1mTestMRFramework[m
[[1;34mINFO[m] [1;32mTests run: [0;1;32m1[m, Failures: 0, Errors: 0, Skipped: 0, Time elapsed: 0.268 s - in org.apache.hadoop.streaming.[1mTestMRFramework[m
[[1;34mINFO[m] Running org.apache.hadoop.streaming.[1mTestStreamingBadRecords[m
[[1;34mINFO[m] [1;32mTests run: [0;1;32m1[m, Failures: 0, Errors: 0, Skipped: 0, Time elapsed: 9.594 s - in org.apache.hadoop.streaming.[1mTestStreamingBadRecords[m
[[1;34mINFO[m] Running org.apache.hadoop.streaming.[1mTestUnconsumedInput[m
[[1;34mINFO[m] [1;32mTests run: [0;1;32m1[m, Failures: 0, Errors: 0, Skipped: 0, Time elapsed: 2.206 s - in org.apache.hadoop.streaming.[1mTestUnconsumedInput[m
[[1;34mINFO[m] Running org.apache.hadoop.streaming.io.[1mTestKeyOnlyTextOutputReader[m
[[1;34mINFO[m] [1;32mTests run: [0;1;32m1[m, Failures: 0, Errors: 0, Skipped: 0, Time elapsed: 0.213 s - in org.apache.hadoop.streaming.io.[1mTestKeyOnlyTextOutputReader[m
[[1;34mINFO[m] Running org.apache.hadoop.streaming.[1mTestFileArgs[m
[[1;31mERROR[m] [1;31mTests [0;1mrun: [0;1m1[m, [1;31mFailures: [0;1;31m1[m, Errors: 0, Skipped: 0, Time elapsed: 31.554 s[1;31m <<< FAILURE![m - in org.apache.hadoop.streaming.[1mTestFileArgs[m
[[1;31mERROR[m] testCommandLine(org.apache.hadoop.streaming.TestFileArgs)  Time elapsed: 22.599 s  <<< FAILURE!
java.lang.AssertionError: expected:<0> but was:<1>
	at org.junit.Assert.fail(Assert.java:88)
	at org.junit.Assert.failNotEquals(Assert.java:743)
	at org.junit.Assert.assertEquals(Assert.java:118)
	at org.junit.Assert.assertEquals(Assert.java:555)
	at org.junit.Assert.assertEquals(Assert.java:542)
	at org.apache.hadoop.streaming.TestStreaming.testCommandLine(TestStreaming.java:200)
	at sun.reflect.NativeMethodAccessorImpl.invoke0(Native Method)
	at sun.reflect.NativeMethodAccessorImpl.invoke(NativeMethodAccessorImpl.java:62)
	at sun.reflect.DelegatingMethodAccessorImpl.invoke(DelegatingMethodAccessorImpl.java:43)
	at java.lang.reflect.Method.invoke(Method.java:498)
	at org.junit.runners.model.FrameworkMethod$1.runReflectiveCall(FrameworkMethod.java:47)
	at org.junit.internal.runners.model.ReflectiveCallable.run(ReflectiveCallable.java:12)
	at org.junit.runners.model.FrameworkMethod.invokeExplosively(FrameworkMethod.java:44)
	at org.junit.internal.runners.statements.InvokeMethod.evaluate(InvokeMethod.java:17)
	at org.junit.internal.runners.statements.RunBefores.evaluate(RunBefores.java:26)
	at org.junit.internal.runners.statements.RunAfters.evaluate(RunAfters.java:27)
	at org.junit.runners.ParentRunner.runLeaf(ParentRunner.java:271)
	at org.junit.runners.BlockJUnit4ClassRunner.runChild(BlockJUnit4ClassRunner.java:70)
	at org.junit.runners.BlockJUnit4ClassRunner.runChild(BlockJUnit4ClassRunner.java:50)
	at org.junit.runners.ParentRunner$3.run(ParentRunner.java:238)
	at org.junit.runners.ParentRunner$1.schedule(ParentRunner.java:63)
	at org.junit.runners.ParentRunner.runChildren(ParentRunner.java:236)
	at org.junit.runners.ParentRunner.access$000(ParentRunner.java:53)
	at org.junit.runners.ParentRunner$2.evaluate(ParentRunner.java:229)
	at org.junit.runners.ParentRunner.run(ParentRunner.java:309)
	at org.apache.maven.surefire.junit4.JUnit4Provider.execute(JUnit4Provider.java:365)
	at org.apache.maven.surefire.junit4.JUnit4Provider.executeWithRerun(JUnit4Provider.java:273)
	at org.apache.maven.surefire.junit4.JUnit4Provider.executeTestSet(JUnit4Provider.java:238)
	at org.apache.maven.surefire.junit4.JUnit4Provider.invoke(JUnit4Provider.java:159)
	at org.apache.maven.surefire.booter.ForkedBooter.invokeProviderInSameClassLoader(ForkedBooter.java:384)
	at org.apache.maven.surefire.booter.ForkedBooter.runSuitesInProcess(ForkedBooter.java:345)
	at org.apache.maven.surefire.booter.ForkedBooter.execute(ForkedBooter.java:126)
	at org.apache.maven.surefire.booter.ForkedBooter.main(ForkedBooter.java:418)

[[1;34mINFO[m] Running org.apache.hadoop.streaming.[1mTestMultipleArchiveFiles[m
[[1;31mERROR[m] [1;31mTests [0;1mrun: [0;1m1[m, [1;31mFailures: [0;1;31m1[m, Errors: 0, Skipped: 0, Time elapsed: 13.37 s[1;31m <<< FAILURE![m - in org.apache.hadoop.streaming.[1mTestMultipleArchiveFiles[m
[[1;31mERROR[m] testCommandLine(org.apache.hadoop.streaming.TestMultipleArchiveFiles)  Time elapsed: 4.807 s  <<< FAILURE!
java.lang.AssertionError: expected:<0> but was:<1>
	at org.junit.Assert.fail(Assert.java:88)
	at org.junit.Assert.failNotEquals(Assert.java:743)
	at org.junit.Assert.assertEquals(Assert.java:118)
	at org.junit.Assert.assertEquals(Assert.java:555)
	at org.junit.Assert.assertEquals(Assert.java:542)
	at org.apache.hadoop.streaming.TestStreaming.testCommandLine(TestStreaming.java:200)
	at sun.reflect.NativeMethodAccessorImpl.invoke0(Native Method)
	at sun.reflect.NativeMethodAccessorImpl.invoke(NativeMethodAccessorImpl.java:62)
	at sun.reflect.DelegatingMethodAccessorImpl.invoke(DelegatingMethodAccessorImpl.java:43)
	at java.lang.reflect.Method.invoke(Method.java:498)
	at org.junit.runners.model.FrameworkMethod$1.runReflectiveCall(FrameworkMethod.java:47)
	at org.junit.internal.runners.model.ReflectiveCallable.run(ReflectiveCallable.java:12)
	at org.junit.runners.model.FrameworkMethod.invokeExplosively(FrameworkMethod.java:44)
	at org.junit.internal.runners.statements.InvokeMethod.evaluate(InvokeMethod.java:17)
	at org.junit.internal.runners.statements.RunBefores.evaluate(RunBefores.java:26)
	at org.junit.internal.runners.statements.RunAfters.evaluate(RunAfters.java:27)
	at org.junit.runners.ParentRunner.runLeaf(ParentRunner.java:271)
	at org.junit.runners.BlockJUnit4ClassRunner.runChild(BlockJUnit4ClassRunner.java:70)
	at org.junit.runners.BlockJUnit4ClassRunner.runChild(BlockJUnit4ClassRunner.java:50)
	at org.junit.runners.ParentRunner$3.run(ParentRunner.java:238)
	at org.junit.runners.ParentRunner$1.schedule(ParentRunner.java:63)
	at org.junit.runners.ParentRunner.runChildren(ParentRunner.java:236)
	at org.junit.runners.ParentRunner.access$000(ParentRunner.java:53)
	at org.junit.runners.ParentRunner$2.evaluate(ParentRunner.java:229)
	at org.junit.runners.ParentRunner.run(ParentRunner.java:309)
	at org.apache.maven.surefire.junit4.JUnit4Provider.execute(JUnit4Provider.java:365)
	at org.apache.maven.surefire.junit4.JUnit4Provider.executeWithRerun(JUnit4Provider.java:273)
	at org.apache.maven.surefire.junit4.JUnit4Provider.executeTestSet(JUnit4Provider.java:238)
	at org.apache.maven.surefire.junit4.JUnit4Provider.invoke(JUnit4Provider.java:159)
	at org.apache.maven.surefire.booter.ForkedBooter.invokeProviderInSameClassLoader(ForkedBooter.java:384)
	at org.apache.maven.surefire.booter.ForkedBooter.runSuitesInProcess(ForkedBooter.java:345)
	at org.apache.maven.surefire.booter.ForkedBooter.execute(ForkedBooter.java:126)
	at org.apache.maven.surefire.booter.ForkedBooter.main(ForkedBooter.java:418)

[[1;34mINFO[m] Running org.apache.hadoop.streaming.[1mTestLoadTypedBytes[m
[[1;34mINFO[m] [1;32mTests run: [0;1;32m1[m, Failures: 0, Errors: 0, Skipped: 0, Time elapsed: 5.174 s - in org.apache.hadoop.streaming.[1mTestLoadTypedBytes[m
[[1;34mINFO[m] Running org.apache.hadoop.streaming.[1mTestClassWithNoPackage[m
[[1;34mINFO[m] [1;32mTests run: [0;1;32m1[m, Failures: 0, Errors: 0, Skipped: 0, Time elapsed: 0.197 s - in org.apache.hadoop.streaming.[1mTestClassWithNoPackage[m
[[1;34mINFO[m] Running org.apache.hadoop.streaming.[1mTestStreamReduceNone[m
[[1;34mINFO[m] [1;32mTests run: [0;1;32m1[m, Failures: 0, Errors: 0, Skipped: 0, Time elapsed: 2.196 s - in org.apache.hadoop.streaming.[1mTestStreamReduceNone[m
[[1;34mINFO[m] Running org.apache.hadoop.streaming.[1mTestStreamJob[m
[[1;34mINFO[m] [1;32mTests run: [0;1;32m3[m, Failures: 0, Errors: 0, Skipped: 0, Time elapsed: 0.633 s - in org.apache.hadoop.streaming.[1mTestStreamJob[m
[[1;34mINFO[m] Running org.apache.hadoop.streaming.[1mTestAutoInputFormat[m
[[1;34mINFO[m] [1;32mTests run: [0;1;32m1[m, Failures: 0, Errors: 0, Skipped: 0, Time elapsed: 0.723 s - in org.apache.hadoop.streaming.[1mTestAutoInputFormat[m
[[1;34mINFO[m] Running org.apache.hadoop.streaming.[1mTestStreamXmlMultipleRecords[m
[[1;34mINFO[m] [1;32mTests run: [0;1;32m5[m, Failures: 0, Errors: 0, Skipped: 0, Time elapsed: 5.795 s - in org.apache.hadoop.streaming.[1mTestStreamXmlMultipleRecords[m
[[1;34mINFO[m] Running org.apache.hadoop.typedbytes.[1mTestTypedBytesWritable[m
[[1;34mINFO[m] [1;32mTests run: [0;1;32m2[m, Failures: 0, Errors: 0, Skipped: 0, Time elapsed: 0.13 s - in org.apache.hadoop.typedbytes.[1mTestTypedBytesWritable[m
[[1;34mINFO[m] 
[[1;34mINFO[m] Results:
[[1;34mINFO[m] 
[[1;31mERROR[m] [1;31mFailures: [m
[[1;31mERROR[m] [1;31m  TestFileArgs>TestStreaming.testCommandLine:200 expected:<0> but was:<1>[m
[[1;31mERROR[m] [1;31m  TestMultipleArchiveFiles>TestStreaming.testCommandLine:200 expected:<0> but was:<1>[m
[[1;31mERROR[m] [1;31mErrors: [m
[[1;31mERROR[m] [1;31m  TestMultipleCachefiles.testMultipleCachefiles:131 ? FileNotFound File /testing...[m
[[1;31mERROR[m] [1;31m  TestSymLink.testSymLink:118 ? FileNotFound File /testing-streaming/out does no...[m
[[1;34mINFO[m] 
[[1;31mERROR[m] [1;31mTests run: 59, Failures: 2, Errors: 2, Skipped: 0[m
[[1;34mINFO[m] 
[[1;34mINFO[m] [1m------------------------------------------------------------------------[m
[[1;34mINFO[m] [1;31mBUILD FAILURE[m
[[1;34mINFO[m] [1m------------------------------------------------------------------------[m
[[1;34mINFO[m] Total time:  04:03 min
[[1;34mINFO[m] Finished at: 2020-04-12T05:50:00Z
[[1;34mINFO[m] [1m------------------------------------------------------------------------[m
[[1;31mERROR[m] Failed to execute goal [32morg.apache.maven.plugins:maven-surefire-plugin:3.0.0-M1:test[m [1m(default-test)[m on project [36mhadoop-streaming[m: [1;31mThere are test failures.[m
[[1;31mERROR[m] [1;31m[m
[[1;31mERROR[m] [1;31mPlease refer to /root/hadoop-3.2.1-src/hadoop-tools/hadoop-streaming/target/surefire-reports for the individual test results.[m
[[1;31mERROR[m] [1;31mPlease refer to dump files (if any exist) [date].dump, [date]-jvmRun[N].dump and [date].dumpstream.[m
[[1;31mERROR[m] -> [1m[Help 1][m
[[1;31mERROR[m] 
[[1;31mERROR[m] To see the full stack trace of the errors, re-run Maven with the [1m-e[m switch.
[[1;31mERROR[m] Re-run Maven using the [1m-X[m switch to enable full debug logging.
[[1;31mERROR[m] 
[[1;31mERROR[m] For more information about the errors and possible solutions, please read the following articles:
[[1;31mERROR[m] [1m[Help 1][m http://cwiki.apache.org/confluence/display/MAVEN/MojoFailureException
