[[1;34mINFO[m] Scanning for projects...
[[1;34mINFO[m] 
[[1;34mINFO[m] [1m------------------< [0;36morg.apache.hadoop:hadoop-gridmix[0;1m >------------------[m
[[1;34mINFO[m] [1mBuilding Apache Hadoop Gridmix 3.2.1[m
[[1;34mINFO[m] [1m--------------------------------[ jar ]---------------------------------[m
Downloading from apache.snapshots.https: https://repository.apache.org/content/repositories/snapshots/org/apache/hadoop/hadoop-rumen/3.2.1/hadoop-rumen-3.2.1.pom
Downloading from repository.jboss.org: https://repository.jboss.org/nexus/content/groups/public/org/apache/hadoop/hadoop-rumen/3.2.1/hadoop-rumen-3.2.1.pom
Downloading from central: https://repo.maven.apache.org/maven2/org/apache/hadoop/hadoop-rumen/3.2.1/hadoop-rumen-3.2.1.pom
Progress (1): 2.2/5.2 kBProgress (1): 5.0/5.2 kBProgress (1): 5.2 kB                        Downloaded from central: https://repo.maven.apache.org/maven2/org/apache/hadoop/hadoop-rumen/3.2.1/hadoop-rumen-3.2.1.pom (5.2 kB at 23 kB/s)
Downloading from apache.snapshots.https: https://repository.apache.org/content/repositories/snapshots/org/apache/hadoop/hadoop-rumen/3.2.1/hadoop-rumen-3.2.1.jar
Downloading from repository.jboss.org: https://repository.jboss.org/nexus/content/groups/public/org/apache/hadoop/hadoop-rumen/3.2.1/hadoop-rumen-3.2.1.jar
Downloading from central: https://repo.maven.apache.org/maven2/org/apache/hadoop/hadoop-rumen/3.2.1/hadoop-rumen-3.2.1.jar
Progress (1): 2.2/323 kBProgress (1): 5.0/323 kBProgress (1): 7.7/323 kBProgress (1): 10/323 kB Progress (1): 13/323 kBProgress (1): 16/323 kBProgress (1): 19/323 kBProgress (1): 21/323 kBProgress (1): 24/323 kBProgress (1): 27/323 kBProgress (1): 30/323 kBProgress (1): 32/323 kBProgress (1): 36/323 kBProgress (1): 40/323 kBProgress (1): 45/323 kBProgress (1): 49/323 kBProgress (1): 53/323 kBProgress (1): 57/323 kBProgress (1): 61/323 kBProgress (1): 65/323 kBProgress (1): 69/323 kBProgress (1): 73/323 kBProgress (1): 77/323 kBProgress (1): 81/323 kBProgress (1): 85/323 kBProgress (1): 90/323 kBProgress (1): 94/323 kBProgress (1): 98/323 kBProgress (1): 102/323 kBProgress (1): 106/323 kBProgress (1): 110/323 kBProgress (1): 114/323 kBProgress (1): 118/323 kBProgress (1): 122/323 kBProgress (1): 126/323 kBProgress (1): 131/323 kBProgress (1): 135/323 kBProgress (1): 139/323 kBProgress (1): 143/323 kBProgress (1): 147/323 kBProgress (1): 151/323 kBProgress (1): 155/323 kBProgress (1): 159/323 kBProgress (1): 163/323 kBProgress (1): 167/323 kBProgress (1): 171/323 kBProgress (1): 176/323 kBProgress (1): 180/323 kBProgress (1): 184/323 kBProgress (1): 188/323 kBProgress (1): 192/323 kBProgress (1): 196/323 kBProgress (1): 200/323 kBProgress (1): 204/323 kBProgress (1): 208/323 kBProgress (1): 212/323 kBProgress (1): 217/323 kBProgress (1): 221/323 kBProgress (1): 225/323 kBProgress (1): 229/323 kBProgress (1): 233/323 kBProgress (1): 237/323 kBProgress (1): 241/323 kBProgress (1): 245/323 kBProgress (1): 249/323 kBProgress (1): 253/323 kBProgress (1): 258/323 kBProgress (1): 262/323 kBProgress (1): 266/323 kBProgress (1): 270/323 kBProgress (1): 274/323 kBProgress (1): 278/323 kBProgress (1): 282/323 kBProgress (1): 286/323 kBProgress (1): 290/323 kBProgress (1): 294/323 kBProgress (1): 298/323 kBProgress (1): 303/323 kBProgress (1): 307/323 kBProgress (1): 311/323 kBProgress (1): 315/323 kBProgress (1): 319/323 kBProgress (1): 323 kB                        Downloaded from central: https://repo.maven.apache.org/maven2/org/apache/hadoop/hadoop-rumen/3.2.1/hadoop-rumen-3.2.1.jar (323 kB at 1.1 MB/s)
[[1;34mINFO[m] 
[[1;34mINFO[m] [1m--- [0;32mmaven-antrun-plugin:1.7:run[m [1m(create-testdirs)[m @ [36mhadoop-gridmix[0;1m ---[m
[[1;34mINFO[m] Executing tasks

main:
[[1;34mINFO[m] Executed tasks
[[1;34mINFO[m] 
[[1;34mINFO[m] [1m--- [0;32mmaven-resources-plugin:2.6:resources[m [1m(default-resources)[m @ [36mhadoop-gridmix[0;1m ---[m
[[1;34mINFO[m] Using 'UTF-8' encoding to copy filtered resources.
[[1;34mINFO[m] skip non existing resourceDirectory /root/hadoop-3.2.1-src/hadoop-tools/hadoop-gridmix/src/main/resources
[[1;34mINFO[m] 
[[1;34mINFO[m] [1m--- [0;32mmaven-compiler-plugin:3.1:compile[m [1m(default-compile)[m @ [36mhadoop-gridmix[0;1m ---[m
[[1;34mINFO[m] Nothing to compile - all classes are up to date
[[1;34mINFO[m] 
[[1;34mINFO[m] [1m--- [0;32mmaven-dependency-plugin:3.0.2:list[m [1m(deplist)[m @ [36mhadoop-gridmix[0;1m ---[m
[[1;34mINFO[m] 
[[1;34mINFO[m] [1m--- [0;32mmaven-resources-plugin:2.6:testResources[m [1m(default-testResources)[m @ [36mhadoop-gridmix[0;1m ---[m
[[1;34mINFO[m] Using 'UTF-8' encoding to copy filtered resources.
[[1;34mINFO[m] Copying 3 resources
[[1;34mINFO[m] 
[[1;34mINFO[m] [1m--- [0;32mmaven-antrun-plugin:1.7:run[m [1m(create-log-dir)[m @ [36mhadoop-gridmix[0;1m ---[m
[[1;34mINFO[m] Executing tasks

main:
   [delete] Deleting directory /root/hadoop-3.2.1-src/hadoop-tools/hadoop-gridmix/target/test-dir
    [mkdir] Created dir: /root/hadoop-3.2.1-src/hadoop-tools/hadoop-gridmix/target/test-dir
[[1;34mINFO[m] Executed tasks
[[1;34mINFO[m] 
[[1;34mINFO[m] [1m--- [0;32mmaven-compiler-plugin:3.1:testCompile[m [1m(default-testCompile)[m @ [36mhadoop-gridmix[0;1m ---[m
[[1;34mINFO[m] Nothing to compile - all classes are up to date
[[1;34mINFO[m] 
[[1;34mINFO[m] [1m--- [0;32mmaven-surefire-plugin:3.0.0-M1:test[m [1m(default-test)[m @ [36mhadoop-gridmix[0;1m ---[m
[[1;34mINFO[m] 
[[1;34mINFO[m] -------------------------------------------------------
[[1;34mINFO[m]  T E S T S
[[1;34mINFO[m] -------------------------------------------------------
[[1;34mINFO[m] Running org.apache.hadoop.mapred.gridmix.[1mTestCompressionEmulationUtils[m
[[1;34mINFO[m] [1;32mTests run: [0;1;32m12[m, Failures: 0, Errors: 0, Skipped: 0, Time elapsed: 11.069 s - in org.apache.hadoop.mapred.gridmix.[1mTestCompressionEmulationUtils[m
[[1;34mINFO[m] Running org.apache.hadoop.mapred.gridmix.[1mTestSleepJob[m
[[1;31mERROR[m] [1;31mTests [0;1mrun: [0;1m5[m, [1;31mFailures: [0;1;31m3[m, Errors: 0, Skipped: 0, Time elapsed: 75.865 s[1;31m <<< FAILURE![m - in org.apache.hadoop.mapred.gridmix.[1mTestSleepJob[m
[[1;31mERROR[m] testReplaySubmit(org.apache.hadoop.mapred.gridmix.TestSleepJob)  Time elapsed: 9.157 s  <<< FAILURE!
java.lang.AssertionError: Client exited with nonzero status expected:<0> but was:<2>
	at org.junit.Assert.fail(Assert.java:88)
	at org.junit.Assert.failNotEquals(Assert.java:743)
	at org.junit.Assert.assertEquals(Assert.java:118)
	at org.junit.Assert.assertEquals(Assert.java:555)
	at org.apache.hadoop.mapred.gridmix.CommonJobTest.doSubmission(CommonJobTest.java:375)
	at org.apache.hadoop.mapred.gridmix.TestSleepJob.testReplaySubmit(TestSleepJob.java:107)
	at sun.reflect.NativeMethodAccessorImpl.invoke0(Native Method)
	at sun.reflect.NativeMethodAccessorImpl.invoke(NativeMethodAccessorImpl.java:62)
	at sun.reflect.DelegatingMethodAccessorImpl.invoke(DelegatingMethodAccessorImpl.java:43)
	at java.lang.reflect.Method.invoke(Method.java:498)
	at org.junit.runners.model.FrameworkMethod$1.runReflectiveCall(FrameworkMethod.java:47)
	at org.junit.internal.runners.model.ReflectiveCallable.run(ReflectiveCallable.java:12)
	at org.junit.runners.model.FrameworkMethod.invokeExplosively(FrameworkMethod.java:44)
	at org.junit.internal.runners.statements.InvokeMethod.evaluate(InvokeMethod.java:17)
	at org.junit.runners.ParentRunner.runLeaf(ParentRunner.java:271)
	at org.junit.runners.BlockJUnit4ClassRunner.runChild(BlockJUnit4ClassRunner.java:70)
	at org.junit.runners.BlockJUnit4ClassRunner.runChild(BlockJUnit4ClassRunner.java:50)
	at org.junit.runners.ParentRunner$3.run(ParentRunner.java:238)
	at org.junit.runners.ParentRunner$1.schedule(ParentRunner.java:63)
	at org.junit.runners.ParentRunner.runChildren(ParentRunner.java:236)
	at org.junit.runners.ParentRunner.access$000(ParentRunner.java:53)
	at org.junit.runners.ParentRunner$2.evaluate(ParentRunner.java:229)
	at org.junit.internal.runners.statements.RunBefores.evaluate(RunBefores.java:26)
	at org.junit.internal.runners.statements.RunAfters.evaluate(RunAfters.java:27)
	at org.junit.runners.ParentRunner.run(ParentRunner.java:309)
	at org.apache.maven.surefire.junit4.JUnit4Provider.execute(JUnit4Provider.java:365)
	at org.apache.maven.surefire.junit4.JUnit4Provider.executeWithRerun(JUnit4Provider.java:273)
	at org.apache.maven.surefire.junit4.JUnit4Provider.executeTestSet(JUnit4Provider.java:238)
	at org.apache.maven.surefire.junit4.JUnit4Provider.invoke(JUnit4Provider.java:159)
	at org.apache.maven.surefire.booter.ForkedBooter.invokeProviderInSameClassLoader(ForkedBooter.java:384)
	at org.apache.maven.surefire.booter.ForkedBooter.runSuitesInProcess(ForkedBooter.java:345)
	at org.apache.maven.surefire.booter.ForkedBooter.execute(ForkedBooter.java:126)
	at org.apache.maven.surefire.booter.ForkedBooter.main(ForkedBooter.java:418)

[[1;31mERROR[m] testSerialSubmit(org.apache.hadoop.mapred.gridmix.TestSleepJob)  Time elapsed: 9.068 s  <<< FAILURE!
java.lang.AssertionError: Client exited with nonzero status expected:<0> but was:<2>
	at org.junit.Assert.fail(Assert.java:88)
	at org.junit.Assert.failNotEquals(Assert.java:743)
	at org.junit.Assert.assertEquals(Assert.java:118)
	at org.junit.Assert.assertEquals(Assert.java:555)
	at org.apache.hadoop.mapred.gridmix.CommonJobTest.doSubmission(CommonJobTest.java:375)
	at org.apache.hadoop.mapred.gridmix.TestSleepJob.testSerialSubmit(TestSleepJob.java:99)
	at sun.reflect.NativeMethodAccessorImpl.invoke0(Native Method)
	at sun.reflect.NativeMethodAccessorImpl.invoke(NativeMethodAccessorImpl.java:62)
	at sun.reflect.DelegatingMethodAccessorImpl.invoke(DelegatingMethodAccessorImpl.java:43)
	at java.lang.reflect.Method.invoke(Method.java:498)
	at org.junit.runners.model.FrameworkMethod$1.runReflectiveCall(FrameworkMethod.java:47)
	at org.junit.internal.runners.model.ReflectiveCallable.run(ReflectiveCallable.java:12)
	at org.junit.runners.model.FrameworkMethod.invokeExplosively(FrameworkMethod.java:44)
	at org.junit.internal.runners.statements.InvokeMethod.evaluate(InvokeMethod.java:17)
	at org.junit.runners.ParentRunner.runLeaf(ParentRunner.java:271)
	at org.junit.runners.BlockJUnit4ClassRunner.runChild(BlockJUnit4ClassRunner.java:70)
	at org.junit.runners.BlockJUnit4ClassRunner.runChild(BlockJUnit4ClassRunner.java:50)
	at org.junit.runners.ParentRunner$3.run(ParentRunner.java:238)
	at org.junit.runners.ParentRunner$1.schedule(ParentRunner.java:63)
	at org.junit.runners.ParentRunner.runChildren(ParentRunner.java:236)
	at org.junit.runners.ParentRunner.access$000(ParentRunner.java:53)
	at org.junit.runners.ParentRunner$2.evaluate(ParentRunner.java:229)
	at org.junit.internal.runners.statements.RunBefores.evaluate(RunBefores.java:26)
	at org.junit.internal.runners.statements.RunAfters.evaluate(RunAfters.java:27)
	at org.junit.runners.ParentRunner.run(ParentRunner.java:309)
	at org.apache.maven.surefire.junit4.JUnit4Provider.execute(JUnit4Provider.java:365)
	at org.apache.maven.surefire.junit4.JUnit4Provider.executeWithRerun(JUnit4Provider.java:273)
	at org.apache.maven.surefire.junit4.JUnit4Provider.executeTestSet(JUnit4Provider.java:238)
	at org.apache.maven.surefire.junit4.JUnit4Provider.invoke(JUnit4Provider.java:159)
	at org.apache.maven.surefire.booter.ForkedBooter.invokeProviderInSameClassLoader(ForkedBooter.java:384)
	at org.apache.maven.surefire.booter.ForkedBooter.runSuitesInProcess(ForkedBooter.java:345)
	at org.apache.maven.surefire.booter.ForkedBooter.execute(ForkedBooter.java:126)
	at org.apache.maven.surefire.booter.ForkedBooter.main(ForkedBooter.java:418)

[[1;31mERROR[m] testStressSubmit(org.apache.hadoop.mapred.gridmix.TestSleepJob)  Time elapsed: 9.044 s  <<< FAILURE!
java.lang.AssertionError: Client exited with nonzero status expected:<0> but was:<2>
	at org.junit.Assert.fail(Assert.java:88)
	at org.junit.Assert.failNotEquals(Assert.java:743)
	at org.junit.Assert.assertEquals(Assert.java:118)
	at org.junit.Assert.assertEquals(Assert.java:555)
	at org.apache.hadoop.mapred.gridmix.CommonJobTest.doSubmission(CommonJobTest.java:375)
	at org.apache.hadoop.mapred.gridmix.TestSleepJob.testStressSubmit(TestSleepJob.java:115)
	at sun.reflect.NativeMethodAccessorImpl.invoke0(Native Method)
	at sun.reflect.NativeMethodAccessorImpl.invoke(NativeMethodAccessorImpl.java:62)
	at sun.reflect.DelegatingMethodAccessorImpl.invoke(DelegatingMethodAccessorImpl.java:43)
	at java.lang.reflect.Method.invoke(Method.java:498)
	at org.junit.runners.model.FrameworkMethod$1.runReflectiveCall(FrameworkMethod.java:47)
	at org.junit.internal.runners.model.ReflectiveCallable.run(ReflectiveCallable.java:12)
	at org.junit.runners.model.FrameworkMethod.invokeExplosively(FrameworkMethod.java:44)
	at org.junit.internal.runners.statements.InvokeMethod.evaluate(InvokeMethod.java:17)
	at org.junit.runners.ParentRunner.runLeaf(ParentRunner.java:271)
	at org.junit.runners.BlockJUnit4ClassRunner.runChild(BlockJUnit4ClassRunner.java:70)
	at org.junit.runners.BlockJUnit4ClassRunner.runChild(BlockJUnit4ClassRunner.java:50)
	at org.junit.runners.ParentRunner$3.run(ParentRunner.java:238)
	at org.junit.runners.ParentRunner$1.schedule(ParentRunner.java:63)
	at org.junit.runners.ParentRunner.runChildren(ParentRunner.java:236)
	at org.junit.runners.ParentRunner.access$000(ParentRunner.java:53)
	at org.junit.runners.ParentRunner$2.evaluate(ParentRunner.java:229)
	at org.junit.internal.runners.statements.RunBefores.evaluate(RunBefores.java:26)
	at org.junit.internal.runners.statements.RunAfters.evaluate(RunAfters.java:27)
	at org.junit.runners.ParentRunner.run(ParentRunner.java:309)
	at org.apache.maven.surefire.junit4.JUnit4Provider.execute(JUnit4Provider.java:365)
	at org.apache.maven.surefire.junit4.JUnit4Provider.executeWithRerun(JUnit4Provider.java:273)
	at org.apache.maven.surefire.junit4.JUnit4Provider.executeTestSet(JUnit4Provider.java:238)
	at org.apache.maven.surefire.junit4.JUnit4Provider.invoke(JUnit4Provider.java:159)
	at org.apache.maven.surefire.booter.ForkedBooter.invokeProviderInSameClassLoader(ForkedBooter.java:384)
	at org.apache.maven.surefire.booter.ForkedBooter.runSuitesInProcess(ForkedBooter.java:345)
	at org.apache.maven.surefire.booter.ForkedBooter.execute(ForkedBooter.java:126)
	at org.apache.maven.surefire.booter.ForkedBooter.main(ForkedBooter.java:418)

[[1;34mINFO[m] Running org.apache.hadoop.mapred.gridmix.[1mTestFileQueue[m
[[1;34mINFO[m] [1;32mTests run: [0;1;32m3[m, Failures: 0, Errors: 0, Skipped: 0, Time elapsed: 0.619 s - in org.apache.hadoop.mapred.gridmix.[1mTestFileQueue[m
[[1;34mINFO[m] Running org.apache.hadoop.mapred.gridmix.[1mTestRandomAlgorithm[m
[[1;34mINFO[m] [1;32mTests run: [0;1;32m2[m, Failures: 0, Errors: 0, Skipped: 0, Time elapsed: 0.124 s - in org.apache.hadoop.mapred.gridmix.[1mTestRandomAlgorithm[m
[[1;34mINFO[m] Running org.apache.hadoop.mapred.gridmix.[1mTestLoadJob[m
[[1;31mERROR[m] [1;31mTests [0;1mrun: [0;1m2[m, [1;31mFailures: [0;1;31m2[m, Errors: 0, Skipped: 0, Time elapsed: 58.627 s[1;31m <<< FAILURE![m - in org.apache.hadoop.mapred.gridmix.[1mTestLoadJob[m
[[1;31mERROR[m] testReplaySubmit(org.apache.hadoop.mapred.gridmix.TestLoadJob)  Time elapsed: 9.288 s  <<< FAILURE!
java.lang.AssertionError: Client exited with nonzero status expected:<0> but was:<2>
	at org.junit.Assert.fail(Assert.java:88)
	at org.junit.Assert.failNotEquals(Assert.java:743)
	at org.junit.Assert.assertEquals(Assert.java:118)
	at org.junit.Assert.assertEquals(Assert.java:555)
	at org.apache.hadoop.mapred.gridmix.CommonJobTest.doSubmission(CommonJobTest.java:375)
	at org.apache.hadoop.mapred.gridmix.TestLoadJob.testReplaySubmit(TestLoadJob.java:76)
	at sun.reflect.NativeMethodAccessorImpl.invoke0(Native Method)
	at sun.reflect.NativeMethodAccessorImpl.invoke(NativeMethodAccessorImpl.java:62)
	at sun.reflect.DelegatingMethodAccessorImpl.invoke(DelegatingMethodAccessorImpl.java:43)
	at java.lang.reflect.Method.invoke(Method.java:498)
	at org.junit.runners.model.FrameworkMethod$1.runReflectiveCall(FrameworkMethod.java:47)
	at org.junit.internal.runners.model.ReflectiveCallable.run(ReflectiveCallable.java:12)
	at org.junit.runners.model.FrameworkMethod.invokeExplosively(FrameworkMethod.java:44)
	at org.junit.internal.runners.statements.InvokeMethod.evaluate(InvokeMethod.java:17)
	at org.junit.internal.runners.statements.FailOnTimeout$StatementThread.run(FailOnTimeout.java:74)

[[1;31mERROR[m] testSerialSubmit(org.apache.hadoop.mapred.gridmix.TestLoadJob)  Time elapsed: 6.06 s  <<< FAILURE!
java.lang.AssertionError: Client exited with nonzero status expected:<0> but was:<2>
	at org.junit.Assert.fail(Assert.java:88)
	at org.junit.Assert.failNotEquals(Assert.java:743)
	at org.junit.Assert.assertEquals(Assert.java:118)
	at org.junit.Assert.assertEquals(Assert.java:555)
	at org.apache.hadoop.mapred.gridmix.CommonJobTest.doSubmission(CommonJobTest.java:375)
	at org.apache.hadoop.mapred.gridmix.TestLoadJob.testSerialSubmit(TestLoadJob.java:64)
	at sun.reflect.NativeMethodAccessorImpl.invoke0(Native Method)
	at sun.reflect.NativeMethodAccessorImpl.invoke(NativeMethodAccessorImpl.java:62)
	at sun.reflect.DelegatingMethodAccessorImpl.invoke(DelegatingMethodAccessorImpl.java:43)
	at java.lang.reflect.Method.invoke(Method.java:498)
	at org.junit.runners.model.FrameworkMethod$1.runReflectiveCall(FrameworkMethod.java:47)
	at org.junit.internal.runners.model.ReflectiveCallable.run(ReflectiveCallable.java:12)
	at org.junit.runners.model.FrameworkMethod.invokeExplosively(FrameworkMethod.java:44)
	at org.junit.internal.runners.statements.InvokeMethod.evaluate(InvokeMethod.java:17)
	at org.junit.internal.runners.statements.FailOnTimeout$StatementThread.run(FailOnTimeout.java:74)

[[1;34mINFO[m] Running org.apache.hadoop.mapred.gridmix.[1mTestRecordFactory[m
[[1;34mINFO[m] [1;32mTests run: [0;1;32m3[m, Failures: 0, Errors: 0, Skipped: 0, Time elapsed: 0.369 s - in org.apache.hadoop.mapred.gridmix.[1mTestRecordFactory[m
[[1;34mINFO[m] Running org.apache.hadoop.mapred.gridmix.[1mTestUserResolve[m
[[1;34mINFO[m] [1;32mTests run: [0;1;32m2[m, Failures: 0, Errors: 0, Skipped: 0, Time elapsed: 0.548 s - in org.apache.hadoop.mapred.gridmix.[1mTestUserResolve[m
[[1;34mINFO[m] Running org.apache.hadoop.mapred.gridmix.[1mTestPseudoLocalFs[m
[[1;34mINFO[m] [1;32mTests run: [0;1;32m2[m, Failures: 0, Errors: 0, Skipped: 0, Time elapsed: 0.504 s - in org.apache.hadoop.mapred.gridmix.[1mTestPseudoLocalFs[m
[[1;34mINFO[m] Running org.apache.hadoop.mapred.gridmix.[1mTestGridmixRecord[m
[[1;34mINFO[m] [1;32mTests run: [0;1;32m3[m, Failures: 0, Errors: 0, Skipped: 0, Time elapsed: 0.244 s - in org.apache.hadoop.mapred.gridmix.[1mTestGridmixRecord[m
[[1;34mINFO[m] Running org.apache.hadoop.mapred.gridmix.[1mTestGridmixSummary[m
[[1;34mINFO[m] [1;32mTests run: [0;1;32m3[m, Failures: 0, Errors: 0, Skipped: 0, Time elapsed: 1.981 s - in org.apache.hadoop.mapred.gridmix.[1mTestGridmixSummary[m
[[1;34mINFO[m] Running org.apache.hadoop.mapred.gridmix.[1mTestFilePool[m
[[1;34mINFO[m] [1;32mTests run: [0;1;32m3[m, Failures: 0, Errors: 0, Skipped: 0, Time elapsed: 0.711 s - in org.apache.hadoop.mapred.gridmix.[1mTestFilePool[m
[[1;34mINFO[m] Running org.apache.hadoop.mapred.gridmix.[1mTestGridmixMemoryEmulation[m
[[1;34mINFO[m] [1;32mTests run: [0;1;32m4[m, Failures: 0, Errors: 0, Skipped: 0, Time elapsed: 1.068 s - in org.apache.hadoop.mapred.gridmix.[1mTestGridmixMemoryEmulation[m
[[1;34mINFO[m] Running org.apache.hadoop.mapred.gridmix.[1mTestHighRamJob[m
[[1;34mINFO[m] [1;32mTests run: [0;1;32m1[m, Failures: 0, Errors: 0, Skipped: 0, Time elapsed: 0.555 s - in org.apache.hadoop.mapred.gridmix.[1mTestHighRamJob[m
[[1;34mINFO[m] Running org.apache.hadoop.mapred.gridmix.[1mTestRandomTextDataGenerator[m
[[1;34mINFO[m] [1;32mTests run: [0;1;32m3[m, Failures: 0, Errors: 0, Skipped: 0, Time elapsed: 0.106 s - in org.apache.hadoop.mapred.gridmix.[1mTestRandomTextDataGenerator[m
[[1;34mINFO[m] Running org.apache.hadoop.mapred.gridmix.[1mTestDistCacheEmulation[m
[[1;31mERROR[m] [1;31mTests [0;1mrun: [0;1m4[m, [1;31mFailures: [0;1;31m1[m, Errors: 0, Skipped: 0, Time elapsed: 50.556 s[1;31m <<< FAILURE![m - in org.apache.hadoop.mapred.gridmix.[1mTestDistCacheEmulation[m
[[1;31mERROR[m] testGenerateDistCacheData(org.apache.hadoop.mapred.gridmix.TestDistCacheEmulation)  Time elapsed: 6.526 s  <<< FAILURE!
java.lang.AssertionError: GenerateDistCacheData job failed.
	at org.junit.Assert.fail(Assert.java:88)
	at org.junit.Assert.assertTrue(Assert.java:41)
	at org.apache.hadoop.mapred.gridmix.TestDistCacheEmulation.testGenerateDistCacheData(TestDistCacheEmulation.java:258)
	at sun.reflect.NativeMethodAccessorImpl.invoke0(Native Method)
	at sun.reflect.NativeMethodAccessorImpl.invoke(NativeMethodAccessorImpl.java:62)
	at sun.reflect.DelegatingMethodAccessorImpl.invoke(DelegatingMethodAccessorImpl.java:43)
	at java.lang.reflect.Method.invoke(Method.java:498)
	at org.junit.runners.model.FrameworkMethod$1.runReflectiveCall(FrameworkMethod.java:47)
	at org.junit.internal.runners.model.ReflectiveCallable.run(ReflectiveCallable.java:12)
	at org.junit.runners.model.FrameworkMethod.invokeExplosively(FrameworkMethod.java:44)
	at org.junit.internal.runners.statements.InvokeMethod.evaluate(InvokeMethod.java:17)
	at org.junit.internal.runners.statements.FailOnTimeout$StatementThread.run(FailOnTimeout.java:74)

[[1;34mINFO[m] Running org.apache.hadoop.mapred.gridmix.[1mTestResourceUsageEmulators[m
[[1;34mINFO[m] [1;32mTests run: [0;1;32m4[m, Failures: 0, Errors: 0, Skipped: 0, Time elapsed: 25.049 s - in org.apache.hadoop.mapred.gridmix.[1mTestResourceUsageEmulators[m
[[1;34mINFO[m] Running org.apache.hadoop.mapred.gridmix.[1mTestGridMixClasses[m
[[1;34mINFO[m] [1;32mTests run: [0;1;32m12[m, Failures: 0, Errors: 0, Skipped: 0, Time elapsed: 8.18 s - in org.apache.hadoop.mapred.gridmix.[1mTestGridMixClasses[m
[[1;34mINFO[m] Running org.apache.hadoop.mapred.gridmix.[1mTestGridmixSubmission[m
[[1;31mERROR[m] [1;31mTests [0;1mrun: [0;1m4[m, [1;31mFailures: [0;1;31m2[m, Errors: 0, Skipped: 0, Time elapsed: 61.713 s[1;31m <<< FAILURE![m - in org.apache.hadoop.mapred.gridmix.[1mTestGridmixSubmission[m
[[1;31mERROR[m] testReplaySubmit(org.apache.hadoop.mapred.gridmix.TestGridmixSubmission)  Time elapsed: 9.268 s  <<< FAILURE!
java.lang.AssertionError: Client exited with nonzero status expected:<0> but was:<2>
	at org.junit.Assert.fail(Assert.java:88)
	at org.junit.Assert.failNotEquals(Assert.java:743)
	at org.junit.Assert.assertEquals(Assert.java:118)
	at org.junit.Assert.assertEquals(Assert.java:555)
	at org.apache.hadoop.mapred.gridmix.CommonJobTest.doSubmission(CommonJobTest.java:375)
	at org.apache.hadoop.mapred.gridmix.TestGridmixSubmission.testReplaySubmit(TestGridmixSubmission.java:160)
	at sun.reflect.NativeMethodAccessorImpl.invoke0(Native Method)
	at sun.reflect.NativeMethodAccessorImpl.invoke(NativeMethodAccessorImpl.java:62)
	at sun.reflect.DelegatingMethodAccessorImpl.invoke(DelegatingMethodAccessorImpl.java:43)
	at java.lang.reflect.Method.invoke(Method.java:498)
	at org.junit.runners.model.FrameworkMethod$1.runReflectiveCall(FrameworkMethod.java:47)
	at org.junit.internal.runners.model.ReflectiveCallable.run(ReflectiveCallable.java:12)
	at org.junit.runners.model.FrameworkMethod.invokeExplosively(FrameworkMethod.java:44)
	at org.junit.internal.runners.statements.InvokeMethod.evaluate(InvokeMethod.java:17)
	at org.junit.internal.runners.statements.FailOnTimeout$StatementThread.run(FailOnTimeout.java:74)

[[1;31mERROR[m] testStressSubmit(org.apache.hadoop.mapred.gridmix.TestGridmixSubmission)  Time elapsed: 9.066 s  <<< FAILURE!
java.lang.AssertionError: Client exited with nonzero status expected:<0> but was:<2>
	at org.junit.Assert.fail(Assert.java:88)
	at org.junit.Assert.failNotEquals(Assert.java:743)
	at org.junit.Assert.assertEquals(Assert.java:118)
	at org.junit.Assert.assertEquals(Assert.java:555)
	at org.apache.hadoop.mapred.gridmix.CommonJobTest.doSubmission(CommonJobTest.java:375)
	at org.apache.hadoop.mapred.gridmix.TestGridmixSubmission.testStressSubmit(TestGridmixSubmission.java:169)
	at sun.reflect.NativeMethodAccessorImpl.invoke0(Native Method)
	at sun.reflect.NativeMethodAccessorImpl.invoke(NativeMethodAccessorImpl.java:62)
	at sun.reflect.DelegatingMethodAccessorImpl.invoke(DelegatingMethodAccessorImpl.java:43)
	at java.lang.reflect.Method.invoke(Method.java:498)
	at org.junit.runners.model.FrameworkMethod$1.runReflectiveCall(FrameworkMethod.java:47)
	at org.junit.internal.runners.model.ReflectiveCallable.run(ReflectiveCallable.java:12)
	at org.junit.runners.model.FrameworkMethod.invokeExplosively(FrameworkMethod.java:44)
	at org.junit.internal.runners.statements.InvokeMethod.evaluate(InvokeMethod.java:17)
	at org.junit.internal.runners.statements.FailOnTimeout$StatementThread.run(FailOnTimeout.java:74)

[[1;34mINFO[m] 
[[1;34mINFO[m] Results:
[[1;34mINFO[m] 
[[1;31mERROR[m] [1;31mFailures: [m
[[1;31mERROR[m] [1;31m  TestDistCacheEmulation.testGenerateDistCacheData:258 GenerateDistCacheData job failed.[m
[[1;31mERROR[m] [1;31m  TestGridmixSubmission.testReplaySubmit:160->CommonJobTest.doSubmission:375 Client exited with nonzero status expected:<0> but was:<2>[m
[[1;31mERROR[m] [1;31m  TestGridmixSubmission.testStressSubmit:169->CommonJobTest.doSubmission:375 Client exited with nonzero status expected:<0> but was:<2>[m
[[1;31mERROR[m] [1;31m  TestLoadJob.testReplaySubmit:76->CommonJobTest.doSubmission:375 Client exited with nonzero status expected:<0> but was:<2>[m
[[1;31mERROR[m] [1;31m  TestLoadJob.testSerialSubmit:64->CommonJobTest.doSubmission:375 Client exited with nonzero status expected:<0> but was:<2>[m
[[1;31mERROR[m] [1;31m  TestSleepJob.testReplaySubmit:107->CommonJobTest.doSubmission:375 Client exited with nonzero status expected:<0> but was:<2>[m
[[1;31mERROR[m] [1;31m  TestSleepJob.testSerialSubmit:99->CommonJobTest.doSubmission:375 Client exited with nonzero status expected:<0> but was:<2>[m
[[1;31mERROR[m] [1;31m  TestSleepJob.testStressSubmit:115->CommonJobTest.doSubmission:375 Client exited with nonzero status expected:<0> but was:<2>[m
[[1;34mINFO[m] 
[[1;31mERROR[m] [1;31mTests run: 72, Failures: 8, Errors: 0, Skipped: 0[m
[[1;34mINFO[m] 
[[1;34mINFO[m] [1m------------------------------------------------------------------------[m
[[1;34mINFO[m] [1;31mBUILD FAILURE[m
[[1;34mINFO[m] [1m------------------------------------------------------------------------[m
[[1;34mINFO[m] Total time:  05:16 min
[[1;34mINFO[m] Finished at: 2020-04-12T05:35:26Z
[[1;34mINFO[m] [1m------------------------------------------------------------------------[m
[[1;31mERROR[m] Failed to execute goal [32morg.apache.maven.plugins:maven-surefire-plugin:3.0.0-M1:test[m [1m(default-test)[m on project [36mhadoop-gridmix[m: [1;31mThere are test failures.[m
[[1;31mERROR[m] [1;31m[m
[[1;31mERROR[m] [1;31mPlease refer to /root/hadoop-3.2.1-src/hadoop-tools/hadoop-gridmix/target/surefire-reports for the individual test results.[m
[[1;31mERROR[m] [1;31mPlease refer to dump files (if any exist) [date].dump, [date]-jvmRun[N].dump and [date].dumpstream.[m
[[1;31mERROR[m] -> [1m[Help 1][m
[[1;31mERROR[m] 
[[1;31mERROR[m] To see the full stack trace of the errors, re-run Maven with the [1m-e[m switch.
[[1;31mERROR[m] Re-run Maven using the [1m-X[m switch to enable full debug logging.
[[1;31mERROR[m] 
[[1;31mERROR[m] For more information about the errors and possible solutions, please read the following articles:
[[1;31mERROR[m] [1m[Help 1][m http://cwiki.apache.org/confluence/display/MAVEN/MojoFailureException
