[[1;34mINFO[m] Scanning for projects...
[[1;34mINFO[m] 
[[1;34mINFO[m] [1m--------< [0;36morg.apache.hadoop:hadoop-mapreduce-client-jobclient[0;1m >---------[m
[[1;34mINFO[m] [1mBuilding Apache Hadoop MapReduce JobClient 3.2.1[m
[[1;34mINFO[m] [1m--------------------------------[ jar ]---------------------------------[m
Downloading from apache.snapshots.https: https://repository.apache.org/content/repositories/snapshots/org/apache/hadoop/hadoop-mapreduce-client-hs/3.2.1/hadoop-mapreduce-client-hs-3.2.1.pom
Downloading from repository.jboss.org: https://repository.jboss.org/nexus/content/groups/public/org/apache/hadoop/hadoop-mapreduce-client-hs/3.2.1/hadoop-mapreduce-client-hs-3.2.1.pom
Downloading from central: https://repo.maven.apache.org/maven2/org/apache/hadoop/hadoop-mapreduce-client-hs/3.2.1/hadoop-mapreduce-client-hs-3.2.1.pom
Progress (1): 2.2/3.0 kBProgress (1): 3.0 kB                        Downloaded from central: https://repo.maven.apache.org/maven2/org/apache/hadoop/hadoop-mapreduce-client-hs/3.2.1/hadoop-mapreduce-client-hs-3.2.1.pom (3.0 kB at 17 kB/s)
Downloading from apache.snapshots.https: https://repository.apache.org/content/repositories/snapshots/org/apache/hadoop/hadoop-mapreduce-client-hs/3.2.1/hadoop-mapreduce-client-hs-3.2.1.jar
Downloading from apache.snapshots.https: https://repository.apache.org/content/repositories/snapshots/org/apache/hadoop/hadoop-yarn-server-timelineservice/3.2.1/hadoop-yarn-server-timelineservice-3.2.1-tests.jar
Downloading from repository.jboss.org: https://repository.jboss.org/nexus/content/groups/public/org/apache/hadoop/hadoop-mapreduce-client-hs/3.2.1/hadoop-mapreduce-client-hs-3.2.1.jar
Downloading from repository.jboss.org: https://repository.jboss.org/nexus/content/groups/public/org/apache/hadoop/hadoop-yarn-server-timelineservice/3.2.1/hadoop-yarn-server-timelineservice-3.2.1-tests.jar
Downloading from central: https://repo.maven.apache.org/maven2/org/apache/hadoop/hadoop-mapreduce-client-hs/3.2.1/hadoop-mapreduce-client-hs-3.2.1.jar
Downloading from central: https://repo.maven.apache.org/maven2/org/apache/hadoop/hadoop-yarn-server-timelineservice/3.2.1/hadoop-yarn-server-timelineservice-3.2.1-tests.jar
Progress (1): 2.2/216 kBProgress (1): 5.0/216 kBProgress (1): 7.7/216 kBProgress (1): 10/216 kB Progress (1): 13/216 kBProgress (1): 16/216 kBProgress (1): 19/216 kBProgress (1): 21/216 kBProgress (1): 24/216 kBProgress (1): 27/216 kBProgress (1): 30/216 kBProgress (1): 32/216 kBProgress (1): 36/216 kBProgress (1): 40/216 kBProgress (1): 45/216 kBProgress (1): 49/216 kBProgress (1): 53/216 kBProgress (1): 57/216 kBProgress (1): 61/216 kBProgress (1): 65/216 kBProgress (1): 69/216 kBProgress (1): 73/216 kBProgress (1): 77/216 kBProgress (1): 81/216 kBProgress (2): 81/216 kB | 2.8/146 kBProgress (2): 81/216 kB | 5.5/146 kBProgress (2): 81/216 kB | 8.3/146 kBProgress (2): 85/216 kB | 8.3/146 kBProgress (2): 90/216 kB | 8.3/146 kBProgress (2): 94/216 kB | 8.3/146 kBProgress (2): 98/216 kB | 8.3/146 kBProgress (2): 102/216 kB | 8.3/146 kBProgress (2): 106/216 kB | 8.3/146 kBProgress (2): 110/216 kB | 8.3/146 kBProgress (2): 110/216 kB | 11/146 kB Progress (2): 114/216 kB | 11/146 kBProgress (2): 114/216 kB | 14/146 kBProgress (2): 114/216 kB | 16/146 kBProgress (2): 118/216 kB | 16/146 kBProgress (2): 118/216 kB | 19/146 kBProgress (2): 122/216 kB | 19/146 kBProgress (2): 126/216 kB | 19/146 kBProgress (2): 126/216 kB | 22/146 kBProgress (2): 131/216 kB | 22/146 kBProgress (2): 131/216 kB | 25/146 kBProgress (2): 131/216 kB | 27/146 kBProgress (2): 135/216 kB | 27/146 kBProgress (2): 135/216 kB | 30/146 kBProgress (2): 139/216 kB | 30/146 kBProgress (2): 143/216 kB | 30/146 kBProgress (2): 143/216 kB | 33/146 kBProgress (2): 147/216 kB | 33/146 kBProgress (2): 151/216 kB | 33/146 kBProgress (2): 155/216 kB | 33/146 kBProgress (2): 159/216 kB | 33/146 kBProgress (2): 163/216 kB | 33/146 kBProgress (2): 167/216 kB | 33/146 kBProgress (2): 171/216 kB | 33/146 kBProgress (2): 176/216 kB | 33/146 kBProgress (2): 180/216 kB | 33/146 kBProgress (2): 184/216 kB | 33/146 kBProgress (2): 188/216 kB | 33/146 kBProgress (2): 192/216 kB | 33/146 kBProgress (2): 196/216 kB | 33/146 kBProgress (2): 200/216 kB | 33/146 kBProgress (2): 204/216 kB | 33/146 kBProgress (2): 208/216 kB | 33/146 kBProgress (2): 208/216 kB | 37/146 kBProgress (2): 212/216 kB | 37/146 kBProgress (2): 212/216 kB | 41/146 kBProgress (2): 216 kB | 41/146 kB    Progress (2): 216 kB | 45/146 kBProgress (2): 216 kB | 49/146 kBProgress (2): 216 kB | 53/146 kBProgress (2): 216 kB | 57/146 kBProgress (2): 216 kB | 61/146 kBProgress (2): 216 kB | 66/146 kBProgress (2): 216 kB | 70/146 kBProgress (2): 216 kB | 74/146 kBProgress (2): 216 kB | 78/146 kBProgress (2): 216 kB | 82/146 kBProgress (2): 216 kB | 86/146 kBProgress (2): 216 kB | 90/146 kBProgress (2): 216 kB | 94/146 kBProgress (2): 216 kB | 98/146 kBProgress (2): 216 kB | 102/146 kBProgress (2): 216 kB | 106/146 kBProgress (2): 216 kB | 111/146 kBProgress (2): 216 kB | 115/146 kBProgress (2): 216 kB | 119/146 kBProgress (2): 216 kB | 123/146 kBProgress (2): 216 kB | 127/146 kBProgress (2): 216 kB | 131/146 kBProgress (2): 216 kB | 135/146 kBProgress (2): 216 kB | 139/146 kBProgress (2): 216 kB | 143/146 kBProgress (2): 216 kB | 146 kB                                 Downloaded from central: https://repo.maven.apache.org/maven2/org/apache/hadoop/hadoop-mapreduce-client-hs/3.2.1/hadoop-mapreduce-client-hs-3.2.1.jar (216 kB at 1.6 MB/s)
Downloaded from central: https://repo.maven.apache.org/maven2/org/apache/hadoop/hadoop-yarn-server-timelineservice/3.2.1/hadoop-yarn-server-timelineservice-3.2.1-tests.jar (146 kB at 940 kB/s)
[[1;34mINFO[m] 
[[1;34mINFO[m] [1m--- [0;32mmaven-antrun-plugin:1.7:run[m [1m(create-testdirs)[m @ [36mhadoop-mapreduce-client-jobclient[0;1m ---[m
[[1;34mINFO[m] Executing tasks

main:
[[1;34mINFO[m] Executed tasks
[[1;34mINFO[m] 
[[1;34mINFO[m] [1m--- [0;32mmaven-resources-plugin:2.6:resources[m [1m(default-resources)[m @ [36mhadoop-mapreduce-client-jobclient[0;1m ---[m
[[1;34mINFO[m] Using 'UTF-8' encoding to copy filtered resources.
[[1;34mINFO[m] Copying 2 resources
[[1;34mINFO[m] 
[[1;34mINFO[m] [1m--- [0;32mmaven-compiler-plugin:3.1:compile[m [1m(default-compile)[m @ [36mhadoop-mapreduce-client-jobclient[0;1m ---[m
[[1;34mINFO[m] Nothing to compile - all classes are up to date
[[1;34mINFO[m] 
[[1;34mINFO[m] [1m--- [0;32mmaven-resources-plugin:2.6:testResources[m [1m(default-testResources)[m @ [36mhadoop-mapreduce-client-jobclient[0;1m ---[m
[[1;34mINFO[m] Using 'UTF-8' encoding to copy filtered resources.
[[1;34mINFO[m] Copying 9 resources
[[1;34mINFO[m] 
[[1;34mINFO[m] [1m--- [0;32mmaven-compiler-plugin:3.1:testCompile[m [1m(default-testCompile)[m @ [36mhadoop-mapreduce-client-jobclient[0;1m ---[m
[[1;34mINFO[m] Nothing to compile - all classes are up to date
[[1;34mINFO[m] 
[[1;34mINFO[m] [1m--- [0;32mmaven-jar-plugin:2.5:test-jar[m [1m(default)[m @ [36mhadoop-mapreduce-client-jobclient[0;1m ---[m
[[1;34mINFO[m] 
[[1;34mINFO[m] [1m--- [0;32mmaven-surefire-plugin:3.0.0-M1:test[m [1m(default-test)[m @ [36mhadoop-mapreduce-client-jobclient[0;1m ---[m
[[1;34mINFO[m] 
[[1;34mINFO[m] -------------------------------------------------------
[[1;34mINFO[m]  T E S T S
[[1;34mINFO[m] -------------------------------------------------------
[[1;34mINFO[m] Running org.apache.hadoop.ipc.[1mTestMRCJCSocketFactory[m
[[1;34mINFO[m] [1;32mTests run: [0;1;32m1[m, Failures: 0, Errors: 0, Skipped: 0, Time elapsed: 8.329 s - in org.apache.hadoop.ipc.[1mTestMRCJCSocketFactory[m
[[1;34mINFO[m] Running org.apache.hadoop.conf.[1mTestNoDefaultsJobConf[m
[[1;34mINFO[m] [1;32mTests run: [0;1;32m1[m, Failures: 0, Errors: 0, Skipped: 0, Time elapsed: 11.22 s - in org.apache.hadoop.conf.[1mTestNoDefaultsJobConf[m
[[1;34mINFO[m] Running org.apache.hadoop.mapreduce.[1mTestMRJobClient[m
[[1;34mINFO[m] [1;32mTests run: [0;1;32m3[m, Failures: 0, Errors: 0, Skipped: 0, Time elapsed: 157.461 s - in org.apache.hadoop.mapreduce.[1mTestMRJobClient[m
[[1;34mINFO[m] Running org.apache.hadoop.mapreduce.[1mTestMapperReducerCleanup[m
[[1;34mINFO[m] [1;32mTests run: [0;1;32m3[m, Failures: 0, Errors: 0, Skipped: 0, Time elapsed: 4.497 s - in org.apache.hadoop.mapreduce.[1mTestMapperReducerCleanup[m
[[1;34mINFO[m] Running org.apache.hadoop.mapreduce.filecache.[1mTestURIFragments[m
[[1;34mINFO[m] [1;32mTests run: [0;1;32m1[m, Failures: 0, Errors: 0, Skipped: 0, Time elapsed: 0.139 s - in org.apache.hadoop.mapreduce.filecache.[1mTestURIFragments[m
[[1;34mINFO[m] Running org.apache.hadoop.mapreduce.lib.output.[1mTestMRSequenceFileAsBinaryOutputFormat[m
[[1;34mINFO[m] [1;32mTests run: [0;1;32m3[m, Failures: 0, Errors: 0, Skipped: 0, Time elapsed: 0.92 s - in org.apache.hadoop.mapreduce.lib.output.[1mTestMRSequenceFileAsBinaryOutputFormat[m
[[1;34mINFO[m] Running org.apache.hadoop.mapreduce.lib.output.[1mTestJobOutputCommitter[m
[[1;34mINFO[m] [1;32mTests run: [0;1;32m3[m, Failures: 0, Errors: 0, Skipped: 0, Time elapsed: 195.32 s - in org.apache.hadoop.mapreduce.lib.output.[1mTestJobOutputCommitter[m
[[1;34mINFO[m] Running org.apache.hadoop.mapreduce.lib.output.[1mTestMRCJCFileOutputCommitter[m
[[1;34mINFO[m] [1;32mTests run: [0;1;32m4[m, Failures: 0, Errors: 0, Skipped: 0, Time elapsed: 0.794 s - in org.apache.hadoop.mapreduce.lib.output.[1mTestMRCJCFileOutputCommitter[m
[[1;34mINFO[m] Running org.apache.hadoop.mapreduce.lib.output.[1mTestMRMultipleOutputs[m
[[1;34mINFO[m] [1;32mTests run: [0;1;32m2[m, Failures: 0, Errors: 0, Skipped: 0, Time elapsed: 5.669 s - in org.apache.hadoop.mapreduce.lib.output.[1mTestMRMultipleOutputs[m
[[1;34mINFO[m] Running org.apache.hadoop.mapreduce.lib.db.[1mTestIntegerSplitter[m
[[1;34mINFO[m] [1;32mTests run: [0;1;32m5[m, Failures: 0, Errors: 0, Skipped: 0, Time elapsed: 0.054 s - in org.apache.hadoop.mapreduce.lib.db.[1mTestIntegerSplitter[m
[[1;34mINFO[m] Running org.apache.hadoop.mapreduce.lib.db.[1mTestTextSplitter[m
[[1;34mINFO[m] [1;32mTests run: [0;1;32m9[m, Failures: 0, Errors: 0, Skipped: 0, Time elapsed: 0.127 s - in org.apache.hadoop.mapreduce.lib.db.[1mTestTextSplitter[m
[[1;34mINFO[m] Running org.apache.hadoop.mapreduce.lib.db.[1mTestDBOutputFormat[m
[[1;34mINFO[m] [1;32mTests run: [0;1;32m4[m, Failures: 0, Errors: 0, Skipped: 0, Time elapsed: 0.422 s - in org.apache.hadoop.mapreduce.lib.db.[1mTestDBOutputFormat[m
[[1;34mINFO[m] Running org.apache.hadoop.mapreduce.lib.db.[1mTestDataDrivenDBInputFormat[m
[[1;34mINFO[m] [1;32mTests run: [0;1;32m1[m, Failures: 0, Errors: 0, Skipped: 0, Time elapsed: 3.047 s - in org.apache.hadoop.mapreduce.lib.db.[1mTestDataDrivenDBInputFormat[m
[[1;34mINFO[m] Running org.apache.hadoop.mapreduce.lib.chain.[1mTestChainErrors[m
[[1;34mINFO[m] [1;32mTests run: [0;1;32m5[m, Failures: 0, Errors: 0, Skipped: 0, Time elapsed: 6.445 s - in org.apache.hadoop.mapreduce.lib.chain.[1mTestChainErrors[m
[[1;34mINFO[m] Running org.apache.hadoop.mapreduce.lib.chain.[1mTestMapReduceChain[m
[[1;34mINFO[m] [1;32mTests run: [0;1;32m1[m, Failures: 0, Errors: 0, Skipped: 0, Time elapsed: 2.583 s - in org.apache.hadoop.mapreduce.lib.chain.[1mTestMapReduceChain[m
[[1;34mINFO[m] Running org.apache.hadoop.mapreduce.lib.chain.[1mTestSingleElementChain[m
[[1;34mINFO[m] [1;32mTests run: [0;1;32m1[m, Failures: 0, Errors: 0, Skipped: 0, Time elapsed: 2.261 s - in org.apache.hadoop.mapreduce.lib.chain.[1mTestSingleElementChain[m
[[1;34mINFO[m] Running org.apache.hadoop.mapreduce.lib.partition.[1mTestTotalOrderPartitioner[m
[[1;34mINFO[m] [1;32mTests run: [0;1;32m4[m, Failures: 0, Errors: 0, Skipped: 0, Time elapsed: 0.738 s - in org.apache.hadoop.mapreduce.lib.partition.[1mTestTotalOrderPartitioner[m
[[1;34mINFO[m] Running org.apache.hadoop.mapreduce.lib.partition.[1mTestInputSampler[m
[[1;34mINFO[m] [1;32mTests run: [0;1;32m4[m, Failures: 0, Errors: 0, Skipped: 0, Time elapsed: 0.491 s - in org.apache.hadoop.mapreduce.lib.partition.[1mTestInputSampler[m
[[1;34mINFO[m] Running org.apache.hadoop.mapreduce.lib.partition.[1mTestMRKeyFieldBasedPartitioner[m
[[1;34mINFO[m] [1;32mTests run: [0;1;32m1[m, Failures: 0, Errors: 0, Skipped: 0, Time elapsed: 0.263 s - in org.apache.hadoop.mapreduce.lib.partition.[1mTestMRKeyFieldBasedPartitioner[m
[[1;34mINFO[m] Running org.apache.hadoop.mapreduce.lib.partition.[1mTestMRKeyFieldBasedComparator[m
[[1;34mINFO[m] [1;32mTests run: [0;1;32m1[m, Failures: 0, Errors: 0, Skipped: 0, Time elapsed: 15.476 s - in org.apache.hadoop.mapreduce.lib.partition.[1mTestMRKeyFieldBasedComparator[m
[[1;34mINFO[m] Running org.apache.hadoop.mapreduce.lib.partition.[1mTestBinaryPartitioner[m
[[1;34mINFO[m] [1;32mTests run: [0;1;32m4[m, Failures: 0, Errors: 0, Skipped: 0, Time elapsed: 0.316 s - in org.apache.hadoop.mapreduce.lib.partition.[1mTestBinaryPartitioner[m
[[1;34mINFO[m] Running org.apache.hadoop.mapreduce.lib.partition.[1mTestKeyFieldHelper[m
[[1;34mINFO[m] [1;32mTests run: [0;1;32m3[m, Failures: 0, Errors: 0, Skipped: 0, Time elapsed: 0.135 s - in org.apache.hadoop.mapreduce.lib.partition.[1mTestKeyFieldHelper[m
[[1;34mINFO[m] Running org.apache.hadoop.mapreduce.lib.fieldsel.[1mTestMRFieldSelection[m
[[1;34mINFO[m] [1;32mTests run: [0;1;32m1[m, Failures: 0, Errors: 0, Skipped: 0, Time elapsed: 2.189 s - in org.apache.hadoop.mapreduce.lib.fieldsel.[1mTestMRFieldSelection[m
[[1;34mINFO[m] Running org.apache.hadoop.mapreduce.lib.input.[1mTestMultipleInputs[m
[[1;34mINFO[m] [1;32mTests run: [0;1;32m3[m, Failures: 0, Errors: 0, Skipped: 0, Time elapsed: 2.246 s - in org.apache.hadoop.mapreduce.lib.input.[1mTestMultipleInputs[m
[[1;34mINFO[m] Running org.apache.hadoop.mapreduce.lib.input.[1mTestMRSequenceFileAsBinaryInputFormat[m
[[1;34mINFO[m] [1;32mTests run: [0;1;32m1[m, Failures: 0, Errors: 0, Skipped: 0, Time elapsed: 0.828 s - in org.apache.hadoop.mapreduce.lib.input.[1mTestMRSequenceFileAsBinaryInputFormat[m
[[1;34mINFO[m] Running org.apache.hadoop.mapreduce.lib.input.[1mTestCombineFileInputFormat[m
[[1;34mINFO[m] [1;32mTests run: [0;1;32m10[m, Failures: 0, Errors: 0, Skipped: 0, Time elapsed: 12.997 s - in org.apache.hadoop.mapreduce.lib.input.[1mTestCombineFileInputFormat[m
[[1;34mINFO[m] Running org.apache.hadoop.mapreduce.lib.input.[1mTestCombineTextInputFormat[m
[[1;34mINFO[m] [1;32mTests run: [0;1;32m2[m, Failures: 0, Errors: 0, Skipped: 0, Time elapsed: 0.868 s - in org.apache.hadoop.mapreduce.lib.input.[1mTestCombineTextInputFormat[m
[[1;34mINFO[m] Running org.apache.hadoop.mapreduce.lib.input.[1mTestMRSequenceFileInputFilter[m
[[1;34mINFO[m] [1;32mTests run: [0;1;32m3[m, Failures: 0, Errors: 0, Skipped: 0, Time elapsed: 4.873 s - in org.apache.hadoop.mapreduce.lib.input.[1mTestMRSequenceFileInputFilter[m
[[1;34mINFO[m] Running org.apache.hadoop.mapreduce.lib.input.[1mTestMRSequenceFileAsTextInputFormat[m
[[1;34mINFO[m] [1;32mTests run: [0;1;32m1[m, Failures: 0, Errors: 0, Skipped: 0, Time elapsed: 2.368 s - in org.apache.hadoop.mapreduce.lib.input.[1mTestMRSequenceFileAsTextInputFormat[m
[[1;34mINFO[m] Running org.apache.hadoop.mapreduce.lib.input.[1mTestCombineSequenceFileInputFormat[m
[[1;34mINFO[m] [1;32mTests run: [0;1;32m1[m, Failures: 0, Errors: 0, Skipped: 0, Time elapsed: 1.075 s - in org.apache.hadoop.mapreduce.lib.input.[1mTestCombineSequenceFileInputFormat[m
[[1;34mINFO[m] Running org.apache.hadoop.mapreduce.lib.input.[1mTestLineRecordReaderJobs[m
[[1;34mINFO[m] [1;32mTests run: [0;1;32m2[m, Failures: 0, Errors: 0, Skipped: 0, Time elapsed: 3.361 s - in org.apache.hadoop.mapreduce.lib.input.[1mTestLineRecordReaderJobs[m
[[1;34mINFO[m] Running org.apache.hadoop.mapreduce.lib.input.[1mTestMRKeyValueTextInputFormat[m
[[1;34mINFO[m] [1;32mTests run: [0;1;32m5[m, Failures: 0, Errors: 0, Skipped: 0, Time elapsed: 56.157 s - in org.apache.hadoop.mapreduce.lib.input.[1mTestMRKeyValueTextInputFormat[m
[[1;34mINFO[m] Running org.apache.hadoop.mapreduce.lib.input.[1mTestDelegatingInputFormat[m
[[1;34mINFO[m] [1;32mTests run: [0;1;32m1[m, Failures: 0, Errors: 0, Skipped: 0, Time elapsed: 6.806 s - in org.apache.hadoop.mapreduce.lib.input.[1mTestDelegatingInputFormat[m
[[1;34mINFO[m] Running org.apache.hadoop.mapreduce.lib.input.[1mTestFixedLengthInputFormat[m
[[1;34mINFO[m] [1;32mTests run: [0;1;32m8[m, Failures: 0, Errors: 0, Skipped: 0, Time elapsed: 53.721 s - in org.apache.hadoop.mapreduce.lib.input.[1mTestFixedLengthInputFormat[m
[[1;34mINFO[m] Running org.apache.hadoop.mapreduce.lib.input.[1mTestNLineInputFormat[m
[[1;34mINFO[m] [1;32mTests run: [0;1;32m1[m, Failures: 0, Errors: 0, Skipped: 0, Time elapsed: 2.884 s - in org.apache.hadoop.mapreduce.lib.input.[1mTestNLineInputFormat[m
[[1;34mINFO[m] Running org.apache.hadoop.mapreduce.lib.input.[1mTestMRCJCFileInputFormat[m
[[1;34mINFO[m] [1;32mTests run: [0;1;32m6[m, Failures: 0, Errors: 0, Skipped: 0, Time elapsed: 1.032 s - in org.apache.hadoop.mapreduce.lib.input.[1mTestMRCJCFileInputFormat[m
[[1;34mINFO[m] Running org.apache.hadoop.mapreduce.lib.jobcontrol.[1mTestControlledJob[m
[[1;34mINFO[m] [1;32mTests run: [0;1;32m2[m, Failures: 0, Errors: 0, Skipped: 0, Time elapsed: 0.45 s - in org.apache.hadoop.mapreduce.lib.jobcontrol.[1mTestControlledJob[m
[[1;34mINFO[m] Running org.apache.hadoop.mapreduce.lib.jobcontrol.[1mTestMapReduceJobControl[m
[[1;34mINFO[m] [1;32mTests run: [0;1;32m4[m, Failures: 0, Errors: 0, Skipped: 0, Time elapsed: 43.286 s - in org.apache.hadoop.mapreduce.lib.jobcontrol.[1mTestMapReduceJobControl[m
[[1;34mINFO[m] Running org.apache.hadoop.mapreduce.lib.jobcontrol.[1mTestMapReduceJobControlWithMocks[m
[[1;34mINFO[m] [1;32mTests run: [0;1;32m4[m, Failures: 0, Errors: 0, Skipped: 0, Time elapsed: 10.8 s - in org.apache.hadoop.mapreduce.lib.jobcontrol.[1mTestMapReduceJobControlWithMocks[m
[[1;34mINFO[m] Running org.apache.hadoop.mapreduce.lib.map.[1mTestMultithreadedMapper[m
[[1;34mINFO[m] [1;32mTests run: [0;1;32m3[m, Failures: 0, Errors: 0, Skipped: 0, Time elapsed: 4.534 s - in org.apache.hadoop.mapreduce.lib.map.[1mTestMultithreadedMapper[m
[[1;34mINFO[m] Running org.apache.hadoop.mapreduce.lib.join.[1mTestJoinProperties[m
[[1;34mINFO[m] [1;32mTests run: [0;1;32m3[m, Failures: 0, Errors: 0, Skipped: 0, Time elapsed: 6.114 s - in org.apache.hadoop.mapreduce.lib.join.[1mTestJoinProperties[m
[[1;34mINFO[m] Running org.apache.hadoop.mapreduce.lib.join.[1mTestWrappedRRClassloader[m
[[1;34mINFO[m] [1;32mTests run: [0;1;32m1[m, Failures: 0, Errors: 0, Skipped: 0, Time elapsed: 0.594 s - in org.apache.hadoop.mapreduce.lib.join.[1mTestWrappedRRClassloader[m
[[1;34mINFO[m] Running org.apache.hadoop.mapreduce.lib.join.[1mTestJoinDatamerge[m
[[1;34mINFO[m] [1;32mTests run: [0;1;32m5[m, Failures: 0, Errors: 0, Skipped: 0, Time elapsed: 12.396 s - in org.apache.hadoop.mapreduce.lib.join.[1mTestJoinDatamerge[m
[[1;34mINFO[m] Running org.apache.hadoop.mapreduce.lib.join.[1mTestJoinTupleWritable[m
[[1;34mINFO[m] [1;32mTests run: [0;1;32m9[m, Failures: 0, Errors: 0, Skipped: 0, Time elapsed: 0.156 s - in org.apache.hadoop.mapreduce.lib.join.[1mTestJoinTupleWritable[m
[[1;34mINFO[m] Running org.apache.hadoop.mapreduce.lib.aggregate.[1mTestMapReduceAggregates[m
[[1;34mINFO[m] [1;32mTests run: [0;1;32m1[m, Failures: 0, Errors: 0, Skipped: 0, Time elapsed: 2.168 s - in org.apache.hadoop.mapreduce.lib.aggregate.[1mTestMapReduceAggregates[m
[[1;34mINFO[m] Running org.apache.hadoop.mapreduce.[1mTestYarnClientProtocolProvider[m
[[1;34mINFO[m] [1;32mTests run: [0;1;32m2[m, Failures: 0, Errors: 0, Skipped: 0, Time elapsed: 1.307 s - in org.apache.hadoop.mapreduce.[1mTestYarnClientProtocolProvider[m
[[1;34mINFO[m] Running org.apache.hadoop.mapreduce.[1mTestValueIterReset[m
[[1;34mINFO[m] [1;32mTests run: [0;1;32m1[m, Failures: 0, Errors: 0, Skipped: 0, Time elapsed: 2.244 s - in org.apache.hadoop.mapreduce.[1mTestValueIterReset[m
[[1;34mINFO[m] Running org.apache.hadoop.mapreduce.security.[1mTestBinaryTokenFile[m
[[1;34mINFO[m] [1;32mTests run: [0;1;32m2[m, Failures: 0, Errors: 0, Skipped: 0, Time elapsed: 67.191 s - in org.apache.hadoop.mapreduce.security.[1mTestBinaryTokenFile[m
[[1;34mINFO[m] Running org.apache.hadoop.mapreduce.security.ssl.[1mTestEncryptedShuffle[m
[[1;34mINFO[m] [1;32mTests run: [0;1;32m2[m, Failures: 0, Errors: 0, Skipped: 0, Time elapsed: 90.752 s - in org.apache.hadoop.mapreduce.security.ssl.[1mTestEncryptedShuffle[m
[[1;34mINFO[m] Running org.apache.hadoop.mapreduce.security.[1mTestUmbilicalProtocolWithJobToken[m
[[1;34mINFO[m] [1;32mTests run: [0;1;32m1[m, Failures: 0, Errors: 0, Skipped: 0, Time elapsed: 0.959 s - in org.apache.hadoop.mapreduce.security.[1mTestUmbilicalProtocolWithJobToken[m
[[1;34mINFO[m] Running org.apache.hadoop.mapreduce.security.[1mTestJHSSecurity[m
[[1;34mINFO[m] [1;32mTests run: [0;1;32m1[m, Failures: 0, Errors: 0, Skipped: 0, Time elapsed: 16.793 s - in org.apache.hadoop.mapreduce.security.[1mTestJHSSecurity[m
[[1;34mINFO[m] Running org.apache.hadoop.mapreduce.security.token.delegation.[1mTestDelegationToken[m
[[1;33mWARNING[m] [1;33mTests [0;1mrun: [0;1m1[m, Failures: 0, Errors: 0, [1;33mSkipped: [0;1;33m1[m, Time elapsed: 0.029 s - in org.apache.hadoop.mapreduce.security.token.delegation.[1mTestDelegationToken[m
[[1;34mINFO[m] Running org.apache.hadoop.mapreduce.security.[1mTestMRCredentials[m
[[1;34mINFO[m] [1;32mTests run: [0;1;32m1[m, Failures: 0, Errors: 0, Skipped: 0, Time elapsed: 45.319 s - in org.apache.hadoop.mapreduce.security.[1mTestMRCredentials[m
[[1;34mINFO[m] Running org.apache.hadoop.mapreduce.[1mTestTaskContext[m
[[1;33mWARNING[m] [1;33mTests [0;1mrun: [0;1m1[m, Failures: 0, Errors: 0, [1;33mSkipped: [0;1;33m1[m, Time elapsed: 0.026 s - in org.apache.hadoop.mapreduce.[1mTestTaskContext[m
[[1;34mINFO[m] Running org.apache.hadoop.mapreduce.[1mTestClientProtocolProviderImpls[m
[[1;34mINFO[m] [1;32mTests run: [0;1;32m5[m, Failures: 0, Errors: 0, Skipped: 0, Time elapsed: 1.095 s - in org.apache.hadoop.mapreduce.[1mTestClientProtocolProviderImpls[m
[[1;34mINFO[m] Running org.apache.hadoop.mapreduce.[1mTestChild[m
[[1;34mINFO[m] [1;32mTests run: [0;1;32m1[m, Failures: 0, Errors: 0, Skipped: 0, Time elapsed: 78.338 s - in org.apache.hadoop.mapreduce.[1mTestChild[m
[[1;34mINFO[m] Running org.apache.hadoop.mapreduce.[1mTestNoJobSetupCleanup[m
[[1;33mWARNING[m] [1;33mTests [0;1mrun: [0;1m1[m, Failures: 0, Errors: 0, [1;33mSkipped: [0;1;33m1[m, Time elapsed: 0.029 s - in org.apache.hadoop.mapreduce.[1mTestNoJobSetupCleanup[m
[[1;34mINFO[m] Running org.apache.hadoop.mapreduce.v2.[1mTestSpeculativeExecution[m
[[1;34mINFO[m] [1;32mTests run: [0;1;32m1[m, Failures: 0, Errors: 0, Skipped: 0, Time elapsed: 140.356 s - in org.apache.hadoop.mapreduce.v2.[1mTestSpeculativeExecution[m
[[1;34mINFO[m] Running org.apache.hadoop.mapreduce.v2.[1mTestMRJobsWithHistoryService[m
[[1;34mINFO[m] [1;32mTests run: [0;1;32m1[m, Failures: 0, Errors: 0, Skipped: 0, Time elapsed: 48.306 s - in org.apache.hadoop.mapreduce.v2.[1mTestMRJobsWithHistoryService[m
[[1;34mINFO[m] Running org.apache.hadoop.mapreduce.v2.[1mTestMRAMWithNonNormalizedCapabilities[m
[[1;34mINFO[m] [1;32mTests run: [0;1;32m1[m, Failures: 0, Errors: 0, Skipped: 0, Time elapsed: 42.416 s - in org.apache.hadoop.mapreduce.v2.[1mTestMRAMWithNonNormalizedCapabilities[m
[[1;34mINFO[m] Running org.apache.hadoop.mapreduce.v2.[1mTestMiniMRProxyUser[m
[[1;34mINFO[m] [1;32mTests run: [0;1;32m3[m, Failures: 0, Errors: 0, Skipped: 0, Time elapsed: 129.636 s - in org.apache.hadoop.mapreduce.v2.[1mTestMiniMRProxyUser[m
[[1;34mINFO[m] Running org.apache.hadoop.mapreduce.v2.[1mTestMRJobsWithProfiler[m
[[1;34mINFO[m] [1;32mTests run: [0;1;32m2[m, Failures: 0, Errors: 0, Skipped: 0, Time elapsed: 88.987 s - in org.apache.hadoop.mapreduce.v2.[1mTestMRJobsWithProfiler[m
[[1;34mINFO[m] Running org.apache.hadoop.mapreduce.v2.[1mTestSpeculativeExecutionWithMRApp[m
[[1;34mINFO[m] [1;32mTests run: [0;1;32m2[m, Failures: 0, Errors: 0, Skipped: 0, Time elapsed: 30.07 s - in org.apache.hadoop.mapreduce.v2.[1mTestSpeculativeExecutionWithMRApp[m
[[1;34mINFO[m] Running org.apache.hadoop.mapreduce.v2.[1mTestUberAM[m
[[1;34mINFO[m] [1;32mTests run: [0;1;32m20[m, Failures: 0, Errors: 0, Skipped: 0, Time elapsed: 583.368 s - in org.apache.hadoop.mapreduce.v2.[1mTestUberAM[m
[[1;34mINFO[m] Running org.apache.hadoop.mapreduce.v2.[1mTestMRAppWithCombiner[m
[[1;34mINFO[m] [1;32mTests run: [0;1;32m1[m, Failures: 0, Errors: 0, Skipped: 0, Time elapsed: 81.815 s - in org.apache.hadoop.mapreduce.v2.[1mTestMRAppWithCombiner[m
[[1;34mINFO[m] Running org.apache.hadoop.mapreduce.v2.[1mTestRMNMInfo[m
[[1;34mINFO[m] [1;32mTests run: [0;1;32m2[m, Failures: 0, Errors: 0, Skipped: 0, Time elapsed: 7.156 s - in org.apache.hadoop.mapreduce.v2.[1mTestRMNMInfo[m
[[1;34mINFO[m] Running org.apache.hadoop.mapreduce.v2.[1mTestMROldApiJobs[m
[[1;34mINFO[m] [1;32mTests run: [0;1;32m2[m, Failures: 0, Errors: 0, Skipped: 0, Time elapsed: 55.776 s - in org.apache.hadoop.mapreduce.v2.[1mTestMROldApiJobs[m
[[1;34mINFO[m] Running org.apache.hadoop.mapreduce.v2.[1mTestNonExistentJob[m
[[1;34mINFO[m] [1;32mTests run: [0;1;32m1[m, Failures: 0, Errors: 0, Skipped: 0, Time elapsed: 16.172 s - in org.apache.hadoop.mapreduce.v2.[1mTestNonExistentJob[m
[[1;34mINFO[m] Running org.apache.hadoop.mapreduce.v2.[1mTestMRJobs[m
[[1;34mINFO[m] [1;32mTests run: [0;1;32m19[m, Failures: 0, Errors: 0, Skipped: 0, Time elapsed: 518.432 s - in org.apache.hadoop.mapreduce.v2.[1mTestMRJobs[m
[[1;34mINFO[m] Running org.apache.hadoop.mapreduce.[1mTestMapCollection[m
[[1;34mINFO[m] [1;32mTests run: [0;1;32m11[m, Failures: 0, Errors: 0, Skipped: 0, Time elapsed: 10.239 s - in org.apache.hadoop.mapreduce.[1mTestMapCollection[m
[[1;34mINFO[m] Running org.apache.hadoop.mapreduce.[1mTestLocalRunner[m
[[1;34mINFO[m] [1;32mTests run: [0;1;32m8[m, Failures: 0, Errors: 0, Skipped: 0, Time elapsed: 31.522 s - in org.apache.hadoop.mapreduce.[1mTestLocalRunner[m
[[1;34mINFO[m] Running org.apache.hadoop.mapreduce.[1mTestMapReduce[m
[[1;34mINFO[m] [1;32mTests run: [0;1;32m1[m, Failures: 0, Errors: 0, Skipped: 0, Time elapsed: 4.419 s - in org.apache.hadoop.mapreduce.[1mTestMapReduce[m
[[1;34mINFO[m] Running org.apache.hadoop.mapreduce.[1mTestLargeSort[m
[[1;34mINFO[m] [1;32mTests run: [0;1;32m1[m, Failures: 0, Errors: 0, Skipped: 0, Time elapsed: 138.66 s - in org.apache.hadoop.mapreduce.[1mTestLargeSort[m
[[1;34mINFO[m] Running org.apache.hadoop.mapreduce.util.[1mTestMRAsyncDiskService[m
[[1;34mINFO[m] [1;32mTests run: [0;1;32m6[m, Failures: 0, Errors: 0, Skipped: 0, Time elapsed: 0.767 s - in org.apache.hadoop.mapreduce.util.[1mTestMRAsyncDiskService[m
[[1;34mINFO[m] Running org.apache.hadoop.mapreduce.[1mTestMapReduceLazyOutput[m
[[1;34mINFO[m] [1;32mTests run: [0;1;32m1[m, Failures: 0, Errors: 0, Skipped: 0, Time elapsed: 127.459 s - in org.apache.hadoop.mapreduce.[1mTestMapReduceLazyOutput[m
[[1;34mINFO[m] Running org.apache.hadoop.mapreduce.[1mTestCounters[m
[[1;34mINFO[m] [1;32mTests run: [0;1;32m3[m, Failures: 0, Errors: 0, Skipped: 0, Time elapsed: 0.375 s - in org.apache.hadoop.mapreduce.[1mTestCounters[m
[[1;34mINFO[m] Running org.apache.hadoop.mapreduce.[1mTestMROutputFormat[m
[[1;34mINFO[m] [1;32mTests run: [0;1;32m1[m, Failures: 0, Errors: 0, Skipped: 0, Time elapsed: 2.149 s - in org.apache.hadoop.mapreduce.[1mTestMROutputFormat[m
[[1;34mINFO[m] Running org.apache.hadoop.mapreduce.[1mTestNewCombinerGrouping[m
[[1;34mINFO[m] [1;32mTests run: [0;1;32m1[m, Failures: 0, Errors: 0, Skipped: 0, Time elapsed: 6.17 s - in org.apache.hadoop.mapreduce.[1mTestNewCombinerGrouping[m
[[1;34mINFO[m] Running org.apache.hadoop.hdfs.[1mTestNNBench[m
[[1;34mINFO[m] [1;32mTests run: [0;1;32m2[m, Failures: 0, Errors: 0, Skipped: 0, Time elapsed: 14.814 s - in org.apache.hadoop.hdfs.[1mTestNNBench[m
[[1;34mINFO[m] Running org.apache.hadoop.fs.slive.[1mTestSlive[m
[[1;34mINFO[m] [1;32mTests run: [0;1;32m18[m, Failures: 0, Errors: 0, Skipped: 0, Time elapsed: 2.994 s - in org.apache.hadoop.fs.slive.[1mTestSlive[m
[[1;34mINFO[m] Running org.apache.hadoop.fs.[1mTestJHLA[m
[[1;34mINFO[m] [1;32mTests run: [0;1;32m1[m, Failures: 0, Errors: 0, Skipped: 0, Time elapsed: 0.673 s - in org.apache.hadoop.fs.[1mTestJHLA[m
[[1;34mINFO[m] Running org.apache.hadoop.fs.[1mTestDFSIO[m
[[1;34mINFO[m] [1;32mTests run: [0;1;32m6[m, Failures: 0, Errors: 0, Skipped: 0, Time elapsed: 16.662 s - in org.apache.hadoop.fs.[1mTestDFSIO[m
[[1;34mINFO[m] Running org.apache.hadoop.fs.[1mTestFileSystem[m
[[1;34mINFO[m] [1;32mTests run: [0;1;32m6[m, Failures: 0, Errors: 0, Skipped: 0, Time elapsed: 13.272 s - in org.apache.hadoop.fs.[1mTestFileSystem[m
[[1;34mINFO[m] Running org.apache.hadoop.io.[1mTestSequenceFileMergeProgress[m
[[1;34mINFO[m] [1;32mTests run: [0;1;32m3[m, Failures: 0, Errors: 0, Skipped: 0, Time elapsed: 0.921 s - in org.apache.hadoop.io.[1mTestSequenceFileMergeProgress[m
[[1;34mINFO[m] Running org.apache.hadoop.mapred.[1mTestYARNRunner[m
[[1;34mINFO[m] [1;32mTests run: [0;1;32m26[m, Failures: 0, Errors: 0, Skipped: 0, Time elapsed: 33.542 s - in org.apache.hadoop.mapred.[1mTestYARNRunner[m
[[1;34mINFO[m] Running org.apache.hadoop.mapred.[1mTestCommandLineJobSubmission[m
[[1;33mWARNING[m] [1;33mTests [0;1mrun: [0;1m1[m, Failures: 0, Errors: 0, [1;33mSkipped: [0;1;33m1[m, Time elapsed: 0.031 s - in org.apache.hadoop.mapred.[1mTestCommandLineJobSubmission[m
[[1;34mINFO[m] Running org.apache.hadoop.mapred.[1mTestSequenceFileAsBinaryOutputFormat[m
[[1;34mINFO[m] [1;32mTests run: [0;1;32m3[m, Failures: 0, Errors: 0, Skipped: 0, Time elapsed: 0.863 s - in org.apache.hadoop.mapred.[1mTestSequenceFileAsBinaryOutputFormat[m
[[1;34mINFO[m] Running org.apache.hadoop.mapred.[1mTestFileInputFormatPathFilter[m
[[1;34mINFO[m] [1;32mTests run: [0;1;32m4[m, Failures: 0, Errors: 0, Skipped: 0, Time elapsed: 0.761 s - in org.apache.hadoop.mapred.[1mTestFileInputFormatPathFilter[m
[[1;34mINFO[m] Running org.apache.hadoop.mapred.[1mTestMapRed[m
[[1;34mINFO[m] [1;32mTests run: [0;1;32m5[m, Failures: 0, Errors: 0, Skipped: 0, Time elapsed: 21.733 s - in org.apache.hadoop.mapred.[1mTestMapRed[m
[[1;34mINFO[m] Running org.apache.hadoop.mapred.[1mTestJobName[m
[[1;34mINFO[m] [1;32mTests run: [0;1;32m2[m, Failures: 0, Errors: 0, Skipped: 0, Time elapsed: 122.291 s - in org.apache.hadoop.mapred.[1mTestJobName[m
[[1;34mINFO[m] Running org.apache.hadoop.mapred.[1mTestClusterMapReduceTestCase[m
[[1;34mINFO[m] [1;32mTests run: [0;1;32m4[m, Failures: 0, Errors: 0, Skipped: 0, Time elapsed: 151.697 s - in org.apache.hadoop.mapred.[1mTestClusterMapReduceTestCase[m
[[1;34mINFO[m] Running org.apache.hadoop.mapred.[1mTestMiniMRDFSCaching[m
[[1;33mWARNING[m] [1;33mTests [0;1mrun: [0;1m1[m, Failures: 0, Errors: 0, [1;33mSkipped: [0;1;33m1[m, Time elapsed: 0.024 s - in org.apache.hadoop.mapred.[1mTestMiniMRDFSCaching[m
[[1;34mINFO[m] Running org.apache.hadoop.mapred.[1mTestJobSysDirWithDFS[m
[[1;34mINFO[m] [1;32mTests run: [0;1;32m1[m, Failures: 0, Errors: 0, Skipped: 0, Time elapsed: 100.243 s - in org.apache.hadoop.mapred.[1mTestJobSysDirWithDFS[m
[[1;34mINFO[m] Running org.apache.hadoop.mapred.[1mTestUserDefinedCounters[m
[[1;34mINFO[m] [1;32mTests run: [0;1;32m1[m, Failures: 0, Errors: 0, Skipped: 0, Time elapsed: 2.15 s - in org.apache.hadoop.mapred.[1mTestUserDefinedCounters[m
[[1;34mINFO[m] Running org.apache.hadoop.mapred.[1mTestMiniMRWithDFSWithDistinctUsers[m
[[1;34mINFO[m] [1;32mTests run: [0;1;32m2[m, Failures: 0, Errors: 0, Skipped: 0, Time elapsed: 217.557 s - in org.apache.hadoop.mapred.[1mTestMiniMRWithDFSWithDistinctUsers[m
[[1;34mINFO[m] Running org.apache.hadoop.mapred.[1mTestNetworkedJob[m
[[1;34mINFO[m] [1;32mTests run: [0;1;32m5[m, Failures: 0, Errors: 0, Skipped: 0, Time elapsed: 16.74 s - in org.apache.hadoop.mapred.[1mTestNetworkedJob[m
[[1;34mINFO[m] Running org.apache.hadoop.mapred.pipes.[1mTestPipeApplication[m
[[1;34mINFO[m] Running org.apache.hadoop.mapred.pipes.[1mTestPipesNonJavaInputFormat[m
[[1;34mINFO[m] [1;32mTests run: [0;1;32m1[m, Failures: 0, Errors: 0, Skipped: 0, Time elapsed: 0.72 s - in org.apache.hadoop.mapred.pipes.[1mTestPipesNonJavaInputFormat[m
[[1;34mINFO[m] Running org.apache.hadoop.mapred.pipes.[1mTestPipes[m
[[1;33mWARNING[m] [1;33mTests [0;1mrun: [0;1m1[m, Failures: 0, Errors: 0, [1;33mSkipped: [0;1;33m1[m, Time elapsed: 0.032 s - in org.apache.hadoop.mapred.pipes.[1mTestPipes[m
[[1;34mINFO[m] Running org.apache.hadoop.mapred.lib.[1mTestMultipleInputs[m
[[1;34mINFO[m] [1;32mTests run: [0;1;32m2[m, Failures: 0, Errors: 0, Skipped: 0, Time elapsed: 0.306 s - in org.apache.hadoop.mapred.lib.[1mTestMultipleInputs[m
[[1;34mINFO[m] Running org.apache.hadoop.mapred.lib.[1mTestChainMapReduce[m
[[1;34mINFO[m] [1;32mTests run: [0;1;32m1[m, Failures: 0, Errors: 0, Skipped: 0, Time elapsed: 1.905 s - in org.apache.hadoop.mapred.lib.[1mTestChainMapReduce[m
[[1;34mINFO[m] Running org.apache.hadoop.mapred.lib.db.[1mTestConstructQuery[m
[[1;34mINFO[m] [1;32mTests run: [0;1;32m2[m, Failures: 0, Errors: 0, Skipped: 0, Time elapsed: 0.305 s - in org.apache.hadoop.mapred.lib.db.[1mTestConstructQuery[m
[[1;34mINFO[m] Running org.apache.hadoop.mapred.lib.[1mTestMultithreadedMapRunner[m
[[1;34mINFO[m] [1;32mTests run: [0;1;32m3[m, Failures: 0, Errors: 0, Skipped: 0, Time elapsed: 2.497 s - in org.apache.hadoop.mapred.lib.[1mTestMultithreadedMapRunner[m
[[1;34mINFO[m] Running org.apache.hadoop.mapred.lib.[1mTestLineInputFormat[m
[[1;34mINFO[m] [1;32mTests run: [0;1;32m1[m, Failures: 0, Errors: 0, Skipped: 0, Time elapsed: 0.973 s - in org.apache.hadoop.mapred.lib.[1mTestLineInputFormat[m
[[1;34mINFO[m] Running org.apache.hadoop.mapred.lib.[1mTestKeyFieldBasedPartitioner[m
[[1;34mINFO[m] [1;32mTests run: [0;1;32m2[m, Failures: 0, Errors: 0, Skipped: 0, Time elapsed: 0.293 s - in org.apache.hadoop.mapred.lib.[1mTestKeyFieldBasedPartitioner[m
[[1;34mINFO[m] Running org.apache.hadoop.mapred.lib.[1mTestChain[m
[[1;34mINFO[m] [1;32mTests run: [0;1;32m2[m, Failures: 0, Errors: 0, Skipped: 0, Time elapsed: 0.428 s - in org.apache.hadoop.mapred.lib.[1mTestChain[m
[[1;34mINFO[m] Running org.apache.hadoop.mapred.lib.[1mTestKeyFieldBasedComparator[m
[[1;34mINFO[m] [1;32mTests run: [0;1;32m1[m, Failures: 0, Errors: 0, Skipped: 0, Time elapsed: 15.496 s - in org.apache.hadoop.mapred.lib.[1mTestKeyFieldBasedComparator[m
[[1;34mINFO[m] Running org.apache.hadoop.mapred.lib.[1mTestDelegatingInputFormat[m
[[1;34mINFO[m] [1;32mTests run: [0;1;32m1[m, Failures: 0, Errors: 0, Skipped: 0, Time elapsed: 6.84 s - in org.apache.hadoop.mapred.lib.[1mTestDelegatingInputFormat[m
[[1;34mINFO[m] Running org.apache.hadoop.mapred.lib.aggregate.[1mTestAggregates[m
[[1;34mINFO[m] [1;32mTests run: [0;1;32m1[m, Failures: 0, Errors: 0, Skipped: 0, Time elapsed: 2.252 s - in org.apache.hadoop.mapred.lib.aggregate.[1mTestAggregates[m
[[1;34mINFO[m] Running org.apache.hadoop.mapred.lib.[1mTestMultipleOutputs[m
[[1;34mINFO[m] [1;32mTests run: [0;1;32m2[m, Failures: 0, Errors: 0, Skipped: 0, Time elapsed: 2.872 s - in org.apache.hadoop.mapred.lib.[1mTestMultipleOutputs[m
[[1;34mINFO[m] Running org.apache.hadoop.mapred.[1mTestJobCleanup[m
[[1;34mINFO[m] [1;32mTests run: [0;1;32m3[m, Failures: 0, Errors: 0, Skipped: 0, Time elapsed: 162.071 s - in org.apache.hadoop.mapred.[1mTestJobCleanup[m
[[1;34mINFO[m] Running org.apache.hadoop.mapred.[1mTestUtils[m
[[1;34mINFO[m] [1;32mTests run: [0;1;32m2[m, Failures: 0, Errors: 0, Skipped: 0, Time elapsed: 0.063 s - in org.apache.hadoop.mapred.[1mTestUtils[m
[[1;34mINFO[m] Running org.apache.hadoop.mapred.[1mTestMiniMRBringup[m
[[1;34mINFO[m] [1;32mTests run: [0;1;32m1[m, Failures: 0, Errors: 0, Skipped: 0, Time elapsed: 5.483 s - in org.apache.hadoop.mapred.[1mTestMiniMRBringup[m
[[1;34mINFO[m] Running org.apache.hadoop.mapred.[1mTestJavaSerialization[m
[[1;34mINFO[m] [1;32mTests run: [0;1;32m2[m, Failures: 0, Errors: 0, Skipped: 0, Time elapsed: 3.303 s - in org.apache.hadoop.mapred.[1mTestJavaSerialization[m
[[1;34mINFO[m] Running org.apache.hadoop.mapred.[1mTestSpecialCharactersInOutputPath[m
[[1;34mINFO[m] [1;32mTests run: [0;1;32m1[m, Failures: 0, Errors: 0, Skipped: 0, Time elapsed: 12.828 s - in org.apache.hadoop.mapred.[1mTestSpecialCharactersInOutputPath[m
[[1;34mINFO[m] Running org.apache.hadoop.mapred.[1mTestReporter[m
[[1;34mINFO[m] [1;32mTests run: [0;1;32m3[m, Failures: 0, Errors: 0, Skipped: 0, Time elapsed: 12.499 s - in org.apache.hadoop.mapred.[1mTestReporter[m
[[1;34mINFO[m] Running org.apache.hadoop.mapred.[1mTestCombineFileInputFormat[m
[[1;34mINFO[m] [1;32mTests run: [0;1;32m1[m, Failures: 0, Errors: 0, Skipped: 0, Time elapsed: 0.693 s - in org.apache.hadoop.mapred.[1mTestCombineFileInputFormat[m
[[1;34mINFO[m] Running org.apache.hadoop.mapred.[1mTestJobCounters[m
[[1;34mINFO[m] [1;32mTests run: [0;1;32m12[m, Failures: 0, Errors: 0, Skipped: 0, Time elapsed: 128.925 s - in org.apache.hadoop.mapred.[1mTestJobCounters[m
[[1;34mINFO[m] Running org.apache.hadoop.mapred.[1mTestQueueConfigurationParser[m
[[1;34mINFO[m] [1;32mTests run: [0;1;32m1[m, Failures: 0, Errors: 0, Skipped: 0, Time elapsed: 0.203 s - in org.apache.hadoop.mapred.[1mTestQueueConfigurationParser[m
[[1;34mINFO[m] Running org.apache.hadoop.mapred.[1mTestCombineTextInputFormat[m
[[1;34mINFO[m] [1;32mTests run: [0;1;32m2[m, Failures: 0, Errors: 0, Skipped: 0, Time elapsed: 0.897 s - in org.apache.hadoop.mapred.[1mTestCombineTextInputFormat[m
[[1;34mINFO[m] Running org.apache.hadoop.mapred.[1mTestMiniMRChildTask[m
[[1;34mINFO[m] [1;32mTests run: [0;1;32m2[m, Failures: 0, Errors: 0, Skipped: 0, Time elapsed: 54.996 s - in org.apache.hadoop.mapred.[1mTestMiniMRChildTask[m
[[1;34mINFO[m] Running org.apache.hadoop.mapred.[1mTestTextInputFormat[m
[[1;34mINFO[m] [1;32mTests run: [0;1;32m9[m, Failures: 0, Errors: 0, Skipped: 0, Time elapsed: 71.47 s - in org.apache.hadoop.mapred.[1mTestTextInputFormat[m
[[1;34mINFO[m] Running org.apache.hadoop.mapred.[1mTestTaskStatus[m
[[1;34mINFO[m] [1;32mTests run: [0;1;32m3[m, Failures: 0, Errors: 0, Skipped: 0, Time elapsed: 0.168 s - in org.apache.hadoop.mapred.[1mTestTaskStatus[m
[[1;34mINFO[m] Running org.apache.hadoop.mapred.[1mTestGetSplitHosts[m
[[1;34mINFO[m] [1;32mTests run: [0;1;32m1[m, Failures: 0, Errors: 0, Skipped: 0, Time elapsed: 0.153 s - in org.apache.hadoop.mapred.[1mTestGetSplitHosts[m
[[1;34mINFO[m] Running org.apache.hadoop.mapred.[1mTestLocalMRNotification[m
[[1;34mINFO[m] [1;32mTests run: [0;1;32m1[m, Failures: 0, Errors: 0, Skipped: 0, Time elapsed: 3.49 s - in org.apache.hadoop.mapred.[1mTestLocalMRNotification[m
[[1;34mINFO[m] Running org.apache.hadoop.mapred.[1mTestClientServiceDelegate[m
[[1;34mINFO[m] [1;32mTests run: [0;1;32m26[m, Failures: 0, Errors: 0, Skipped: 0, Time elapsed: 8.272 s - in org.apache.hadoop.mapred.[1mTestClientServiceDelegate[m
[[1;34mINFO[m] Running org.apache.hadoop.mapred.[1mTestComparators[m
[[1;34mINFO[m] [1;32mTests run: [0;1;32m5[m, Failures: 0, Errors: 0, Skipped: 0, Time elapsed: 5.631 s - in org.apache.hadoop.mapred.[1mTestComparators[m
[[1;34mINFO[m] Running org.apache.hadoop.mapred.[1mTestMRCJCFileOutputCommitter[m
[[1;34mINFO[m] [1;32mTests run: [0;1;32m3[m, Failures: 0, Errors: 0, Skipped: 0, Time elapsed: 0.713 s - in org.apache.hadoop.mapred.[1mTestMRCJCFileOutputCommitter[m
[[1;34mINFO[m] Running org.apache.hadoop.mapred.[1mTestCombineOutputCollector[m
[[1;34mINFO[m] [1;32mTests run: [0;1;32m2[m, Failures: 0, Errors: 0, Skipped: 0, Time elapsed: 1.263 s - in org.apache.hadoop.mapred.[1mTestCombineOutputCollector[m
[[1;34mINFO[m] Running org.apache.hadoop.mapred.[1mTestStatisticsCollector[m
[[1;34mINFO[m] [1;32mTests run: [0;1;32m1[m, Failures: 0, Errors: 0, Skipped: 0, Time elapsed: 2.567 s - in org.apache.hadoop.mapred.[1mTestStatisticsCollector[m
[[1;34mINFO[m] Running org.apache.hadoop.mapred.[1mTestMerge[m
[[1;34mINFO[m] [1;32mTests run: [0;1;32m1[m, Failures: 0, Errors: 0, Skipped: 0, Time elapsed: 76.486 s - in org.apache.hadoop.mapred.[1mTestMerge[m
[[1;34mINFO[m] Running org.apache.hadoop.mapred.[1mTestLocalJobSubmission[m
[[1;34mINFO[m] [1;32mTests run: [0;1;32m5[m, Failures: 0, Errors: 0, Skipped: 0, Time elapsed: 7.446 s - in org.apache.hadoop.mapred.[1mTestLocalJobSubmission[m
[[1;34mINFO[m] Running org.apache.hadoop.mapred.[1mTestConcatenatedCompressedInput[m
[[1;34mINFO[m] [1;32mTests run: [0;1;32m5[m, Failures: 0, Errors: 0, Skipped: 0, Time elapsed: 1.27 s - in org.apache.hadoop.mapred.[1mTestConcatenatedCompressedInput[m
[[1;34mINFO[m] Running org.apache.hadoop.mapred.[1mTestClusterMRNotification[m
[[1;34mINFO[m] [1;32mTests run: [0;1;32m1[m, Failures: 0, Errors: 0, Skipped: 0, Time elapsed: 69.164 s - in org.apache.hadoop.mapred.[1mTestClusterMRNotification[m
[[1;34mINFO[m] Running org.apache.hadoop.mapred.[1mTestMiniMRClasspath[m
[[1;34mINFO[m] [1;32mTests run: [0;1;32m2[m, Failures: 0, Errors: 0, Skipped: 0, Time elapsed: 194.842 s - in org.apache.hadoop.mapred.[1mTestMiniMRClasspath[m
[[1;34mINFO[m] Running org.apache.hadoop.mapred.[1mTestWritableJobConf[m
[[1;34mINFO[m] [1;32mTests run: [0;1;32m3[m, Failures: 0, Errors: 0, Skipped: 0, Time elapsed: 0.496 s - in org.apache.hadoop.mapred.[1mTestWritableJobConf[m
[[1;34mINFO[m] Running org.apache.hadoop.mapred.[1mTestMapProgress[m
[[1;34mINFO[m] [1;32mTests run: [0;1;32m1[m, Failures: 0, Errors: 0, Skipped: 0, Time elapsed: 0.766 s - in org.apache.hadoop.mapred.[1mTestMapProgress[m
[[1;34mINFO[m] Running org.apache.hadoop.mapred.[1mTestMultiFileSplit[m
[[1;34mINFO[m] [1;32mTests run: [0;1;32m2[m, Failures: 0, Errors: 0, Skipped: 0, Time elapsed: 0.569 s - in org.apache.hadoop.mapred.[1mTestMultiFileSplit[m
[[1;34mINFO[m] Running org.apache.hadoop.mapred.[1mTestCollect[m
[[1;34mINFO[m] [1;32mTests run: [0;1;32m1[m, Failures: 0, Errors: 0, Skipped: 0, Time elapsed: 2.083 s - in org.apache.hadoop.mapred.[1mTestCollect[m
[[1;34mINFO[m] Running org.apache.hadoop.mapred.[1mTestCombineSequenceFileInputFormat[m
[[1;34mINFO[m] [1;32mTests run: [0;1;32m1[m, Failures: 0, Errors: 0, Skipped: 0, Time elapsed: 1.082 s - in org.apache.hadoop.mapred.[1mTestCombineSequenceFileInputFormat[m
[[1;34mINFO[m] Running org.apache.hadoop.mapred.[1mTestSequenceFileInputFilter[m
[[1;34mINFO[m] [1;32mTests run: [0;1;32m3[m, Failures: 0, Errors: 0, Skipped: 0, Time elapsed: 4.496 s - in org.apache.hadoop.mapred.[1mTestSequenceFileInputFilter[m
[[1;34mINFO[m] Running org.apache.hadoop.mapred.[1mTestLazyOutput[m
[[1;34mINFO[m] [1;32mTests run: [0;1;32m1[m, Failures: 0, Errors: 0, Skipped: 0, Time elapsed: 124.305 s - in org.apache.hadoop.mapred.[1mTestLazyOutput[m
[[1;34mINFO[m] Running org.apache.hadoop.mapred.[1mTestMiniMRClientCluster[m
[[1;34mINFO[m] [1;32mTests run: [0;1;32m2[m, Failures: 0, Errors: 0, Skipped: 0, Time elapsed: 48.847 s - in org.apache.hadoop.mapred.[1mTestMiniMRClientCluster[m
[[1;34mINFO[m] Running org.apache.hadoop.mapred.[1mTestSequenceFileAsBinaryInputFormat[m
[[1;34mINFO[m] [1;32mTests run: [0;1;32m1[m, Failures: 0, Errors: 0, Skipped: 0, Time elapsed: 0.817 s - in org.apache.hadoop.mapred.[1mTestSequenceFileAsBinaryInputFormat[m
[[1;34mINFO[m] Running org.apache.hadoop.mapred.[1mTestMRIntermediateDataEncryption[m
[[1;34mINFO[m] [1;32mTests run: [0;1;32m4[m, Failures: 0, Errors: 0, Skipped: 0, Time elapsed: 275.992 s - in org.apache.hadoop.mapred.[1mTestMRIntermediateDataEncryption[m
[[1;34mINFO[m] Running org.apache.hadoop.mapred.[1mTestLineRecordReaderJobs[m
[[1;34mINFO[m] [1;32mTests run: [0;1;32m2[m, Failures: 0, Errors: 0, Skipped: 0, Time elapsed: 3.333 s - in org.apache.hadoop.mapred.[1mTestLineRecordReaderJobs[m
[[1;34mINFO[m] Running org.apache.hadoop.mapred.jobcontrol.[1mTestLocalJobControl[m
[[1;34mINFO[m] [1;32mTests run: [0;1;32m1[m, Failures: 0, Errors: 0, Skipped: 0, Time elapsed: 20.998 s - in org.apache.hadoop.mapred.jobcontrol.[1mTestLocalJobControl[m
[[1;34mINFO[m] Running org.apache.hadoop.mapred.jobcontrol.[1mTestJobControl[m
[[1;34mINFO[m] [1;32mTests run: [0;1;32m4[m, Failures: 0, Errors: 0, Skipped: 0, Time elapsed: 21.731 s - in org.apache.hadoop.mapred.jobcontrol.[1mTestJobControl[m
[[1;34mINFO[m] Running org.apache.hadoop.mapred.[1mTestIFileStreams[m
[[1;34mINFO[m] [1;32mTests run: [0;1;32m4[m, Failures: 0, Errors: 0, Skipped: 0, Time elapsed: 0.391 s - in org.apache.hadoop.mapred.[1mTestIFileStreams[m
[[1;34mINFO[m] Running org.apache.hadoop.mapred.[1mTestIFile[m
[[1;34mINFO[m] [1;32mTests run: [0;1;32m2[m, Failures: 0, Errors: 0, Skipped: 0, Time elapsed: 0.632 s - in org.apache.hadoop.mapred.[1mTestIFile[m
[[1;34mINFO[m] Running org.apache.hadoop.mapred.[1mTestSequenceFileInputFormat[m
[[1;34mINFO[m] [1;32mTests run: [0;1;32m1[m, Failures: 0, Errors: 0, Skipped: 0, Time elapsed: 2.32 s - in org.apache.hadoop.mapred.[1mTestSequenceFileInputFormat[m
[[1;34mINFO[m] Running org.apache.hadoop.mapred.[1mTestMapOutputType[m
[[1;34mINFO[m] [1;32mTests run: [0;1;32m3[m, Failures: 0, Errors: 0, Skipped: 0, Time elapsed: 4.522 s - in org.apache.hadoop.mapred.[1mTestMapOutputType[m
[[1;34mINFO[m] Running org.apache.hadoop.mapred.[1mTestMRCJCJobConf[m
[[1;33mWARNING[m] [1;33mTests [0;1mrun: [0;1m1[m, Failures: 0, Errors: 0, [1;33mSkipped: [0;1;33m1[m, Time elapsed: 0.031 s - in org.apache.hadoop.mapred.[1mTestMRCJCJobConf[m
[[1;34mINFO[m] Running org.apache.hadoop.mapred.[1mTestOldCombinerGrouping[m
[[1;34mINFO[m] [1;32mTests run: [0;1;32m1[m, Failures: 0, Errors: 0, Skipped: 0, Time elapsed: 6.216 s - in org.apache.hadoop.mapred.[1mTestOldCombinerGrouping[m
[[1;34mINFO[m] Running org.apache.hadoop.mapred.[1mTestTaskPerformanceSplits[m
[[1;34mINFO[m] [1;32mTests run: [0;1;32m1[m, Failures: 0, Errors: 0, Skipped: 0, Time elapsed: 0.051 s - in org.apache.hadoop.mapred.[1mTestTaskPerformanceSplits[m
[[1;34mINFO[m] Running org.apache.hadoop.mapred.[1mTestFixedLengthInputFormat[m
[[1;34mINFO[m] [1;32mTests run: [0;1;32m8[m, Failures: 0, Errors: 0, Skipped: 0, Time elapsed: 46.794 s - in org.apache.hadoop.mapred.[1mTestFixedLengthInputFormat[m
[[1;34mINFO[m] Running org.apache.hadoop.mapred.[1mTestMultiFileInputFormat[m
[[1;34mINFO[m] [1;32mTests run: [0;1;32m2[m, Failures: 0, Errors: 0, Skipped: 0, Time elapsed: 8.917 s - in org.apache.hadoop.mapred.[1mTestMultiFileInputFormat[m
[[1;34mINFO[m] Running org.apache.hadoop.mapred.[1mTestBadRecords[m
[[1;33mWARNING[m] [1;33mTests [0;1mrun: [0;1m1[m, Failures: 0, Errors: 0, [1;33mSkipped: [0;1;33m1[m, Time elapsed: 0.029 s - in org.apache.hadoop.mapred.[1mTestBadRecords[m
[[1;34mINFO[m] Running org.apache.hadoop.mapred.[1mTestMRTimelineEventHandling[m
[[1;31mERROR[m] [1;31mTests [0;1mrun: [0;1m4[m, [1;31mFailures: [0;1;31m1[m, Errors: 0, Skipped: 0, Time elapsed: 264.816 s[1;31m <<< FAILURE![m - in org.apache.hadoop.mapred.[1mTestMRTimelineEventHandling[m
[[1;31mERROR[m] testMRNewTimelineServiceEventHandling(org.apache.hadoop.mapred.TestMRTimelineEventHandling)  Time elapsed: 84.669 s  <<< FAILURE!
java.lang.AssertionError
	at org.junit.Assert.fail(Assert.java:86)
	at org.junit.Assert.assertTrue(Assert.java:41)
	at org.junit.Assert.assertTrue(Assert.java:52)
	at org.apache.hadoop.mapred.TestMRTimelineEventHandling.verifyEntity(TestMRTimelineEventHandling.java:462)
	at org.apache.hadoop.mapred.TestMRTimelineEventHandling.checkNewTimelineEvent(TestMRTimelineEventHandling.java:304)
	at org.apache.hadoop.mapred.TestMRTimelineEventHandling.testMRNewTimelineServiceEventHandling(TestMRTimelineEventHandling.java:240)
	at sun.reflect.NativeMethodAccessorImpl.invoke0(Native Method)
	at sun.reflect.NativeMethodAccessorImpl.invoke(NativeMethodAccessorImpl.java:62)
	at sun.reflect.DelegatingMethodAccessorImpl.invoke(DelegatingMethodAccessorImpl.java:43)
	at java.lang.reflect.Method.invoke(Method.java:498)
	at org.junit.runners.model.FrameworkMethod$1.runReflectiveCall(FrameworkMethod.java:47)
	at org.junit.internal.runners.model.ReflectiveCallable.run(ReflectiveCallable.java:12)
	at org.junit.runners.model.FrameworkMethod.invokeExplosively(FrameworkMethod.java:44)
	at org.junit.internal.runners.statements.InvokeMethod.evaluate(InvokeMethod.java:17)
	at org.junit.runners.ParentRunner.runLeaf(ParentRunner.java:271)
	at org.junit.runners.BlockJUnit4ClassRunner.runChild(BlockJUnit4ClassRunner.java:70)
	at org.junit.runners.BlockJUnit4ClassRunner.runChild(BlockJUnit4ClassRunner.java:50)
	at org.junit.runners.ParentRunner$3.run(ParentRunner.java:238)
	at org.junit.runners.ParentRunner$1.schedule(ParentRunner.java:63)
	at org.junit.runners.ParentRunner.runChildren(ParentRunner.java:236)
	at org.junit.runners.ParentRunner.access$000(ParentRunner.java:53)
	at org.junit.runners.ParentRunner$2.evaluate(ParentRunner.java:229)
	at org.junit.runners.ParentRunner.run(ParentRunner.java:309)
	at org.apache.maven.surefire.junit4.JUnit4Provider.execute(JUnit4Provider.java:365)
	at org.apache.maven.surefire.junit4.JUnit4Provider.executeWithRerun(JUnit4Provider.java:273)
	at org.apache.maven.surefire.junit4.JUnit4Provider.executeTestSet(JUnit4Provider.java:238)
	at org.apache.maven.surefire.junit4.JUnit4Provider.invoke(JUnit4Provider.java:159)
	at org.apache.maven.surefire.booter.ForkedBooter.invokeProviderInSameClassLoader(ForkedBooter.java:384)
	at org.apache.maven.surefire.booter.ForkedBooter.runSuitesInProcess(ForkedBooter.java:345)
	at org.apache.maven.surefire.booter.ForkedBooter.execute(ForkedBooter.java:126)
	at org.apache.maven.surefire.booter.ForkedBooter.main(ForkedBooter.java:418)

[[1;34mINFO[m] Running org.apache.hadoop.mapred.[1mTestClientRedirect[m
[[1;34mINFO[m] [1;32mTests run: [0;1;32m1[m, Failures: 0, Errors: 0, Skipped: 0, Time elapsed: 14.481 s - in org.apache.hadoop.mapred.[1mTestClientRedirect[m
[[1;34mINFO[m] Running org.apache.hadoop.mapred.[1mTestResourceMgrDelegate[m
[[1;34mINFO[m] [1;32mTests run: [0;1;32m2[m, Failures: 0, Errors: 0, Skipped: 0, Time elapsed: 0.646 s - in org.apache.hadoop.mapred.[1mTestResourceMgrDelegate[m
[[1;34mINFO[m] Running org.apache.hadoop.mapred.join.[1mTestTupleWritable[m
[[1;34mINFO[m] [1;32mTests run: [0;1;32m11[m, Failures: 0, Errors: 0, Skipped: 0, Time elapsed: 0.17 s - in org.apache.hadoop.mapred.join.[1mTestTupleWritable[m
[[1;34mINFO[m] Running org.apache.hadoop.mapred.join.[1mTestDatamerge[m
[[1;34mINFO[m] [1;32mTests run: [0;1;32m5[m, Failures: 0, Errors: 0, Skipped: 0, Time elapsed: 17.297 s - in org.apache.hadoop.mapred.join.[1mTestDatamerge[m
[[1;34mINFO[m] Running org.apache.hadoop.mapred.join.[1mTestWrappedRecordReaderClassloader[m
[[1;34mINFO[m] [1;32mTests run: [0;1;32m1[m, Failures: 0, Errors: 0, Skipped: 0, Time elapsed: 0.578 s - in org.apache.hadoop.mapred.join.[1mTestWrappedRecordReaderClassloader[m
[[1;34mINFO[m] Running org.apache.hadoop.mapred.[1mTestMultipleTextOutputFormat[m
[[1;34mINFO[m] [1;32mTests run: [0;1;32m1[m, Failures: 0, Errors: 0, Skipped: 0, Time elapsed: 0.63 s - in org.apache.hadoop.mapred.[1mTestMultipleTextOutputFormat[m
[[1;34mINFO[m] Running org.apache.hadoop.mapred.[1mTestFieldSelection[m
[[1;34mINFO[m] [1;32mTests run: [0;1;32m1[m, Failures: 0, Errors: 0, Skipped: 0, Time elapsed: 2.22 s - in org.apache.hadoop.mapred.[1mTestFieldSelection[m
[[1;34mINFO[m] Running org.apache.hadoop.mapred.[1mTestFileOutputFormat[m
[[1;34mINFO[m] [1;32mTests run: [0;1;32m1[m, Failures: 0, Errors: 0, Skipped: 0, Time elapsed: 1.69 s - in org.apache.hadoop.mapred.[1mTestFileOutputFormat[m
[[1;34mINFO[m] Running org.apache.hadoop.mapred.[1mTestTaskCommit[m
[[1;34mINFO[m] [1;32mTests run: [0;1;32m7[m, Failures: 0, Errors: 0, Skipped: 0, Time elapsed: 6.432 s - in org.apache.hadoop.mapred.[1mTestTaskCommit[m
[[1;34mINFO[m] Running org.apache.hadoop.mapred.[1mTestMultipleLevelCaching[m
[[1;33mWARNING[m] [1;33mTests [0;1mrun: [0;1m1[m, Failures: 0, Errors: 0, [1;33mSkipped: [0;1;33m1[m, Time elapsed: 0.03 s - in org.apache.hadoop.mapred.[1mTestMultipleLevelCaching[m
[[1;34mINFO[m] Running org.apache.hadoop.mapred.[1mTestMRCJCFileInputFormat[m
[[1;34mINFO[m] [1;32mTests run: [0;1;32m6[m, Failures: 0, Errors: 0, Skipped: 0, Time elapsed: 11.943 s - in org.apache.hadoop.mapred.[1mTestMRCJCFileInputFormat[m
[[1;34mINFO[m] Running org.apache.hadoop.mapred.[1mTestInputPath[m
[[1;34mINFO[m] [1;32mTests run: [0;1;32m1[m, Failures: 0, Errors: 0, Skipped: 0, Time elapsed: 0.573 s - in org.apache.hadoop.mapred.[1mTestInputPath[m
[[1;34mINFO[m] Running org.apache.hadoop.mapred.[1mTestReduceFetch[m
[[1;34mINFO[m] [1;32mTests run: [0;1;32m3[m, Failures: 0, Errors: 0, Skipped: 0, Time elapsed: 180.671 s - in org.apache.hadoop.mapred.[1mTestReduceFetch[m
[[1;34mINFO[m] Running org.apache.hadoop.mapred.[1mTestTextOutputFormat[m
[[1;34mINFO[m] [1;32mTests run: [0;1;32m3[m, Failures: 0, Errors: 0, Skipped: 0, Time elapsed: 0.643 s - in org.apache.hadoop.mapred.[1mTestTextOutputFormat[m
[[1;34mINFO[m] Running org.apache.hadoop.mapred.[1mTestReduceTask[m
[[1;34mINFO[m] [1;32mTests run: [0;1;32m2[m, Failures: 0, Errors: 0, Skipped: 0, Time elapsed: 0.743 s - in org.apache.hadoop.mapred.[1mTestReduceTask[m
[[1;34mINFO[m] Running org.apache.hadoop.mapred.[1mTestReduceFetchFromPartialMem[m
[[1;34mINFO[m] [1;32mTests run: [0;1;32m1[m, Failures: 0, Errors: 0, Skipped: 0, Time elapsed: 63.758 s - in org.apache.hadoop.mapred.[1mTestReduceFetchFromPartialMem[m
[[1;34mINFO[m] Running org.apache.hadoop.mapred.[1mTestSortedRanges[m
[[1;34mINFO[m] [1;32mTests run: [0;1;32m2[m, Failures: 0, Errors: 0, Skipped: 0, Time elapsed: 0.112 s - in org.apache.hadoop.mapred.[1mTestSortedRanges[m
[[1;34mINFO[m] Running org.apache.hadoop.mapred.[1mTestSequenceFileAsTextInputFormat[m
[[1;34mINFO[m] [1;32mTests run: [0;1;32m1[m, Failures: 0, Errors: 0, Skipped: 0, Time elapsed: 2.559 s - in org.apache.hadoop.mapred.[1mTestSequenceFileAsTextInputFormat[m
[[1;34mINFO[m] Running org.apache.hadoop.mapred.[1mTestKeyValueTextInputFormat[m
[[1;34mINFO[m] [1;32mTests run: [0;1;32m4[m, Failures: 0, Errors: 0, Skipped: 0, Time elapsed: 5.745 s - in org.apache.hadoop.mapred.[1mTestKeyValueTextInputFormat[m
[[1;34mINFO[m] Running org.apache.hadoop.mapred.[1mTestMRCJCJobClient[m
[[1;33mWARNING[m] [1;33mTests [0;1mrun: [0;1m1[m, Failures: 0, Errors: 0, [1;33mSkipped: [0;1;33m1[m, Time elapsed: 0.023 s - in org.apache.hadoop.mapred.[1mTestMRCJCJobClient[m
[[1;34mINFO[m] Running org.apache.hadoop.mapred.[1mTestMROpportunisticMaps[m
[[1;34mINFO[m] [1;32mTests run: [0;1;32m2[m, Failures: 0, Errors: 0, Skipped: 0, Time elapsed: 19.101 s - in org.apache.hadoop.mapred.[1mTestMROpportunisticMaps[m
[[1;34mINFO[m] Running org.apache.hadoop.util.[1mTestMRCJCRunJar[m
[[1;34mINFO[m] [1;32mTests run: [0;1;32m1[m, Failures: 0, Errors: 0, Skipped: 0, Time elapsed: 0.255 s - in org.apache.hadoop.util.[1mTestMRCJCRunJar[m
[[1;34mINFO[m] Running org.apache.hadoop.util.[1mTestMRCJCReflectionUtils[m
[[1;34mINFO[m] [1;32mTests run: [0;1;32m1[m, Failures: 0, Errors: 0, Skipped: 0, Time elapsed: 0.261 s - in org.apache.hadoop.util.[1mTestMRCJCReflectionUtils[m
[[1;34mINFO[m] 
[[1;34mINFO[m] Results:
[[1;34mINFO[m] 
[[1;31mERROR[m] [1;31mFailures: [m
[[1;31mERROR[m] [1;31m  TestMRTimelineEventHandling.testMRNewTimelineServiceEventHandling:240->checkNewTimelineEvent:304->verifyEntity:462[m
[[1;34mINFO[m] 
[[1;31mERROR[m] [1;31mTests run: 567, Failures: 1, Errors: 0, Skipped: 10[m
[[1;34mINFO[m] 
[[1;34mINFO[m] [1m------------------------------------------------------------------------[m
[[1;34mINFO[m] [1;31mBUILD FAILURE[m
[[1;34mINFO[m] [1m------------------------------------------------------------------------[m
[[1;34mINFO[m] Total time:  01:53 h
[[1;34mINFO[m] Finished at: 2020-04-09T00:07:51Z
[[1;34mINFO[m] [1m------------------------------------------------------------------------[m
[[1;31mERROR[m] Failed to execute goal [32morg.apache.maven.plugins:maven-surefire-plugin:3.0.0-M1:test[m [1m(default-test)[m on project [36mhadoop-mapreduce-client-jobclient[m: [1;31mThere was a timeout or other error in the fork[m -> [1m[Help 1][m
[[1;31mERROR[m] 
[[1;31mERROR[m] To see the full stack trace of the errors, re-run Maven with the [1m-e[m switch.
[[1;31mERROR[m] Re-run Maven using the [1m-X[m switch to enable full debug logging.
[[1;31mERROR[m] 
[[1;31mERROR[m] For more information about the errors and possible solutions, please read the following articles:
[[1;31mERROR[m] [1m[Help 1][m http://cwiki.apache.org/confluence/display/MAVEN/MojoFailureException
